[0.000000] (-) TimerEvent: {}
[0.000160] (hunav_msgs) JobQueued: {'identifier': 'hunav_msgs', 'dependencies': OrderedDict()}
[0.000206] (hunav_agent_manager) JobQueued: {'identifier': 'hunav_agent_manager', 'dependencies': OrderedDict([('hunav_msgs', '/home/hunav_gz_classic_ws/install/hunav_msgs')])}
[0.000250] (hunav_evaluator) JobQueued: {'identifier': 'hunav_evaluator', 'dependencies': OrderedDict([('hunav_msgs', '/home/hunav_gz_classic_ws/install/hunav_msgs')])}
[0.000285] (hunav_gazebo_wrapper) JobQueued: {'identifier': 'hunav_gazebo_wrapper', 'dependencies': OrderedDict([('hunav_msgs', '/home/hunav_gz_classic_ws/install/hunav_msgs')])}
[0.000342] (hunav_rviz2_panel) JobQueued: {'identifier': 'hunav_rviz2_panel', 'dependencies': OrderedDict([('hunav_msgs', '/home/hunav_gz_classic_ws/install/hunav_msgs')])}
[0.000376] (hunav_sim) JobQueued: {'identifier': 'hunav_sim', 'dependencies': OrderedDict([('hunav_msgs', '/home/hunav_gz_classic_ws/install/hunav_msgs'), ('hunav_agent_manager', '/home/hunav_gz_classic_ws/install/hunav_agent_manager'), ('hunav_evaluator', '/home/hunav_gz_classic_ws/install/hunav_evaluator'), ('hunav_rviz2_panel', '/home/hunav_gz_classic_ws/install/hunav_rviz2_panel')])}
[0.000410] (hunav_msgs) JobStarted: {'identifier': 'hunav_msgs'}
[0.015010] (hunav_msgs) JobProgress: {'identifier': 'hunav_msgs', 'progress': 'cmake'}
[0.016994] (hunav_msgs) JobProgress: {'identifier': 'hunav_msgs', 'progress': 'build'}
[0.017032] (hunav_msgs) Command: {'cmd': ['/usr/bin/cmake', '--build', '/home/hunav_gz_classic_ws/build/hunav_msgs', '--', '-j16', '-l16'], 'cwd': '/home/hunav_gz_classic_ws/build/hunav_msgs', 'env': OrderedDict([('HOSTNAME', 'kenny-srl'), ('SHLVL', '1'), ('LD_LIBRARY_PATH', '/home/pmb2_ws/install/transmission_interface/lib:/home/pmb2_ws/install/hardware_interface_testing/lib:/home/pmb2_ws/install/gazebo_ros2_control/lib:/home/pmb2_ws/install/controller_manager/lib:/home/pmb2_ws/install/people_msgs/lib:/home/pmb2_ws/install/joint_limits/lib:/home/pmb2_ws/install/controller_interface/lib:/home/pmb2_ws/install/hardware_interface/lib:/home/pmb2_ws/install/controller_manager_msgs/lib:/home/pmb2_ws/install/behaviortree_ros2/lib:/home/pmb2_ws/install/btcpp_ros2_interfaces/lib:/home/pmb2_ws/install/behaviortree_cpp/lib:/usr/lib/x86_64-linux-gnu/gazebo-11/plugins:/opt/ros/humble/opt/rviz_ogre_vendor/lib:/opt/ros/humble/lib/x86_64-linux-gnu:/opt/ros/humble/lib:/usr/lib/x86_64-linux-gnu/gazebo-11/plugins:'), ('HOME', '/root'), ('OLDPWD', '/home/pmb2_ws'), ('GAZEBO_MASTER_URI', 'http://localhost:11345'), ('ROS_PYTHON_VERSION', '3'), ('COLCON_PREFIX_PATH', '/home/pmb2_ws/install'), ('ROS_DISTRO', 'humble'), ('_', '/usr/bin/colcon'), ('ROS_VERSION', '2'), ('NVIDIA_DRIVER_CAPABILITIES', 'all'), ('TERM', 'xterm'), ('GAZEBO_MODEL_PATH', '/usr/share/gazebo-11/models:'), ('ROS_LOCALHOST_ONLY', '0'), ('QT_X11_NO_MITSHM', '1'), ('OGRE_RESOURCE_PATH', '/usr/lib/x86_64-linux-gnu/OGRE-1.9.0'), ('PATH', '/home/pmb2_ws/install/behaviortree_cpp/bin:/opt/ros/humble/bin:/usr/local/sbin:/usr/local/bin:/usr/sbin:/usr/bin:/sbin:/bin'), ('XDG_RUNTIME_DIR', '/tmp'), ('DISPLAY', ':1'), ('LANG', 'C.UTF-8'), ('RMW_IMPLEMENTATION', 'rmw_cyclonedds_cpp'), ('AMENT_PREFIX_PATH', '/home/pmb2_ws/install/urdf_test:/home/pmb2_ws/install/gazebo_ros2_control_demos:/home/pmb2_ws/install/ros2_control:/home/pmb2_ws/install/transmission_interface:/home/pmb2_ws/install/rqt_controller_manager:/home/pmb2_ws/install/pmb2_simulation:/home/pmb2_ws/install/pmb2_robot:/home/pmb2_ws/install/pmb2_gazebo:/home/pmb2_ws/install/pmb2_bringup:/home/pmb2_ws/install/pmb2_controller_configuration:/home/pmb2_ws/install/ros2controlcli:/home/pmb2_ws/install/hardware_interface_testing:/home/pmb2_ws/install/gazebo_ros2_control:/home/pmb2_ws/install/controller_manager:/home/pmb2_ws/install/ros2_control_test_assets:/home/pmb2_ws/install/pmb2_rgbd_sensors:/home/pmb2_ws/install/pmb2_navigation:/home/pmb2_ws/install/pmb2_laser_sensors:/home/pmb2_ws/install/pmb2_description:/home/pmb2_ws/install/pmb2_2dnav:/home/pmb2_ws/install/people_msgs:/home/pmb2_ws/install/pal_navigation_cfg:/home/pmb2_ws/install/pal_navigation_cfg_bringup:/home/pmb2_ws/install/pal_navigation_cfg_params:/home/pmb2_ws/install/pal_gazebo_worlds:/home/pmb2_ws/install/launch_pal:/home/pmb2_ws/install/joint_limits:/home/pmb2_ws/install/controller_interface:/home/pmb2_ws/install/hardware_interface:/home/pmb2_ws/install/controller_manager_msgs:/home/pmb2_ws/install/btcpp_ros2_samples:/home/pmb2_ws/install/behaviortree_ros2:/home/pmb2_ws/install/btcpp_ros2_interfaces:/home/pmb2_ws/install/behaviortree_cpp:/opt/ros/humble'), ('DEBIAN_FRONTEND', 'noninteractive'), ('SHELL', '/bin/bash'), ('GAZEBO_RESOURCE_PATH', '/usr/share/gazebo-11:'), ('GAZEBO_MODEL_DATABASE_URI', 'http://models.gazebosim.org'), ('PWD', '/home/hunav_gz_classic_ws/build/hunav_msgs'), ('LC_ALL', 'C.UTF-8'), ('GAZEBO_PLUGIN_PATH', '/usr/lib/x86_64-linux-gnu/gazebo-11/plugins:'), ('PYTHONPATH', '/home/pmb2_ws/install/urdf_test/local/lib/python3.10/dist-packages:/home/pmb2_ws/build/rqt_controller_manager:/home/pmb2_ws/install/rqt_controller_manager/lib/python3.10/site-packages:/home/pmb2_ws/build/ros2controlcli:/home/pmb2_ws/install/ros2controlcli/lib/python3.10/site-packages:/home/pmb2_ws/install/controller_manager/local/lib/python3.10/dist-packages:/home/pmb2_ws/install/pmb2_description/local/lib/python3.10/dist-packages:/home/pmb2_ws/install/people_msgs/local/lib/python3.10/dist-packages:/home/pmb2_ws/build/launch_pal:/home/pmb2_ws/install/launch_pal/lib/python3.10/site-packages:/home/pmb2_ws/install/controller_manager_msgs/local/lib/python3.10/dist-packages:/home/pmb2_ws/install/btcpp_ros2_interfaces/local/lib/python3.10/dist-packages:/opt/ros/humble/lib/python3.10/site-packages:/opt/ros/humble/local/lib/python3.10/dist-packages'), ('NVIDIA_VISIBLE_DEVICES', 'all'), ('COLCON', '1'), ('EDITOR', 'nano'), ('CMAKE_PREFIX_PATH', '/home/pmb2_ws/install/urdf_test:/home/pmb2_ws/install/gazebo_ros2_control_demos:/home/pmb2_ws/install/ros2_control:/home/pmb2_ws/install/transmission_interface:/home/pmb2_ws/install/pmb2_simulation:/home/pmb2_ws/install/pmb2_robot:/home/pmb2_ws/install/pmb2_gazebo:/home/pmb2_ws/install/pmb2_bringup:/home/pmb2_ws/install/pmb2_controller_configuration:/home/pmb2_ws/install/hardware_interface_testing:/home/pmb2_ws/install/gazebo_ros2_control:/home/pmb2_ws/install/controller_manager:/home/pmb2_ws/install/ros2_control_test_assets:/home/pmb2_ws/install/pmb2_rgbd_sensors:/home/pmb2_ws/install/pmb2_navigation:/home/pmb2_ws/install/pmb2_laser_sensors:/home/pmb2_ws/install/pmb2_description:/home/pmb2_ws/install/pmb2_2dnav:/home/pmb2_ws/install/people_msgs:/home/pmb2_ws/install/pal_navigation_cfg:/home/pmb2_ws/install/pal_navigation_cfg_bringup:/home/pmb2_ws/install/pal_navigation_cfg_params:/home/pmb2_ws/install/pal_gazebo_worlds:/home/pmb2_ws/install/joint_limits:/home/pmb2_ws/install/controller_interface:/home/pmb2_ws/install/hardware_interface:/home/pmb2_ws/install/controller_manager_msgs:/home/pmb2_ws/install/btcpp_ros2_samples:/home/pmb2_ws/install/behaviortree_ros2:/home/pmb2_ws/install/btcpp_ros2_interfaces:/home/pmb2_ws/install/behaviortree_cpp:/home/pmb2_ws/install/rqt_controller_manager:/home/pmb2_ws/install/ros2controlcli:/home/pmb2_ws/install/launch_pal:/opt/ros/humble')]), 'shell': False}
[0.080029] (hunav_msgs) StdoutLine: {'line': b'[  2%] Built target hunav_msgs__cpp\n'}
[0.080221] (hunav_msgs) StdoutLine: {'line': b'[ 12%] Built target hunav_msgs__rosidl_generator_c\n'}
[0.086739] (hunav_msgs) StdoutLine: {'line': b'[ 12%] Built target ament_cmake_python_symlink_hunav_msgs\n'}
[0.099511] (-) TimerEvent: {}
[0.102287] (hunav_msgs) StdoutLine: {'line': b'[ 35%] Built target hunav_msgs__rosidl_typesupport_introspection_c\n'}
[0.102444] (hunav_msgs) StdoutLine: {'line': b'[ 35%] Built target hunav_msgs__rosidl_typesupport_c\n'}
[0.102515] (hunav_msgs) StdoutLine: {'line': b'[ 47%] Built target hunav_msgs__rosidl_typesupport_introspection_cpp\n'}
[0.102795] (hunav_msgs) StdoutLine: {'line': b'[ 70%] Built target hunav_msgs__rosidl_typesupport_fastrtps_cpp\n'}
[0.102884] (hunav_msgs) StdoutLine: {'line': b'[ 70%] Built target hunav_msgs__rosidl_typesupport_cpp\n'}
[0.103082] (hunav_msgs) StdoutLine: {'line': b'[ 81%] Built target hunav_msgs__rosidl_typesupport_fastrtps_c\n'}
[0.129189] (hunav_msgs) StdoutLine: {'line': b'[ 81%] Built target hunav_msgs\n'}
[0.152523] (hunav_msgs) StdoutLine: {'line': b'[ 82%] Built target hunav_msgs__py\n'}
[0.180626] (hunav_msgs) StdoutLine: {'line': b'[ 93%] Built target hunav_msgs__rosidl_generator_py\n'}
[0.199593] (-) TimerEvent: {}
[0.203903] (hunav_msgs) StdoutLine: {'line': b'[ 96%] Built target hunav_msgs__rosidl_typesupport_c__pyext\n'}
[0.204067] (hunav_msgs) StdoutLine: {'line': b'[ 98%] Built target hunav_msgs__rosidl_typesupport_fastrtps_c__pyext\n'}
[0.204134] (hunav_msgs) StdoutLine: {'line': b'[100%] Built target hunav_msgs__rosidl_typesupport_introspection_c__pyext\n'}
[0.238783] (hunav_msgs) StdoutLine: {'line': b'running egg_info\n'}
[0.239195] (hunav_msgs) StdoutLine: {'line': b'writing hunav_msgs.egg-info/PKG-INFO\n'}
[0.239370] (hunav_msgs) StdoutLine: {'line': b'writing dependency_links to hunav_msgs.egg-info/dependency_links.txt\n'}
[0.239504] (hunav_msgs) StdoutLine: {'line': b'writing top-level names to hunav_msgs.egg-info/top_level.txt\n'}
[0.240786] (hunav_msgs) StdoutLine: {'line': b"reading manifest file 'hunav_msgs.egg-info/SOURCES.txt'\n"}
[0.241541] (hunav_msgs) StdoutLine: {'line': b"writing manifest file 'hunav_msgs.egg-info/SOURCES.txt'\n"}
[0.263195] (hunav_msgs) StdoutLine: {'line': b'[100%] Built target ament_cmake_python_build_hunav_msgs_egg\n'}
[0.276739] (hunav_msgs) CommandEnded: {'returncode': 0}
[0.277986] (hunav_msgs) JobProgress: {'identifier': 'hunav_msgs', 'progress': 'install'}
[0.288519] (hunav_msgs) Command: {'cmd': ['/usr/bin/cmake', '--install', '/home/hunav_gz_classic_ws/build/hunav_msgs'], 'cwd': '/home/hunav_gz_classic_ws/build/hunav_msgs', 'env': OrderedDict([('HOSTNAME', 'kenny-srl'), ('SHLVL', '1'), ('LD_LIBRARY_PATH', '/home/pmb2_ws/install/transmission_interface/lib:/home/pmb2_ws/install/hardware_interface_testing/lib:/home/pmb2_ws/install/gazebo_ros2_control/lib:/home/pmb2_ws/install/controller_manager/lib:/home/pmb2_ws/install/people_msgs/lib:/home/pmb2_ws/install/joint_limits/lib:/home/pmb2_ws/install/controller_interface/lib:/home/pmb2_ws/install/hardware_interface/lib:/home/pmb2_ws/install/controller_manager_msgs/lib:/home/pmb2_ws/install/behaviortree_ros2/lib:/home/pmb2_ws/install/btcpp_ros2_interfaces/lib:/home/pmb2_ws/install/behaviortree_cpp/lib:/usr/lib/x86_64-linux-gnu/gazebo-11/plugins:/opt/ros/humble/opt/rviz_ogre_vendor/lib:/opt/ros/humble/lib/x86_64-linux-gnu:/opt/ros/humble/lib:/usr/lib/x86_64-linux-gnu/gazebo-11/plugins:'), ('HOME', '/root'), ('OLDPWD', '/home/pmb2_ws'), ('GAZEBO_MASTER_URI', 'http://localhost:11345'), ('ROS_PYTHON_VERSION', '3'), ('COLCON_PREFIX_PATH', '/home/pmb2_ws/install'), ('ROS_DISTRO', 'humble'), ('_', '/usr/bin/colcon'), ('ROS_VERSION', '2'), ('NVIDIA_DRIVER_CAPABILITIES', 'all'), ('TERM', 'xterm'), ('GAZEBO_MODEL_PATH', '/usr/share/gazebo-11/models:'), ('ROS_LOCALHOST_ONLY', '0'), ('QT_X11_NO_MITSHM', '1'), ('OGRE_RESOURCE_PATH', '/usr/lib/x86_64-linux-gnu/OGRE-1.9.0'), ('PATH', '/home/pmb2_ws/install/behaviortree_cpp/bin:/opt/ros/humble/bin:/usr/local/sbin:/usr/local/bin:/usr/sbin:/usr/bin:/sbin:/bin'), ('XDG_RUNTIME_DIR', '/tmp'), ('DISPLAY', ':1'), ('LANG', 'C.UTF-8'), ('RMW_IMPLEMENTATION', 'rmw_cyclonedds_cpp'), ('AMENT_PREFIX_PATH', '/home/pmb2_ws/install/urdf_test:/home/pmb2_ws/install/gazebo_ros2_control_demos:/home/pmb2_ws/install/ros2_control:/home/pmb2_ws/install/transmission_interface:/home/pmb2_ws/install/rqt_controller_manager:/home/pmb2_ws/install/pmb2_simulation:/home/pmb2_ws/install/pmb2_robot:/home/pmb2_ws/install/pmb2_gazebo:/home/pmb2_ws/install/pmb2_bringup:/home/pmb2_ws/install/pmb2_controller_configuration:/home/pmb2_ws/install/ros2controlcli:/home/pmb2_ws/install/hardware_interface_testing:/home/pmb2_ws/install/gazebo_ros2_control:/home/pmb2_ws/install/controller_manager:/home/pmb2_ws/install/ros2_control_test_assets:/home/pmb2_ws/install/pmb2_rgbd_sensors:/home/pmb2_ws/install/pmb2_navigation:/home/pmb2_ws/install/pmb2_laser_sensors:/home/pmb2_ws/install/pmb2_description:/home/pmb2_ws/install/pmb2_2dnav:/home/pmb2_ws/install/people_msgs:/home/pmb2_ws/install/pal_navigation_cfg:/home/pmb2_ws/install/pal_navigation_cfg_bringup:/home/pmb2_ws/install/pal_navigation_cfg_params:/home/pmb2_ws/install/pal_gazebo_worlds:/home/pmb2_ws/install/launch_pal:/home/pmb2_ws/install/joint_limits:/home/pmb2_ws/install/controller_interface:/home/pmb2_ws/install/hardware_interface:/home/pmb2_ws/install/controller_manager_msgs:/home/pmb2_ws/install/btcpp_ros2_samples:/home/pmb2_ws/install/behaviortree_ros2:/home/pmb2_ws/install/btcpp_ros2_interfaces:/home/pmb2_ws/install/behaviortree_cpp:/opt/ros/humble'), ('DEBIAN_FRONTEND', 'noninteractive'), ('SHELL', '/bin/bash'), ('GAZEBO_RESOURCE_PATH', '/usr/share/gazebo-11:'), ('GAZEBO_MODEL_DATABASE_URI', 'http://models.gazebosim.org'), ('PWD', '/home/hunav_gz_classic_ws/build/hunav_msgs'), ('LC_ALL', 'C.UTF-8'), ('GAZEBO_PLUGIN_PATH', '/usr/lib/x86_64-linux-gnu/gazebo-11/plugins:'), ('PYTHONPATH', '/home/pmb2_ws/install/urdf_test/local/lib/python3.10/dist-packages:/home/pmb2_ws/build/rqt_controller_manager:/home/pmb2_ws/install/rqt_controller_manager/lib/python3.10/site-packages:/home/pmb2_ws/build/ros2controlcli:/home/pmb2_ws/install/ros2controlcli/lib/python3.10/site-packages:/home/pmb2_ws/install/controller_manager/local/lib/python3.10/dist-packages:/home/pmb2_ws/install/pmb2_description/local/lib/python3.10/dist-packages:/home/pmb2_ws/install/people_msgs/local/lib/python3.10/dist-packages:/home/pmb2_ws/build/launch_pal:/home/pmb2_ws/install/launch_pal/lib/python3.10/site-packages:/home/pmb2_ws/install/controller_manager_msgs/local/lib/python3.10/dist-packages:/home/pmb2_ws/install/btcpp_ros2_interfaces/local/lib/python3.10/dist-packages:/opt/ros/humble/lib/python3.10/site-packages:/opt/ros/humble/local/lib/python3.10/dist-packages'), ('NVIDIA_VISIBLE_DEVICES', 'all'), ('COLCON', '1'), ('EDITOR', 'nano'), ('CMAKE_PREFIX_PATH', '/home/pmb2_ws/install/urdf_test:/home/pmb2_ws/install/gazebo_ros2_control_demos:/home/pmb2_ws/install/ros2_control:/home/pmb2_ws/install/transmission_interface:/home/pmb2_ws/install/pmb2_simulation:/home/pmb2_ws/install/pmb2_robot:/home/pmb2_ws/install/pmb2_gazebo:/home/pmb2_ws/install/pmb2_bringup:/home/pmb2_ws/install/pmb2_controller_configuration:/home/pmb2_ws/install/hardware_interface_testing:/home/pmb2_ws/install/gazebo_ros2_control:/home/pmb2_ws/install/controller_manager:/home/pmb2_ws/install/ros2_control_test_assets:/home/pmb2_ws/install/pmb2_rgbd_sensors:/home/pmb2_ws/install/pmb2_navigation:/home/pmb2_ws/install/pmb2_laser_sensors:/home/pmb2_ws/install/pmb2_description:/home/pmb2_ws/install/pmb2_2dnav:/home/pmb2_ws/install/people_msgs:/home/pmb2_ws/install/pal_navigation_cfg:/home/pmb2_ws/install/pal_navigation_cfg_bringup:/home/pmb2_ws/install/pal_navigation_cfg_params:/home/pmb2_ws/install/pal_gazebo_worlds:/home/pmb2_ws/install/joint_limits:/home/pmb2_ws/install/controller_interface:/home/pmb2_ws/install/hardware_interface:/home/pmb2_ws/install/controller_manager_msgs:/home/pmb2_ws/install/btcpp_ros2_samples:/home/pmb2_ws/install/behaviortree_ros2:/home/pmb2_ws/install/btcpp_ros2_interfaces:/home/pmb2_ws/install/behaviortree_cpp:/home/pmb2_ws/install/rqt_controller_manager:/home/pmb2_ws/install/ros2controlcli:/home/pmb2_ws/install/launch_pal:/opt/ros/humble')]), 'shell': False}
[0.295476] (hunav_msgs) StdoutLine: {'line': b'-- Install configuration: ""\n'}
[0.297368] (hunav_msgs) StdoutLine: {'line': b'-- Execute custom install script\n'}
[0.297527] (hunav_msgs) StdoutLine: {'line': b'-- Up-to-date symlink: /home/hunav_gz_classic_ws/install/hunav_msgs/share/ament_index/resource_index/rosidl_interfaces/hunav_msgs\n'}
[0.298004] (hunav_msgs) StdoutLine: {'line': b'-- Up-to-date symlink: /home/hunav_gz_classic_ws/install/hunav_msgs/include/hunav_msgs/hunav_msgs/msg/agent.h\n'}
[0.298146] (hunav_msgs) StdoutLine: {'line': b'-- Up-to-date symlink: /home/hunav_gz_classic_ws/install/hunav_msgs/include/hunav_msgs/hunav_msgs/msg/agent_behavior.h\n'}
[0.298239] (hunav_msgs) StdoutLine: {'line': b'-- Up-to-date symlink: /home/hunav_gz_classic_ws/install/hunav_msgs/include/hunav_msgs/hunav_msgs/msg/agents.h\n'}
[0.298330] (hunav_msgs) StdoutLine: {'line': b'-- Up-to-date symlink: /home/hunav_gz_classic_ws/install/hunav_msgs/include/hunav_msgs/hunav_msgs/msg/detail/agent__functions.h\n'}
[0.298398] (hunav_msgs) StdoutLine: {'line': b'-- Up-to-date symlink: /home/hunav_gz_classic_ws/install/hunav_msgs/include/hunav_msgs/hunav_msgs/msg/detail/agent__struct.h\n'}
[0.298506] (hunav_msgs) StdoutLine: {'line': b'-- Up-to-date symlink: /home/hunav_gz_classic_ws/install/hunav_msgs/include/hunav_msgs/hunav_msgs/msg/detail/agent__type_support.h\n'}
[0.298577] (hunav_msgs) StdoutLine: {'line': b'-- Up-to-date symlink: /home/hunav_gz_classic_ws/install/hunav_msgs/include/hunav_msgs/hunav_msgs/msg/detail/agent_behavior__functions.h\n'}
[0.298645] (hunav_msgs) StdoutLine: {'line': b'-- Up-to-date symlink: /home/hunav_gz_classic_ws/install/hunav_msgs/include/hunav_msgs/hunav_msgs/msg/detail/agent_behavior__struct.h\n'}
[0.298747] (hunav_msgs) StdoutLine: {'line': b'-- Up-to-date symlink: /home/hunav_gz_classic_ws/install/hunav_msgs/include/hunav_msgs/hunav_msgs/msg/detail/agent_behavior__type_support.h\n'}
[0.298813] (hunav_msgs) StdoutLine: {'line': b'-- Up-to-date symlink: /home/hunav_gz_classic_ws/install/hunav_msgs/include/hunav_msgs/hunav_msgs/msg/detail/agents__functions.h\n'}
[0.298839] (hunav_msgs) StdoutLine: {'line': b'-- Up-to-date symlink: /home/hunav_gz_classic_ws/install/hunav_msgs/include/hunav_msgs/hunav_msgs/msg/detail/agents__struct.h\n'}
[0.298864] (hunav_msgs) StdoutLine: {'line': b'-- Up-to-date symlink: /home/hunav_gz_classic_ws/install/hunav_msgs/include/hunav_msgs/hunav_msgs/msg/detail/agents__type_support.h\n'}
[0.298909] (hunav_msgs) StdoutLine: {'line': b'-- Up-to-date symlink: /home/hunav_gz_classic_ws/install/hunav_msgs/include/hunav_msgs/hunav_msgs/msg/rosidl_generator_c__visibility_control.h\n'}
[0.298935] (hunav_msgs) StdoutLine: {'line': b'-- Up-to-date symlink: /home/hunav_gz_classic_ws/install/hunav_msgs/include/hunav_msgs/hunav_msgs/srv/compute_agent.h\n'}
[0.298964] (hunav_msgs) StdoutLine: {'line': b'-- Up-to-date symlink: /home/hunav_gz_classic_ws/install/hunav_msgs/include/hunav_msgs/hunav_msgs/srv/compute_agents.h\n'}
[0.298989] (hunav_msgs) StdoutLine: {'line': b'-- Up-to-date symlink: /home/hunav_gz_classic_ws/install/hunav_msgs/include/hunav_msgs/hunav_msgs/srv/detail/compute_agent__functions.h\n'}
[0.299013] (hunav_msgs) StdoutLine: {'line': b'-- Up-to-date symlink: /home/hunav_gz_classic_ws/install/hunav_msgs/include/hunav_msgs/hunav_msgs/srv/detail/compute_agent__struct.h\n'}
[0.299045] (hunav_msgs) StdoutLine: {'line': b'-- Up-to-date symlink: /home/hunav_gz_classic_ws/install/hunav_msgs/include/hunav_msgs/hunav_msgs/srv/detail/compute_agent__type_support.h\n'}
[0.299086] (hunav_msgs) StdoutLine: {'line': b'-- Up-to-date symlink: /home/hunav_gz_classic_ws/install/hunav_msgs/include/hunav_msgs/hunav_msgs/srv/detail/compute_agents__functions.h\n'}
[0.299146] (hunav_msgs) StdoutLine: {'line': b'-- Up-to-date symlink: /home/hunav_gz_classic_ws/install/hunav_msgs/include/hunav_msgs/hunav_msgs/srv/detail/compute_agents__struct.h\n'}
[0.299208] (hunav_msgs) StdoutLine: {'line': b'-- Up-to-date symlink: /home/hunav_gz_classic_ws/install/hunav_msgs/include/hunav_msgs/hunav_msgs/srv/detail/compute_agents__type_support.h\n'}
[0.299270] (hunav_msgs) StdoutLine: {'line': b'-- Up-to-date symlink: /home/hunav_gz_classic_ws/install/hunav_msgs/include/hunav_msgs/hunav_msgs/srv/detail/get_agents__functions.h\n'}
[0.299332] (hunav_msgs) StdoutLine: {'line': b'-- Up-to-date symlink: /home/hunav_gz_classic_ws/install/hunav_msgs/include/hunav_msgs/hunav_msgs/srv/detail/get_agents__struct.h\n'}
[0.299394] (hunav_msgs) StdoutLine: {'line': b'-- Up-to-date symlink: /home/hunav_gz_classic_ws/install/hunav_msgs/include/hunav_msgs/hunav_msgs/srv/detail/get_agents__type_support.h\n'}
[0.299458] (hunav_msgs) StdoutLine: {'line': b'-- Up-to-date symlink: /home/hunav_gz_classic_ws/install/hunav_msgs/include/hunav_msgs/hunav_msgs/srv/detail/move_agent__functions.h\n'}
[0.299519] (hunav_msgs) StdoutLine: {'line': b'-- Up-to-date symlink: /home/hunav_gz_classic_ws/install/hunav_msgs/include/hunav_msgs/hunav_msgs/srv/detail/move_agent__struct.h\n'}
[0.299588] (hunav_msgs) StdoutLine: {'line': b'-- Up-to-date symlink: /home/hunav_gz_classic_ws/install/hunav_msgs/include/hunav_msgs/hunav_msgs/srv/detail/move_agent__type_support.h\n'}
[0.299612] (-) TimerEvent: {}
[0.299671] (hunav_msgs) StdoutLine: {'line': b'-- Up-to-date symlink: /home/hunav_gz_classic_ws/install/hunav_msgs/include/hunav_msgs/hunav_msgs/srv/detail/reset_agents__functions.h\n'}
[0.299721] (hunav_msgs) StdoutLine: {'line': b'-- Up-to-date symlink: /home/hunav_gz_classic_ws/install/hunav_msgs/include/hunav_msgs/hunav_msgs/srv/detail/reset_agents__struct.h\n'}
[0.299775] (hunav_msgs) StdoutLine: {'line': b'-- Up-to-date symlink: /home/hunav_gz_classic_ws/install/hunav_msgs/include/hunav_msgs/hunav_msgs/srv/detail/reset_agents__type_support.h\n'}
[0.299835] (hunav_msgs) StdoutLine: {'line': b'-- Up-to-date symlink: /home/hunav_gz_classic_ws/install/hunav_msgs/include/hunav_msgs/hunav_msgs/srv/get_agents.h\n'}
[0.299893] (hunav_msgs) StdoutLine: {'line': b'-- Up-to-date symlink: /home/hunav_gz_classic_ws/install/hunav_msgs/include/hunav_msgs/hunav_msgs/srv/move_agent.h\n'}
[0.299952] (hunav_msgs) StdoutLine: {'line': b'-- Up-to-date symlink: /home/hunav_gz_classic_ws/install/hunav_msgs/include/hunav_msgs/hunav_msgs/srv/reset_agents.h\n'}
[0.300057] (hunav_msgs) StdoutLine: {'line': b'-- Up-to-date symlink: /home/hunav_gz_classic_ws/install/hunav_msgs/share/hunav_msgs/environment/library_path.sh\n'}
[0.300133] (hunav_msgs) StdoutLine: {'line': b'-- Up-to-date symlink: /home/hunav_gz_classic_ws/install/hunav_msgs/share/hunav_msgs/environment/library_path.dsv\n'}
[0.300519] (hunav_msgs) StdoutLine: {'line': b'-- Up-to-date symlink: /home/hunav_gz_classic_ws/install/hunav_msgs/include/hunav_msgs/hunav_msgs/msg/detail/agent__rosidl_typesupport_fastrtps_c.h\n'}
[0.300586] (hunav_msgs) StdoutLine: {'line': b'-- Up-to-date symlink: /home/hunav_gz_classic_ws/install/hunav_msgs/include/hunav_msgs/hunav_msgs/msg/detail/agent_behavior__rosidl_typesupport_fastrtps_c.h\n'}
[0.300657] (hunav_msgs) StdoutLine: {'line': b'-- Up-to-date symlink: /home/hunav_gz_classic_ws/install/hunav_msgs/include/hunav_msgs/hunav_msgs/msg/detail/agents__rosidl_typesupport_fastrtps_c.h\n'}
[0.300793] (hunav_msgs) StdoutLine: {'line': b'-- Up-to-date symlink: /home/hunav_gz_classic_ws/install/hunav_msgs/include/hunav_msgs/hunav_msgs/msg/rosidl_typesupport_fastrtps_c__visibility_control.h\n'}
[0.300905] (hunav_msgs) StdoutLine: {'line': b'-- Up-to-date symlink: /home/hunav_gz_classic_ws/install/hunav_msgs/include/hunav_msgs/hunav_msgs/srv/detail/compute_agent__rosidl_typesupport_fastrtps_c.h\n'}
[0.301106] (hunav_msgs) StdoutLine: {'line': b'-- Up-to-date symlink: /home/hunav_gz_classic_ws/install/hunav_msgs/include/hunav_msgs/hunav_msgs/srv/detail/compute_agents__rosidl_typesupport_fastrtps_c.h\n'}
[0.301275] (hunav_msgs) StdoutLine: {'line': b'-- Up-to-date symlink: /home/hunav_gz_classic_ws/install/hunav_msgs/include/hunav_msgs/hunav_msgs/srv/detail/get_agents__rosidl_typesupport_fastrtps_c.h\n'}
[0.301441] (hunav_msgs) StdoutLine: {'line': b'-- Up-to-date symlink: /home/hunav_gz_classic_ws/install/hunav_msgs/include/hunav_msgs/hunav_msgs/srv/detail/move_agent__rosidl_typesupport_fastrtps_c.h\n'}
[0.301593] (hunav_msgs) StdoutLine: {'line': b'-- Up-to-date symlink: /home/hunav_gz_classic_ws/install/hunav_msgs/include/hunav_msgs/hunav_msgs/srv/detail/reset_agents__rosidl_typesupport_fastrtps_c.h\n'}
[0.302158] (hunav_msgs) StdoutLine: {'line': b'-- Up-to-date symlink: /home/hunav_gz_classic_ws/install/hunav_msgs/include/hunav_msgs/hunav_msgs/msg/agent.hpp\n'}
[0.302218] (hunav_msgs) StdoutLine: {'line': b'-- Up-to-date symlink: /home/hunav_gz_classic_ws/install/hunav_msgs/include/hunav_msgs/hunav_msgs/msg/agent_behavior.hpp\n'}
[0.302278] (hunav_msgs) StdoutLine: {'line': b'-- Up-to-date symlink: /home/hunav_gz_classic_ws/install/hunav_msgs/include/hunav_msgs/hunav_msgs/msg/agents.hpp\n'}
[0.302343] (hunav_msgs) StdoutLine: {'line': b'-- Up-to-date symlink: /home/hunav_gz_classic_ws/install/hunav_msgs/include/hunav_msgs/hunav_msgs/msg/detail/agent__builder.hpp\n'}
[0.302407] (hunav_msgs) StdoutLine: {'line': b'-- Up-to-date symlink: /home/hunav_gz_classic_ws/install/hunav_msgs/include/hunav_msgs/hunav_msgs/msg/detail/agent__struct.hpp\n'}
[0.302471] (hunav_msgs) StdoutLine: {'line': b'-- Up-to-date symlink: /home/hunav_gz_classic_ws/install/hunav_msgs/include/hunav_msgs/hunav_msgs/msg/detail/agent__traits.hpp\n'}
[0.302532] (hunav_msgs) StdoutLine: {'line': b'-- Up-to-date symlink: /home/hunav_gz_classic_ws/install/hunav_msgs/include/hunav_msgs/hunav_msgs/msg/detail/agent__type_support.hpp\n'}
[0.302595] (hunav_msgs) StdoutLine: {'line': b'-- Up-to-date symlink: /home/hunav_gz_classic_ws/install/hunav_msgs/include/hunav_msgs/hunav_msgs/msg/detail/agent_behavior__builder.hpp\n'}
[0.302658] (hunav_msgs) StdoutLine: {'line': b'-- Up-to-date symlink: /home/hunav_gz_classic_ws/install/hunav_msgs/include/hunav_msgs/hunav_msgs/msg/detail/agent_behavior__struct.hpp\n'}
[0.302725] (hunav_msgs) StdoutLine: {'line': b'-- Up-to-date symlink: /home/hunav_gz_classic_ws/install/hunav_msgs/include/hunav_msgs/hunav_msgs/msg/detail/agent_behavior__traits.hpp\n'}
[0.302790] (hunav_msgs) StdoutLine: {'line': b'-- Up-to-date symlink: /home/hunav_gz_classic_ws/install/hunav_msgs/include/hunav_msgs/hunav_msgs/msg/detail/agent_behavior__type_support.hpp\n'}
[0.302847] (hunav_msgs) StdoutLine: {'line': b'-- Up-to-date symlink: /home/hunav_gz_classic_ws/install/hunav_msgs/include/hunav_msgs/hunav_msgs/msg/detail/agents__builder.hpp\n'}
[0.302912] (hunav_msgs) StdoutLine: {'line': b'-- Up-to-date symlink: /home/hunav_gz_classic_ws/install/hunav_msgs/include/hunav_msgs/hunav_msgs/msg/detail/agents__struct.hpp\n'}
[0.302974] (hunav_msgs) StdoutLine: {'line': b'-- Up-to-date symlink: /home/hunav_gz_classic_ws/install/hunav_msgs/include/hunav_msgs/hunav_msgs/msg/detail/agents__traits.hpp\n'}
[0.303036] (hunav_msgs) StdoutLine: {'line': b'-- Up-to-date symlink: /home/hunav_gz_classic_ws/install/hunav_msgs/include/hunav_msgs/hunav_msgs/msg/detail/agents__type_support.hpp\n'}
[0.303097] (hunav_msgs) StdoutLine: {'line': b'-- Up-to-date symlink: /home/hunav_gz_classic_ws/install/hunav_msgs/include/hunav_msgs/hunav_msgs/msg/rosidl_generator_cpp__visibility_control.hpp\n'}
[0.303158] (hunav_msgs) StdoutLine: {'line': b'-- Up-to-date symlink: /home/hunav_gz_classic_ws/install/hunav_msgs/include/hunav_msgs/hunav_msgs/srv/compute_agent.hpp\n'}
[0.303217] (hunav_msgs) StdoutLine: {'line': b'-- Up-to-date symlink: /home/hunav_gz_classic_ws/install/hunav_msgs/include/hunav_msgs/hunav_msgs/srv/compute_agents.hpp\n'}
[0.303281] (hunav_msgs) StdoutLine: {'line': b'-- Up-to-date symlink: /home/hunav_gz_classic_ws/install/hunav_msgs/include/hunav_msgs/hunav_msgs/srv/detail/compute_agent__builder.hpp\n'}
[0.303343] (hunav_msgs) StdoutLine: {'line': b'-- Up-to-date symlink: /home/hunav_gz_classic_ws/install/hunav_msgs/include/hunav_msgs/hunav_msgs/srv/detail/compute_agent__struct.hpp\n'}
[0.303405] (hunav_msgs) StdoutLine: {'line': b'-- Up-to-date symlink: /home/hunav_gz_classic_ws/install/hunav_msgs/include/hunav_msgs/hunav_msgs/srv/detail/compute_agent__traits.hpp\n'}
[0.303468] (hunav_msgs) StdoutLine: {'line': b'-- Up-to-date symlink: /home/hunav_gz_classic_ws/install/hunav_msgs/include/hunav_msgs/hunav_msgs/srv/detail/compute_agent__type_support.hpp\n'}
[0.303530] (hunav_msgs) StdoutLine: {'line': b'-- Up-to-date symlink: /home/hunav_gz_classic_ws/install/hunav_msgs/include/hunav_msgs/hunav_msgs/srv/detail/compute_agents__builder.hpp\n'}
[0.303592] (hunav_msgs) StdoutLine: {'line': b'-- Up-to-date symlink: /home/hunav_gz_classic_ws/install/hunav_msgs/include/hunav_msgs/hunav_msgs/srv/detail/compute_agents__struct.hpp\n'}
[0.303654] (hunav_msgs) StdoutLine: {'line': b'-- Up-to-date symlink: /home/hunav_gz_classic_ws/install/hunav_msgs/include/hunav_msgs/hunav_msgs/srv/detail/compute_agents__traits.hpp\n'}
[0.303721] (hunav_msgs) StdoutLine: {'line': b'-- Up-to-date symlink: /home/hunav_gz_classic_ws/install/hunav_msgs/include/hunav_msgs/hunav_msgs/srv/detail/compute_agents__type_support.hpp\n'}
[0.303784] (hunav_msgs) StdoutLine: {'line': b'-- Up-to-date symlink: /home/hunav_gz_classic_ws/install/hunav_msgs/include/hunav_msgs/hunav_msgs/srv/detail/get_agents__builder.hpp\n'}
[0.303847] (hunav_msgs) StdoutLine: {'line': b'-- Up-to-date symlink: /home/hunav_gz_classic_ws/install/hunav_msgs/include/hunav_msgs/hunav_msgs/srv/detail/get_agents__struct.hpp\n'}
[0.303910] (hunav_msgs) StdoutLine: {'line': b'-- Up-to-date symlink: /home/hunav_gz_classic_ws/install/hunav_msgs/include/hunav_msgs/hunav_msgs/srv/detail/get_agents__traits.hpp\n'}
[0.303977] (hunav_msgs) StdoutLine: {'line': b'-- Up-to-date symlink: /home/hunav_gz_classic_ws/install/hunav_msgs/include/hunav_msgs/hunav_msgs/srv/detail/get_agents__type_support.hpp\n'}
[0.304040] (hunav_msgs) StdoutLine: {'line': b'-- Up-to-date symlink: /home/hunav_gz_classic_ws/install/hunav_msgs/include/hunav_msgs/hunav_msgs/srv/detail/move_agent__builder.hpp\n'}
[0.304102] (hunav_msgs) StdoutLine: {'line': b'-- Up-to-date symlink: /home/hunav_gz_classic_ws/install/hunav_msgs/include/hunav_msgs/hunav_msgs/srv/detail/move_agent__struct.hpp\n'}
[0.304164] (hunav_msgs) StdoutLine: {'line': b'-- Up-to-date symlink: /home/hunav_gz_classic_ws/install/hunav_msgs/include/hunav_msgs/hunav_msgs/srv/detail/move_agent__traits.hpp\n'}
[0.304227] (hunav_msgs) StdoutLine: {'line': b'-- Up-to-date symlink: /home/hunav_gz_classic_ws/install/hunav_msgs/include/hunav_msgs/hunav_msgs/srv/detail/move_agent__type_support.hpp\n'}
[0.304289] (hunav_msgs) StdoutLine: {'line': b'-- Up-to-date symlink: /home/hunav_gz_classic_ws/install/hunav_msgs/include/hunav_msgs/hunav_msgs/srv/detail/reset_agents__builder.hpp\n'}
[0.304350] (hunav_msgs) StdoutLine: {'line': b'-- Up-to-date symlink: /home/hunav_gz_classic_ws/install/hunav_msgs/include/hunav_msgs/hunav_msgs/srv/detail/reset_agents__struct.hpp\n'}
[0.304412] (hunav_msgs) StdoutLine: {'line': b'-- Up-to-date symlink: /home/hunav_gz_classic_ws/install/hunav_msgs/include/hunav_msgs/hunav_msgs/srv/detail/reset_agents__traits.hpp\n'}
[0.304474] (hunav_msgs) StdoutLine: {'line': b'-- Up-to-date symlink: /home/hunav_gz_classic_ws/install/hunav_msgs/include/hunav_msgs/hunav_msgs/srv/detail/reset_agents__type_support.hpp\n'}
[0.304534] (hunav_msgs) StdoutLine: {'line': b'-- Up-to-date symlink: /home/hunav_gz_classic_ws/install/hunav_msgs/include/hunav_msgs/hunav_msgs/srv/get_agents.hpp\n'}
[0.304593] (hunav_msgs) StdoutLine: {'line': b'-- Up-to-date symlink: /home/hunav_gz_classic_ws/install/hunav_msgs/include/hunav_msgs/hunav_msgs/srv/move_agent.hpp\n'}
[0.304652] (hunav_msgs) StdoutLine: {'line': b'-- Up-to-date symlink: /home/hunav_gz_classic_ws/install/hunav_msgs/include/hunav_msgs/hunav_msgs/srv/reset_agents.hpp\n'}
[0.305076] (hunav_msgs) StdoutLine: {'line': b'-- Up-to-date symlink: /home/hunav_gz_classic_ws/install/hunav_msgs/include/hunav_msgs/hunav_msgs/msg/detail/agent__rosidl_typesupport_fastrtps_cpp.hpp\n'}
[0.305143] (hunav_msgs) StdoutLine: {'line': b'-- Up-to-date symlink: /home/hunav_gz_classic_ws/install/hunav_msgs/include/hunav_msgs/hunav_msgs/msg/detail/agent_behavior__rosidl_typesupport_fastrtps_cpp.hpp\n'}
[0.305207] (hunav_msgs) StdoutLine: {'line': b'-- Up-to-date symlink: /home/hunav_gz_classic_ws/install/hunav_msgs/include/hunav_msgs/hunav_msgs/msg/detail/agents__rosidl_typesupport_fastrtps_cpp.hpp\n'}
[0.305268] (hunav_msgs) StdoutLine: {'line': b'-- Up-to-date symlink: /home/hunav_gz_classic_ws/install/hunav_msgs/include/hunav_msgs/hunav_msgs/msg/rosidl_typesupport_fastrtps_cpp__visibility_control.h\n'}
[0.305332] (hunav_msgs) StdoutLine: {'line': b'-- Up-to-date symlink: /home/hunav_gz_classic_ws/install/hunav_msgs/include/hunav_msgs/hunav_msgs/srv/detail/compute_agent__rosidl_typesupport_fastrtps_cpp.hpp\n'}
[0.305394] (hunav_msgs) StdoutLine: {'line': b'-- Up-to-date symlink: /home/hunav_gz_classic_ws/install/hunav_msgs/include/hunav_msgs/hunav_msgs/srv/detail/compute_agents__rosidl_typesupport_fastrtps_cpp.hpp\n'}
[0.305456] (hunav_msgs) StdoutLine: {'line': b'-- Up-to-date symlink: /home/hunav_gz_classic_ws/install/hunav_msgs/include/hunav_msgs/hunav_msgs/srv/detail/get_agents__rosidl_typesupport_fastrtps_cpp.hpp\n'}
[0.305520] (hunav_msgs) StdoutLine: {'line': b'-- Up-to-date symlink: /home/hunav_gz_classic_ws/install/hunav_msgs/include/hunav_msgs/hunav_msgs/srv/detail/move_agent__rosidl_typesupport_fastrtps_cpp.hpp\n'}
[0.305583] (hunav_msgs) StdoutLine: {'line': b'-- Up-to-date symlink: /home/hunav_gz_classic_ws/install/hunav_msgs/include/hunav_msgs/hunav_msgs/srv/detail/reset_agents__rosidl_typesupport_fastrtps_cpp.hpp\n'}
[0.305837] (hunav_msgs) StdoutLine: {'line': b'-- Up-to-date symlink: /home/hunav_gz_classic_ws/install/hunav_msgs/include/hunav_msgs/hunav_msgs/msg/detail/agent__rosidl_typesupport_introspection_c.h\n'}
[0.305903] (hunav_msgs) StdoutLine: {'line': b'-- Up-to-date symlink: /home/hunav_gz_classic_ws/install/hunav_msgs/include/hunav_msgs/hunav_msgs/msg/detail/agent_behavior__rosidl_typesupport_introspection_c.h\n'}
[0.305968] (hunav_msgs) StdoutLine: {'line': b'-- Up-to-date symlink: /home/hunav_gz_classic_ws/install/hunav_msgs/include/hunav_msgs/hunav_msgs/msg/detail/agents__rosidl_typesupport_introspection_c.h\n'}
[0.306029] (hunav_msgs) StdoutLine: {'line': b'-- Up-to-date symlink: /home/hunav_gz_classic_ws/install/hunav_msgs/include/hunav_msgs/hunav_msgs/msg/rosidl_typesupport_introspection_c__visibility_control.h\n'}
[0.306093] (hunav_msgs) StdoutLine: {'line': b'-- Up-to-date symlink: /home/hunav_gz_classic_ws/install/hunav_msgs/include/hunav_msgs/hunav_msgs/srv/detail/compute_agent__rosidl_typesupport_introspection_c.h\n'}
[0.306158] (hunav_msgs) StdoutLine: {'line': b'-- Up-to-date symlink: /home/hunav_gz_classic_ws/install/hunav_msgs/include/hunav_msgs/hunav_msgs/srv/detail/compute_agents__rosidl_typesupport_introspection_c.h\n'}
[0.306222] (hunav_msgs) StdoutLine: {'line': b'-- Up-to-date symlink: /home/hunav_gz_classic_ws/install/hunav_msgs/include/hunav_msgs/hunav_msgs/srv/detail/get_agents__rosidl_typesupport_introspection_c.h\n'}
[0.306284] (hunav_msgs) StdoutLine: {'line': b'-- Up-to-date symlink: /home/hunav_gz_classic_ws/install/hunav_msgs/include/hunav_msgs/hunav_msgs/srv/detail/move_agent__rosidl_typesupport_introspection_c.h\n'}
[0.306348] (hunav_msgs) StdoutLine: {'line': b'-- Up-to-date symlink: /home/hunav_gz_classic_ws/install/hunav_msgs/include/hunav_msgs/hunav_msgs/srv/detail/reset_agents__rosidl_typesupport_introspection_c.h\n'}
[0.306586] (hunav_msgs) StdoutLine: {'line': b'-- Up-to-date symlink: /home/hunav_gz_classic_ws/install/hunav_msgs/include/hunav_msgs/hunav_msgs/msg/detail/agent__rosidl_typesupport_introspection_cpp.hpp\n'}
[0.306651] (hunav_msgs) StdoutLine: {'line': b'-- Up-to-date symlink: /home/hunav_gz_classic_ws/install/hunav_msgs/include/hunav_msgs/hunav_msgs/msg/detail/agent_behavior__rosidl_typesupport_introspection_cpp.hpp\n'}
[0.306719] (hunav_msgs) StdoutLine: {'line': b'-- Up-to-date symlink: /home/hunav_gz_classic_ws/install/hunav_msgs/include/hunav_msgs/hunav_msgs/msg/detail/agents__rosidl_typesupport_introspection_cpp.hpp\n'}
[0.306790] (hunav_msgs) StdoutLine: {'line': b'-- Up-to-date symlink: /home/hunav_gz_classic_ws/install/hunav_msgs/include/hunav_msgs/hunav_msgs/srv/detail/compute_agent__rosidl_typesupport_introspection_cpp.hpp\n'}
[0.306849] (hunav_msgs) StdoutLine: {'line': b'-- Up-to-date symlink: /home/hunav_gz_classic_ws/install/hunav_msgs/include/hunav_msgs/hunav_msgs/srv/detail/compute_agents__rosidl_typesupport_introspection_cpp.hpp\n'}
[0.306912] (hunav_msgs) StdoutLine: {'line': b'-- Up-to-date symlink: /home/hunav_gz_classic_ws/install/hunav_msgs/include/hunav_msgs/hunav_msgs/srv/detail/get_agents__rosidl_typesupport_introspection_cpp.hpp\n'}
[0.306976] (hunav_msgs) StdoutLine: {'line': b'-- Up-to-date symlink: /home/hunav_gz_classic_ws/install/hunav_msgs/include/hunav_msgs/hunav_msgs/srv/detail/move_agent__rosidl_typesupport_introspection_cpp.hpp\n'}
[0.307040] (hunav_msgs) StdoutLine: {'line': b'-- Up-to-date symlink: /home/hunav_gz_classic_ws/install/hunav_msgs/include/hunav_msgs/hunav_msgs/srv/detail/reset_agents__rosidl_typesupport_introspection_cpp.hpp\n'}
[0.307120] (hunav_msgs) StdoutLine: {'line': b'-- Up-to-date symlink: /home/hunav_gz_classic_ws/install/hunav_msgs/share/hunav_msgs/environment/pythonpath.sh\n'}
[0.307193] (hunav_msgs) StdoutLine: {'line': b'-- Up-to-date symlink: /home/hunav_gz_classic_ws/install/hunav_msgs/share/hunav_msgs/environment/pythonpath.dsv\n'}
[0.307346] (hunav_msgs) StdoutLine: {'line': b'-- Up-to-date symlink: /home/hunav_gz_classic_ws/install/hunav_msgs/local/lib/python3.10/dist-packages/hunav_msgs-1.0.0-py3.10.egg-info/PKG-INFO\n'}
[0.307409] (hunav_msgs) StdoutLine: {'line': b'-- Up-to-date symlink: /home/hunav_gz_classic_ws/install/hunav_msgs/local/lib/python3.10/dist-packages/hunav_msgs-1.0.0-py3.10.egg-info/SOURCES.txt\n'}
[0.307474] (hunav_msgs) StdoutLine: {'line': b'-- Up-to-date symlink: /home/hunav_gz_classic_ws/install/hunav_msgs/local/lib/python3.10/dist-packages/hunav_msgs-1.0.0-py3.10.egg-info/dependency_links.txt\n'}
[0.307535] (hunav_msgs) StdoutLine: {'line': b'-- Up-to-date symlink: /home/hunav_gz_classic_ws/install/hunav_msgs/local/lib/python3.10/dist-packages/hunav_msgs-1.0.0-py3.10.egg-info/top_level.txt\n'}
[0.308047] (hunav_msgs) StdoutLine: {'line': b'-- Up-to-date symlink: /home/hunav_gz_classic_ws/install/hunav_msgs/local/lib/python3.10/dist-packages/hunav_msgs/__init__.py\n'}
[0.308119] (hunav_msgs) StdoutLine: {'line': b'-- Up-to-date symlink: /home/hunav_gz_classic_ws/install/hunav_msgs/local/lib/python3.10/dist-packages/hunav_msgs/_hunav_msgs_s.ep.rosidl_typesupport_c.c\n'}
[0.308170] (hunav_msgs) StdoutLine: {'line': b'-- Up-to-date symlink: /home/hunav_gz_classic_ws/install/hunav_msgs/local/lib/python3.10/dist-packages/hunav_msgs/_hunav_msgs_s.ep.rosidl_typesupport_fastrtps_c.c\n'}
[0.308239] (hunav_msgs) StdoutLine: {'line': b'-- Up-to-date symlink: /home/hunav_gz_classic_ws/install/hunav_msgs/local/lib/python3.10/dist-packages/hunav_msgs/_hunav_msgs_s.ep.rosidl_typesupport_introspection_c.c\n'}
[0.308288] (hunav_msgs) StdoutLine: {'line': b'-- Up-to-date symlink: /home/hunav_gz_classic_ws/install/hunav_msgs/local/lib/python3.10/dist-packages/hunav_msgs/hunav_msgs_s__rosidl_typesupport_c.cpython-310-x86_64-linux-gnu.so\n'}
[0.308348] (hunav_msgs) StdoutLine: {'line': b'-- Up-to-date symlink: /home/hunav_gz_classic_ws/install/hunav_msgs/local/lib/python3.10/dist-packages/hunav_msgs/hunav_msgs_s__rosidl_typesupport_fastrtps_c.cpython-310-x86_64-linux-gnu.so\n'}
[0.308408] (hunav_msgs) StdoutLine: {'line': b'-- Up-to-date symlink: /home/hunav_gz_classic_ws/install/hunav_msgs/local/lib/python3.10/dist-packages/hunav_msgs/hunav_msgs_s__rosidl_typesupport_introspection_c.cpython-310-x86_64-linux-gnu.so\n'}
[0.308465] (hunav_msgs) StdoutLine: {'line': b'-- Up-to-date symlink: /home/hunav_gz_classic_ws/install/hunav_msgs/local/lib/python3.10/dist-packages/hunav_msgs/libhunav_msgs__rosidl_generator_py.so\n'}
[0.308529] (hunav_msgs) StdoutLine: {'line': b'-- Up-to-date symlink: /home/hunav_gz_classic_ws/install/hunav_msgs/local/lib/python3.10/dist-packages/hunav_msgs/msg/__init__.py\n'}
[0.308592] (hunav_msgs) StdoutLine: {'line': b'-- Up-to-date symlink: /home/hunav_gz_classic_ws/install/hunav_msgs/local/lib/python3.10/dist-packages/hunav_msgs/msg/_agent.py\n'}
[0.308656] (hunav_msgs) StdoutLine: {'line': b'-- Up-to-date symlink: /home/hunav_gz_classic_ws/install/hunav_msgs/local/lib/python3.10/dist-packages/hunav_msgs/msg/_agent_behavior.py\n'}
[0.308723] (hunav_msgs) StdoutLine: {'line': b'-- Up-to-date symlink: /home/hunav_gz_classic_ws/install/hunav_msgs/local/lib/python3.10/dist-packages/hunav_msgs/msg/_agent_behavior_s.c\n'}
[0.308789] (hunav_msgs) StdoutLine: {'line': b'-- Up-to-date symlink: /home/hunav_gz_classic_ws/install/hunav_msgs/local/lib/python3.10/dist-packages/hunav_msgs/msg/_agent_s.c\n'}
[0.308845] (hunav_msgs) StdoutLine: {'line': b'-- Up-to-date symlink: /home/hunav_gz_classic_ws/install/hunav_msgs/local/lib/python3.10/dist-packages/hunav_msgs/msg/_agents.py\n'}
[0.308908] (hunav_msgs) StdoutLine: {'line': b'-- Up-to-date symlink: /home/hunav_gz_classic_ws/install/hunav_msgs/local/lib/python3.10/dist-packages/hunav_msgs/msg/_agents_s.c\n'}
[0.308971] (hunav_msgs) StdoutLine: {'line': b'-- Up-to-date symlink: /home/hunav_gz_classic_ws/install/hunav_msgs/local/lib/python3.10/dist-packages/hunav_msgs/srv/__init__.py\n'}
[0.309033] (hunav_msgs) StdoutLine: {'line': b'-- Up-to-date symlink: /home/hunav_gz_classic_ws/install/hunav_msgs/local/lib/python3.10/dist-packages/hunav_msgs/srv/_compute_agent.py\n'}
[0.309095] (hunav_msgs) StdoutLine: {'line': b'-- Up-to-date symlink: /home/hunav_gz_classic_ws/install/hunav_msgs/local/lib/python3.10/dist-packages/hunav_msgs/srv/_compute_agent_s.c\n'}
[0.309158] (hunav_msgs) StdoutLine: {'line': b'-- Up-to-date symlink: /home/hunav_gz_classic_ws/install/hunav_msgs/local/lib/python3.10/dist-packages/hunav_msgs/srv/_compute_agents.py\n'}
[0.309219] (hunav_msgs) StdoutLine: {'line': b'-- Up-to-date symlink: /home/hunav_gz_classic_ws/install/hunav_msgs/local/lib/python3.10/dist-packages/hunav_msgs/srv/_compute_agents_s.c\n'}
[0.309282] (hunav_msgs) StdoutLine: {'line': b'-- Up-to-date symlink: /home/hunav_gz_classic_ws/install/hunav_msgs/local/lib/python3.10/dist-packages/hunav_msgs/srv/_get_agents.py\n'}
[0.309344] (hunav_msgs) StdoutLine: {'line': b'-- Up-to-date symlink: /home/hunav_gz_classic_ws/install/hunav_msgs/local/lib/python3.10/dist-packages/hunav_msgs/srv/_get_agents_s.c\n'}
[0.309410] (hunav_msgs) StdoutLine: {'line': b'-- Up-to-date symlink: /home/hunav_gz_classic_ws/install/hunav_msgs/local/lib/python3.10/dist-packages/hunav_msgs/srv/_move_agent.py\n'}
[0.309472] (hunav_msgs) StdoutLine: {'line': b'-- Up-to-date symlink: /home/hunav_gz_classic_ws/install/hunav_msgs/local/lib/python3.10/dist-packages/hunav_msgs/srv/_move_agent_s.c\n'}
[0.309535] (hunav_msgs) StdoutLine: {'line': b'-- Up-to-date symlink: /home/hunav_gz_classic_ws/install/hunav_msgs/local/lib/python3.10/dist-packages/hunav_msgs/srv/_reset_agents.py\n'}
[0.309597] (hunav_msgs) StdoutLine: {'line': b'-- Up-to-date symlink: /home/hunav_gz_classic_ws/install/hunav_msgs/local/lib/python3.10/dist-packages/hunav_msgs/srv/_reset_agents_s.c\n'}
[0.309907] (hunav_msgs) StdoutLine: {'line': b'-- Up-to-date symlink: /home/hunav_gz_classic_ws/install/hunav_msgs/local/lib/python3.10/dist-packages/hunav_msgs/hunav_msgs_s__rosidl_typesupport_fastrtps_c.cpython-310-x86_64-linux-gnu.so\n'}
[0.310230] (hunav_msgs) StdoutLine: {'line': b'-- Up-to-date symlink: /home/hunav_gz_classic_ws/install/hunav_msgs/local/lib/python3.10/dist-packages/hunav_msgs/hunav_msgs_s__rosidl_typesupport_introspection_c.cpython-310-x86_64-linux-gnu.so\n'}
[0.310398] (hunav_msgs) StdoutLine: {'line': b'-- Up-to-date symlink: /home/hunav_gz_classic_ws/install/hunav_msgs/local/lib/python3.10/dist-packages/hunav_msgs/hunav_msgs_s__rosidl_typesupport_c.cpython-310-x86_64-linux-gnu.so\n'}
[0.310489] (hunav_msgs) StdoutLine: {'line': b'-- Up-to-date symlink: /home/hunav_gz_classic_ws/install/hunav_msgs/share/hunav_msgs/msg/Agent.idl\n'}
[0.310575] (hunav_msgs) StdoutLine: {'line': b'-- Up-to-date symlink: /home/hunav_gz_classic_ws/install/hunav_msgs/share/hunav_msgs/msg/Agents.idl\n'}
[0.310800] (hunav_msgs) StdoutLine: {'line': b'-- Up-to-date symlink: /home/hunav_gz_classic_ws/install/hunav_msgs/share/hunav_msgs/msg/AgentBehavior.idl\n'}
[0.310848] (hunav_msgs) StdoutLine: {'line': b'-- Up-to-date symlink: /home/hunav_gz_classic_ws/install/hunav_msgs/share/hunav_msgs/srv/ComputeAgents.idl\n'}
[0.310874] (hunav_msgs) StdoutLine: {'line': b'-- Up-to-date symlink: /home/hunav_gz_classic_ws/install/hunav_msgs/share/hunav_msgs/srv/ComputeAgent.idl\n'}
[0.310915] (hunav_msgs) StdoutLine: {'line': b'-- Up-to-date symlink: /home/hunav_gz_classic_ws/install/hunav_msgs/share/hunav_msgs/srv/MoveAgent.idl\n'}
[0.310975] (hunav_msgs) StdoutLine: {'line': b'-- Up-to-date symlink: /home/hunav_gz_classic_ws/install/hunav_msgs/share/hunav_msgs/srv/GetAgents.idl\n'}
[0.311051] (hunav_msgs) StdoutLine: {'line': b'-- Up-to-date symlink: /home/hunav_gz_classic_ws/install/hunav_msgs/share/hunav_msgs/srv/ResetAgents.idl\n'}
[0.311125] (hunav_msgs) StdoutLine: {'line': b'-- Up-to-date symlink: /home/hunav_gz_classic_ws/install/hunav_msgs/share/hunav_msgs/msg/Agent.msg\n'}
[0.311202] (hunav_msgs) StdoutLine: {'line': b'-- Up-to-date symlink: /home/hunav_gz_classic_ws/install/hunav_msgs/share/hunav_msgs/msg/Agents.msg\n'}
[0.311276] (hunav_msgs) StdoutLine: {'line': b'-- Up-to-date symlink: /home/hunav_gz_classic_ws/install/hunav_msgs/share/hunav_msgs/msg/AgentBehavior.msg\n'}
[0.311350] (hunav_msgs) StdoutLine: {'line': b'-- Up-to-date symlink: /home/hunav_gz_classic_ws/install/hunav_msgs/share/hunav_msgs/srv/ComputeAgents.srv\n'}
[0.311422] (hunav_msgs) StdoutLine: {'line': b'-- Up-to-date symlink: /home/hunav_gz_classic_ws/install/hunav_msgs/share/hunav_msgs/srv/ComputeAgents_Request.msg\n'}
[0.311494] (hunav_msgs) StdoutLine: {'line': b'-- Up-to-date symlink: /home/hunav_gz_classic_ws/install/hunav_msgs/share/hunav_msgs/srv/ComputeAgents_Response.msg\n'}
[0.311568] (hunav_msgs) StdoutLine: {'line': b'-- Up-to-date symlink: /home/hunav_gz_classic_ws/install/hunav_msgs/share/hunav_msgs/srv/ComputeAgent.srv\n'}
[0.311640] (hunav_msgs) StdoutLine: {'line': b'-- Up-to-date symlink: /home/hunav_gz_classic_ws/install/hunav_msgs/share/hunav_msgs/srv/ComputeAgent_Request.msg\n'}
[0.311716] (hunav_msgs) StdoutLine: {'line': b'-- Up-to-date symlink: /home/hunav_gz_classic_ws/install/hunav_msgs/share/hunav_msgs/srv/ComputeAgent_Response.msg\n'}
[0.311791] (hunav_msgs) StdoutLine: {'line': b'-- Up-to-date symlink: /home/hunav_gz_classic_ws/install/hunav_msgs/share/hunav_msgs/srv/MoveAgent.srv\n'}
[0.311857] (hunav_msgs) StdoutLine: {'line': b'-- Up-to-date symlink: /home/hunav_gz_classic_ws/install/hunav_msgs/share/hunav_msgs/srv/MoveAgent_Request.msg\n'}
[0.311930] (hunav_msgs) StdoutLine: {'line': b'-- Up-to-date symlink: /home/hunav_gz_classic_ws/install/hunav_msgs/share/hunav_msgs/srv/MoveAgent_Response.msg\n'}
[0.312006] (hunav_msgs) StdoutLine: {'line': b'-- Up-to-date symlink: /home/hunav_gz_classic_ws/install/hunav_msgs/share/hunav_msgs/srv/GetAgents.srv\n'}
[0.312094] (hunav_msgs) StdoutLine: {'line': b'-- Up-to-date symlink: /home/hunav_gz_classic_ws/install/hunav_msgs/share/hunav_msgs/srv/GetAgents_Request.msg\n'}
[0.312196] (hunav_msgs) StdoutLine: {'line': b'-- Up-to-date symlink: /home/hunav_gz_classic_ws/install/hunav_msgs/share/hunav_msgs/srv/GetAgents_Response.msg\n'}
[0.312304] (hunav_msgs) StdoutLine: {'line': b'-- Up-to-date symlink: /home/hunav_gz_classic_ws/install/hunav_msgs/share/hunav_msgs/srv/ResetAgents.srv\n'}
[0.312396] (hunav_msgs) StdoutLine: {'line': b'-- Up-to-date symlink: /home/hunav_gz_classic_ws/install/hunav_msgs/share/hunav_msgs/srv/ResetAgents_Request.msg\n'}
[0.312470] (hunav_msgs) StdoutLine: {'line': b'-- Up-to-date symlink: /home/hunav_gz_classic_ws/install/hunav_msgs/share/hunav_msgs/srv/ResetAgents_Response.msg\n'}
[0.312557] (hunav_msgs) StdoutLine: {'line': b'-- Up-to-date symlink: /home/hunav_gz_classic_ws/install/hunav_msgs/share/ament_index/resource_index/package_run_dependencies/hunav_msgs\n'}
[0.312641] (hunav_msgs) StdoutLine: {'line': b'-- Up-to-date symlink: /home/hunav_gz_classic_ws/install/hunav_msgs/share/ament_index/resource_index/parent_prefix_path/hunav_msgs\n'}
[0.312740] (hunav_msgs) StdoutLine: {'line': b'-- Up-to-date symlink: /home/hunav_gz_classic_ws/install/hunav_msgs/share/hunav_msgs/environment/ament_prefix_path.sh\n'}
[0.312812] (hunav_msgs) StdoutLine: {'line': b'-- Up-to-date symlink: /home/hunav_gz_classic_ws/install/hunav_msgs/share/hunav_msgs/environment/ament_prefix_path.dsv\n'}
[0.312894] (hunav_msgs) StdoutLine: {'line': b'-- Up-to-date symlink: /home/hunav_gz_classic_ws/install/hunav_msgs/share/hunav_msgs/environment/path.sh\n'}
[0.312965] (hunav_msgs) StdoutLine: {'line': b'-- Up-to-date symlink: /home/hunav_gz_classic_ws/install/hunav_msgs/share/hunav_msgs/environment/path.dsv\n'}
[0.313035] (hunav_msgs) StdoutLine: {'line': b'-- Up-to-date symlink: /home/hunav_gz_classic_ws/install/hunav_msgs/share/hunav_msgs/local_setup.bash\n'}
[0.313105] (hunav_msgs) StdoutLine: {'line': b'-- Up-to-date symlink: /home/hunav_gz_classic_ws/install/hunav_msgs/share/hunav_msgs/local_setup.sh\n'}
[0.313174] (hunav_msgs) StdoutLine: {'line': b'-- Up-to-date symlink: /home/hunav_gz_classic_ws/install/hunav_msgs/share/hunav_msgs/local_setup.zsh\n'}
[0.313242] (hunav_msgs) StdoutLine: {'line': b'-- Up-to-date symlink: /home/hunav_gz_classic_ws/install/hunav_msgs/share/hunav_msgs/local_setup.dsv\n'}
[0.313289] (hunav_msgs) StdoutLine: {'line': b'-- Symlinking: /home/hunav_gz_classic_ws/install/hunav_msgs/share/hunav_msgs/package.dsv\n'}
[0.324048] (hunav_msgs) StdoutLine: {'line': b'-- Up-to-date symlink: /home/hunav_gz_classic_ws/install/hunav_msgs/share/ament_index/resource_index/packages/hunav_msgs\n'}
[0.324224] (hunav_msgs) StdoutLine: {'line': b'-- Up-to-date symlink: /home/hunav_gz_classic_ws/install/hunav_msgs/share/hunav_msgs/cmake/rosidl_cmake-extras.cmake\n'}
[0.324309] (hunav_msgs) StdoutLine: {'line': b'-- Up-to-date symlink: /home/hunav_gz_classic_ws/install/hunav_msgs/share/hunav_msgs/cmake/ament_cmake_export_dependencies-extras.cmake\n'}
[0.324423] (hunav_msgs) StdoutLine: {'line': b'-- Up-to-date symlink: /home/hunav_gz_classic_ws/install/hunav_msgs/share/hunav_msgs/cmake/ament_cmake_export_include_directories-extras.cmake\n'}
[0.324492] (hunav_msgs) StdoutLine: {'line': b'-- Up-to-date symlink: /home/hunav_gz_classic_ws/install/hunav_msgs/share/hunav_msgs/cmake/ament_cmake_export_libraries-extras.cmake\n'}
[0.324557] (hunav_msgs) StdoutLine: {'line': b'-- Up-to-date symlink: /home/hunav_gz_classic_ws/install/hunav_msgs/share/hunav_msgs/cmake/ament_cmake_export_targets-extras.cmake\n'}
[0.324654] (hunav_msgs) StdoutLine: {'line': b'-- Up-to-date symlink: /home/hunav_gz_classic_ws/install/hunav_msgs/share/hunav_msgs/cmake/rosidl_cmake_export_typesupport_targets-extras.cmake\n'}
[0.324744] (hunav_msgs) StdoutLine: {'line': b'-- Up-to-date symlink: /home/hunav_gz_classic_ws/install/hunav_msgs/share/hunav_msgs/cmake/rosidl_cmake_export_typesupport_libraries-extras.cmake\n'}
[0.324813] (hunav_msgs) StdoutLine: {'line': b'-- Up-to-date symlink: /home/hunav_gz_classic_ws/install/hunav_msgs/share/hunav_msgs/cmake/hunav_msgsConfig.cmake\n'}
[0.324844] (hunav_msgs) StdoutLine: {'line': b'-- Up-to-date symlink: /home/hunav_gz_classic_ws/install/hunav_msgs/share/hunav_msgs/cmake/hunav_msgsConfig-version.cmake\n'}
[0.324882] (hunav_msgs) StdoutLine: {'line': b'-- Up-to-date symlink: /home/hunav_gz_classic_ws/install/hunav_msgs/share/hunav_msgs/package.xml\n'}
[0.325474] (hunav_msgs) StdoutLine: {'line': b'-- Up-to-date: /home/hunav_gz_classic_ws/install/hunav_msgs/lib/libhunav_msgs__rosidl_generator_c.so\n'}
[0.326159] (hunav_msgs) StdoutLine: {'line': b'-- Up-to-date: /home/hunav_gz_classic_ws/install/hunav_msgs/lib/libhunav_msgs__rosidl_typesupport_fastrtps_c.so\n'}
[0.326867] (hunav_msgs) StdoutLine: {'line': b'-- Up-to-date: /home/hunav_gz_classic_ws/install/hunav_msgs/lib/libhunav_msgs__rosidl_typesupport_fastrtps_cpp.so\n'}
[0.328127] (hunav_msgs) StdoutLine: {'line': b'-- Up-to-date: /home/hunav_gz_classic_ws/install/hunav_msgs/lib/libhunav_msgs__rosidl_typesupport_introspection_c.so\n'}
[0.329988] (hunav_msgs) StdoutLine: {'line': b'-- Up-to-date: /home/hunav_gz_classic_ws/install/hunav_msgs/lib/libhunav_msgs__rosidl_typesupport_c.so\n'}
[0.330656] (hunav_msgs) StdoutLine: {'line': b'-- Up-to-date: /home/hunav_gz_classic_ws/install/hunav_msgs/lib/libhunav_msgs__rosidl_typesupport_introspection_cpp.so\n'}
[0.331167] (hunav_msgs) StdoutLine: {'line': b'-- Up-to-date: /home/hunav_gz_classic_ws/install/hunav_msgs/lib/libhunav_msgs__rosidl_typesupport_cpp.so\n'}
[0.357175] (hunav_msgs) StdoutLine: {'line': b"Listing '/home/hunav_gz_classic_ws/install/hunav_msgs/local/lib/python3.10/dist-packages/hunav_msgs'...\n"}
[0.357365] (hunav_msgs) StdoutLine: {'line': b"Listing '/home/hunav_gz_classic_ws/install/hunav_msgs/local/lib/python3.10/dist-packages/hunav_msgs/msg'...\n"}
[0.357469] (hunav_msgs) StdoutLine: {'line': b"Listing '/home/hunav_gz_classic_ws/install/hunav_msgs/local/lib/python3.10/dist-packages/hunav_msgs/srv'...\n"}
[0.360253] (hunav_msgs) StdoutLine: {'line': b'-- Up-to-date: /home/hunav_gz_classic_ws/install/hunav_msgs/lib/libhunav_msgs__rosidl_generator_py.so\n'}
[0.360876] (hunav_msgs) StdoutLine: {'line': b'-- Up-to-date: /home/hunav_gz_classic_ws/install/hunav_msgs/share/hunav_msgs/cmake/export_hunav_msgs__rosidl_generator_cExport.cmake\n'}
[0.361074] (hunav_msgs) StdoutLine: {'line': b'-- Up-to-date: /home/hunav_gz_classic_ws/install/hunav_msgs/share/hunav_msgs/cmake/export_hunav_msgs__rosidl_generator_cExport-noconfig.cmake\n'}
[0.361373] (hunav_msgs) StdoutLine: {'line': b'-- Up-to-date: /home/hunav_gz_classic_ws/install/hunav_msgs/share/hunav_msgs/cmake/export_hunav_msgs__rosidl_typesupport_fastrtps_cExport.cmake\n'}
[0.361510] (hunav_msgs) StdoutLine: {'line': b'-- Up-to-date: /home/hunav_gz_classic_ws/install/hunav_msgs/share/hunav_msgs/cmake/export_hunav_msgs__rosidl_typesupport_fastrtps_cExport-noconfig.cmake\n'}
[0.361718] (hunav_msgs) StdoutLine: {'line': b'-- Up-to-date: /home/hunav_gz_classic_ws/install/hunav_msgs/share/hunav_msgs/cmake/export_hunav_msgs__rosidl_generator_cppExport.cmake\n'}
[0.362062] (hunav_msgs) StdoutLine: {'line': b'-- Up-to-date: /home/hunav_gz_classic_ws/install/hunav_msgs/share/hunav_msgs/cmake/export_hunav_msgs__rosidl_typesupport_fastrtps_cppExport.cmake\n'}
[0.362148] (hunav_msgs) StdoutLine: {'line': b'-- Up-to-date: /home/hunav_gz_classic_ws/install/hunav_msgs/share/hunav_msgs/cmake/export_hunav_msgs__rosidl_typesupport_fastrtps_cppExport-noconfig.cmake\n'}
[0.362452] (hunav_msgs) StdoutLine: {'line': b'-- Up-to-date: /home/hunav_gz_classic_ws/install/hunav_msgs/share/hunav_msgs/cmake/hunav_msgs__rosidl_typesupport_introspection_cExport.cmake\n'}
[0.362527] (hunav_msgs) StdoutLine: {'line': b'-- Up-to-date: /home/hunav_gz_classic_ws/install/hunav_msgs/share/hunav_msgs/cmake/hunav_msgs__rosidl_typesupport_introspection_cExport-noconfig.cmake\n'}
[0.362589] (hunav_msgs) StdoutLine: {'line': b'-- Up-to-date: /home/hunav_gz_classic_ws/install/hunav_msgs/share/hunav_msgs/cmake/hunav_msgs__rosidl_typesupport_cExport.cmake\n'}
[0.362642] (hunav_msgs) StdoutLine: {'line': b'-- Up-to-date: /home/hunav_gz_classic_ws/install/hunav_msgs/share/hunav_msgs/cmake/hunav_msgs__rosidl_typesupport_cExport-noconfig.cmake\n'}
[0.362786] (hunav_msgs) StdoutLine: {'line': b'-- Up-to-date: /home/hunav_gz_classic_ws/install/hunav_msgs/share/hunav_msgs/cmake/hunav_msgs__rosidl_typesupport_introspection_cppExport.cmake\n'}
[0.362860] (hunav_msgs) StdoutLine: {'line': b'-- Up-to-date: /home/hunav_gz_classic_ws/install/hunav_msgs/share/hunav_msgs/cmake/hunav_msgs__rosidl_typesupport_introspection_cppExport-noconfig.cmake\n'}
[0.363176] (hunav_msgs) StdoutLine: {'line': b'-- Up-to-date: /home/hunav_gz_classic_ws/install/hunav_msgs/share/hunav_msgs/cmake/hunav_msgs__rosidl_typesupport_cppExport.cmake\n'}
[0.363249] (hunav_msgs) StdoutLine: {'line': b'-- Up-to-date: /home/hunav_gz_classic_ws/install/hunav_msgs/share/hunav_msgs/cmake/hunav_msgs__rosidl_typesupport_cppExport-noconfig.cmake\n'}
[0.363557] (hunav_msgs) StdoutLine: {'line': b'-- Up-to-date: /home/hunav_gz_classic_ws/install/hunav_msgs/share/hunav_msgs/cmake/export_hunav_msgs__rosidl_generator_pyExport.cmake\n'}
[0.363600] (hunav_msgs) StdoutLine: {'line': b'-- Up-to-date: /home/hunav_gz_classic_ws/install/hunav_msgs/share/hunav_msgs/cmake/export_hunav_msgs__rosidl_generator_pyExport-noconfig.cmake\n'}
[0.366279] (hunav_msgs) CommandEnded: {'returncode': 0}
[0.380898] (hunav_msgs) JobEnded: {'identifier': 'hunav_msgs', 'rc': 0}
[0.381591] (hunav_agent_manager) JobStarted: {'identifier': 'hunav_agent_manager'}
[0.385838] (hunav_evaluator) JobStarted: {'identifier': 'hunav_evaluator'}
[0.391319] (hunav_rviz2_panel) JobStarted: {'identifier': 'hunav_rviz2_panel'}
[0.398463] (hunav_gazebo_wrapper) JobStarted: {'identifier': 'hunav_gazebo_wrapper'}
[0.399705] (-) TimerEvent: {}
[0.403795] (hunav_agent_manager) JobProgress: {'identifier': 'hunav_agent_manager', 'progress': 'cmake'}
[0.404748] (hunav_agent_manager) JobProgress: {'identifier': 'hunav_agent_manager', 'progress': 'build'}
[0.405243] (hunav_agent_manager) Command: {'cmd': ['/usr/bin/cmake', '--build', '/home/hunav_gz_classic_ws/build/hunav_agent_manager', '--', '-j16', '-l16'], 'cwd': '/home/hunav_gz_classic_ws/build/hunav_agent_manager', 'env': OrderedDict([('HOSTNAME', 'kenny-srl'), ('SHLVL', '1'), ('LD_LIBRARY_PATH', '/home/hunav_gz_classic_ws/install/hunav_msgs/lib:/home/pmb2_ws/install/transmission_interface/lib:/home/pmb2_ws/install/hardware_interface_testing/lib:/home/pmb2_ws/install/gazebo_ros2_control/lib:/home/pmb2_ws/install/controller_manager/lib:/home/pmb2_ws/install/people_msgs/lib:/home/pmb2_ws/install/joint_limits/lib:/home/pmb2_ws/install/controller_interface/lib:/home/pmb2_ws/install/hardware_interface/lib:/home/pmb2_ws/install/controller_manager_msgs/lib:/home/pmb2_ws/install/behaviortree_ros2/lib:/home/pmb2_ws/install/btcpp_ros2_interfaces/lib:/home/pmb2_ws/install/behaviortree_cpp/lib:/usr/lib/x86_64-linux-gnu/gazebo-11/plugins:/opt/ros/humble/opt/rviz_ogre_vendor/lib:/opt/ros/humble/lib/x86_64-linux-gnu:/opt/ros/humble/lib:/usr/lib/x86_64-linux-gnu/gazebo-11/plugins'), ('HOME', '/root'), ('OLDPWD', '/home/pmb2_ws'), ('GAZEBO_MASTER_URI', 'http://localhost:11345'), ('ROS_PYTHON_VERSION', '3'), ('COLCON_PREFIX_PATH', '/home/pmb2_ws/install'), ('ROS_DISTRO', 'humble'), ('_', '/usr/bin/colcon'), ('ROS_VERSION', '2'), ('NVIDIA_DRIVER_CAPABILITIES', 'all'), ('TERM', 'xterm'), ('GAZEBO_MODEL_PATH', '/usr/share/gazebo-11/models:'), ('ROS_LOCALHOST_ONLY', '0'), ('QT_X11_NO_MITSHM', '1'), ('OGRE_RESOURCE_PATH', '/usr/lib/x86_64-linux-gnu/OGRE-1.9.0'), ('PATH', '/home/pmb2_ws/install/behaviortree_cpp/bin:/opt/ros/humble/bin:/usr/local/sbin:/usr/local/bin:/usr/sbin:/usr/bin:/sbin:/bin'), ('XDG_RUNTIME_DIR', '/tmp'), ('DISPLAY', ':1'), ('LANG', 'C.UTF-8'), ('RMW_IMPLEMENTATION', 'rmw_cyclonedds_cpp'), ('AMENT_PREFIX_PATH', '/home/hunav_gz_classic_ws/install/hunav_msgs:/home/pmb2_ws/install/urdf_test:/home/pmb2_ws/install/gazebo_ros2_control_demos:/home/pmb2_ws/install/ros2_control:/home/pmb2_ws/install/transmission_interface:/home/pmb2_ws/install/rqt_controller_manager:/home/pmb2_ws/install/pmb2_simulation:/home/pmb2_ws/install/pmb2_robot:/home/pmb2_ws/install/pmb2_gazebo:/home/pmb2_ws/install/pmb2_bringup:/home/pmb2_ws/install/pmb2_controller_configuration:/home/pmb2_ws/install/ros2controlcli:/home/pmb2_ws/install/hardware_interface_testing:/home/pmb2_ws/install/gazebo_ros2_control:/home/pmb2_ws/install/controller_manager:/home/pmb2_ws/install/ros2_control_test_assets:/home/pmb2_ws/install/pmb2_rgbd_sensors:/home/pmb2_ws/install/pmb2_navigation:/home/pmb2_ws/install/pmb2_laser_sensors:/home/pmb2_ws/install/pmb2_description:/home/pmb2_ws/install/pmb2_2dnav:/home/pmb2_ws/install/people_msgs:/home/pmb2_ws/install/pal_navigation_cfg:/home/pmb2_ws/install/pal_navigation_cfg_bringup:/home/pmb2_ws/install/pal_navigation_cfg_params:/home/pmb2_ws/install/pal_gazebo_worlds:/home/pmb2_ws/install/launch_pal:/home/pmb2_ws/install/joint_limits:/home/pmb2_ws/install/controller_interface:/home/pmb2_ws/install/hardware_interface:/home/pmb2_ws/install/controller_manager_msgs:/home/pmb2_ws/install/btcpp_ros2_samples:/home/pmb2_ws/install/behaviortree_ros2:/home/pmb2_ws/install/btcpp_ros2_interfaces:/home/pmb2_ws/install/behaviortree_cpp:/opt/ros/humble'), ('DEBIAN_FRONTEND', 'noninteractive'), ('SHELL', '/bin/bash'), ('GAZEBO_RESOURCE_PATH', '/usr/share/gazebo-11:'), ('GAZEBO_MODEL_DATABASE_URI', 'http://models.gazebosim.org'), ('PWD', '/home/hunav_gz_classic_ws/build/hunav_agent_manager'), ('LC_ALL', 'C.UTF-8'), ('GAZEBO_PLUGIN_PATH', '/usr/lib/x86_64-linux-gnu/gazebo-11/plugins:'), ('PYTHONPATH', '/home/hunav_gz_classic_ws/install/hunav_msgs/local/lib/python3.10/dist-packages:/home/pmb2_ws/install/urdf_test/local/lib/python3.10/dist-packages:/home/pmb2_ws/build/rqt_controller_manager:/home/pmb2_ws/install/rqt_controller_manager/lib/python3.10/site-packages:/home/pmb2_ws/build/ros2controlcli:/home/pmb2_ws/install/ros2controlcli/lib/python3.10/site-packages:/home/pmb2_ws/install/controller_manager/local/lib/python3.10/dist-packages:/home/pmb2_ws/install/pmb2_description/local/lib/python3.10/dist-packages:/home/pmb2_ws/install/people_msgs/local/lib/python3.10/dist-packages:/home/pmb2_ws/build/launch_pal:/home/pmb2_ws/install/launch_pal/lib/python3.10/site-packages:/home/pmb2_ws/install/controller_manager_msgs/local/lib/python3.10/dist-packages:/home/pmb2_ws/install/btcpp_ros2_interfaces/local/lib/python3.10/dist-packages:/opt/ros/humble/lib/python3.10/site-packages:/opt/ros/humble/local/lib/python3.10/dist-packages'), ('NVIDIA_VISIBLE_DEVICES', 'all'), ('COLCON', '1'), ('EDITOR', 'nano'), ('CMAKE_PREFIX_PATH', '/home/hunav_gz_classic_ws/install/hunav_msgs:/home/pmb2_ws/install/urdf_test:/home/pmb2_ws/install/gazebo_ros2_control_demos:/home/pmb2_ws/install/ros2_control:/home/pmb2_ws/install/transmission_interface:/home/pmb2_ws/install/pmb2_simulation:/home/pmb2_ws/install/pmb2_robot:/home/pmb2_ws/install/pmb2_gazebo:/home/pmb2_ws/install/pmb2_bringup:/home/pmb2_ws/install/pmb2_controller_configuration:/home/pmb2_ws/install/hardware_interface_testing:/home/pmb2_ws/install/gazebo_ros2_control:/home/pmb2_ws/install/controller_manager:/home/pmb2_ws/install/ros2_control_test_assets:/home/pmb2_ws/install/pmb2_rgbd_sensors:/home/pmb2_ws/install/pmb2_navigation:/home/pmb2_ws/install/pmb2_laser_sensors:/home/pmb2_ws/install/pmb2_description:/home/pmb2_ws/install/pmb2_2dnav:/home/pmb2_ws/install/people_msgs:/home/pmb2_ws/install/pal_navigation_cfg:/home/pmb2_ws/install/pal_navigation_cfg_bringup:/home/pmb2_ws/install/pal_navigation_cfg_params:/home/pmb2_ws/install/pal_gazebo_worlds:/home/pmb2_ws/install/joint_limits:/home/pmb2_ws/install/controller_interface:/home/pmb2_ws/install/hardware_interface:/home/pmb2_ws/install/controller_manager_msgs:/home/pmb2_ws/install/btcpp_ros2_samples:/home/pmb2_ws/install/behaviortree_ros2:/home/pmb2_ws/install/btcpp_ros2_interfaces:/home/pmb2_ws/install/behaviortree_cpp:/home/pmb2_ws/install/rqt_controller_manager:/home/pmb2_ws/install/ros2controlcli:/home/pmb2_ws/install/launch_pal:/opt/ros/humble')]), 'shell': False}
[0.499796] (-) TimerEvent: {}
[0.569163] (hunav_rviz2_panel) JobProgress: {'identifier': 'hunav_rviz2_panel', 'progress': 'cmake'}
[0.571480] (hunav_rviz2_panel) JobProgress: {'identifier': 'hunav_rviz2_panel', 'progress': 'build'}
[0.572038] (hunav_rviz2_panel) Command: {'cmd': ['/usr/bin/cmake', '--build', '/home/hunav_gz_classic_ws/build/hunav_rviz2_panel', '--', '-j16', '-l16'], 'cwd': '/home/hunav_gz_classic_ws/build/hunav_rviz2_panel', 'env': OrderedDict([('HOSTNAME', 'kenny-srl'), ('SHLVL', '1'), ('LD_LIBRARY_PATH', '/home/hunav_gz_classic_ws/install/hunav_msgs/lib:/home/pmb2_ws/install/transmission_interface/lib:/home/pmb2_ws/install/hardware_interface_testing/lib:/home/pmb2_ws/install/gazebo_ros2_control/lib:/home/pmb2_ws/install/controller_manager/lib:/home/pmb2_ws/install/people_msgs/lib:/home/pmb2_ws/install/joint_limits/lib:/home/pmb2_ws/install/controller_interface/lib:/home/pmb2_ws/install/hardware_interface/lib:/home/pmb2_ws/install/controller_manager_msgs/lib:/home/pmb2_ws/install/behaviortree_ros2/lib:/home/pmb2_ws/install/btcpp_ros2_interfaces/lib:/home/pmb2_ws/install/behaviortree_cpp/lib:/usr/lib/x86_64-linux-gnu/gazebo-11/plugins:/opt/ros/humble/opt/rviz_ogre_vendor/lib:/opt/ros/humble/lib/x86_64-linux-gnu:/opt/ros/humble/lib:/usr/lib/x86_64-linux-gnu/gazebo-11/plugins'), ('HOME', '/root'), ('OLDPWD', '/home/pmb2_ws'), ('GAZEBO_MASTER_URI', 'http://localhost:11345'), ('ROS_PYTHON_VERSION', '3'), ('COLCON_PREFIX_PATH', '/home/pmb2_ws/install'), ('ROS_DISTRO', 'humble'), ('_', '/usr/bin/colcon'), ('ROS_VERSION', '2'), ('NVIDIA_DRIVER_CAPABILITIES', 'all'), ('TERM', 'xterm'), ('GAZEBO_MODEL_PATH', '/usr/share/gazebo-11/models:'), ('ROS_LOCALHOST_ONLY', '0'), ('QT_X11_NO_MITSHM', '1'), ('OGRE_RESOURCE_PATH', '/usr/lib/x86_64-linux-gnu/OGRE-1.9.0'), ('PATH', '/home/pmb2_ws/install/behaviortree_cpp/bin:/opt/ros/humble/bin:/usr/local/sbin:/usr/local/bin:/usr/sbin:/usr/bin:/sbin:/bin'), ('XDG_RUNTIME_DIR', '/tmp'), ('DISPLAY', ':1'), ('LANG', 'C.UTF-8'), ('RMW_IMPLEMENTATION', 'rmw_cyclonedds_cpp'), ('AMENT_PREFIX_PATH', '/home/hunav_gz_classic_ws/install/hunav_msgs:/home/pmb2_ws/install/urdf_test:/home/pmb2_ws/install/gazebo_ros2_control_demos:/home/pmb2_ws/install/ros2_control:/home/pmb2_ws/install/transmission_interface:/home/pmb2_ws/install/rqt_controller_manager:/home/pmb2_ws/install/pmb2_simulation:/home/pmb2_ws/install/pmb2_robot:/home/pmb2_ws/install/pmb2_gazebo:/home/pmb2_ws/install/pmb2_bringup:/home/pmb2_ws/install/pmb2_controller_configuration:/home/pmb2_ws/install/ros2controlcli:/home/pmb2_ws/install/hardware_interface_testing:/home/pmb2_ws/install/gazebo_ros2_control:/home/pmb2_ws/install/controller_manager:/home/pmb2_ws/install/ros2_control_test_assets:/home/pmb2_ws/install/pmb2_rgbd_sensors:/home/pmb2_ws/install/pmb2_navigation:/home/pmb2_ws/install/pmb2_laser_sensors:/home/pmb2_ws/install/pmb2_description:/home/pmb2_ws/install/pmb2_2dnav:/home/pmb2_ws/install/people_msgs:/home/pmb2_ws/install/pal_navigation_cfg:/home/pmb2_ws/install/pal_navigation_cfg_bringup:/home/pmb2_ws/install/pal_navigation_cfg_params:/home/pmb2_ws/install/pal_gazebo_worlds:/home/pmb2_ws/install/launch_pal:/home/pmb2_ws/install/joint_limits:/home/pmb2_ws/install/controller_interface:/home/pmb2_ws/install/hardware_interface:/home/pmb2_ws/install/controller_manager_msgs:/home/pmb2_ws/install/btcpp_ros2_samples:/home/pmb2_ws/install/behaviortree_ros2:/home/pmb2_ws/install/btcpp_ros2_interfaces:/home/pmb2_ws/install/behaviortree_cpp:/opt/ros/humble'), ('DEBIAN_FRONTEND', 'noninteractive'), ('SHELL', '/bin/bash'), ('GAZEBO_RESOURCE_PATH', '/usr/share/gazebo-11:'), ('GAZEBO_MODEL_DATABASE_URI', 'http://models.gazebosim.org'), ('PWD', '/home/hunav_gz_classic_ws/build/hunav_rviz2_panel'), ('LC_ALL', 'C.UTF-8'), ('GAZEBO_PLUGIN_PATH', '/usr/lib/x86_64-linux-gnu/gazebo-11/plugins:'), ('PYTHONPATH', '/home/hunav_gz_classic_ws/install/hunav_msgs/local/lib/python3.10/dist-packages:/home/pmb2_ws/install/urdf_test/local/lib/python3.10/dist-packages:/home/pmb2_ws/build/rqt_controller_manager:/home/pmb2_ws/install/rqt_controller_manager/lib/python3.10/site-packages:/home/pmb2_ws/build/ros2controlcli:/home/pmb2_ws/install/ros2controlcli/lib/python3.10/site-packages:/home/pmb2_ws/install/controller_manager/local/lib/python3.10/dist-packages:/home/pmb2_ws/install/pmb2_description/local/lib/python3.10/dist-packages:/home/pmb2_ws/install/people_msgs/local/lib/python3.10/dist-packages:/home/pmb2_ws/build/launch_pal:/home/pmb2_ws/install/launch_pal/lib/python3.10/site-packages:/home/pmb2_ws/install/controller_manager_msgs/local/lib/python3.10/dist-packages:/home/pmb2_ws/install/btcpp_ros2_interfaces/local/lib/python3.10/dist-packages:/opt/ros/humble/lib/python3.10/site-packages:/opt/ros/humble/local/lib/python3.10/dist-packages'), ('NVIDIA_VISIBLE_DEVICES', 'all'), ('COLCON', '1'), ('EDITOR', 'nano'), ('CMAKE_PREFIX_PATH', '/home/hunav_gz_classic_ws/install/hunav_msgs:/home/pmb2_ws/install/urdf_test:/home/pmb2_ws/install/gazebo_ros2_control_demos:/home/pmb2_ws/install/ros2_control:/home/pmb2_ws/install/transmission_interface:/home/pmb2_ws/install/pmb2_simulation:/home/pmb2_ws/install/pmb2_robot:/home/pmb2_ws/install/pmb2_gazebo:/home/pmb2_ws/install/pmb2_bringup:/home/pmb2_ws/install/pmb2_controller_configuration:/home/pmb2_ws/install/hardware_interface_testing:/home/pmb2_ws/install/gazebo_ros2_control:/home/pmb2_ws/install/controller_manager:/home/pmb2_ws/install/ros2_control_test_assets:/home/pmb2_ws/install/pmb2_rgbd_sensors:/home/pmb2_ws/install/pmb2_navigation:/home/pmb2_ws/install/pmb2_laser_sensors:/home/pmb2_ws/install/pmb2_description:/home/pmb2_ws/install/pmb2_2dnav:/home/pmb2_ws/install/people_msgs:/home/pmb2_ws/install/pal_navigation_cfg:/home/pmb2_ws/install/pal_navigation_cfg_bringup:/home/pmb2_ws/install/pal_navigation_cfg_params:/home/pmb2_ws/install/pal_gazebo_worlds:/home/pmb2_ws/install/joint_limits:/home/pmb2_ws/install/controller_interface:/home/pmb2_ws/install/hardware_interface:/home/pmb2_ws/install/controller_manager_msgs:/home/pmb2_ws/install/btcpp_ros2_samples:/home/pmb2_ws/install/behaviortree_ros2:/home/pmb2_ws/install/btcpp_ros2_interfaces:/home/pmb2_ws/install/behaviortree_cpp:/home/pmb2_ws/install/rqt_controller_manager:/home/pmb2_ws/install/ros2controlcli:/home/pmb2_ws/install/launch_pal:/opt/ros/humble')]), 'shell': False}
[0.574158] (hunav_agent_manager) StdoutLine: {'line': b'[ 25%] Built target hunav_loader\n'}
[0.574265] (hunav_agent_manager) StdoutLine: {'line': b'[100%] Built target hunav_agent_manager\n'}
[0.574414] (hunav_gazebo_wrapper) JobProgress: {'identifier': 'hunav_gazebo_wrapper', 'progress': 'cmake'}
[0.575848] (hunav_gazebo_wrapper) JobProgress: {'identifier': 'hunav_gazebo_wrapper', 'progress': 'build'}
[0.576201] (hunav_gazebo_wrapper) Command: {'cmd': ['/usr/bin/cmake', '--build', '/home/hunav_gz_classic_ws/build/hunav_gazebo_wrapper', '--', '-j16', '-l16'], 'cwd': '/home/hunav_gz_classic_ws/build/hunav_gazebo_wrapper', 'env': OrderedDict([('HOSTNAME', 'kenny-srl'), ('SHLVL', '1'), ('LD_LIBRARY_PATH', '/home/hunav_gz_classic_ws/install/hunav_msgs/lib:/home/pmb2_ws/install/transmission_interface/lib:/home/pmb2_ws/install/hardware_interface_testing/lib:/home/pmb2_ws/install/gazebo_ros2_control/lib:/home/pmb2_ws/install/controller_manager/lib:/home/pmb2_ws/install/people_msgs/lib:/home/pmb2_ws/install/joint_limits/lib:/home/pmb2_ws/install/controller_interface/lib:/home/pmb2_ws/install/hardware_interface/lib:/home/pmb2_ws/install/controller_manager_msgs/lib:/home/pmb2_ws/install/behaviortree_ros2/lib:/home/pmb2_ws/install/btcpp_ros2_interfaces/lib:/home/pmb2_ws/install/behaviortree_cpp/lib:/usr/lib/x86_64-linux-gnu/gazebo-11/plugins:/opt/ros/humble/opt/rviz_ogre_vendor/lib:/opt/ros/humble/lib/x86_64-linux-gnu:/opt/ros/humble/lib:/usr/lib/x86_64-linux-gnu/gazebo-11/plugins'), ('HOME', '/root'), ('OLDPWD', '/home/pmb2_ws'), ('GAZEBO_MASTER_URI', 'http://localhost:11345'), ('ROS_PYTHON_VERSION', '3'), ('COLCON_PREFIX_PATH', '/home/pmb2_ws/install'), ('ROS_DISTRO', 'humble'), ('_', '/usr/bin/colcon'), ('ROS_VERSION', '2'), ('NVIDIA_DRIVER_CAPABILITIES', 'all'), ('TERM', 'xterm'), ('GAZEBO_MODEL_PATH', '/usr/share/gazebo-11/models:'), ('ROS_LOCALHOST_ONLY', '0'), ('QT_X11_NO_MITSHM', '1'), ('OGRE_RESOURCE_PATH', '/usr/lib/x86_64-linux-gnu/OGRE-1.9.0'), ('PATH', '/home/pmb2_ws/install/behaviortree_cpp/bin:/opt/ros/humble/bin:/usr/local/sbin:/usr/local/bin:/usr/sbin:/usr/bin:/sbin:/bin'), ('XDG_RUNTIME_DIR', '/tmp'), ('DISPLAY', ':1'), ('LANG', 'C.UTF-8'), ('RMW_IMPLEMENTATION', 'rmw_cyclonedds_cpp'), ('AMENT_PREFIX_PATH', '/home/hunav_gz_classic_ws/install/hunav_msgs:/home/pmb2_ws/install/urdf_test:/home/pmb2_ws/install/gazebo_ros2_control_demos:/home/pmb2_ws/install/ros2_control:/home/pmb2_ws/install/transmission_interface:/home/pmb2_ws/install/rqt_controller_manager:/home/pmb2_ws/install/pmb2_simulation:/home/pmb2_ws/install/pmb2_robot:/home/pmb2_ws/install/pmb2_gazebo:/home/pmb2_ws/install/pmb2_bringup:/home/pmb2_ws/install/pmb2_controller_configuration:/home/pmb2_ws/install/ros2controlcli:/home/pmb2_ws/install/hardware_interface_testing:/home/pmb2_ws/install/gazebo_ros2_control:/home/pmb2_ws/install/controller_manager:/home/pmb2_ws/install/ros2_control_test_assets:/home/pmb2_ws/install/pmb2_rgbd_sensors:/home/pmb2_ws/install/pmb2_navigation:/home/pmb2_ws/install/pmb2_laser_sensors:/home/pmb2_ws/install/pmb2_description:/home/pmb2_ws/install/pmb2_2dnav:/home/pmb2_ws/install/people_msgs:/home/pmb2_ws/install/pal_navigation_cfg:/home/pmb2_ws/install/pal_navigation_cfg_bringup:/home/pmb2_ws/install/pal_navigation_cfg_params:/home/pmb2_ws/install/pal_gazebo_worlds:/home/pmb2_ws/install/launch_pal:/home/pmb2_ws/install/joint_limits:/home/pmb2_ws/install/controller_interface:/home/pmb2_ws/install/hardware_interface:/home/pmb2_ws/install/controller_manager_msgs:/home/pmb2_ws/install/btcpp_ros2_samples:/home/pmb2_ws/install/behaviortree_ros2:/home/pmb2_ws/install/btcpp_ros2_interfaces:/home/pmb2_ws/install/behaviortree_cpp:/opt/ros/humble'), ('DEBIAN_FRONTEND', 'noninteractive'), ('SHELL', '/bin/bash'), ('GAZEBO_RESOURCE_PATH', '/usr/share/gazebo-11:'), ('GAZEBO_MODEL_DATABASE_URI', 'http://models.gazebosim.org'), ('PWD', '/home/hunav_gz_classic_ws/build/hunav_gazebo_wrapper'), ('LC_ALL', 'C.UTF-8'), ('GAZEBO_PLUGIN_PATH', '/usr/lib/x86_64-linux-gnu/gazebo-11/plugins:'), ('PYTHONPATH', '/home/hunav_gz_classic_ws/install/hunav_msgs/local/lib/python3.10/dist-packages:/home/pmb2_ws/install/urdf_test/local/lib/python3.10/dist-packages:/home/pmb2_ws/build/rqt_controller_manager:/home/pmb2_ws/install/rqt_controller_manager/lib/python3.10/site-packages:/home/pmb2_ws/build/ros2controlcli:/home/pmb2_ws/install/ros2controlcli/lib/python3.10/site-packages:/home/pmb2_ws/install/controller_manager/local/lib/python3.10/dist-packages:/home/pmb2_ws/install/pmb2_description/local/lib/python3.10/dist-packages:/home/pmb2_ws/install/people_msgs/local/lib/python3.10/dist-packages:/home/pmb2_ws/build/launch_pal:/home/pmb2_ws/install/launch_pal/lib/python3.10/site-packages:/home/pmb2_ws/install/controller_manager_msgs/local/lib/python3.10/dist-packages:/home/pmb2_ws/install/btcpp_ros2_interfaces/local/lib/python3.10/dist-packages:/opt/ros/humble/lib/python3.10/site-packages:/opt/ros/humble/local/lib/python3.10/dist-packages'), ('NVIDIA_VISIBLE_DEVICES', 'all'), ('COLCON', '1'), ('EDITOR', 'nano'), ('CMAKE_PREFIX_PATH', '/home/hunav_gz_classic_ws/install/hunav_msgs:/home/pmb2_ws/install/urdf_test:/home/pmb2_ws/install/gazebo_ros2_control_demos:/home/pmb2_ws/install/ros2_control:/home/pmb2_ws/install/transmission_interface:/home/pmb2_ws/install/pmb2_simulation:/home/pmb2_ws/install/pmb2_robot:/home/pmb2_ws/install/pmb2_gazebo:/home/pmb2_ws/install/pmb2_bringup:/home/pmb2_ws/install/pmb2_controller_configuration:/home/pmb2_ws/install/hardware_interface_testing:/home/pmb2_ws/install/gazebo_ros2_control:/home/pmb2_ws/install/controller_manager:/home/pmb2_ws/install/ros2_control_test_assets:/home/pmb2_ws/install/pmb2_rgbd_sensors:/home/pmb2_ws/install/pmb2_navigation:/home/pmb2_ws/install/pmb2_laser_sensors:/home/pmb2_ws/install/pmb2_description:/home/pmb2_ws/install/pmb2_2dnav:/home/pmb2_ws/install/people_msgs:/home/pmb2_ws/install/pal_navigation_cfg:/home/pmb2_ws/install/pal_navigation_cfg_bringup:/home/pmb2_ws/install/pal_navigation_cfg_params:/home/pmb2_ws/install/pal_gazebo_worlds:/home/pmb2_ws/install/joint_limits:/home/pmb2_ws/install/controller_interface:/home/pmb2_ws/install/hardware_interface:/home/pmb2_ws/install/controller_manager_msgs:/home/pmb2_ws/install/btcpp_ros2_samples:/home/pmb2_ws/install/behaviortree_ros2:/home/pmb2_ws/install/btcpp_ros2_interfaces:/home/pmb2_ws/install/behaviortree_cpp:/home/pmb2_ws/install/rqt_controller_manager:/home/pmb2_ws/install/ros2controlcli:/home/pmb2_ws/install/launch_pal:/opt/ros/humble')]), 'shell': False}
[0.577125] (hunav_agent_manager) CommandEnded: {'returncode': 0}
[0.577553] (hunav_agent_manager) JobProgress: {'identifier': 'hunav_agent_manager', 'progress': 'install'}
[0.577853] (hunav_agent_manager) Command: {'cmd': ['/usr/bin/cmake', '--install', '/home/hunav_gz_classic_ws/build/hunav_agent_manager'], 'cwd': '/home/hunav_gz_classic_ws/build/hunav_agent_manager', 'env': OrderedDict([('HOSTNAME', 'kenny-srl'), ('SHLVL', '1'), ('LD_LIBRARY_PATH', '/home/hunav_gz_classic_ws/install/hunav_msgs/lib:/home/pmb2_ws/install/transmission_interface/lib:/home/pmb2_ws/install/hardware_interface_testing/lib:/home/pmb2_ws/install/gazebo_ros2_control/lib:/home/pmb2_ws/install/controller_manager/lib:/home/pmb2_ws/install/people_msgs/lib:/home/pmb2_ws/install/joint_limits/lib:/home/pmb2_ws/install/controller_interface/lib:/home/pmb2_ws/install/hardware_interface/lib:/home/pmb2_ws/install/controller_manager_msgs/lib:/home/pmb2_ws/install/behaviortree_ros2/lib:/home/pmb2_ws/install/btcpp_ros2_interfaces/lib:/home/pmb2_ws/install/behaviortree_cpp/lib:/usr/lib/x86_64-linux-gnu/gazebo-11/plugins:/opt/ros/humble/opt/rviz_ogre_vendor/lib:/opt/ros/humble/lib/x86_64-linux-gnu:/opt/ros/humble/lib:/usr/lib/x86_64-linux-gnu/gazebo-11/plugins'), ('HOME', '/root'), ('OLDPWD', '/home/pmb2_ws'), ('GAZEBO_MASTER_URI', 'http://localhost:11345'), ('ROS_PYTHON_VERSION', '3'), ('COLCON_PREFIX_PATH', '/home/pmb2_ws/install'), ('ROS_DISTRO', 'humble'), ('_', '/usr/bin/colcon'), ('ROS_VERSION', '2'), ('NVIDIA_DRIVER_CAPABILITIES', 'all'), ('TERM', 'xterm'), ('GAZEBO_MODEL_PATH', '/usr/share/gazebo-11/models:'), ('ROS_LOCALHOST_ONLY', '0'), ('QT_X11_NO_MITSHM', '1'), ('OGRE_RESOURCE_PATH', '/usr/lib/x86_64-linux-gnu/OGRE-1.9.0'), ('PATH', '/home/pmb2_ws/install/behaviortree_cpp/bin:/opt/ros/humble/bin:/usr/local/sbin:/usr/local/bin:/usr/sbin:/usr/bin:/sbin:/bin'), ('XDG_RUNTIME_DIR', '/tmp'), ('DISPLAY', ':1'), ('LANG', 'C.UTF-8'), ('RMW_IMPLEMENTATION', 'rmw_cyclonedds_cpp'), ('AMENT_PREFIX_PATH', '/home/hunav_gz_classic_ws/install/hunav_msgs:/home/pmb2_ws/install/urdf_test:/home/pmb2_ws/install/gazebo_ros2_control_demos:/home/pmb2_ws/install/ros2_control:/home/pmb2_ws/install/transmission_interface:/home/pmb2_ws/install/rqt_controller_manager:/home/pmb2_ws/install/pmb2_simulation:/home/pmb2_ws/install/pmb2_robot:/home/pmb2_ws/install/pmb2_gazebo:/home/pmb2_ws/install/pmb2_bringup:/home/pmb2_ws/install/pmb2_controller_configuration:/home/pmb2_ws/install/ros2controlcli:/home/pmb2_ws/install/hardware_interface_testing:/home/pmb2_ws/install/gazebo_ros2_control:/home/pmb2_ws/install/controller_manager:/home/pmb2_ws/install/ros2_control_test_assets:/home/pmb2_ws/install/pmb2_rgbd_sensors:/home/pmb2_ws/install/pmb2_navigation:/home/pmb2_ws/install/pmb2_laser_sensors:/home/pmb2_ws/install/pmb2_description:/home/pmb2_ws/install/pmb2_2dnav:/home/pmb2_ws/install/people_msgs:/home/pmb2_ws/install/pal_navigation_cfg:/home/pmb2_ws/install/pal_navigation_cfg_bringup:/home/pmb2_ws/install/pal_navigation_cfg_params:/home/pmb2_ws/install/pal_gazebo_worlds:/home/pmb2_ws/install/launch_pal:/home/pmb2_ws/install/joint_limits:/home/pmb2_ws/install/controller_interface:/home/pmb2_ws/install/hardware_interface:/home/pmb2_ws/install/controller_manager_msgs:/home/pmb2_ws/install/btcpp_ros2_samples:/home/pmb2_ws/install/behaviortree_ros2:/home/pmb2_ws/install/btcpp_ros2_interfaces:/home/pmb2_ws/install/behaviortree_cpp:/opt/ros/humble'), ('DEBIAN_FRONTEND', 'noninteractive'), ('SHELL', '/bin/bash'), ('GAZEBO_RESOURCE_PATH', '/usr/share/gazebo-11:'), ('GAZEBO_MODEL_DATABASE_URI', 'http://models.gazebosim.org'), ('PWD', '/home/hunav_gz_classic_ws/build/hunav_agent_manager'), ('LC_ALL', 'C.UTF-8'), ('GAZEBO_PLUGIN_PATH', '/usr/lib/x86_64-linux-gnu/gazebo-11/plugins:'), ('PYTHONPATH', '/home/hunav_gz_classic_ws/install/hunav_msgs/local/lib/python3.10/dist-packages:/home/pmb2_ws/install/urdf_test/local/lib/python3.10/dist-packages:/home/pmb2_ws/build/rqt_controller_manager:/home/pmb2_ws/install/rqt_controller_manager/lib/python3.10/site-packages:/home/pmb2_ws/build/ros2controlcli:/home/pmb2_ws/install/ros2controlcli/lib/python3.10/site-packages:/home/pmb2_ws/install/controller_manager/local/lib/python3.10/dist-packages:/home/pmb2_ws/install/pmb2_description/local/lib/python3.10/dist-packages:/home/pmb2_ws/install/people_msgs/local/lib/python3.10/dist-packages:/home/pmb2_ws/build/launch_pal:/home/pmb2_ws/install/launch_pal/lib/python3.10/site-packages:/home/pmb2_ws/install/controller_manager_msgs/local/lib/python3.10/dist-packages:/home/pmb2_ws/install/btcpp_ros2_interfaces/local/lib/python3.10/dist-packages:/opt/ros/humble/lib/python3.10/site-packages:/opt/ros/humble/local/lib/python3.10/dist-packages'), ('NVIDIA_VISIBLE_DEVICES', 'all'), ('COLCON', '1'), ('EDITOR', 'nano'), ('CMAKE_PREFIX_PATH', '/home/hunav_gz_classic_ws/install/hunav_msgs:/home/pmb2_ws/install/urdf_test:/home/pmb2_ws/install/gazebo_ros2_control_demos:/home/pmb2_ws/install/ros2_control:/home/pmb2_ws/install/transmission_interface:/home/pmb2_ws/install/pmb2_simulation:/home/pmb2_ws/install/pmb2_robot:/home/pmb2_ws/install/pmb2_gazebo:/home/pmb2_ws/install/pmb2_bringup:/home/pmb2_ws/install/pmb2_controller_configuration:/home/pmb2_ws/install/hardware_interface_testing:/home/pmb2_ws/install/gazebo_ros2_control:/home/pmb2_ws/install/controller_manager:/home/pmb2_ws/install/ros2_control_test_assets:/home/pmb2_ws/install/pmb2_rgbd_sensors:/home/pmb2_ws/install/pmb2_navigation:/home/pmb2_ws/install/pmb2_laser_sensors:/home/pmb2_ws/install/pmb2_description:/home/pmb2_ws/install/pmb2_2dnav:/home/pmb2_ws/install/people_msgs:/home/pmb2_ws/install/pal_navigation_cfg:/home/pmb2_ws/install/pal_navigation_cfg_bringup:/home/pmb2_ws/install/pal_navigation_cfg_params:/home/pmb2_ws/install/pal_gazebo_worlds:/home/pmb2_ws/install/joint_limits:/home/pmb2_ws/install/controller_interface:/home/pmb2_ws/install/hardware_interface:/home/pmb2_ws/install/controller_manager_msgs:/home/pmb2_ws/install/btcpp_ros2_samples:/home/pmb2_ws/install/behaviortree_ros2:/home/pmb2_ws/install/btcpp_ros2_interfaces:/home/pmb2_ws/install/behaviortree_cpp:/home/pmb2_ws/install/rqt_controller_manager:/home/pmb2_ws/install/ros2controlcli:/home/pmb2_ws/install/launch_pal:/opt/ros/humble')]), 'shell': False}
[0.585216] (hunav_agent_manager) StdoutLine: {'line': b'-- Install configuration: ""\n'}
[0.585889] (hunav_agent_manager) StdoutLine: {'line': b'-- Execute custom install script\n'}
[0.586229] (hunav_agent_manager) StdoutLine: {'line': b'-- Up-to-date symlink: /home/hunav_gz_classic_ws/install/hunav_agent_manager/lib/hunav_agent_manager/hunav_agent_manager\n'}
[0.586310] (hunav_agent_manager) StdoutLine: {'line': b'-- Up-to-date symlink: /home/hunav_gz_classic_ws/install/hunav_agent_manager/lib/hunav_agent_manager/hunav_loader\n'}
[0.586538] (hunav_agent_manager) StdoutLine: {'line': b'-- Up-to-date symlink: /home/hunav_gz_classic_ws/install/hunav_agent_manager/share/hunav_agent_manager//behavior_trees/BTCuriousNav.xml\n'}
[0.586601] (hunav_agent_manager) StdoutLine: {'line': b'-- Up-to-date symlink: /home/hunav_gz_classic_ws/install/hunav_agent_manager/share/hunav_agent_manager//behavior_trees/BTRegularNav.xml\n'}
[0.586667] (hunav_agent_manager) StdoutLine: {'line': b'-- Up-to-date symlink: /home/hunav_gz_classic_ws/install/hunav_agent_manager/share/hunav_agent_manager//behavior_trees/BTScaredNav.xml\n'}
[0.586739] (hunav_agent_manager) StdoutLine: {'line': b'-- Up-to-date symlink: /home/hunav_gz_classic_ws/install/hunav_agent_manager/share/hunav_agent_manager//behavior_trees/BTSurprisedNav.xml\n'}
[0.586804] (hunav_agent_manager) StdoutLine: {'line': b'-- Up-to-date symlink: /home/hunav_gz_classic_ws/install/hunav_agent_manager/share/hunav_agent_manager//behavior_trees/BTThreateningNav.xml\n'}
[0.586883] (hunav_agent_manager) StderrLine: {'line': b'\x1b[31mCMake Error at ament_cmake_symlink_install/ament_cmake_symlink_install.cmake:100 (message):\n'}
[0.587098] (hunav_agent_manager) StderrLine: {'line': b"  ament_cmake_symlink_install_directory() can't find\n"}
[0.587129] (hunav_agent_manager) StderrLine: {'line': b"  '/home/hunav_gz_classic_ws/src/hunav_sim/hunav_agent_manager/config'\n"}
[0.587158] (hunav_agent_manager) StderrLine: {'line': b'Call Stack (most recent call first):\n'}
[0.587185] (hunav_agent_manager) StderrLine: {'line': b'  ament_cmake_symlink_install/ament_cmake_symlink_install.cmake:317 (ament_cmake_symlink_install_directory)\n'}
[0.587211] (hunav_agent_manager) StderrLine: {'line': b'  cmake_install.cmake:46 (include)\n'}
[0.587235] (hunav_agent_manager) StderrLine: {'line': b'\n'}
[0.587261] (hunav_agent_manager) StderrLine: {'line': b'\x1b[0m\n'}
[0.588275] (hunav_agent_manager) CommandEnded: {'returncode': 1}
[0.592659] (hunav_agent_manager) JobEnded: {'identifier': 'hunav_agent_manager', 'rc': 1}
[0.599899] (-) TimerEvent: {}
[0.603307] (hunav_gazebo_wrapper) StdoutLine: {'line': b'-- Found ament_cmake: 1.3.11 (/opt/ros/humble/share/ament_cmake/cmake)\n'}
[0.633013] (hunav_rviz2_panel) StdoutLine: {'line': b'[ 16%] \x1b[34m\x1b[1mAutomatic MOC for target hunav_rviz2_panel\x1b[0m\n'}
[0.665407] (hunav_rviz2_panel) StdoutLine: {'line': b'[ 16%] Built target hunav_rviz2_panel_autogen\n'}
[0.693696] (hunav_gazebo_wrapper) StdoutLine: {'line': b'-- Override CMake install command with custom implementation using symlinks instead of copying resources\n'}
[0.698652] (hunav_gazebo_wrapper) StdoutLine: {'line': b'-- Found tinyxml2_vendor: 0.7.6 (/opt/ros/humble/share/tinyxml2_vendor/cmake)\n'}
[0.699946] (-) TimerEvent: {}
[0.705461] (hunav_rviz2_panel) StdoutLine: {'line': b'[100%] Built target hunav_rviz2_panel\n'}
[0.715356] (hunav_rviz2_panel) JobEnded: {'identifier': 'hunav_rviz2_panel', 'rc': 'SIGINT'}
[0.721874] (hunav_gazebo_wrapper) StdoutLine: {'line': b'-- Found ament_index_cpp: 1.4.0 (/opt/ros/humble/share/ament_index_cpp/cmake)\n'}
[0.722247] (hunav_gazebo_wrapper) StdoutLine: {'line': b'-- Found rclcpp: 16.0.12 (/opt/ros/humble/share/rclcpp/cmake)\n'}
[0.743117] (hunav_gazebo_wrapper) StdoutLine: {'line': b'-- Found rosidl_generator_c: 3.1.6 (/opt/ros/humble/share/rosidl_generator_c/cmake)\n'}
[0.744496] (hunav_gazebo_wrapper) StdoutLine: {'line': b'-- Found rosidl_adapter: 3.1.6 (/opt/ros/humble/share/rosidl_adapter/cmake)\n'}
[0.748019] (hunav_gazebo_wrapper) StdoutLine: {'line': b'-- Found rosidl_generator_cpp: 3.1.6 (/opt/ros/humble/share/rosidl_generator_cpp/cmake)\n'}
[0.754627] (hunav_gazebo_wrapper) StdoutLine: {'line': b'-- Using all available rosidl_typesupport_c: rosidl_typesupport_fastrtps_c;rosidl_typesupport_introspection_c\n'}
[0.762438] (hunav_gazebo_wrapper) StdoutLine: {'line': b'-- Using all available rosidl_typesupport_cpp: rosidl_typesupport_fastrtps_cpp;rosidl_typesupport_introspection_cpp\n'}
[0.782558] (hunav_gazebo_wrapper) StdoutLine: {'line': b'-- Found rmw_implementation_cmake: 6.1.2 (/opt/ros/humble/share/rmw_implementation_cmake/cmake)\n'}
[0.784881] (hunav_gazebo_wrapper) StdoutLine: {'line': b'-- Found rmw_cyclonedds_cpp: 1.3.4 (/opt/ros/humble/share/rmw_cyclonedds_cpp/cmake)\n'}
[0.795803] (hunav_evaluator) JobEnded: {'identifier': 'hunav_evaluator', 'rc': 'SIGINT'}
[0.800062] (-) TimerEvent: {}
[0.800239] (hunav_gazebo_wrapper) StdoutLine: {'line': b"-- Using RMW implementation 'rmw_cyclonedds_cpp' as default\n"}
[0.828619] (hunav_gazebo_wrapper) StdoutLine: {'line': b'-- Found gazebo_ros: 3.9.0 (/opt/ros/humble/share/gazebo_ros/cmake)\n'}
[0.853477] (hunav_gazebo_wrapper) StdoutLine: {'line': b'-- Found DART: /usr/include (Required is at least version "6.6") found components: dart \n'}
[0.873619] (hunav_gazebo_wrapper) StdoutLine: {'line': b'-- Found Protobuf: /usr/lib/x86_64-linux-gnu/libprotobuf.so (found version "3.12.4") \n'}
[0.874691] (hunav_gazebo_wrapper) StdoutLine: {'line': b'-- Looking for ignition-math6 -- found version 6.15.1\n'}
[0.877734] (hunav_gazebo_wrapper) StdoutLine: {'line': b'-- Searching for dependencies of ignition-math6\n'}
[0.878640] (hunav_gazebo_wrapper) StdoutLine: {'line': b'-- Looking for OGRE...\n'}
[0.883881] (hunav_gazebo_wrapper) StdoutLine: {'line': b'-- Found Ogre Ghadamon (1.9.0)\n'}
[0.884064] (hunav_gazebo_wrapper) StdoutLine: {'line': b'-- Found OGRE: optimized;/usr/lib/x86_64-linux-gnu/libOgreMain.so;debug;/usr/lib/x86_64-linux-gnu/libOgreMain.so\n'}
[0.889804] (hunav_gazebo_wrapper) StdoutLine: {'line': b'-- Looking for OGRE_Paging...\n'}
[0.889942] (hunav_gazebo_wrapper) StdoutLine: {'line': b'-- Found OGRE_Paging: optimized;/usr/lib/x86_64-linux-gnu/libOgrePaging.so;debug;/usr/lib/x86_64-linux-gnu/libOgrePaging.so\n'}
[0.890004] (hunav_gazebo_wrapper) StdoutLine: {'line': b'-- Looking for OGRE_Terrain...\n'}
[0.890053] (hunav_gazebo_wrapper) StdoutLine: {'line': b'-- Found OGRE_Terrain: optimized;/usr/lib/x86_64-linux-gnu/libOgreTerrain.so;debug;/usr/lib/x86_64-linux-gnu/libOgreTerrain.so\n'}
[0.890103] (hunav_gazebo_wrapper) StdoutLine: {'line': b'-- Looking for OGRE_Property...\n'}
[0.890144] (hunav_gazebo_wrapper) StdoutLine: {'line': b'-- Found OGRE_Property: optimized;/usr/lib/x86_64-linux-gnu/libOgreProperty.so;debug;/usr/lib/x86_64-linux-gnu/libOgreProperty.so\n'}
[0.890171] (hunav_gazebo_wrapper) StdoutLine: {'line': b'-- Looking for OGRE_RTShaderSystem...\n'}
[0.890197] (hunav_gazebo_wrapper) StdoutLine: {'line': b'-- Found OGRE_RTShaderSystem: optimized;/usr/lib/x86_64-linux-gnu/libOgreRTShaderSystem.so;debug;/usr/lib/x86_64-linux-gnu/libOgreRTShaderSystem.so\n'}
[0.890237] (hunav_gazebo_wrapper) StdoutLine: {'line': b'-- Looking for OGRE_Volume...\n'}
[0.890262] (hunav_gazebo_wrapper) StdoutLine: {'line': b'-- Found OGRE_Volume: optimized;/usr/lib/x86_64-linux-gnu/libOgreVolume.so;debug;/usr/lib/x86_64-linux-gnu/libOgreVolume.so\n'}
[0.890288] (hunav_gazebo_wrapper) StdoutLine: {'line': b'-- Looking for OGRE_Overlay...\n'}
[0.890316] (hunav_gazebo_wrapper) StdoutLine: {'line': b'-- Found OGRE_Overlay: optimized;/usr/lib/x86_64-linux-gnu/libOgreOverlay.so;debug;/usr/lib/x86_64-linux-gnu/libOgreOverlay.so\n'}
[0.900158] (-) TimerEvent: {}
[1.000526] (-) TimerEvent: {}
[1.024002] (hunav_gazebo_wrapper) StdoutLine: {'line': b'-- Looking for ignition-math6 -- found version 6.15.1\n'}
[1.024343] (hunav_gazebo_wrapper) StdoutLine: {'line': b'-- Looking for ignition-transport8 -- found version 8.2.1\n'}
[1.024698] (hunav_gazebo_wrapper) StdoutLine: {'line': b'-- Searching for dependencies of ignition-transport8\n'}
[1.052760] (hunav_gazebo_wrapper) StdoutLine: {'line': b'-- Found Protobuf: /usr/lib/x86_64-linux-gnu/libprotobuf.so (found suitable version "3.12.4", minimum required is "3") \n'}
[1.072193] (hunav_gazebo_wrapper) StdoutLine: {'line': b'-- Config-file not installed for ZeroMQ -- checking for pkg-config\n'}
[1.076721] (hunav_gazebo_wrapper) StdoutLine: {'line': b"-- Checking for module 'libzmq >= 4'\n"}
[1.095261] (hunav_gazebo_wrapper) StdoutLine: {'line': b'--   Found libzmq , version 4.3.4\n'}
[1.100570] (-) TimerEvent: {}
[1.146082] (hunav_gazebo_wrapper) StdoutLine: {'line': b"-- Checking for module 'uuid'\n"}
[1.163114] (hunav_gazebo_wrapper) StdoutLine: {'line': b'--   Found uuid, version 2.37.2\n'}
[1.200724] (-) TimerEvent: {}
[1.202804] (hunav_gazebo_wrapper) StdoutLine: {'line': b'-- Looking for ignition-msgs5 -- found version 5.8.1\n'}
[1.203151] (hunav_gazebo_wrapper) StdoutLine: {'line': b'-- Searching for dependencies of ignition-msgs5\n'}
[1.227214] (hunav_gazebo_wrapper) StdoutLine: {'line': b'-- Looking for ignition-math6 -- found version 6.15.1\n'}
[1.233861] (hunav_gazebo_wrapper) StdoutLine: {'line': b'-- Looking for ignition-msgs5 -- found version 5.8.1\n'}
[1.234189] (hunav_gazebo_wrapper) StdoutLine: {'line': b'-- Looking for ignition-common3 -- found version 3.14.0\n'}
[1.234575] (hunav_gazebo_wrapper) StdoutLine: {'line': b'-- Searching for dependencies of ignition-common3\n'}
[1.234784] (hunav_gazebo_wrapper) StdoutLine: {'line': b'-- Looking for dlfcn.h - found\n'}
[1.234884] (hunav_gazebo_wrapper) StdoutLine: {'line': b'-- Looking for libdl - found\n'}
[1.245415] (hunav_gazebo_wrapper) StdoutLine: {'line': b'-- Searching for <ignition-common3> component [graphics]\n'}
[1.245771] (hunav_gazebo_wrapper) StdoutLine: {'line': b'-- Looking for ignition-common3-graphics -- found version 3.14.0\n'}
[1.246200] (hunav_gazebo_wrapper) StdoutLine: {'line': b'-- Searching for dependencies of ignition-common3-graphics\n'}
[1.246493] (hunav_gazebo_wrapper) StdoutLine: {'line': b'-- Looking for ignition-math6 -- found version 6.15.1\n'}
[1.247217] (hunav_gazebo_wrapper) StdoutLine: {'line': b'-- Looking for ignition-fuel_tools4 -- found version 4.4.0\n'}
[1.247552] (hunav_gazebo_wrapper) StdoutLine: {'line': b'-- Searching for dependencies of ignition-fuel_tools4\n'}
[1.296805] (hunav_gazebo_wrapper) StdoutLine: {'line': b"-- Checking for module 'jsoncpp'\n"}
[1.300857] (-) TimerEvent: {}
[1.312950] (hunav_gazebo_wrapper) StdoutLine: {'line': b'--   Found jsoncpp, version 1.9.5\n'}
[1.362693] (hunav_gazebo_wrapper) StdoutLine: {'line': b"-- Checking for module 'libzip'\n"}
[1.380041] (hunav_gazebo_wrapper) StdoutLine: {'line': b'--   Found libzip, version 1.7.3\n'}
[1.400984] (-) TimerEvent: {}
[1.422200] (hunav_gazebo_wrapper) StdoutLine: {'line': b'-- Looking for ignition-common3 -- found version 3.14.0\n'}
[1.422444] (hunav_gazebo_wrapper) StdoutLine: {'line': b'-- Looking for ignition-math6 -- found version 6.15.1\n'}
[1.422662] (hunav_gazebo_wrapper) StdoutLine: {'line': b'-- Looking for ignition-msgs5 -- found version 5.8.1\n'}
[1.423546] (hunav_gazebo_wrapper) StdoutLine: {'line': b'-- Gazebo version: 11.10\n'}
[1.427267] (hunav_gazebo_wrapper) StdoutLine: {'line': b'-- Found hunav_msgs: 1.0.0 (/home/hunav_gz_classic_ws/install/hunav_msgs/share/hunav_msgs/cmake)\n'}
[1.446033] (hunav_gazebo_wrapper) StdoutLine: {'line': b'-- Found tf2: 0.25.12 (/opt/ros/humble/share/tf2/cmake)\n'}
[1.448481] (hunav_gazebo_wrapper) StdoutLine: {'line': b'-- Found tf2_geometry_msgs: 0.25.12 (/opt/ros/humble/share/tf2_geometry_msgs/cmake)\n'}
[1.450738] (hunav_gazebo_wrapper) StdoutLine: {'line': b'-- Found eigen3_cmake_module: 0.1.1 (/opt/ros/humble/share/eigen3_cmake_module/cmake)\n'}
[1.451637] (hunav_gazebo_wrapper) StdoutLine: {'line': b'-- Ensuring Eigen3 include directory is part of orocos-kdl CMake target\n'}
[1.501107] (-) TimerEvent: {}
[1.564371] (hunav_gazebo_wrapper) StdoutLine: {'line': b'-- Configuring done\n'}
[1.593702] (hunav_gazebo_wrapper) StdoutLine: {'line': b'-- Generating done\n'}
[1.598631] (hunav_gazebo_wrapper) StdoutLine: {'line': b'-- Build files have been written to: /home/hunav_gz_classic_ws/build/hunav_gazebo_wrapper\n'}
[1.601205] (-) TimerEvent: {}
[1.630269] (hunav_gazebo_wrapper) StdoutLine: {'line': b'\x1b[35m\x1b[1mConsolidate compiler generated dependencies of target hunav_gazebo_world_generator\x1b[0m\n'}
[1.631030] (hunav_gazebo_wrapper) StdoutLine: {'line': b'\x1b[35m\x1b[1mConsolidate compiler generated dependencies of target HuNavPlugin\x1b[0m\n'}
[1.652195] (hunav_gazebo_wrapper) StdoutLine: {'line': b'[ 50%] Built target hunav_gazebo_world_generator\n'}
[1.670627] (hunav_gazebo_wrapper) StdoutLine: {'line': b'[100%] Built target HuNavPlugin\n'}
[1.682101] (hunav_gazebo_wrapper) JobEnded: {'identifier': 'hunav_gazebo_wrapper', 'rc': 'SIGINT'}
[1.692473] (hunav_sim) JobSkipped: {'identifier': 'hunav_sim'}
[1.692548] (-) EventReactorShutdown: {}
