[0.074s] DEBUG:colcon:Command line arguments: ['/usr/bin/colcon', 'build', '--symlink-install']
[0.074s] DEBUG:colcon:Parsed command line arguments: Namespace(log_base=None, log_level=None, verb_name='build', build_base='build', install_base='install', merge_install=False, symlink_install=True, test_result_base=None, continue_on_error=False, executor='parallel', parallel_workers=16, event_handlers=None, ignore_user_meta=False, metas=['./colcon.meta'], base_paths=['.'], packages_ignore=None, packages_ignore_regex=None, paths=None, packages_up_to=None, packages_up_to_regex=None, packages_above=None, packages_above_and_dependencies=None, packages_above_depth=None, packages_select_by_dep=None, packages_skip_by_dep=None, packages_skip_up_to=None, packages_select_build_failed=False, packages_skip_build_finished=False, packages_select_test_failures=False, packages_skip_test_passed=False, packages_select=None, packages_skip=None, packages_select_regex=None, packages_skip_regex=None, packages_start=None, packages_end=None, cmake_args=None, cmake_target=None, cmake_target_skip_unavailable=False, cmake_clean_cache=False, cmake_clean_first=False, cmake_force_configure=False, ament_cmake_args=None, catkin_cmake_args=None, catkin_skip_building_tests=False, mixin_files=None, mixin=None, verb_parser=<colcon_mixin.mixin.mixin_argument.MixinArgumentDecorator object at 0x769d315c7070>, verb_extension=<colcon_core.verb.build.BuildVerb object at 0x769d3174ffa0>, main=<bound method BuildVerb.main of <colcon_core.verb.build.BuildVerb object at 0x769d3174ffa0>>, mixin_verb=('build',))
[0.161s] Level 1:colcon.colcon_core.package_discovery:discover_packages(colcon_meta) check parameters
[0.161s] INFO:colcon.colcon_metadata.package_discovery.colcon_meta:Using configuration from '/root/.colcon/metadata/default/Gazebo.meta'
[0.161s] INFO:colcon.colcon_metadata.package_discovery.colcon_meta:Using configuration from '/root/.colcon/metadata/default/fastrtps.meta'
[0.161s] Level 1:colcon.colcon_core.package_discovery:discover_packages(recursive) check parameters
[0.161s] Level 1:colcon.colcon_core.package_discovery:discover_packages(ignore) check parameters
[0.161s] Level 1:colcon.colcon_core.package_discovery:discover_packages(path) check parameters
[0.161s] Level 1:colcon.colcon_core.package_discovery:discover_packages(colcon_meta) discover
[0.161s] Level 1:colcon.colcon_core.package_discovery:discover_packages(recursive) discover
[0.161s] INFO:colcon.colcon_core.package_discovery:Crawling recursively for packages in '/home/hunav_gz_classic_ws'
[0.162s] Level 1:colcon.colcon_core.package_identification:_identify(.) by extensions ['ignore', 'ignore_ament_install']
[0.162s] Level 1:colcon.colcon_core.package_identification:_identify(.) by extension 'ignore'
[0.162s] Level 1:colcon.colcon_core.package_identification:_identify(.) by extension 'ignore_ament_install'
[0.162s] Level 1:colcon.colcon_core.package_identification:_identify(.) by extensions ['colcon_pkg']
[0.162s] Level 1:colcon.colcon_core.package_identification:_identify(.) by extension 'colcon_pkg'
[0.162s] Level 1:colcon.colcon_core.package_identification:_identify(.) by extensions ['colcon_meta']
[0.162s] Level 1:colcon.colcon_core.package_identification:_identify(.) by extension 'colcon_meta'
[0.162s] Level 1:colcon.colcon_core.package_identification:_identify(.) by extensions ['ros']
[0.162s] Level 1:colcon.colcon_core.package_identification:_identify(.) by extension 'ros'
[0.167s] Level 1:colcon.colcon_core.package_identification:_identify(.) by extensions ['cmake', 'python']
[0.167s] Level 1:colcon.colcon_core.package_identification:_identify(.) by extension 'cmake'
[0.167s] Level 1:colcon.colcon_core.package_identification:_identify(.) by extension 'python'
[0.167s] Level 1:colcon.colcon_core.package_identification:_identify(.) by extensions ['python_setup_py']
[0.167s] Level 1:colcon.colcon_core.package_identification:_identify(.) by extension 'python_setup_py'
[0.167s] Level 1:colcon.colcon_core.package_identification:_identify(build) by extensions ['ignore', 'ignore_ament_install']
[0.168s] Level 1:colcon.colcon_core.package_identification:_identify(build) by extension 'ignore'
[0.168s] Level 1:colcon.colcon_core.package_identification:_identify(build) ignored
[0.168s] Level 1:colcon.colcon_core.package_identification:_identify(install) by extensions ['ignore', 'ignore_ament_install']
[0.168s] Level 1:colcon.colcon_core.package_identification:_identify(install) by extension 'ignore'
[0.168s] Level 1:colcon.colcon_core.package_identification:_identify(install) ignored
[0.168s] Level 1:colcon.colcon_core.package_identification:_identify(log) by extensions ['ignore', 'ignore_ament_install']
[0.168s] Level 1:colcon.colcon_core.package_identification:_identify(log) by extension 'ignore'
[0.168s] Level 1:colcon.colcon_core.package_identification:_identify(log) ignored
[0.168s] Level 1:colcon.colcon_core.package_identification:_identify(src) by extensions ['ignore', 'ignore_ament_install']
[0.168s] Level 1:colcon.colcon_core.package_identification:_identify(src) by extension 'ignore'
[0.168s] Level 1:colcon.colcon_core.package_identification:_identify(src) by extension 'ignore_ament_install'
[0.168s] Level 1:colcon.colcon_core.package_identification:_identify(src) by extensions ['colcon_pkg']
[0.168s] Level 1:colcon.colcon_core.package_identification:_identify(src) by extension 'colcon_pkg'
[0.168s] Level 1:colcon.colcon_core.package_identification:_identify(src) by extensions ['colcon_meta']
[0.168s] Level 1:colcon.colcon_core.package_identification:_identify(src) by extension 'colcon_meta'
[0.168s] Level 1:colcon.colcon_core.package_identification:_identify(src) by extensions ['ros']
[0.168s] Level 1:colcon.colcon_core.package_identification:_identify(src) by extension 'ros'
[0.168s] Level 1:colcon.colcon_core.package_identification:_identify(src) by extensions ['cmake', 'python']
[0.168s] Level 1:colcon.colcon_core.package_identification:_identify(src) by extension 'cmake'
[0.168s] Level 1:colcon.colcon_core.package_identification:_identify(src) by extension 'python'
[0.168s] Level 1:colcon.colcon_core.package_identification:_identify(src) by extensions ['python_setup_py']
[0.168s] Level 1:colcon.colcon_core.package_identification:_identify(src) by extension 'python_setup_py'
[0.168s] Level 1:colcon.colcon_core.package_identification:_identify(src/hunav_gazebo_wrapper) by extensions ['ignore', 'ignore_ament_install']
[0.168s] Level 1:colcon.colcon_core.package_identification:_identify(src/hunav_gazebo_wrapper) by extension 'ignore'
[0.168s] Level 1:colcon.colcon_core.package_identification:_identify(src/hunav_gazebo_wrapper) by extension 'ignore_ament_install'
[0.168s] Level 1:colcon.colcon_core.package_identification:_identify(src/hunav_gazebo_wrapper) by extensions ['colcon_pkg']
[0.168s] Level 1:colcon.colcon_core.package_identification:_identify(src/hunav_gazebo_wrapper) by extension 'colcon_pkg'
[0.168s] Level 1:colcon.colcon_core.package_identification:_identify(src/hunav_gazebo_wrapper) by extensions ['colcon_meta']
[0.168s] Level 1:colcon.colcon_core.package_identification:_identify(src/hunav_gazebo_wrapper) by extension 'colcon_meta'
[0.168s] Level 1:colcon.colcon_core.package_identification:_identify(src/hunav_gazebo_wrapper) by extensions ['ros']
[0.168s] Level 1:colcon.colcon_core.package_identification:_identify(src/hunav_gazebo_wrapper) by extension 'ros'
[0.169s] DEBUG:colcon.colcon_core.package_identification:Package 'src/hunav_gazebo_wrapper' with type 'ros.ament_cmake' and name 'hunav_gazebo_wrapper'
[0.170s] Level 1:colcon.colcon_core.package_identification:_identify(src/hunav_sim) by extensions ['ignore', 'ignore_ament_install']
[0.170s] Level 1:colcon.colcon_core.package_identification:_identify(src/hunav_sim) by extension 'ignore'
[0.170s] Level 1:colcon.colcon_core.package_identification:_identify(src/hunav_sim) by extension 'ignore_ament_install'
[0.170s] Level 1:colcon.colcon_core.package_identification:_identify(src/hunav_sim) by extensions ['colcon_pkg']
[0.170s] Level 1:colcon.colcon_core.package_identification:_identify(src/hunav_sim) by extension 'colcon_pkg'
[0.170s] Level 1:colcon.colcon_core.package_identification:_identify(src/hunav_sim) by extensions ['colcon_meta']
[0.170s] Level 1:colcon.colcon_core.package_identification:_identify(src/hunav_sim) by extension 'colcon_meta'
[0.170s] Level 1:colcon.colcon_core.package_identification:_identify(src/hunav_sim) by extensions ['ros']
[0.170s] Level 1:colcon.colcon_core.package_identification:_identify(src/hunav_sim) by extension 'ros'
[0.170s] Level 1:colcon.colcon_core.package_identification:_identify(src/hunav_sim) by extensions ['cmake', 'python']
[0.170s] Level 1:colcon.colcon_core.package_identification:_identify(src/hunav_sim) by extension 'cmake'
[0.170s] Level 1:colcon.colcon_core.package_identification:_identify(src/hunav_sim) by extension 'python'
[0.170s] Level 1:colcon.colcon_core.package_identification:_identify(src/hunav_sim) by extensions ['python_setup_py']
[0.170s] Level 1:colcon.colcon_core.package_identification:_identify(src/hunav_sim) by extension 'python_setup_py'
[0.170s] Level 1:colcon.colcon_core.package_identification:_identify(src/hunav_sim/hunav_agent_manager) by extensions ['ignore', 'ignore_ament_install']
[0.170s] Level 1:colcon.colcon_core.package_identification:_identify(src/hunav_sim/hunav_agent_manager) by extension 'ignore'
[0.170s] Level 1:colcon.colcon_core.package_identification:_identify(src/hunav_sim/hunav_agent_manager) by extension 'ignore_ament_install'
[0.170s] Level 1:colcon.colcon_core.package_identification:_identify(src/hunav_sim/hunav_agent_manager) by extensions ['colcon_pkg']
[0.170s] Level 1:colcon.colcon_core.package_identification:_identify(src/hunav_sim/hunav_agent_manager) by extension 'colcon_pkg'
[0.170s] Level 1:colcon.colcon_core.package_identification:_identify(src/hunav_sim/hunav_agent_manager) by extensions ['colcon_meta']
[0.170s] Level 1:colcon.colcon_core.package_identification:_identify(src/hunav_sim/hunav_agent_manager) by extension 'colcon_meta'
[0.170s] Level 1:colcon.colcon_core.package_identification:_identify(src/hunav_sim/hunav_agent_manager) by extensions ['ros']
[0.170s] Level 1:colcon.colcon_core.package_identification:_identify(src/hunav_sim/hunav_agent_manager) by extension 'ros'
[0.170s] DEBUG:colcon.colcon_core.package_identification:Package 'src/hunav_sim/hunav_agent_manager' with type 'ros.ament_cmake' and name 'hunav_agent_manager'
[0.171s] Level 1:colcon.colcon_core.package_identification:_identify(src/hunav_sim/hunav_evaluator) by extensions ['ignore', 'ignore_ament_install']
[0.171s] Level 1:colcon.colcon_core.package_identification:_identify(src/hunav_sim/hunav_evaluator) by extension 'ignore'
[0.171s] Level 1:colcon.colcon_core.package_identification:_identify(src/hunav_sim/hunav_evaluator) by extension 'ignore_ament_install'
[0.171s] Level 1:colcon.colcon_core.package_identification:_identify(src/hunav_sim/hunav_evaluator) by extensions ['colcon_pkg']
[0.171s] Level 1:colcon.colcon_core.package_identification:_identify(src/hunav_sim/hunav_evaluator) by extension 'colcon_pkg'
[0.171s] Level 1:colcon.colcon_core.package_identification:_identify(src/hunav_sim/hunav_evaluator) by extensions ['colcon_meta']
[0.171s] Level 1:colcon.colcon_core.package_identification:_identify(src/hunav_sim/hunav_evaluator) by extension 'colcon_meta'
[0.171s] Level 1:colcon.colcon_core.package_identification:_identify(src/hunav_sim/hunav_evaluator) by extensions ['ros']
[0.171s] Level 1:colcon.colcon_core.package_identification:_identify(src/hunav_sim/hunav_evaluator) by extension 'ros'
[0.171s] DEBUG:colcon.colcon_core.package_identification:Package 'src/hunav_sim/hunav_evaluator' with type 'ros.ament_python' and name 'hunav_evaluator'
[0.171s] Level 1:colcon.colcon_core.package_identification:_identify(src/hunav_sim/hunav_msgs) by extensions ['ignore', 'ignore_ament_install']
[0.171s] Level 1:colcon.colcon_core.package_identification:_identify(src/hunav_sim/hunav_msgs) by extension 'ignore'
[0.171s] Level 1:colcon.colcon_core.package_identification:_identify(src/hunav_sim/hunav_msgs) by extension 'ignore_ament_install'
[0.171s] Level 1:colcon.colcon_core.package_identification:_identify(src/hunav_sim/hunav_msgs) by extensions ['colcon_pkg']
[0.171s] Level 1:colcon.colcon_core.package_identification:_identify(src/hunav_sim/hunav_msgs) by extension 'colcon_pkg'
[0.171s] Level 1:colcon.colcon_core.package_identification:_identify(src/hunav_sim/hunav_msgs) by extensions ['colcon_meta']
[0.171s] Level 1:colcon.colcon_core.package_identification:_identify(src/hunav_sim/hunav_msgs) by extension 'colcon_meta'
[0.171s] Level 1:colcon.colcon_core.package_identification:_identify(src/hunav_sim/hunav_msgs) by extensions ['ros']
[0.171s] Level 1:colcon.colcon_core.package_identification:_identify(src/hunav_sim/hunav_msgs) by extension 'ros'
[0.172s] DEBUG:colcon.colcon_core.package_identification:Package 'src/hunav_sim/hunav_msgs' with type 'ros.ament_cmake' and name 'hunav_msgs'
[0.172s] Level 1:colcon.colcon_core.package_identification:_identify(src/hunav_sim/hunav_rviz2_panel) by extensions ['ignore', 'ignore_ament_install']
[0.172s] Level 1:colcon.colcon_core.package_identification:_identify(src/hunav_sim/hunav_rviz2_panel) by extension 'ignore'
[0.172s] Level 1:colcon.colcon_core.package_identification:_identify(src/hunav_sim/hunav_rviz2_panel) by extension 'ignore_ament_install'
[0.172s] Level 1:colcon.colcon_core.package_identification:_identify(src/hunav_sim/hunav_rviz2_panel) by extensions ['colcon_pkg']
[0.172s] Level 1:colcon.colcon_core.package_identification:_identify(src/hunav_sim/hunav_rviz2_panel) by extension 'colcon_pkg'
[0.172s] Level 1:colcon.colcon_core.package_identification:_identify(src/hunav_sim/hunav_rviz2_panel) by extensions ['colcon_meta']
[0.172s] Level 1:colcon.colcon_core.package_identification:_identify(src/hunav_sim/hunav_rviz2_panel) by extension 'colcon_meta'
[0.172s] Level 1:colcon.colcon_core.package_identification:_identify(src/hunav_sim/hunav_rviz2_panel) by extensions ['ros']
[0.172s] Level 1:colcon.colcon_core.package_identification:_identify(src/hunav_sim/hunav_rviz2_panel) by extension 'ros'
[0.173s] DEBUG:colcon.colcon_core.package_identification:Package 'src/hunav_sim/hunav_rviz2_panel' with type 'ros.ament_cmake' and name 'hunav_rviz2_panel'
[0.173s] Level 1:colcon.colcon_core.package_identification:_identify(src/hunav_sim/hunav_sim) by extensions ['ignore', 'ignore_ament_install']
[0.173s] Level 1:colcon.colcon_core.package_identification:_identify(src/hunav_sim/hunav_sim) by extension 'ignore'
[0.173s] Level 1:colcon.colcon_core.package_identification:_identify(src/hunav_sim/hunav_sim) by extension 'ignore_ament_install'
[0.173s] Level 1:colcon.colcon_core.package_identification:_identify(src/hunav_sim/hunav_sim) by extensions ['colcon_pkg']
[0.173s] Level 1:colcon.colcon_core.package_identification:_identify(src/hunav_sim/hunav_sim) by extension 'colcon_pkg'
[0.173s] Level 1:colcon.colcon_core.package_identification:_identify(src/hunav_sim/hunav_sim) by extensions ['colcon_meta']
[0.173s] Level 1:colcon.colcon_core.package_identification:_identify(src/hunav_sim/hunav_sim) by extension 'colcon_meta'
[0.173s] Level 1:colcon.colcon_core.package_identification:_identify(src/hunav_sim/hunav_sim) by extensions ['ros']
[0.173s] Level 1:colcon.colcon_core.package_identification:_identify(src/hunav_sim/hunav_sim) by extension 'ros'
[0.173s] DEBUG:colcon.colcon_core.package_identification:Package 'src/hunav_sim/hunav_sim' with type 'ros.ament_cmake' and name 'hunav_sim'
[0.173s] Level 1:colcon.colcon_core.package_identification:_identify(src/hunav_sim/images) by extensions ['ignore', 'ignore_ament_install']
[0.173s] Level 1:colcon.colcon_core.package_identification:_identify(src/hunav_sim/images) by extension 'ignore'
[0.173s] Level 1:colcon.colcon_core.package_identification:_identify(src/hunav_sim/images) by extension 'ignore_ament_install'
[0.173s] Level 1:colcon.colcon_core.package_identification:_identify(src/hunav_sim/images) by extensions ['colcon_pkg']
[0.173s] Level 1:colcon.colcon_core.package_identification:_identify(src/hunav_sim/images) by extension 'colcon_pkg'
[0.173s] Level 1:colcon.colcon_core.package_identification:_identify(src/hunav_sim/images) by extensions ['colcon_meta']
[0.173s] Level 1:colcon.colcon_core.package_identification:_identify(src/hunav_sim/images) by extension 'colcon_meta'
[0.173s] Level 1:colcon.colcon_core.package_identification:_identify(src/hunav_sim/images) by extensions ['ros']
[0.173s] Level 1:colcon.colcon_core.package_identification:_identify(src/hunav_sim/images) by extension 'ros'
[0.173s] Level 1:colcon.colcon_core.package_identification:_identify(src/hunav_sim/images) by extensions ['cmake', 'python']
[0.173s] Level 1:colcon.colcon_core.package_identification:_identify(src/hunav_sim/images) by extension 'cmake'
[0.173s] Level 1:colcon.colcon_core.package_identification:_identify(src/hunav_sim/images) by extension 'python'
[0.173s] Level 1:colcon.colcon_core.package_identification:_identify(src/hunav_sim/images) by extensions ['python_setup_py']
[0.173s] Level 1:colcon.colcon_core.package_identification:_identify(src/hunav_sim/images) by extension 'python_setup_py'
[0.173s] Level 1:colcon.colcon_core.package_discovery:discover_packages(recursive) using defaults
[0.173s] Level 1:colcon.colcon_core.package_discovery:discover_packages(ignore) discover
[0.173s] Level 1:colcon.colcon_core.package_discovery:discover_packages(ignore) using defaults
[0.173s] Level 1:colcon.colcon_core.package_discovery:discover_packages(path) discover
[0.173s] Level 1:colcon.colcon_core.package_discovery:discover_packages(path) using defaults
[0.192s] Level 5:colcon.colcon_core.verb:set package 'hunav_msgs' build argument 'cmake_args' from command line to 'None'
[0.192s] Level 5:colcon.colcon_core.verb:set package 'hunav_msgs' build argument 'cmake_target' from command line to 'None'
[0.192s] Level 5:colcon.colcon_core.verb:set package 'hunav_msgs' build argument 'cmake_target_skip_unavailable' from command line to 'False'
[0.192s] Level 5:colcon.colcon_core.verb:set package 'hunav_msgs' build argument 'cmake_clean_cache' from command line to 'False'
[0.192s] Level 5:colcon.colcon_core.verb:set package 'hunav_msgs' build argument 'cmake_clean_first' from command line to 'False'
[0.192s] Level 5:colcon.colcon_core.verb:set package 'hunav_msgs' build argument 'cmake_force_configure' from command line to 'False'
[0.192s] Level 5:colcon.colcon_core.verb:set package 'hunav_msgs' build argument 'ament_cmake_args' from command line to 'None'
[0.192s] Level 5:colcon.colcon_core.verb:set package 'hunav_msgs' build argument 'catkin_cmake_args' from command line to 'None'
[0.192s] Level 5:colcon.colcon_core.verb:set package 'hunav_msgs' build argument 'catkin_skip_building_tests' from command line to 'False'
[0.192s] DEBUG:colcon.colcon_core.verb:Building package 'hunav_msgs' with the following arguments: {'ament_cmake_args': None, 'build_base': '/home/hunav_gz_classic_ws/build/hunav_msgs', 'catkin_cmake_args': None, 'catkin_skip_building_tests': False, 'cmake_args': None, 'cmake_clean_cache': False, 'cmake_clean_first': False, 'cmake_force_configure': False, 'cmake_target': None, 'cmake_target_skip_unavailable': False, 'install_base': '/home/hunav_gz_classic_ws/install/hunav_msgs', 'merge_install': False, 'path': '/home/hunav_gz_classic_ws/src/hunav_sim/hunav_msgs', 'symlink_install': True, 'test_result_base': None}
[0.193s] Level 5:colcon.colcon_core.verb:set package 'hunav_agent_manager' build argument 'cmake_args' from command line to 'None'
[0.193s] Level 5:colcon.colcon_core.verb:set package 'hunav_agent_manager' build argument 'cmake_target' from command line to 'None'
[0.193s] Level 5:colcon.colcon_core.verb:set package 'hunav_agent_manager' build argument 'cmake_target_skip_unavailable' from command line to 'False'
[0.193s] Level 5:colcon.colcon_core.verb:set package 'hunav_agent_manager' build argument 'cmake_clean_cache' from command line to 'False'
[0.193s] Level 5:colcon.colcon_core.verb:set package 'hunav_agent_manager' build argument 'cmake_clean_first' from command line to 'False'
[0.193s] Level 5:colcon.colcon_core.verb:set package 'hunav_agent_manager' build argument 'cmake_force_configure' from command line to 'False'
[0.193s] Level 5:colcon.colcon_core.verb:set package 'hunav_agent_manager' build argument 'ament_cmake_args' from command line to 'None'
[0.193s] Level 5:colcon.colcon_core.verb:set package 'hunav_agent_manager' build argument 'catkin_cmake_args' from command line to 'None'
[0.193s] Level 5:colcon.colcon_core.verb:set package 'hunav_agent_manager' build argument 'catkin_skip_building_tests' from command line to 'False'
[0.193s] DEBUG:colcon.colcon_core.verb:Building package 'hunav_agent_manager' with the following arguments: {'ament_cmake_args': None, 'build_base': '/home/hunav_gz_classic_ws/build/hunav_agent_manager', 'catkin_cmake_args': None, 'catkin_skip_building_tests': False, 'cmake_args': None, 'cmake_clean_cache': False, 'cmake_clean_first': False, 'cmake_force_configure': False, 'cmake_target': None, 'cmake_target_skip_unavailable': False, 'install_base': '/home/hunav_gz_classic_ws/install/hunav_agent_manager', 'merge_install': False, 'path': '/home/hunav_gz_classic_ws/src/hunav_sim/hunav_agent_manager', 'symlink_install': True, 'test_result_base': None}
[0.193s] Level 5:colcon.colcon_core.verb:set package 'hunav_evaluator' build argument 'cmake_args' from command line to 'None'
[0.193s] Level 5:colcon.colcon_core.verb:set package 'hunav_evaluator' build argument 'cmake_target' from command line to 'None'
[0.193s] Level 5:colcon.colcon_core.verb:set package 'hunav_evaluator' build argument 'cmake_target_skip_unavailable' from command line to 'False'
[0.193s] Level 5:colcon.colcon_core.verb:set package 'hunav_evaluator' build argument 'cmake_clean_cache' from command line to 'False'
[0.193s] Level 5:colcon.colcon_core.verb:set package 'hunav_evaluator' build argument 'cmake_clean_first' from command line to 'False'
[0.193s] Level 5:colcon.colcon_core.verb:set package 'hunav_evaluator' build argument 'cmake_force_configure' from command line to 'False'
[0.193s] Level 5:colcon.colcon_core.verb:set package 'hunav_evaluator' build argument 'ament_cmake_args' from command line to 'None'
[0.193s] Level 5:colcon.colcon_core.verb:set package 'hunav_evaluator' build argument 'catkin_cmake_args' from command line to 'None'
[0.193s] Level 5:colcon.colcon_core.verb:set package 'hunav_evaluator' build argument 'catkin_skip_building_tests' from command line to 'False'
[0.193s] DEBUG:colcon.colcon_core.verb:Building package 'hunav_evaluator' with the following arguments: {'ament_cmake_args': None, 'build_base': '/home/hunav_gz_classic_ws/build/hunav_evaluator', 'catkin_cmake_args': None, 'catkin_skip_building_tests': False, 'cmake_args': None, 'cmake_clean_cache': False, 'cmake_clean_first': False, 'cmake_force_configure': False, 'cmake_target': None, 'cmake_target_skip_unavailable': False, 'install_base': '/home/hunav_gz_classic_ws/install/hunav_evaluator', 'merge_install': False, 'path': '/home/hunav_gz_classic_ws/src/hunav_sim/hunav_evaluator', 'symlink_install': True, 'test_result_base': None}
[0.193s] Level 5:colcon.colcon_core.verb:set package 'hunav_gazebo_wrapper' build argument 'cmake_args' from command line to 'None'
[0.193s] Level 5:colcon.colcon_core.verb:set package 'hunav_gazebo_wrapper' build argument 'cmake_target' from command line to 'None'
[0.193s] Level 5:colcon.colcon_core.verb:set package 'hunav_gazebo_wrapper' build argument 'cmake_target_skip_unavailable' from command line to 'False'
[0.193s] Level 5:colcon.colcon_core.verb:set package 'hunav_gazebo_wrapper' build argument 'cmake_clean_cache' from command line to 'False'
[0.193s] Level 5:colcon.colcon_core.verb:set package 'hunav_gazebo_wrapper' build argument 'cmake_clean_first' from command line to 'False'
[0.193s] Level 5:colcon.colcon_core.verb:set package 'hunav_gazebo_wrapper' build argument 'cmake_force_configure' from command line to 'False'
[0.193s] Level 5:colcon.colcon_core.verb:set package 'hunav_gazebo_wrapper' build argument 'ament_cmake_args' from command line to 'None'
[0.193s] Level 5:colcon.colcon_core.verb:set package 'hunav_gazebo_wrapper' build argument 'catkin_cmake_args' from command line to 'None'
[0.193s] Level 5:colcon.colcon_core.verb:set package 'hunav_gazebo_wrapper' build argument 'catkin_skip_building_tests' from command line to 'False'
[0.193s] DEBUG:colcon.colcon_core.verb:Building package 'hunav_gazebo_wrapper' with the following arguments: {'ament_cmake_args': None, 'build_base': '/home/hunav_gz_classic_ws/build/hunav_gazebo_wrapper', 'catkin_cmake_args': None, 'catkin_skip_building_tests': False, 'cmake_args': None, 'cmake_clean_cache': False, 'cmake_clean_first': False, 'cmake_force_configure': False, 'cmake_target': None, 'cmake_target_skip_unavailable': False, 'install_base': '/home/hunav_gz_classic_ws/install/hunav_gazebo_wrapper', 'merge_install': False, 'path': '/home/hunav_gz_classic_ws/src/hunav_gazebo_wrapper', 'symlink_install': True, 'test_result_base': None}
[0.193s] Level 5:colcon.colcon_core.verb:set package 'hunav_rviz2_panel' build argument 'cmake_args' from command line to 'None'
[0.193s] Level 5:colcon.colcon_core.verb:set package 'hunav_rviz2_panel' build argument 'cmake_target' from command line to 'None'
[0.193s] Level 5:colcon.colcon_core.verb:set package 'hunav_rviz2_panel' build argument 'cmake_target_skip_unavailable' from command line to 'False'
[0.193s] Level 5:colcon.colcon_core.verb:set package 'hunav_rviz2_panel' build argument 'cmake_clean_cache' from command line to 'False'
[0.193s] Level 5:colcon.colcon_core.verb:set package 'hunav_rviz2_panel' build argument 'cmake_clean_first' from command line to 'False'
[0.193s] Level 5:colcon.colcon_core.verb:set package 'hunav_rviz2_panel' build argument 'cmake_force_configure' from command line to 'False'
[0.193s] Level 5:colcon.colcon_core.verb:set package 'hunav_rviz2_panel' build argument 'ament_cmake_args' from command line to 'None'
[0.193s] Level 5:colcon.colcon_core.verb:set package 'hunav_rviz2_panel' build argument 'catkin_cmake_args' from command line to 'None'
[0.193s] Level 5:colcon.colcon_core.verb:set package 'hunav_rviz2_panel' build argument 'catkin_skip_building_tests' from command line to 'False'
[0.193s] DEBUG:colcon.colcon_core.verb:Building package 'hunav_rviz2_panel' with the following arguments: {'ament_cmake_args': None, 'build_base': '/home/hunav_gz_classic_ws/build/hunav_rviz2_panel', 'catkin_cmake_args': None, 'catkin_skip_building_tests': False, 'cmake_args': None, 'cmake_clean_cache': False, 'cmake_clean_first': False, 'cmake_force_configure': False, 'cmake_target': None, 'cmake_target_skip_unavailable': False, 'install_base': '/home/hunav_gz_classic_ws/install/hunav_rviz2_panel', 'merge_install': False, 'path': '/home/hunav_gz_classic_ws/src/hunav_sim/hunav_rviz2_panel', 'symlink_install': True, 'test_result_base': None}
[0.194s] Level 5:colcon.colcon_core.verb:set package 'hunav_sim' build argument 'cmake_args' from command line to 'None'
[0.194s] Level 5:colcon.colcon_core.verb:set package 'hunav_sim' build argument 'cmake_target' from command line to 'None'
[0.194s] Level 5:colcon.colcon_core.verb:set package 'hunav_sim' build argument 'cmake_target_skip_unavailable' from command line to 'False'
[0.194s] Level 5:colcon.colcon_core.verb:set package 'hunav_sim' build argument 'cmake_clean_cache' from command line to 'False'
[0.194s] Level 5:colcon.colcon_core.verb:set package 'hunav_sim' build argument 'cmake_clean_first' from command line to 'False'
[0.194s] Level 5:colcon.colcon_core.verb:set package 'hunav_sim' build argument 'cmake_force_configure' from command line to 'False'
[0.194s] Level 5:colcon.colcon_core.verb:set package 'hunav_sim' build argument 'ament_cmake_args' from command line to 'None'
[0.194s] Level 5:colcon.colcon_core.verb:set package 'hunav_sim' build argument 'catkin_cmake_args' from command line to 'None'
[0.194s] Level 5:colcon.colcon_core.verb:set package 'hunav_sim' build argument 'catkin_skip_building_tests' from command line to 'False'
[0.194s] DEBUG:colcon.colcon_core.verb:Building package 'hunav_sim' with the following arguments: {'ament_cmake_args': None, 'build_base': '/home/hunav_gz_classic_ws/build/hunav_sim', 'catkin_cmake_args': None, 'catkin_skip_building_tests': False, 'cmake_args': None, 'cmake_clean_cache': False, 'cmake_clean_first': False, 'cmake_force_configure': False, 'cmake_target': None, 'cmake_target_skip_unavailable': False, 'install_base': '/home/hunav_gz_classic_ws/install/hunav_sim', 'merge_install': False, 'path': '/home/hunav_gz_classic_ws/src/hunav_sim/hunav_sim', 'symlink_install': True, 'test_result_base': None}
[0.194s] INFO:colcon.colcon_core.executor:Executing jobs using 'parallel' executor
[0.194s] DEBUG:colcon.colcon_parallel_executor.executor.parallel:run_until_complete
[0.195s] INFO:colcon.colcon_ros.task.ament_cmake.build:Building ROS package in '/home/hunav_gz_classic_ws/src/hunav_sim/hunav_msgs' with build type 'ament_cmake'
[0.195s] INFO:colcon.colcon_cmake.task.cmake.build:Building CMake package in '/home/hunav_gz_classic_ws/src/hunav_sim/hunav_msgs'
[0.196s] INFO:colcon.colcon_core.plugin_system:Skipping extension 'colcon_core.shell.bat': Not used on non-Windows systems
[0.196s] INFO:colcon.colcon_core.shell:Skip shell extension 'powershell' for command environment: Not usable outside of PowerShell
[0.196s] DEBUG:colcon.colcon_core.shell:Skip shell extension 'dsv' for command environment
[0.213s] DEBUG:colcon.colcon_core.event_handler.log_command:Invoking command in '/home/hunav_gz_classic_ws/build/hunav_msgs': CMAKE_PREFIX_PATH=${CMAKE_PREFIX_PATH}:/home/pmb2_ws/install/rqt_controller_manager:/home/pmb2_ws/install/ros2controlcli:/home/pmb2_ws/install/launch_pal:/opt/ros/humble /usr/bin/cmake --build /home/hunav_gz_classic_ws/build/hunav_msgs -- -j16 -l16
[0.472s] DEBUG:colcon.colcon_core.event_handler.log_command:Invoked command in '/home/hunav_gz_classic_ws/build/hunav_msgs' returned '0': CMAKE_PREFIX_PATH=${CMAKE_PREFIX_PATH}:/home/pmb2_ws/install/rqt_controller_manager:/home/pmb2_ws/install/ros2controlcli:/home/pmb2_ws/install/launch_pal:/opt/ros/humble /usr/bin/cmake --build /home/hunav_gz_classic_ws/build/hunav_msgs -- -j16 -l16
[0.484s] DEBUG:colcon.colcon_core.event_handler.log_command:Invoking command in '/home/hunav_gz_classic_ws/build/hunav_msgs': CMAKE_PREFIX_PATH=${CMAKE_PREFIX_PATH}:/home/pmb2_ws/install/rqt_controller_manager:/home/pmb2_ws/install/ros2controlcli:/home/pmb2_ws/install/launch_pal:/opt/ros/humble /usr/bin/cmake --install /home/hunav_gz_classic_ws/build/hunav_msgs
[0.561s] Level 1:colcon.colcon_core.environment:create_environment_scripts_only(hunav_msgs)
[0.562s] DEBUG:colcon.colcon_core.event_handler.log_command:Invoked command in '/home/hunav_gz_classic_ws/build/hunav_msgs' returned '0': CMAKE_PREFIX_PATH=${CMAKE_PREFIX_PATH}:/home/pmb2_ws/install/rqt_controller_manager:/home/pmb2_ws/install/ros2controlcli:/home/pmb2_ws/install/launch_pal:/opt/ros/humble /usr/bin/cmake --install /home/hunav_gz_classic_ws/build/hunav_msgs
[0.563s] Level 1:colcon.colcon_core.environment:checking '/home/hunav_gz_classic_ws/install/hunav_msgs' for CMake module files
[0.564s] Level 1:colcon.colcon_core.environment:checking '/home/hunav_gz_classic_ws/install/hunav_msgs' for CMake config files
[0.565s] Level 1:colcon.colcon_core.shell:create_environment_hook('hunav_msgs', 'cmake_prefix_path')
[0.565s] INFO:colcon.colcon_core.shell:Creating environment hook '/home/hunav_gz_classic_ws/install/hunav_msgs/share/hunav_msgs/hook/cmake_prefix_path.ps1'
[0.565s] INFO:colcon.colcon_core.shell:Creating environment descriptor '/home/hunav_gz_classic_ws/install/hunav_msgs/share/hunav_msgs/hook/cmake_prefix_path.dsv'
[0.565s] INFO:colcon.colcon_core.shell:Creating environment hook '/home/hunav_gz_classic_ws/install/hunav_msgs/share/hunav_msgs/hook/cmake_prefix_path.sh'
[0.566s] Level 1:colcon.colcon_core.environment:checking '/home/hunav_gz_classic_ws/install/hunav_msgs/lib'
[0.566s] Level 1:colcon.colcon_core.shell:create_environment_hook('hunav_msgs', 'ld_library_path_lib')
[0.566s] INFO:colcon.colcon_core.shell:Creating environment hook '/home/hunav_gz_classic_ws/install/hunav_msgs/share/hunav_msgs/hook/ld_library_path_lib.ps1'
[0.566s] INFO:colcon.colcon_core.shell:Creating environment descriptor '/home/hunav_gz_classic_ws/install/hunav_msgs/share/hunav_msgs/hook/ld_library_path_lib.dsv'
[0.567s] INFO:colcon.colcon_core.shell:Creating environment hook '/home/hunav_gz_classic_ws/install/hunav_msgs/share/hunav_msgs/hook/ld_library_path_lib.sh'
[0.567s] Level 1:colcon.colcon_core.environment:checking '/home/hunav_gz_classic_ws/install/hunav_msgs/bin'
[0.567s] Level 1:colcon.colcon_core.environment:checking '/home/hunav_gz_classic_ws/install/hunav_msgs/lib/pkgconfig/hunav_msgs.pc'
[0.568s] Level 1:colcon.colcon_core.environment:checking '/home/hunav_gz_classic_ws/install/hunav_msgs/lib/python3.10/site-packages'
[0.568s] Level 1:colcon.colcon_core.environment:checking '/home/hunav_gz_classic_ws/install/hunav_msgs/bin'
[0.568s] INFO:colcon.colcon_core.shell:Creating package script '/home/hunav_gz_classic_ws/install/hunav_msgs/share/hunav_msgs/package.ps1'
[0.569s] INFO:colcon.colcon_core.shell:Creating package descriptor '/home/hunav_gz_classic_ws/install/hunav_msgs/share/hunav_msgs/package.dsv'
[0.569s] INFO:colcon.colcon_core.shell:Creating package script '/home/hunav_gz_classic_ws/install/hunav_msgs/share/hunav_msgs/package.sh'
[0.569s] INFO:colcon.colcon_core.shell:Creating package script '/home/hunav_gz_classic_ws/install/hunav_msgs/share/hunav_msgs/package.bash'
[0.570s] INFO:colcon.colcon_core.shell:Creating package script '/home/hunav_gz_classic_ws/install/hunav_msgs/share/hunav_msgs/package.zsh'
[0.570s] Level 1:colcon.colcon_core.environment:create_file_with_runtime_dependencies(/home/hunav_gz_classic_ws/install/hunav_msgs/share/colcon-core/packages/hunav_msgs)
[0.571s] Level 1:colcon.colcon_core.environment:create_environment_scripts_only(hunav_msgs)
[0.571s] Level 1:colcon.colcon_core.environment:checking '/home/hunav_gz_classic_ws/install/hunav_msgs' for CMake module files
[0.571s] Level 1:colcon.colcon_core.environment:checking '/home/hunav_gz_classic_ws/install/hunav_msgs' for CMake config files
[0.572s] Level 1:colcon.colcon_core.shell:create_environment_hook('hunav_msgs', 'cmake_prefix_path')
[0.572s] INFO:colcon.colcon_core.shell:Creating environment hook '/home/hunav_gz_classic_ws/install/hunav_msgs/share/hunav_msgs/hook/cmake_prefix_path.ps1'
[0.572s] INFO:colcon.colcon_core.shell:Creating environment descriptor '/home/hunav_gz_classic_ws/install/hunav_msgs/share/hunav_msgs/hook/cmake_prefix_path.dsv'
[0.573s] INFO:colcon.colcon_core.shell:Creating environment hook '/home/hunav_gz_classic_ws/install/hunav_msgs/share/hunav_msgs/hook/cmake_prefix_path.sh'
[0.573s] Level 1:colcon.colcon_core.environment:checking '/home/hunav_gz_classic_ws/install/hunav_msgs/lib'
[0.573s] Level 1:colcon.colcon_core.shell:create_environment_hook('hunav_msgs', 'ld_library_path_lib')
[0.573s] INFO:colcon.colcon_core.shell:Creating environment hook '/home/hunav_gz_classic_ws/install/hunav_msgs/share/hunav_msgs/hook/ld_library_path_lib.ps1'
[0.573s] INFO:colcon.colcon_core.shell:Creating environment descriptor '/home/hunav_gz_classic_ws/install/hunav_msgs/share/hunav_msgs/hook/ld_library_path_lib.dsv'
[0.573s] INFO:colcon.colcon_core.shell:Creating environment hook '/home/hunav_gz_classic_ws/install/hunav_msgs/share/hunav_msgs/hook/ld_library_path_lib.sh'
[0.574s] Level 1:colcon.colcon_core.environment:checking '/home/hunav_gz_classic_ws/install/hunav_msgs/bin'
[0.574s] Level 1:colcon.colcon_core.environment:checking '/home/hunav_gz_classic_ws/install/hunav_msgs/lib/pkgconfig/hunav_msgs.pc'
[0.574s] Level 1:colcon.colcon_core.environment:checking '/home/hunav_gz_classic_ws/install/hunav_msgs/lib/python3.10/site-packages'
[0.574s] Level 1:colcon.colcon_core.environment:checking '/home/hunav_gz_classic_ws/install/hunav_msgs/bin'
[0.574s] INFO:colcon.colcon_core.shell:Creating package script '/home/hunav_gz_classic_ws/install/hunav_msgs/share/hunav_msgs/package.ps1'
[0.574s] INFO:colcon.colcon_core.shell:Creating package descriptor '/home/hunav_gz_classic_ws/install/hunav_msgs/share/hunav_msgs/package.dsv'
[0.575s] INFO:colcon.colcon_core.shell:Creating package script '/home/hunav_gz_classic_ws/install/hunav_msgs/share/hunav_msgs/package.sh'
[0.575s] INFO:colcon.colcon_core.shell:Creating package script '/home/hunav_gz_classic_ws/install/hunav_msgs/share/hunav_msgs/package.bash'
[0.575s] INFO:colcon.colcon_core.shell:Creating package script '/home/hunav_gz_classic_ws/install/hunav_msgs/share/hunav_msgs/package.zsh'
[0.575s] Level 1:colcon.colcon_core.environment:create_file_with_runtime_dependencies(/home/hunav_gz_classic_ws/install/hunav_msgs/share/colcon-core/packages/hunav_msgs)
[0.575s] INFO:colcon.colcon_ros.task.ament_cmake.build:Building ROS package in '/home/hunav_gz_classic_ws/src/hunav_sim/hunav_agent_manager' with build type 'ament_cmake'
[0.575s] INFO:colcon.colcon_cmake.task.cmake.build:Building CMake package in '/home/hunav_gz_classic_ws/src/hunav_sim/hunav_agent_manager'
[0.576s] INFO:colcon.colcon_core.shell:Skip shell extension 'powershell' for command environment: Not usable outside of PowerShell
[0.576s] DEBUG:colcon.colcon_core.shell:Skip shell extension 'dsv' for command environment
[0.581s] INFO:colcon.colcon_ros.task.ament_python.build:Building ROS package in '/home/hunav_gz_classic_ws/src/hunav_sim/hunav_evaluator' with build type 'ament_python'
[0.581s] Level 1:colcon.colcon_core.shell:create_environment_hook('hunav_evaluator', 'ament_prefix_path')
[0.581s] INFO:colcon.colcon_core.shell:Creating environment hook '/home/hunav_gz_classic_ws/install/hunav_evaluator/share/hunav_evaluator/hook/ament_prefix_path.ps1'
[0.581s] INFO:colcon.colcon_core.shell:Creating environment descriptor '/home/hunav_gz_classic_ws/install/hunav_evaluator/share/hunav_evaluator/hook/ament_prefix_path.dsv'
[0.581s] INFO:colcon.colcon_core.shell:Creating environment hook '/home/hunav_gz_classic_ws/install/hunav_evaluator/share/hunav_evaluator/hook/ament_prefix_path.sh'
[0.582s] INFO:colcon.colcon_core.shell:Skip shell extension 'powershell' for command environment: Not usable outside of PowerShell
[0.582s] DEBUG:colcon.colcon_core.shell:Skip shell extension 'dsv' for command environment
[0.586s] INFO:colcon.colcon_ros.task.ament_cmake.build:Building ROS package in '/home/hunav_gz_classic_ws/src/hunav_sim/hunav_rviz2_panel' with build type 'ament_cmake'
[0.586s] INFO:colcon.colcon_cmake.task.cmake.build:Building CMake package in '/home/hunav_gz_classic_ws/src/hunav_sim/hunav_rviz2_panel'
[0.586s] INFO:colcon.colcon_core.shell:Skip shell extension 'powershell' for command environment: Not usable outside of PowerShell
[0.586s] DEBUG:colcon.colcon_core.shell:Skip shell extension 'dsv' for command environment
[0.593s] INFO:colcon.colcon_ros.task.ament_cmake.build:Building ROS package in '/home/hunav_gz_classic_ws/src/hunav_gazebo_wrapper' with build type 'ament_cmake'
[0.593s] INFO:colcon.colcon_cmake.task.cmake.build:Building CMake package in '/home/hunav_gz_classic_ws/src/hunav_gazebo_wrapper'
[0.593s] INFO:colcon.colcon_core.shell:Skip shell extension 'powershell' for command environment: Not usable outside of PowerShell
[0.593s] DEBUG:colcon.colcon_core.shell:Skip shell extension 'dsv' for command environment
[0.601s] DEBUG:colcon.colcon_core.event_handler.log_command:Invoking command in '/home/hunav_gz_classic_ws/build/hunav_agent_manager': AMENT_PREFIX_PATH=/home/hunav_gz_classic_ws/install/hunav_msgs:${AMENT_PREFIX_PATH} CMAKE_PREFIX_PATH=/home/hunav_gz_classic_ws/install/hunav_msgs:/home/pmb2_ws/install/urdf_test:/home/pmb2_ws/install/gazebo_ros2_control_demos:/home/pmb2_ws/install/ros2_control:/home/pmb2_ws/install/transmission_interface:/home/pmb2_ws/install/pmb2_simulation:/home/pmb2_ws/install/pmb2_robot:/home/pmb2_ws/install/pmb2_gazebo:/home/pmb2_ws/install/pmb2_bringup:/home/pmb2_ws/install/pmb2_controller_configuration:/home/pmb2_ws/install/hardware_interface_testing:/home/pmb2_ws/install/gazebo_ros2_control:/home/pmb2_ws/install/controller_manager:/home/pmb2_ws/install/ros2_control_test_assets:/home/pmb2_ws/install/pmb2_rgbd_sensors:/home/pmb2_ws/install/pmb2_navigation:/home/pmb2_ws/install/pmb2_laser_sensors:/home/pmb2_ws/install/pmb2_description:/home/pmb2_ws/install/pmb2_2dnav:/home/pmb2_ws/install/people_msgs:/home/pmb2_ws/install/pal_navigation_cfg:/home/pmb2_ws/install/pal_navigation_cfg_bringup:/home/pmb2_ws/install/pal_navigation_cfg_params:/home/pmb2_ws/install/pal_gazebo_worlds:/home/pmb2_ws/install/joint_limits:/home/pmb2_ws/install/controller_interface:/home/pmb2_ws/install/hardware_interface:/home/pmb2_ws/install/controller_manager_msgs:/home/pmb2_ws/install/btcpp_ros2_samples:/home/pmb2_ws/install/behaviortree_ros2:/home/pmb2_ws/install/btcpp_ros2_interfaces:/home/pmb2_ws/install/behaviortree_cpp:/home/pmb2_ws/install/rqt_controller_manager:/home/pmb2_ws/install/ros2controlcli:/home/pmb2_ws/install/launch_pal:/opt/ros/humble LD_LIBRARY_PATH=/home/hunav_gz_classic_ws/install/hunav_msgs/lib:/home/pmb2_ws/install/transmission_interface/lib:/home/pmb2_ws/install/hardware_interface_testing/lib:/home/pmb2_ws/install/gazebo_ros2_control/lib:/home/pmb2_ws/install/controller_manager/lib:/home/pmb2_ws/install/people_msgs/lib:/home/pmb2_ws/install/joint_limits/lib:/home/pmb2_ws/install/controller_interface/lib:/home/pmb2_ws/install/hardware_interface/lib:/home/pmb2_ws/install/controller_manager_msgs/lib:/home/pmb2_ws/install/behaviortree_ros2/lib:/home/pmb2_ws/install/btcpp_ros2_interfaces/lib:/home/pmb2_ws/install/behaviortree_cpp/lib:/usr/lib/x86_64-linux-gnu/gazebo-11/plugins:/opt/ros/humble/opt/rviz_ogre_vendor/lib:/opt/ros/humble/lib/x86_64-linux-gnu:/opt/ros/humble/lib:/usr/lib/x86_64-linux-gnu/gazebo-11/plugins PYTHONPATH=/home/hunav_gz_classic_ws/install/hunav_msgs/local/lib/python3.10/dist-packages:${PYTHONPATH} /usr/bin/cmake --build /home/hunav_gz_classic_ws/build/hunav_agent_manager -- -j16 -l16
[0.758s] INFO:colcon.colcon_core.task.python.build:Building Python package in '/home/hunav_gz_classic_ws/src/hunav_sim/hunav_evaluator'
[0.758s] INFO:colcon.colcon_core.shell:Skip shell extension 'powershell' for command environment: Not usable outside of PowerShell
[0.758s] DEBUG:colcon.colcon_core.shell:Skip shell extension 'dsv' for command environment
[0.769s] DEBUG:colcon.colcon_core.event_handler.log_command:Invoking command in '/home/hunav_gz_classic_ws/build/hunav_rviz2_panel': AMENT_PREFIX_PATH=/home/hunav_gz_classic_ws/install/hunav_msgs:${AMENT_PREFIX_PATH} CMAKE_PREFIX_PATH=/home/hunav_gz_classic_ws/install/hunav_msgs:/home/pmb2_ws/install/urdf_test:/home/pmb2_ws/install/gazebo_ros2_control_demos:/home/pmb2_ws/install/ros2_control:/home/pmb2_ws/install/transmission_interface:/home/pmb2_ws/install/pmb2_simulation:/home/pmb2_ws/install/pmb2_robot:/home/pmb2_ws/install/pmb2_gazebo:/home/pmb2_ws/install/pmb2_bringup:/home/pmb2_ws/install/pmb2_controller_configuration:/home/pmb2_ws/install/hardware_interface_testing:/home/pmb2_ws/install/gazebo_ros2_control:/home/pmb2_ws/install/controller_manager:/home/pmb2_ws/install/ros2_control_test_assets:/home/pmb2_ws/install/pmb2_rgbd_sensors:/home/pmb2_ws/install/pmb2_navigation:/home/pmb2_ws/install/pmb2_laser_sensors:/home/pmb2_ws/install/pmb2_description:/home/pmb2_ws/install/pmb2_2dnav:/home/pmb2_ws/install/people_msgs:/home/pmb2_ws/install/pal_navigation_cfg:/home/pmb2_ws/install/pal_navigation_cfg_bringup:/home/pmb2_ws/install/pal_navigation_cfg_params:/home/pmb2_ws/install/pal_gazebo_worlds:/home/pmb2_ws/install/joint_limits:/home/pmb2_ws/install/controller_interface:/home/pmb2_ws/install/hardware_interface:/home/pmb2_ws/install/controller_manager_msgs:/home/pmb2_ws/install/btcpp_ros2_samples:/home/pmb2_ws/install/behaviortree_ros2:/home/pmb2_ws/install/btcpp_ros2_interfaces:/home/pmb2_ws/install/behaviortree_cpp:/home/pmb2_ws/install/rqt_controller_manager:/home/pmb2_ws/install/ros2controlcli:/home/pmb2_ws/install/launch_pal:/opt/ros/humble LD_LIBRARY_PATH=/home/hunav_gz_classic_ws/install/hunav_msgs/lib:/home/pmb2_ws/install/transmission_interface/lib:/home/pmb2_ws/install/hardware_interface_testing/lib:/home/pmb2_ws/install/gazebo_ros2_control/lib:/home/pmb2_ws/install/controller_manager/lib:/home/pmb2_ws/install/people_msgs/lib:/home/pmb2_ws/install/joint_limits/lib:/home/pmb2_ws/install/controller_interface/lib:/home/pmb2_ws/install/hardware_interface/lib:/home/pmb2_ws/install/controller_manager_msgs/lib:/home/pmb2_ws/install/behaviortree_ros2/lib:/home/pmb2_ws/install/btcpp_ros2_interfaces/lib:/home/pmb2_ws/install/behaviortree_cpp/lib:/usr/lib/x86_64-linux-gnu/gazebo-11/plugins:/opt/ros/humble/opt/rviz_ogre_vendor/lib:/opt/ros/humble/lib/x86_64-linux-gnu:/opt/ros/humble/lib:/usr/lib/x86_64-linux-gnu/gazebo-11/plugins PYTHONPATH=/home/hunav_gz_classic_ws/install/hunav_msgs/local/lib/python3.10/dist-packages:${PYTHONPATH} /usr/bin/cmake --build /home/hunav_gz_classic_ws/build/hunav_rviz2_panel -- -j16 -l16
[0.772s] DEBUG:colcon.colcon_core.event_handler.log_command:Invoking command in '/home/hunav_gz_classic_ws/build/hunav_gazebo_wrapper': AMENT_PREFIX_PATH=/home/hunav_gz_classic_ws/install/hunav_msgs:${AMENT_PREFIX_PATH} CMAKE_PREFIX_PATH=/home/hunav_gz_classic_ws/install/hunav_msgs:/home/pmb2_ws/install/urdf_test:/home/pmb2_ws/install/gazebo_ros2_control_demos:/home/pmb2_ws/install/ros2_control:/home/pmb2_ws/install/transmission_interface:/home/pmb2_ws/install/pmb2_simulation:/home/pmb2_ws/install/pmb2_robot:/home/pmb2_ws/install/pmb2_gazebo:/home/pmb2_ws/install/pmb2_bringup:/home/pmb2_ws/install/pmb2_controller_configuration:/home/pmb2_ws/install/hardware_interface_testing:/home/pmb2_ws/install/gazebo_ros2_control:/home/pmb2_ws/install/controller_manager:/home/pmb2_ws/install/ros2_control_test_assets:/home/pmb2_ws/install/pmb2_rgbd_sensors:/home/pmb2_ws/install/pmb2_navigation:/home/pmb2_ws/install/pmb2_laser_sensors:/home/pmb2_ws/install/pmb2_description:/home/pmb2_ws/install/pmb2_2dnav:/home/pmb2_ws/install/people_msgs:/home/pmb2_ws/install/pal_navigation_cfg:/home/pmb2_ws/install/pal_navigation_cfg_bringup:/home/pmb2_ws/install/pal_navigation_cfg_params:/home/pmb2_ws/install/pal_gazebo_worlds:/home/pmb2_ws/install/joint_limits:/home/pmb2_ws/install/controller_interface:/home/pmb2_ws/install/hardware_interface:/home/pmb2_ws/install/controller_manager_msgs:/home/pmb2_ws/install/btcpp_ros2_samples:/home/pmb2_ws/install/behaviortree_ros2:/home/pmb2_ws/install/btcpp_ros2_interfaces:/home/pmb2_ws/install/behaviortree_cpp:/home/pmb2_ws/install/rqt_controller_manager:/home/pmb2_ws/install/ros2controlcli:/home/pmb2_ws/install/launch_pal:/opt/ros/humble LD_LIBRARY_PATH=/home/hunav_gz_classic_ws/install/hunav_msgs/lib:/home/pmb2_ws/install/transmission_interface/lib:/home/pmb2_ws/install/hardware_interface_testing/lib:/home/pmb2_ws/install/gazebo_ros2_control/lib:/home/pmb2_ws/install/controller_manager/lib:/home/pmb2_ws/install/people_msgs/lib:/home/pmb2_ws/install/joint_limits/lib:/home/pmb2_ws/install/controller_interface/lib:/home/pmb2_ws/install/hardware_interface/lib:/home/pmb2_ws/install/controller_manager_msgs/lib:/home/pmb2_ws/install/behaviortree_ros2/lib:/home/pmb2_ws/install/btcpp_ros2_interfaces/lib:/home/pmb2_ws/install/behaviortree_cpp/lib:/usr/lib/x86_64-linux-gnu/gazebo-11/plugins:/opt/ros/humble/opt/rviz_ogre_vendor/lib:/opt/ros/humble/lib/x86_64-linux-gnu:/opt/ros/humble/lib:/usr/lib/x86_64-linux-gnu/gazebo-11/plugins PYTHONPATH=/home/hunav_gz_classic_ws/install/hunav_msgs/local/lib/python3.10/dist-packages:${PYTHONPATH} /usr/bin/cmake --build /home/hunav_gz_classic_ws/build/hunav_gazebo_wrapper -- -j16 -l16
[0.772s] DEBUG:colcon.colcon_core.event_handler.log_command:Invoked command in '/home/hunav_gz_classic_ws/build/hunav_agent_manager' returned '0': AMENT_PREFIX_PATH=/home/hunav_gz_classic_ws/install/hunav_msgs:${AMENT_PREFIX_PATH} CMAKE_PREFIX_PATH=/home/hunav_gz_classic_ws/install/hunav_msgs:/home/pmb2_ws/install/urdf_test:/home/pmb2_ws/install/gazebo_ros2_control_demos:/home/pmb2_ws/install/ros2_control:/home/pmb2_ws/install/transmission_interface:/home/pmb2_ws/install/pmb2_simulation:/home/pmb2_ws/install/pmb2_robot:/home/pmb2_ws/install/pmb2_gazebo:/home/pmb2_ws/install/pmb2_bringup:/home/pmb2_ws/install/pmb2_controller_configuration:/home/pmb2_ws/install/hardware_interface_testing:/home/pmb2_ws/install/gazebo_ros2_control:/home/pmb2_ws/install/controller_manager:/home/pmb2_ws/install/ros2_control_test_assets:/home/pmb2_ws/install/pmb2_rgbd_sensors:/home/pmb2_ws/install/pmb2_navigation:/home/pmb2_ws/install/pmb2_laser_sensors:/home/pmb2_ws/install/pmb2_description:/home/pmb2_ws/install/pmb2_2dnav:/home/pmb2_ws/install/people_msgs:/home/pmb2_ws/install/pal_navigation_cfg:/home/pmb2_ws/install/pal_navigation_cfg_bringup:/home/pmb2_ws/install/pal_navigation_cfg_params:/home/pmb2_ws/install/pal_gazebo_worlds:/home/pmb2_ws/install/joint_limits:/home/pmb2_ws/install/controller_interface:/home/pmb2_ws/install/hardware_interface:/home/pmb2_ws/install/controller_manager_msgs:/home/pmb2_ws/install/btcpp_ros2_samples:/home/pmb2_ws/install/behaviortree_ros2:/home/pmb2_ws/install/btcpp_ros2_interfaces:/home/pmb2_ws/install/behaviortree_cpp:/home/pmb2_ws/install/rqt_controller_manager:/home/pmb2_ws/install/ros2controlcli:/home/pmb2_ws/install/launch_pal:/opt/ros/humble LD_LIBRARY_PATH=/home/hunav_gz_classic_ws/install/hunav_msgs/lib:/home/pmb2_ws/install/transmission_interface/lib:/home/pmb2_ws/install/hardware_interface_testing/lib:/home/pmb2_ws/install/gazebo_ros2_control/lib:/home/pmb2_ws/install/controller_manager/lib:/home/pmb2_ws/install/people_msgs/lib:/home/pmb2_ws/install/joint_limits/lib:/home/pmb2_ws/install/controller_interface/lib:/home/pmb2_ws/install/hardware_interface/lib:/home/pmb2_ws/install/controller_manager_msgs/lib:/home/pmb2_ws/install/behaviortree_ros2/lib:/home/pmb2_ws/install/btcpp_ros2_interfaces/lib:/home/pmb2_ws/install/behaviortree_cpp/lib:/usr/lib/x86_64-linux-gnu/gazebo-11/plugins:/opt/ros/humble/opt/rviz_ogre_vendor/lib:/opt/ros/humble/lib/x86_64-linux-gnu:/opt/ros/humble/lib:/usr/lib/x86_64-linux-gnu/gazebo-11/plugins PYTHONPATH=/home/hunav_gz_classic_ws/install/hunav_msgs/local/lib/python3.10/dist-packages:${PYTHONPATH} /usr/bin/cmake --build /home/hunav_gz_classic_ws/build/hunav_agent_manager -- -j16 -l16
[0.773s] DEBUG:colcon.colcon_core.event_handler.log_command:Invoking command in '/home/hunav_gz_classic_ws/build/hunav_agent_manager': AMENT_PREFIX_PATH=/home/hunav_gz_classic_ws/install/hunav_msgs:${AMENT_PREFIX_PATH} CMAKE_PREFIX_PATH=/home/hunav_gz_classic_ws/install/hunav_msgs:/home/pmb2_ws/install/urdf_test:/home/pmb2_ws/install/gazebo_ros2_control_demos:/home/pmb2_ws/install/ros2_control:/home/pmb2_ws/install/transmission_interface:/home/pmb2_ws/install/pmb2_simulation:/home/pmb2_ws/install/pmb2_robot:/home/pmb2_ws/install/pmb2_gazebo:/home/pmb2_ws/install/pmb2_bringup:/home/pmb2_ws/install/pmb2_controller_configuration:/home/pmb2_ws/install/hardware_interface_testing:/home/pmb2_ws/install/gazebo_ros2_control:/home/pmb2_ws/install/controller_manager:/home/pmb2_ws/install/ros2_control_test_assets:/home/pmb2_ws/install/pmb2_rgbd_sensors:/home/pmb2_ws/install/pmb2_navigation:/home/pmb2_ws/install/pmb2_laser_sensors:/home/pmb2_ws/install/pmb2_description:/home/pmb2_ws/install/pmb2_2dnav:/home/pmb2_ws/install/people_msgs:/home/pmb2_ws/install/pal_navigation_cfg:/home/pmb2_ws/install/pal_navigation_cfg_bringup:/home/pmb2_ws/install/pal_navigation_cfg_params:/home/pmb2_ws/install/pal_gazebo_worlds:/home/pmb2_ws/install/joint_limits:/home/pmb2_ws/install/controller_interface:/home/pmb2_ws/install/hardware_interface:/home/pmb2_ws/install/controller_manager_msgs:/home/pmb2_ws/install/btcpp_ros2_samples:/home/pmb2_ws/install/behaviortree_ros2:/home/pmb2_ws/install/btcpp_ros2_interfaces:/home/pmb2_ws/install/behaviortree_cpp:/home/pmb2_ws/install/rqt_controller_manager:/home/pmb2_ws/install/ros2controlcli:/home/pmb2_ws/install/launch_pal:/opt/ros/humble LD_LIBRARY_PATH=/home/hunav_gz_classic_ws/install/hunav_msgs/lib:/home/pmb2_ws/install/transmission_interface/lib:/home/pmb2_ws/install/hardware_interface_testing/lib:/home/pmb2_ws/install/gazebo_ros2_control/lib:/home/pmb2_ws/install/controller_manager/lib:/home/pmb2_ws/install/people_msgs/lib:/home/pmb2_ws/install/joint_limits/lib:/home/pmb2_ws/install/controller_interface/lib:/home/pmb2_ws/install/hardware_interface/lib:/home/pmb2_ws/install/controller_manager_msgs/lib:/home/pmb2_ws/install/behaviortree_ros2/lib:/home/pmb2_ws/install/btcpp_ros2_interfaces/lib:/home/pmb2_ws/install/behaviortree_cpp/lib:/usr/lib/x86_64-linux-gnu/gazebo-11/plugins:/opt/ros/humble/opt/rviz_ogre_vendor/lib:/opt/ros/humble/lib/x86_64-linux-gnu:/opt/ros/humble/lib:/usr/lib/x86_64-linux-gnu/gazebo-11/plugins PYTHONPATH=/home/hunav_gz_classic_ws/install/hunav_msgs/local/lib/python3.10/dist-packages:${PYTHONPATH} /usr/bin/cmake --install /home/hunav_gz_classic_ws/build/hunav_agent_manager
[0.783s] DEBUG:colcon.colcon_core.event_handler.log_command:Invoked command in '/home/hunav_gz_classic_ws/build/hunav_agent_manager' returned '1': AMENT_PREFIX_PATH=/home/hunav_gz_classic_ws/install/hunav_msgs:${AMENT_PREFIX_PATH} CMAKE_PREFIX_PATH=/home/hunav_gz_classic_ws/install/hunav_msgs:/home/pmb2_ws/install/urdf_test:/home/pmb2_ws/install/gazebo_ros2_control_demos:/home/pmb2_ws/install/ros2_control:/home/pmb2_ws/install/transmission_interface:/home/pmb2_ws/install/pmb2_simulation:/home/pmb2_ws/install/pmb2_robot:/home/pmb2_ws/install/pmb2_gazebo:/home/pmb2_ws/install/pmb2_bringup:/home/pmb2_ws/install/pmb2_controller_configuration:/home/pmb2_ws/install/hardware_interface_testing:/home/pmb2_ws/install/gazebo_ros2_control:/home/pmb2_ws/install/controller_manager:/home/pmb2_ws/install/ros2_control_test_assets:/home/pmb2_ws/install/pmb2_rgbd_sensors:/home/pmb2_ws/install/pmb2_navigation:/home/pmb2_ws/install/pmb2_laser_sensors:/home/pmb2_ws/install/pmb2_description:/home/pmb2_ws/install/pmb2_2dnav:/home/pmb2_ws/install/people_msgs:/home/pmb2_ws/install/pal_navigation_cfg:/home/pmb2_ws/install/pal_navigation_cfg_bringup:/home/pmb2_ws/install/pal_navigation_cfg_params:/home/pmb2_ws/install/pal_gazebo_worlds:/home/pmb2_ws/install/joint_limits:/home/pmb2_ws/install/controller_interface:/home/pmb2_ws/install/hardware_interface:/home/pmb2_ws/install/controller_manager_msgs:/home/pmb2_ws/install/btcpp_ros2_samples:/home/pmb2_ws/install/behaviortree_ros2:/home/pmb2_ws/install/btcpp_ros2_interfaces:/home/pmb2_ws/install/behaviortree_cpp:/home/pmb2_ws/install/rqt_controller_manager:/home/pmb2_ws/install/ros2controlcli:/home/pmb2_ws/install/launch_pal:/opt/ros/humble LD_LIBRARY_PATH=/home/hunav_gz_classic_ws/install/hunav_msgs/lib:/home/pmb2_ws/install/transmission_interface/lib:/home/pmb2_ws/install/hardware_interface_testing/lib:/home/pmb2_ws/install/gazebo_ros2_control/lib:/home/pmb2_ws/install/controller_manager/lib:/home/pmb2_ws/install/people_msgs/lib:/home/pmb2_ws/install/joint_limits/lib:/home/pmb2_ws/install/controller_interface/lib:/home/pmb2_ws/install/hardware_interface/lib:/home/pmb2_ws/install/controller_manager_msgs/lib:/home/pmb2_ws/install/behaviortree_ros2/lib:/home/pmb2_ws/install/btcpp_ros2_interfaces/lib:/home/pmb2_ws/install/behaviortree_cpp/lib:/usr/lib/x86_64-linux-gnu/gazebo-11/plugins:/opt/ros/humble/opt/rviz_ogre_vendor/lib:/opt/ros/humble/lib/x86_64-linux-gnu:/opt/ros/humble/lib:/usr/lib/x86_64-linux-gnu/gazebo-11/plugins PYTHONPATH=/home/hunav_gz_classic_ws/install/hunav_msgs/local/lib/python3.10/dist-packages:${PYTHONPATH} /usr/bin/cmake --install /home/hunav_gz_classic_ws/build/hunav_agent_manager
[0.784s] Level 1:colcon.colcon_core.environment:create_environment_scripts_only(hunav_agent_manager)
[0.784s] Level 1:colcon.colcon_core.environment:checking '/home/hunav_gz_classic_ws/install/hunav_agent_manager' for CMake module files
[0.784s] Level 1:colcon.colcon_core.environment:checking '/home/hunav_gz_classic_ws/install/hunav_agent_manager' for CMake config files
[0.784s] Level 1:colcon.colcon_core.shell:create_environment_hook('hunav_agent_manager', 'cmake_prefix_path')
[0.784s] INFO:colcon.colcon_core.shell:Creating environment hook '/home/hunav_gz_classic_ws/install/hunav_agent_manager/share/hunav_agent_manager/hook/cmake_prefix_path.ps1'
[0.785s] INFO:colcon.colcon_core.shell:Creating environment descriptor '/home/hunav_gz_classic_ws/install/hunav_agent_manager/share/hunav_agent_manager/hook/cmake_prefix_path.dsv'
[0.785s] INFO:colcon.colcon_core.shell:Creating environment hook '/home/hunav_gz_classic_ws/install/hunav_agent_manager/share/hunav_agent_manager/hook/cmake_prefix_path.sh'
[0.785s] Level 1:colcon.colcon_core.environment:checking '/home/hunav_gz_classic_ws/install/hunav_agent_manager/lib'
[0.785s] Level 1:colcon.colcon_core.environment:checking '/home/hunav_gz_classic_ws/install/hunav_agent_manager/bin'
[0.785s] Level 1:colcon.colcon_core.environment:checking '/home/hunav_gz_classic_ws/install/hunav_agent_manager/lib/pkgconfig/hunav_agent_manager.pc'
[0.786s] Level 1:colcon.colcon_core.environment:checking '/home/hunav_gz_classic_ws/install/hunav_agent_manager/lib/python3.10/site-packages'
[0.786s] Level 1:colcon.colcon_core.environment:checking '/home/hunav_gz_classic_ws/install/hunav_agent_manager/bin'
[0.786s] INFO:colcon.colcon_core.shell:Creating package script '/home/hunav_gz_classic_ws/install/hunav_agent_manager/share/hunav_agent_manager/package.ps1'
[0.786s] INFO:colcon.colcon_core.shell:Creating package descriptor '/home/hunav_gz_classic_ws/install/hunav_agent_manager/share/hunav_agent_manager/package.dsv'
[0.786s] INFO:colcon.colcon_core.shell:Creating package script '/home/hunav_gz_classic_ws/install/hunav_agent_manager/share/hunav_agent_manager/package.sh'
[0.787s] INFO:colcon.colcon_core.shell:Creating package script '/home/hunav_gz_classic_ws/install/hunav_agent_manager/share/hunav_agent_manager/package.bash'
[0.787s] INFO:colcon.colcon_core.shell:Creating package script '/home/hunav_gz_classic_ws/install/hunav_agent_manager/share/hunav_agent_manager/package.zsh'
[0.787s] Level 1:colcon.colcon_core.environment:create_file_with_runtime_dependencies(/home/hunav_gz_classic_ws/install/hunav_agent_manager/share/colcon-core/packages/hunav_agent_manager)
[1.887s] DEBUG:colcon.colcon_parallel_executor.executor.parallel:closing loop
[1.887s] DEBUG:colcon.colcon_parallel_executor.executor.parallel:loop closed
[1.887s] DEBUG:colcon.colcon_parallel_executor.executor.parallel:run_until_complete finished with '1'
[1.887s] DEBUG:colcon.colcon_core.event_reactor:joining thread
[1.893s] INFO:colcon.colcon_core.plugin_system:Skipping extension 'colcon_notification.desktop_notification.notify_send': Could not find 'notify-send'
[1.893s] INFO:colcon.colcon_core.plugin_system:Skipping extension 'colcon_notification.desktop_notification.terminal_notifier': Not used on non-Darwin systems
[1.893s] INFO:colcon.colcon_core.plugin_system:Skipping extension 'colcon_notification.desktop_notification.win32': Not used on non-Windows systems
[1.893s] INFO:colcon.colcon_notification.desktop_notification:Sending desktop notification using 'notify2'
[1.896s] DEBUG:colcon.colcon_notification.desktop_notification.notify2:Failed to initialize notify2: org.freedesktop.DBus.Error.Spawn.ExecFailed: /usr/bin/dbus-launch terminated abnormally without any error message
[1.896s] DEBUG:colcon.colcon_core.event_reactor:joined thread
[1.897s] INFO:colcon.colcon_core.shell:Creating prefix script '/home/hunav_gz_classic_ws/install/local_setup.ps1'
[1.897s] INFO:colcon.colcon_core.shell:Creating prefix util module '/home/hunav_gz_classic_ws/install/_local_setup_util_ps1.py'
[1.898s] INFO:colcon.colcon_core.shell:Creating prefix chain script '/home/hunav_gz_classic_ws/install/setup.ps1'
[1.900s] INFO:colcon.colcon_core.shell:Creating prefix script '/home/hunav_gz_classic_ws/install/local_setup.sh'
[1.900s] INFO:colcon.colcon_core.shell:Creating prefix util module '/home/hunav_gz_classic_ws/install/_local_setup_util_sh.py'
[1.900s] INFO:colcon.colcon_core.shell:Creating prefix chain script '/home/hunav_gz_classic_ws/install/setup.sh'
[1.902s] INFO:colcon.colcon_core.shell:Creating prefix script '/home/hunav_gz_classic_ws/install/local_setup.bash'
[1.902s] INFO:colcon.colcon_core.shell:Creating prefix chain script '/home/hunav_gz_classic_ws/install/setup.bash'
[1.903s] INFO:colcon.colcon_core.shell:Creating prefix script '/home/hunav_gz_classic_ws/install/local_setup.zsh'
[1.904s] INFO:colcon.colcon_core.shell:Creating prefix chain script '/home/hunav_gz_classic_ws/install/setup.zsh'
