[ 16%] [34m[1mAutomatic MOC for target hunav_rviz2_panel[0m
[ 16%] Built target hunav_rviz2_panel_autogen
[100%] Built target hunav_rviz2_panel
-- Install configuration: ""
-- Execute custom install script
-- Up-to-date symlink: /home/hunav_gz_classic_ws/install/hunav_rviz2_panel/share/hunav_rviz2_panel//plugins_description.xml
-- Up-to-date symlink: /home/hunav_gz_classic_ws/install/hunav_rviz2_panel/include//headers/actor_panel.hpp
-- Up-to-date symlink: /home/hunav_gz_classic_ws/install/hunav_rviz2_panel/include//headers/goal_common.hpp
-- Up-to-date symlink: /home/hunav_gz_classic_ws/install/hunav_rviz2_panel/include//headers/goal_pose_updater.hpp
-- Up-to-date symlink: /home/hunav_gz_classic_ws/install/hunav_rviz2_panel/include//headers/goal_tool.hpp
-- Up-to-date symlink: /home/hunav_gz_classic_ws/install/hunav_rviz2_panel/include//headers/metrics_panel.hpp
-- Up-to-date symlink: /home/hunav_gz_classic_ws/install/hunav_rviz2_panel/share/hunav_rviz2_panel/meshes/casual_man.dae
-- Up-to-date symlink: /home/hunav_gz_classic_ws/install/hunav_rviz2_panel/share/hunav_rviz2_panel/meshes/elegant_man.dae
-- Up-to-date symlink: /home/hunav_gz_classic_ws/install/hunav_rviz2_panel/share/hunav_rviz2_panel/meshes/elegant_woman.dae
-- Up-to-date symlink: /home/hunav_gz_classic_ws/install/hunav_rviz2_panel/share/hunav_rviz2_panel/meshes/regular_man.dae
-- Up-to-date symlink: /home/hunav_gz_classic_ws/install/hunav_rviz2_panel/share/hunav_rviz2_panel/meshes/ring.dae
-- Up-to-date symlink: /home/hunav_gz_classic_ws/install/hunav_rviz2_panel/share/hunav_rviz2_panel/meshes/textures/braid01_diffuse.png
-- Up-to-date symlink: /home/hunav_gz_classic_ws/install/hunav_rviz2_panel/share/hunav_rviz2_panel/meshes/textures/brown_eye.png
-- Up-to-date symlink: /home/hunav_gz_classic_ws/install/hunav_rviz2_panel/share/hunav_rviz2_panel/meshes/textures/eyebrow001.png
-- Up-to-date symlink: /home/hunav_gz_classic_ws/install/hunav_rviz2_panel/share/hunav_rviz2_panel/meshes/textures/eyelashes01.png
-- Up-to-date symlink: /home/hunav_gz_classic_ws/install/hunav_rviz2_panel/share/hunav_rviz2_panel/meshes/textures/female_casualsuit01_diffuse.png
-- Up-to-date symlink: /home/hunav_gz_classic_ws/install/hunav_rviz2_panel/share/hunav_rviz2_panel/meshes/textures/female_casualsuit01_normal.png
-- Up-to-date symlink: /home/hunav_gz_classic_ws/install/hunav_rviz2_panel/share/hunav_rviz2_panel/meshes/textures/male_casualsuit01_diffuse.png
-- Up-to-date symlink: /home/hunav_gz_classic_ws/install/hunav_rviz2_panel/share/hunav_rviz2_panel/meshes/textures/male_casualsuit01_normal.png
-- Up-to-date symlink: /home/hunav_gz_classic_ws/install/hunav_rviz2_panel/share/hunav_rviz2_panel/meshes/textures/male_casualsuit04_diffuse.png
-- Up-to-date symlink: /home/hunav_gz_classic_ws/install/hunav_rviz2_panel/share/hunav_rviz2_panel/meshes/textures/male_casualsuit04_normal.png
-- Up-to-date symlink: /home/hunav_gz_classic_ws/install/hunav_rviz2_panel/share/hunav_rviz2_panel/meshes/textures/male_casualsuit06_diffuse.png
-- Up-to-date symlink: /home/hunav_gz_classic_ws/install/hunav_rviz2_panel/share/hunav_rviz2_panel/meshes/textures/male_casualsuit06_normal.png
-- Up-to-date symlink: /home/hunav_gz_classic_ws/install/hunav_rviz2_panel/share/hunav_rviz2_panel/meshes/textures/male_elegantsuit01_diffuse.png
-- Up-to-date symlink: /home/hunav_gz_classic_ws/install/hunav_rviz2_panel/share/hunav_rviz2_panel/meshes/textures/male_worksuit01_diffuse.png
-- Up-to-date symlink: /home/hunav_gz_classic_ws/install/hunav_rviz2_panel/share/hunav_rviz2_panel/meshes/textures/male_worksuit01_normal.png
-- Up-to-date symlink: /home/hunav_gz_classic_ws/install/hunav_rviz2_panel/share/hunav_rviz2_panel/meshes/textures/middleage_darkskinned_male_diffuse.png
-- Up-to-date symlink: /home/hunav_gz_classic_ws/install/hunav_rviz2_panel/share/hunav_rviz2_panel/meshes/textures/middleage_lightskinned_male_diffuse.png
-- Up-to-date symlink: /home/hunav_gz_classic_ws/install/hunav_rviz2_panel/share/hunav_rviz2_panel/meshes/textures/shoes01_diffuse.png
-- Up-to-date symlink: /home/hunav_gz_classic_ws/install/hunav_rviz2_panel/share/hunav_rviz2_panel/meshes/textures/shoes01_normal.png
-- Up-to-date symlink: /home/hunav_gz_classic_ws/install/hunav_rviz2_panel/share/hunav_rviz2_panel/meshes/textures/shoes03_diffuse.png
-- Up-to-date symlink: /home/hunav_gz_classic_ws/install/hunav_rviz2_panel/share/hunav_rviz2_panel/meshes/textures/shoes05_diffuse.png
-- Up-to-date symlink: /home/hunav_gz_classic_ws/install/hunav_rviz2_panel/share/hunav_rviz2_panel/meshes/textures/short01_diffuse.png
-- Up-to-date symlink: /home/hunav_gz_classic_ws/install/hunav_rviz2_panel/share/hunav_rviz2_panel/meshes/textures/short02_diffuse.png
-- Up-to-date symlink: /home/hunav_gz_classic_ws/install/hunav_rviz2_panel/share/hunav_rviz2_panel/meshes/textures/short03_diffuse.png
-- Up-to-date symlink: /home/hunav_gz_classic_ws/install/hunav_rviz2_panel/share/hunav_rviz2_panel/meshes/walk.dae
-- Up-to-date symlink: /home/hunav_gz_classic_ws/install/hunav_rviz2_panel/share/hunav_rviz2_panel/meshes/worker_man.dae
-- Up-to-date symlink: /home/hunav_gz_classic_ws/install/hunav_rviz2_panel/share/hunav_rviz2_panel/launch/hunav_rviz2_launch.py
-- Up-to-date symlink: /home/hunav_gz_classic_ws/install/hunav_rviz2_panel/share/hunav_rviz2_panel/launch/rviz2.rviz
[31mCMake Error at ament_cmake_symlink_install/ament_cmake_symlink_install.cmake:100 (message):
  ament_cmake_symlink_install_directory() can't find
  '/home/hunav_gz_classic_ws/src/hunav_sim/hunav_rviz2_panel/maps/'
Call Stack (most recent call first):
  ament_cmake_symlink_install/ament_cmake_symlink_install.cmake:326 (ament_cmake_symlink_install_directory)
  cmake_install.cmake:46 (include)

[0m
