-- Found ament_cmake: 1.3.11 (/opt/ros/humble/share/ament_cmake/cmake)
-- Override CMake install command with custom implementation using symlinks instead of copying resources
-- Found geometry_msgs: 4.8.0 (/opt/ros/humble/share/geometry_msgs/cmake)
-- Found rosidl_generator_c: 3.1.6 (/opt/ros/humble/share/rosidl_generator_c/cmake)
-- Found rosidl_adapter: 3.1.6 (/opt/ros/humble/share/rosidl_adapter/cmake)
-- Found rosidl_generator_cpp: 3.1.6 (/opt/ros/humble/share/rosidl_generator_cpp/cmake)
-- Using all available rosidl_typesupport_c: rosidl_typesupport_fastrtps_c;rosidl_typesupport_introspection_c
-- Using all available rosidl_typesupport_cpp: rosidl_typesupport_fastrtps_cpp;rosidl_typesupport_introspection_cpp
-- Found nav2_util: 1.1.18 (/opt/ros/humble/share/nav2_util/cmake)
-- Found rmw_implementation_cmake: 6.1.2 (/opt/ros/humble/share/rmw_implementation_cmake/cmake)
-- Found rmw_cyclonedds_cpp: 1.3.4 (/opt/ros/humble/share/rmw_cyclonedds_cpp/cmake)
-- Using RMW implementation 'rmw_cyclonedds_cpp' as default
-- Found eigen3_cmake_module: 0.1.1 (/opt/ros/humble/share/eigen3_cmake_module/cmake)
-- Ensuring Eigen3 include directory is part of orocos-kdl CMake target
-- Found hunav_msgs: 1.0.0 (/home/hunav_gz_classic_ws/install/hunav_msgs/share/hunav_msgs/cmake)
-- Found pluginlib: 5.1.0 (/opt/ros/humble/share/pluginlib/cmake)
-- Found rviz_common: 11.2.16 (/opt/ros/humble/share/rviz_common/cmake)
-- Setting assimp_DIR to: '/opt/ros/humble/share/rviz_assimp_vendor/cmake/../../../opt/rviz_assimp_vendor/lib/cmake/assimp-4.1'
-- Setting OGRE_DIR to: '/opt/ros/humble/share/rviz_ogre_vendor/cmake/../../../opt/rviz_ogre_vendor/lib/OGRE/cmake'
-- Found OGRE
--   static     : OFF
--   components : HLMS;MeshLodGenerator;Overlay;Paging;Property;RTShaderSystem;Terrain;Volume
--   plugins    : Plugin_BSPSceneManager;Plugin_OctreeSceneManager;Plugin_PCZSceneManager;Plugin_ParticleFX;RenderSystem_GL;RenderSystem_GL3Plus;Codec_STBI
--   media      : /opt/ros/humble/opt/rviz_ogre_vendor/share/OGRE/Media
-- OGRE_LIBRARIES: OgreHLMS;OgreMeshLodGenerator;OgreOverlay;OgrePaging;OgreProperty;OgreRTShaderSystem;OgreTerrain;OgreVolume;OgreMain
-- OGRE_LIBRARY_DIRS: /opt/ros/humble/opt/rviz_ogre_vendor/lib
-- OGRE_PLUGINS: Plugin_BSPSceneManager;Plugin_OctreeSceneManager;Plugin_PCZSceneManager;Plugin_ParticleFX;RenderSystem_GL;RenderSystem_GL3Plus;Codec_STBI
-- OGRE_PLUGIN_DIR: /opt/ros/humble/opt/rviz_ogre_vendor/lib/OGRE
-- rviz_ogre_vendor::OgreOverlay for IMPORTED_LOCATION_RELEASE: /opt/ros/humble/opt/rviz_ogre_vendor/lib/libOgreOverlay.so
-- rviz_ogre_vendor::OgreOverlay for IMPORTED_LOCATION_DEBUG: /opt/ros/humble/opt/rviz_ogre_vendor/lib/libOgreOverlay.so
-- rviz_ogre_vendor::OgreMain for IMPORTED_LOCATION_RELEASE: /opt/ros/humble/opt/rviz_ogre_vendor/lib/libOgreMain.so
-- rviz_ogre_vendor::OgreMain for IMPORTED_LOCATION_DEBUG: /opt/ros/humble/opt/rviz_ogre_vendor/lib/libOgreMain.so
-- library: /usr/lib/x86_64-linux-gnu/libcurl.so
-- Found rviz_default_plugins: 11.2.16 (/opt/ros/humble/share/rviz_default_plugins/cmake)
-- Found ament_lint_auto: 0.12.12 (/opt/ros/humble/share/ament_lint_auto/cmake)
-- Added test 'copyright' to check source files copyright and LICENSE
-- Added test 'cppcheck' to perform static code analysis on C / C++ code
-- Configured cppcheck include dirs: /home/hunav_gz_classic_ws/src/hunav_sim/hunav_rviz2_panel/include
-- Configured cppcheck exclude dirs and/or files: 
-- Added test 'cpplint' to check C / C++ code against the Google style
-- Configured cpplint exclude dirs and/or files: 
-- Added test 'flake8' to check Python code syntax and style conventions
-- Added test 'lint_cmake' to check CMake code style
-- Added test 'pep257' to check Python code against some of the docstring style conventions in PEP 257
-- Added test 'uncrustify' to check C / C++ code style
-- Configured uncrustify additional arguments: 
-- Added test 'xmllint' to check XML markup files
-- Configuring done
-- Generating done
-- Build files have been written to: /home/hunav_gz_classic_ws/build/hunav_rviz2_panel
[ 16%] [34m[1mAutomatic MOC for target hunav_rviz2_panel[0m
[ 16%] Built target hunav_rviz2_panel_autogen
[35m[1mConsolidate compiler generated dependencies of target hunav_rviz2_panel[0m
[100%] Built target hunav_rviz2_panel
-- Install configuration: ""
-- Execute custom install script
-- Up-to-date symlink: /home/hunav_gz_classic_ws/install/hunav_rviz2_panel/share/hunav_rviz2_panel//plugins_description.xml
-- Up-to-date symlink: /home/hunav_gz_classic_ws/install/hunav_rviz2_panel/include//headers/actor_panel.hpp
-- Up-to-date symlink: /home/hunav_gz_classic_ws/install/hunav_rviz2_panel/include//headers/goal_common.hpp
-- Up-to-date symlink: /home/hunav_gz_classic_ws/install/hunav_rviz2_panel/include//headers/goal_pose_updater.hpp
-- Up-to-date symlink: /home/hunav_gz_classic_ws/install/hunav_rviz2_panel/include//headers/goal_tool.hpp
-- Up-to-date symlink: /home/hunav_gz_classic_ws/install/hunav_rviz2_panel/include//headers/metrics_panel.hpp
-- Up-to-date symlink: /home/hunav_gz_classic_ws/install/hunav_rviz2_panel/share/hunav_rviz2_panel/meshes/casual_man.dae
-- Up-to-date symlink: /home/hunav_gz_classic_ws/install/hunav_rviz2_panel/share/hunav_rviz2_panel/meshes/elegant_man.dae
-- Up-to-date symlink: /home/hunav_gz_classic_ws/install/hunav_rviz2_panel/share/hunav_rviz2_panel/meshes/elegant_woman.dae
-- Up-to-date symlink: /home/hunav_gz_classic_ws/install/hunav_rviz2_panel/share/hunav_rviz2_panel/meshes/regular_man.dae
-- Up-to-date symlink: /home/hunav_gz_classic_ws/install/hunav_rviz2_panel/share/hunav_rviz2_panel/meshes/ring.dae
-- Up-to-date symlink: /home/hunav_gz_classic_ws/install/hunav_rviz2_panel/share/hunav_rviz2_panel/meshes/textures/braid01_diffuse.png
-- Up-to-date symlink: /home/hunav_gz_classic_ws/install/hunav_rviz2_panel/share/hunav_rviz2_panel/meshes/textures/brown_eye.png
-- Up-to-date symlink: /home/hunav_gz_classic_ws/install/hunav_rviz2_panel/share/hunav_rviz2_panel/meshes/textures/eyebrow001.png
-- Up-to-date symlink: /home/hunav_gz_classic_ws/install/hunav_rviz2_panel/share/hunav_rviz2_panel/meshes/textures/eyelashes01.png
-- Up-to-date symlink: /home/hunav_gz_classic_ws/install/hunav_rviz2_panel/share/hunav_rviz2_panel/meshes/textures/female_casualsuit01_diffuse.png
-- Up-to-date symlink: /home/hunav_gz_classic_ws/install/hunav_rviz2_panel/share/hunav_rviz2_panel/meshes/textures/female_casualsuit01_normal.png
-- Up-to-date symlink: /home/hunav_gz_classic_ws/install/hunav_rviz2_panel/share/hunav_rviz2_panel/meshes/textures/male_casualsuit01_diffuse.png
-- Up-to-date symlink: /home/hunav_gz_classic_ws/install/hunav_rviz2_panel/share/hunav_rviz2_panel/meshes/textures/male_casualsuit01_normal.png
-- Up-to-date symlink: /home/hunav_gz_classic_ws/install/hunav_rviz2_panel/share/hunav_rviz2_panel/meshes/textures/male_casualsuit04_diffuse.png
-- Up-to-date symlink: /home/hunav_gz_classic_ws/install/hunav_rviz2_panel/share/hunav_rviz2_panel/meshes/textures/male_casualsuit04_normal.png
-- Up-to-date symlink: /home/hunav_gz_classic_ws/install/hunav_rviz2_panel/share/hunav_rviz2_panel/meshes/textures/male_casualsuit06_diffuse.png
-- Up-to-date symlink: /home/hunav_gz_classic_ws/install/hunav_rviz2_panel/share/hunav_rviz2_panel/meshes/textures/male_casualsuit06_normal.png
-- Up-to-date symlink: /home/hunav_gz_classic_ws/install/hunav_rviz2_panel/share/hunav_rviz2_panel/meshes/textures/male_elegantsuit01_diffuse.png
-- Up-to-date symlink: /home/hunav_gz_classic_ws/install/hunav_rviz2_panel/share/hunav_rviz2_panel/meshes/textures/male_worksuit01_diffuse.png
-- Up-to-date symlink: /home/hunav_gz_classic_ws/install/hunav_rviz2_panel/share/hunav_rviz2_panel/meshes/textures/male_worksuit01_normal.png
-- Up-to-date symlink: /home/hunav_gz_classic_ws/install/hunav_rviz2_panel/share/hunav_rviz2_panel/meshes/textures/middleage_darkskinned_male_diffuse.png
-- Up-to-date symlink: /home/hunav_gz_classic_ws/install/hunav_rviz2_panel/share/hunav_rviz2_panel/meshes/textures/middleage_lightskinned_male_diffuse.png
-- Up-to-date symlink: /home/hunav_gz_classic_ws/install/hunav_rviz2_panel/share/hunav_rviz2_panel/meshes/textures/shoes01_diffuse.png
-- Up-to-date symlink: /home/hunav_gz_classic_ws/install/hunav_rviz2_panel/share/hunav_rviz2_panel/meshes/textures/shoes01_normal.png
-- Up-to-date symlink: /home/hunav_gz_classic_ws/install/hunav_rviz2_panel/share/hunav_rviz2_panel/meshes/textures/shoes03_diffuse.png
-- Up-to-date symlink: /home/hunav_gz_classic_ws/install/hunav_rviz2_panel/share/hunav_rviz2_panel/meshes/textures/shoes05_diffuse.png
-- Up-to-date symlink: /home/hunav_gz_classic_ws/install/hunav_rviz2_panel/share/hunav_rviz2_panel/meshes/textures/short01_diffuse.png
-- Up-to-date symlink: /home/hunav_gz_classic_ws/install/hunav_rviz2_panel/share/hunav_rviz2_panel/meshes/textures/short02_diffuse.png
-- Up-to-date symlink: /home/hunav_gz_classic_ws/install/hunav_rviz2_panel/share/hunav_rviz2_panel/meshes/textures/short03_diffuse.png
-- Up-to-date symlink: /home/hunav_gz_classic_ws/install/hunav_rviz2_panel/share/hunav_rviz2_panel/meshes/walk.dae
-- Up-to-date symlink: /home/hunav_gz_classic_ws/install/hunav_rviz2_panel/share/hunav_rviz2_panel/meshes/worker_man.dae
-- Up-to-date symlink: /home/hunav_gz_classic_ws/install/hunav_rviz2_panel/share/hunav_rviz2_panel/launch/hunav_rviz2_launch.py
-- Up-to-date symlink: /home/hunav_gz_classic_ws/install/hunav_rviz2_panel/share/hunav_rviz2_panel/launch/rviz2.rviz
-- Up-to-date symlink: /home/hunav_gz_classic_ws/install/hunav_rviz2_panel/share/hunav_rviz2_panel/environment/library_path.sh
-- Up-to-date symlink: /home/hunav_gz_classic_ws/install/hunav_rviz2_panel/share/hunav_rviz2_panel/environment/library_path.dsv
-- Up-to-date symlink: /home/hunav_gz_classic_ws/install/hunav_rviz2_panel/share/ament_index/resource_index/package_run_dependencies/hunav_rviz2_panel
-- Up-to-date symlink: /home/hunav_gz_classic_ws/install/hunav_rviz2_panel/share/ament_index/resource_index/parent_prefix_path/hunav_rviz2_panel
-- Up-to-date symlink: /home/hunav_gz_classic_ws/install/hunav_rviz2_panel/share/hunav_rviz2_panel/environment/ament_prefix_path.sh
-- Up-to-date symlink: /home/hunav_gz_classic_ws/install/hunav_rviz2_panel/share/hunav_rviz2_panel/environment/ament_prefix_path.dsv
-- Up-to-date symlink: /home/hunav_gz_classic_ws/install/hunav_rviz2_panel/share/hunav_rviz2_panel/environment/path.sh
-- Up-to-date symlink: /home/hunav_gz_classic_ws/install/hunav_rviz2_panel/share/hunav_rviz2_panel/environment/path.dsv
-- Up-to-date symlink: /home/hunav_gz_classic_ws/install/hunav_rviz2_panel/share/hunav_rviz2_panel/local_setup.bash
-- Up-to-date symlink: /home/hunav_gz_classic_ws/install/hunav_rviz2_panel/share/hunav_rviz2_panel/local_setup.sh
-- Up-to-date symlink: /home/hunav_gz_classic_ws/install/hunav_rviz2_panel/share/hunav_rviz2_panel/local_setup.zsh
-- Up-to-date symlink: /home/hunav_gz_classic_ws/install/hunav_rviz2_panel/share/hunav_rviz2_panel/local_setup.dsv
-- Symlinking: /home/hunav_gz_classic_ws/install/hunav_rviz2_panel/share/hunav_rviz2_panel/package.dsv
-- Up-to-date symlink: /home/hunav_gz_classic_ws/install/hunav_rviz2_panel/share/ament_index/resource_index/packages/hunav_rviz2_panel
-- Up-to-date symlink: /home/hunav_gz_classic_ws/install/hunav_rviz2_panel/share/ament_index/resource_index/rviz_common__pluginlib__plugin/hunav_rviz2_panel
-- Up-to-date symlink: /home/hunav_gz_classic_ws/install/hunav_rviz2_panel/share/hunav_rviz2_panel/cmake/ament_cmake_export_include_directories-extras.cmake
-- Up-to-date symlink: /home/hunav_gz_classic_ws/install/hunav_rviz2_panel/share/hunav_rviz2_panel/cmake/ament_cmake_export_targets-extras.cmake
-- Up-to-date symlink: /home/hunav_gz_classic_ws/install/hunav_rviz2_panel/share/hunav_rviz2_panel/cmake/ament_cmake_export_dependencies-extras.cmake
-- Up-to-date symlink: /home/hunav_gz_classic_ws/install/hunav_rviz2_panel/share/hunav_rviz2_panel/cmake/hunav_rviz2_panelConfig.cmake
-- Up-to-date symlink: /home/hunav_gz_classic_ws/install/hunav_rviz2_panel/share/hunav_rviz2_panel/cmake/hunav_rviz2_panelConfig-version.cmake
-- Up-to-date symlink: /home/hunav_gz_classic_ws/install/hunav_rviz2_panel/share/hunav_rviz2_panel/package.xml
-- Up-to-date: /home/hunav_gz_classic_ws/install/hunav_rviz2_panel/lib/libhunav_rviz2_panel.so
-- Up-to-date: /home/hunav_gz_classic_ws/install/hunav_rviz2_panel/share/hunav_rviz2_panel/cmake/hunav_rviz2_panelExport.cmake
-- Up-to-date: /home/hunav_gz_classic_ws/install/hunav_rviz2_panel/share/hunav_rviz2_panel/cmake/hunav_rviz2_panelExport-noconfig.cmake
