[0.072s] DEBUG:colcon:Command line arguments: ['/usr/bin/colcon', 'build', '--symlink-install']
[0.072s] DEBUG:colcon:Parsed command line arguments: Namespace(log_base=None, log_level=None, verb_name='build', build_base='build', install_base='install', merge_install=False, symlink_install=True, test_result_base=None, continue_on_error=False, executor='parallel', parallel_workers=16, event_handlers=None, ignore_user_meta=False, metas=['./colcon.meta'], base_paths=['.'], packages_ignore=None, packages_ignore_regex=None, paths=None, packages_up_to=None, packages_up_to_regex=None, packages_above=None, packages_above_and_dependencies=None, packages_above_depth=None, packages_select_by_dep=None, packages_skip_by_dep=None, packages_skip_up_to=None, packages_select_build_failed=False, packages_skip_build_finished=False, packages_select_test_failures=False, packages_skip_test_passed=False, packages_select=None, packages_skip=None, packages_select_regex=None, packages_skip_regex=None, packages_start=None, packages_end=None, cmake_args=None, cmake_target=None, cmake_target_skip_unavailable=False, cmake_clean_cache=False, cmake_clean_first=False, cmake_force_configure=False, ament_cmake_args=None, catkin_cmake_args=None, catkin_skip_building_tests=False, mixin_files=None, mixin=None, verb_parser=<colcon_mixin.mixin.mixin_argument.MixinArgumentDecorator object at 0x7b7b6bb58bb0>, verb_extension=<colcon_core.verb.build.BuildVerb object at 0x7b7b6bce9ae0>, main=<bound method BuildVerb.main of <colcon_core.verb.build.BuildVerb object at 0x7b7b6bce9ae0>>, mixin_verb=('build',))
[0.155s] Level 1:colcon.colcon_core.package_discovery:discover_packages(colcon_meta) check parameters
[0.156s] INFO:colcon.colcon_metadata.package_discovery.colcon_meta:Using configuration from '/root/.colcon/metadata/default/Gazebo.meta'
[0.156s] INFO:colcon.colcon_metadata.package_discovery.colcon_meta:Using configuration from '/root/.colcon/metadata/default/fastrtps.meta'
[0.156s] Level 1:colcon.colcon_core.package_discovery:discover_packages(recursive) check parameters
[0.156s] Level 1:colcon.colcon_core.package_discovery:discover_packages(ignore) check parameters
[0.156s] Level 1:colcon.colcon_core.package_discovery:discover_packages(path) check parameters
[0.156s] Level 1:colcon.colcon_core.package_discovery:discover_packages(colcon_meta) discover
[0.156s] Level 1:colcon.colcon_core.package_discovery:discover_packages(recursive) discover
[0.156s] INFO:colcon.colcon_core.package_discovery:Crawling recursively for packages in '/home/hunav_gz_classic_ws'
[0.156s] Level 1:colcon.colcon_core.package_identification:_identify(.) by extensions ['ignore', 'ignore_ament_install']
[0.156s] Level 1:colcon.colcon_core.package_identification:_identify(.) by extension 'ignore'
[0.156s] Level 1:colcon.colcon_core.package_identification:_identify(.) by extension 'ignore_ament_install'
[0.156s] Level 1:colcon.colcon_core.package_identification:_identify(.) by extensions ['colcon_pkg']
[0.156s] Level 1:colcon.colcon_core.package_identification:_identify(.) by extension 'colcon_pkg'
[0.156s] Level 1:colcon.colcon_core.package_identification:_identify(.) by extensions ['colcon_meta']
[0.156s] Level 1:colcon.colcon_core.package_identification:_identify(.) by extension 'colcon_meta'
[0.156s] Level 1:colcon.colcon_core.package_identification:_identify(.) by extensions ['ros']
[0.156s] Level 1:colcon.colcon_core.package_identification:_identify(.) by extension 'ros'
[0.163s] Level 1:colcon.colcon_core.package_identification:_identify(.) by extensions ['cmake', 'python']
[0.163s] Level 1:colcon.colcon_core.package_identification:_identify(.) by extension 'cmake'
[0.163s] Level 1:colcon.colcon_core.package_identification:_identify(.) by extension 'python'
[0.163s] Level 1:colcon.colcon_core.package_identification:_identify(.) by extensions ['python_setup_py']
[0.163s] Level 1:colcon.colcon_core.package_identification:_identify(.) by extension 'python_setup_py'
[0.163s] Level 1:colcon.colcon_core.package_identification:_identify(build) by extensions ['ignore', 'ignore_ament_install']
[0.163s] Level 1:colcon.colcon_core.package_identification:_identify(build) by extension 'ignore'
[0.163s] Level 1:colcon.colcon_core.package_identification:_identify(build) ignored
[0.163s] Level 1:colcon.colcon_core.package_identification:_identify(install) by extensions ['ignore', 'ignore_ament_install']
[0.163s] Level 1:colcon.colcon_core.package_identification:_identify(install) by extension 'ignore'
[0.163s] Level 1:colcon.colcon_core.package_identification:_identify(install) ignored
[0.163s] Level 1:colcon.colcon_core.package_identification:_identify(log) by extensions ['ignore', 'ignore_ament_install']
[0.163s] Level 1:colcon.colcon_core.package_identification:_identify(log) by extension 'ignore'
[0.163s] Level 1:colcon.colcon_core.package_identification:_identify(log) ignored
[0.163s] Level 1:colcon.colcon_core.package_identification:_identify(src) by extensions ['ignore', 'ignore_ament_install']
[0.163s] Level 1:colcon.colcon_core.package_identification:_identify(src) by extension 'ignore'
[0.163s] Level 1:colcon.colcon_core.package_identification:_identify(src) by extension 'ignore_ament_install'
[0.163s] Level 1:colcon.colcon_core.package_identification:_identify(src) by extensions ['colcon_pkg']
[0.163s] Level 1:colcon.colcon_core.package_identification:_identify(src) by extension 'colcon_pkg'
[0.163s] Level 1:colcon.colcon_core.package_identification:_identify(src) by extensions ['colcon_meta']
[0.163s] Level 1:colcon.colcon_core.package_identification:_identify(src) by extension 'colcon_meta'
[0.163s] Level 1:colcon.colcon_core.package_identification:_identify(src) by extensions ['ros']
[0.163s] Level 1:colcon.colcon_core.package_identification:_identify(src) by extension 'ros'
[0.163s] Level 1:colcon.colcon_core.package_identification:_identify(src) by extensions ['cmake', 'python']
[0.163s] Level 1:colcon.colcon_core.package_identification:_identify(src) by extension 'cmake'
[0.163s] Level 1:colcon.colcon_core.package_identification:_identify(src) by extension 'python'
[0.163s] Level 1:colcon.colcon_core.package_identification:_identify(src) by extensions ['python_setup_py']
[0.163s] Level 1:colcon.colcon_core.package_identification:_identify(src) by extension 'python_setup_py'
[0.163s] Level 1:colcon.colcon_core.package_identification:_identify(src/hunav_gazebo_wrapper) by extensions ['ignore', 'ignore_ament_install']
[0.163s] Level 1:colcon.colcon_core.package_identification:_identify(src/hunav_gazebo_wrapper) by extension 'ignore'
[0.163s] Level 1:colcon.colcon_core.package_identification:_identify(src/hunav_gazebo_wrapper) by extension 'ignore_ament_install'
[0.163s] Level 1:colcon.colcon_core.package_identification:_identify(src/hunav_gazebo_wrapper) by extensions ['colcon_pkg']
[0.163s] Level 1:colcon.colcon_core.package_identification:_identify(src/hunav_gazebo_wrapper) by extension 'colcon_pkg'
[0.163s] Level 1:colcon.colcon_core.package_identification:_identify(src/hunav_gazebo_wrapper) by extensions ['colcon_meta']
[0.164s] Level 1:colcon.colcon_core.package_identification:_identify(src/hunav_gazebo_wrapper) by extension 'colcon_meta'
[0.164s] Level 1:colcon.colcon_core.package_identification:_identify(src/hunav_gazebo_wrapper) by extensions ['ros']
[0.164s] Level 1:colcon.colcon_core.package_identification:_identify(src/hunav_gazebo_wrapper) by extension 'ros'
[0.165s] DEBUG:colcon.colcon_core.package_identification:Package 'src/hunav_gazebo_wrapper' with type 'ros.ament_cmake' and name 'hunav_gazebo_wrapper'
[0.165s] Level 1:colcon.colcon_core.package_identification:_identify(src/hunav_sim) by extensions ['ignore', 'ignore_ament_install']
[0.165s] Level 1:colcon.colcon_core.package_identification:_identify(src/hunav_sim) by extension 'ignore'
[0.165s] Level 1:colcon.colcon_core.package_identification:_identify(src/hunav_sim) by extension 'ignore_ament_install'
[0.165s] Level 1:colcon.colcon_core.package_identification:_identify(src/hunav_sim) by extensions ['colcon_pkg']
[0.165s] Level 1:colcon.colcon_core.package_identification:_identify(src/hunav_sim) by extension 'colcon_pkg'
[0.165s] Level 1:colcon.colcon_core.package_identification:_identify(src/hunav_sim) by extensions ['colcon_meta']
[0.165s] Level 1:colcon.colcon_core.package_identification:_identify(src/hunav_sim) by extension 'colcon_meta'
[0.165s] Level 1:colcon.colcon_core.package_identification:_identify(src/hunav_sim) by extensions ['ros']
[0.165s] Level 1:colcon.colcon_core.package_identification:_identify(src/hunav_sim) by extension 'ros'
[0.165s] Level 1:colcon.colcon_core.package_identification:_identify(src/hunav_sim) by extensions ['cmake', 'python']
[0.165s] Level 1:colcon.colcon_core.package_identification:_identify(src/hunav_sim) by extension 'cmake'
[0.165s] Level 1:colcon.colcon_core.package_identification:_identify(src/hunav_sim) by extension 'python'
[0.165s] Level 1:colcon.colcon_core.package_identification:_identify(src/hunav_sim) by extensions ['python_setup_py']
[0.165s] Level 1:colcon.colcon_core.package_identification:_identify(src/hunav_sim) by extension 'python_setup_py'
[0.165s] Level 1:colcon.colcon_core.package_identification:_identify(src/hunav_sim/hunav_agent_manager) by extensions ['ignore', 'ignore_ament_install']
[0.165s] Level 1:colcon.colcon_core.package_identification:_identify(src/hunav_sim/hunav_agent_manager) by extension 'ignore'
[0.165s] Level 1:colcon.colcon_core.package_identification:_identify(src/hunav_sim/hunav_agent_manager) by extension 'ignore_ament_install'
[0.165s] Level 1:colcon.colcon_core.package_identification:_identify(src/hunav_sim/hunav_agent_manager) by extensions ['colcon_pkg']
[0.165s] Level 1:colcon.colcon_core.package_identification:_identify(src/hunav_sim/hunav_agent_manager) by extension 'colcon_pkg'
[0.165s] Level 1:colcon.colcon_core.package_identification:_identify(src/hunav_sim/hunav_agent_manager) by extensions ['colcon_meta']
[0.165s] Level 1:colcon.colcon_core.package_identification:_identify(src/hunav_sim/hunav_agent_manager) by extension 'colcon_meta'
[0.165s] Level 1:colcon.colcon_core.package_identification:_identify(src/hunav_sim/hunav_agent_manager) by extensions ['ros']
[0.165s] Level 1:colcon.colcon_core.package_identification:_identify(src/hunav_sim/hunav_agent_manager) by extension 'ros'
[0.166s] DEBUG:colcon.colcon_core.package_identification:Package 'src/hunav_sim/hunav_agent_manager' with type 'ros.ament_cmake' and name 'hunav_agent_manager'
[0.166s] Level 1:colcon.colcon_core.package_identification:_identify(src/hunav_sim/hunav_evaluator) by extensions ['ignore', 'ignore_ament_install']
[0.166s] Level 1:colcon.colcon_core.package_identification:_identify(src/hunav_sim/hunav_evaluator) by extension 'ignore'
[0.166s] Level 1:colcon.colcon_core.package_identification:_identify(src/hunav_sim/hunav_evaluator) by extension 'ignore_ament_install'
[0.166s] Level 1:colcon.colcon_core.package_identification:_identify(src/hunav_sim/hunav_evaluator) by extensions ['colcon_pkg']
[0.166s] Level 1:colcon.colcon_core.package_identification:_identify(src/hunav_sim/hunav_evaluator) by extension 'colcon_pkg'
[0.166s] Level 1:colcon.colcon_core.package_identification:_identify(src/hunav_sim/hunav_evaluator) by extensions ['colcon_meta']
[0.166s] Level 1:colcon.colcon_core.package_identification:_identify(src/hunav_sim/hunav_evaluator) by extension 'colcon_meta'
[0.166s] Level 1:colcon.colcon_core.package_identification:_identify(src/hunav_sim/hunav_evaluator) by extensions ['ros']
[0.166s] Level 1:colcon.colcon_core.package_identification:_identify(src/hunav_sim/hunav_evaluator) by extension 'ros'
[0.166s] DEBUG:colcon.colcon_core.package_identification:Package 'src/hunav_sim/hunav_evaluator' with type 'ros.ament_python' and name 'hunav_evaluator'
[0.167s] Level 1:colcon.colcon_core.package_identification:_identify(src/hunav_sim/hunav_msgs) by extensions ['ignore', 'ignore_ament_install']
[0.167s] Level 1:colcon.colcon_core.package_identification:_identify(src/hunav_sim/hunav_msgs) by extension 'ignore'
[0.167s] Level 1:colcon.colcon_core.package_identification:_identify(src/hunav_sim/hunav_msgs) by extension 'ignore_ament_install'
[0.167s] Level 1:colcon.colcon_core.package_identification:_identify(src/hunav_sim/hunav_msgs) by extensions ['colcon_pkg']
[0.167s] Level 1:colcon.colcon_core.package_identification:_identify(src/hunav_sim/hunav_msgs) by extension 'colcon_pkg'
[0.167s] Level 1:colcon.colcon_core.package_identification:_identify(src/hunav_sim/hunav_msgs) by extensions ['colcon_meta']
[0.167s] Level 1:colcon.colcon_core.package_identification:_identify(src/hunav_sim/hunav_msgs) by extension 'colcon_meta'
[0.167s] Level 1:colcon.colcon_core.package_identification:_identify(src/hunav_sim/hunav_msgs) by extensions ['ros']
[0.167s] Level 1:colcon.colcon_core.package_identification:_identify(src/hunav_sim/hunav_msgs) by extension 'ros'
[0.167s] DEBUG:colcon.colcon_core.package_identification:Package 'src/hunav_sim/hunav_msgs' with type 'ros.ament_cmake' and name 'hunav_msgs'
[0.167s] Level 1:colcon.colcon_core.package_identification:_identify(src/hunav_sim/hunav_rviz2_panel) by extensions ['ignore', 'ignore_ament_install']
[0.167s] Level 1:colcon.colcon_core.package_identification:_identify(src/hunav_sim/hunav_rviz2_panel) by extension 'ignore'
[0.167s] Level 1:colcon.colcon_core.package_identification:_identify(src/hunav_sim/hunav_rviz2_panel) by extension 'ignore_ament_install'
[0.167s] Level 1:colcon.colcon_core.package_identification:_identify(src/hunav_sim/hunav_rviz2_panel) by extensions ['colcon_pkg']
[0.167s] Level 1:colcon.colcon_core.package_identification:_identify(src/hunav_sim/hunav_rviz2_panel) by extension 'colcon_pkg'
[0.167s] Level 1:colcon.colcon_core.package_identification:_identify(src/hunav_sim/hunav_rviz2_panel) by extensions ['colcon_meta']
[0.167s] Level 1:colcon.colcon_core.package_identification:_identify(src/hunav_sim/hunav_rviz2_panel) by extension 'colcon_meta'
[0.167s] Level 1:colcon.colcon_core.package_identification:_identify(src/hunav_sim/hunav_rviz2_panel) by extensions ['ros']
[0.167s] Level 1:colcon.colcon_core.package_identification:_identify(src/hunav_sim/hunav_rviz2_panel) by extension 'ros'
[0.168s] DEBUG:colcon.colcon_core.package_identification:Package 'src/hunav_sim/hunav_rviz2_panel' with type 'ros.ament_cmake' and name 'hunav_rviz2_panel'
[0.168s] Level 1:colcon.colcon_core.package_identification:_identify(src/hunav_sim/hunav_sim) by extensions ['ignore', 'ignore_ament_install']
[0.168s] Level 1:colcon.colcon_core.package_identification:_identify(src/hunav_sim/hunav_sim) by extension 'ignore'
[0.168s] Level 1:colcon.colcon_core.package_identification:_identify(src/hunav_sim/hunav_sim) by extension 'ignore_ament_install'
[0.168s] Level 1:colcon.colcon_core.package_identification:_identify(src/hunav_sim/hunav_sim) by extensions ['colcon_pkg']
[0.168s] Level 1:colcon.colcon_core.package_identification:_identify(src/hunav_sim/hunav_sim) by extension 'colcon_pkg'
[0.168s] Level 1:colcon.colcon_core.package_identification:_identify(src/hunav_sim/hunav_sim) by extensions ['colcon_meta']
[0.168s] Level 1:colcon.colcon_core.package_identification:_identify(src/hunav_sim/hunav_sim) by extension 'colcon_meta'
[0.168s] Level 1:colcon.colcon_core.package_identification:_identify(src/hunav_sim/hunav_sim) by extensions ['ros']
[0.168s] Level 1:colcon.colcon_core.package_identification:_identify(src/hunav_sim/hunav_sim) by extension 'ros'
[0.169s] DEBUG:colcon.colcon_core.package_identification:Package 'src/hunav_sim/hunav_sim' with type 'ros.ament_cmake' and name 'hunav_sim'
[0.169s] Level 1:colcon.colcon_core.package_identification:_identify(src/hunav_sim/images) by extensions ['ignore', 'ignore_ament_install']
[0.169s] Level 1:colcon.colcon_core.package_identification:_identify(src/hunav_sim/images) by extension 'ignore'
[0.169s] Level 1:colcon.colcon_core.package_identification:_identify(src/hunav_sim/images) by extension 'ignore_ament_install'
[0.169s] Level 1:colcon.colcon_core.package_identification:_identify(src/hunav_sim/images) by extensions ['colcon_pkg']
[0.169s] Level 1:colcon.colcon_core.package_identification:_identify(src/hunav_sim/images) by extension 'colcon_pkg'
[0.169s] Level 1:colcon.colcon_core.package_identification:_identify(src/hunav_sim/images) by extensions ['colcon_meta']
[0.169s] Level 1:colcon.colcon_core.package_identification:_identify(src/hunav_sim/images) by extension 'colcon_meta'
[0.169s] Level 1:colcon.colcon_core.package_identification:_identify(src/hunav_sim/images) by extensions ['ros']
[0.169s] Level 1:colcon.colcon_core.package_identification:_identify(src/hunav_sim/images) by extension 'ros'
[0.169s] Level 1:colcon.colcon_core.package_identification:_identify(src/hunav_sim/images) by extensions ['cmake', 'python']
[0.169s] Level 1:colcon.colcon_core.package_identification:_identify(src/hunav_sim/images) by extension 'cmake'
[0.169s] Level 1:colcon.colcon_core.package_identification:_identify(src/hunav_sim/images) by extension 'python'
[0.169s] Level 1:colcon.colcon_core.package_identification:_identify(src/hunav_sim/images) by extensions ['python_setup_py']
[0.169s] Level 1:colcon.colcon_core.package_identification:_identify(src/hunav_sim/images) by extension 'python_setup_py'
[0.169s] Level 1:colcon.colcon_core.package_discovery:discover_packages(recursive) using defaults
[0.169s] Level 1:colcon.colcon_core.package_discovery:discover_packages(ignore) discover
[0.169s] Level 1:colcon.colcon_core.package_discovery:discover_packages(ignore) using defaults
[0.169s] Level 1:colcon.colcon_core.package_discovery:discover_packages(path) discover
[0.169s] Level 1:colcon.colcon_core.package_discovery:discover_packages(path) using defaults
[0.189s] Level 5:colcon.colcon_core.verb:set package 'hunav_msgs' build argument 'cmake_args' from command line to 'None'
[0.189s] Level 5:colcon.colcon_core.verb:set package 'hunav_msgs' build argument 'cmake_target' from command line to 'None'
[0.189s] Level 5:colcon.colcon_core.verb:set package 'hunav_msgs' build argument 'cmake_target_skip_unavailable' from command line to 'False'
[0.189s] Level 5:colcon.colcon_core.verb:set package 'hunav_msgs' build argument 'cmake_clean_cache' from command line to 'False'
[0.189s] Level 5:colcon.colcon_core.verb:set package 'hunav_msgs' build argument 'cmake_clean_first' from command line to 'False'
[0.189s] Level 5:colcon.colcon_core.verb:set package 'hunav_msgs' build argument 'cmake_force_configure' from command line to 'False'
[0.189s] Level 5:colcon.colcon_core.verb:set package 'hunav_msgs' build argument 'ament_cmake_args' from command line to 'None'
[0.189s] Level 5:colcon.colcon_core.verb:set package 'hunav_msgs' build argument 'catkin_cmake_args' from command line to 'None'
[0.189s] Level 5:colcon.colcon_core.verb:set package 'hunav_msgs' build argument 'catkin_skip_building_tests' from command line to 'False'
[0.189s] DEBUG:colcon.colcon_core.verb:Building package 'hunav_msgs' with the following arguments: {'ament_cmake_args': None, 'build_base': '/home/hunav_gz_classic_ws/build/hunav_msgs', 'catkin_cmake_args': None, 'catkin_skip_building_tests': False, 'cmake_args': None, 'cmake_clean_cache': False, 'cmake_clean_first': False, 'cmake_force_configure': False, 'cmake_target': None, 'cmake_target_skip_unavailable': False, 'install_base': '/home/hunav_gz_classic_ws/install/hunav_msgs', 'merge_install': False, 'path': '/home/hunav_gz_classic_ws/src/hunav_sim/hunav_msgs', 'symlink_install': True, 'test_result_base': None}
[0.189s] Level 5:colcon.colcon_core.verb:set package 'hunav_agent_manager' build argument 'cmake_args' from command line to 'None'
[0.189s] Level 5:colcon.colcon_core.verb:set package 'hunav_agent_manager' build argument 'cmake_target' from command line to 'None'
[0.189s] Level 5:colcon.colcon_core.verb:set package 'hunav_agent_manager' build argument 'cmake_target_skip_unavailable' from command line to 'False'
[0.189s] Level 5:colcon.colcon_core.verb:set package 'hunav_agent_manager' build argument 'cmake_clean_cache' from command line to 'False'
[0.189s] Level 5:colcon.colcon_core.verb:set package 'hunav_agent_manager' build argument 'cmake_clean_first' from command line to 'False'
[0.189s] Level 5:colcon.colcon_core.verb:set package 'hunav_agent_manager' build argument 'cmake_force_configure' from command line to 'False'
[0.189s] Level 5:colcon.colcon_core.verb:set package 'hunav_agent_manager' build argument 'ament_cmake_args' from command line to 'None'
[0.189s] Level 5:colcon.colcon_core.verb:set package 'hunav_agent_manager' build argument 'catkin_cmake_args' from command line to 'None'
[0.189s] Level 5:colcon.colcon_core.verb:set package 'hunav_agent_manager' build argument 'catkin_skip_building_tests' from command line to 'False'
[0.189s] DEBUG:colcon.colcon_core.verb:Building package 'hunav_agent_manager' with the following arguments: {'ament_cmake_args': None, 'build_base': '/home/hunav_gz_classic_ws/build/hunav_agent_manager', 'catkin_cmake_args': None, 'catkin_skip_building_tests': False, 'cmake_args': None, 'cmake_clean_cache': False, 'cmake_clean_first': False, 'cmake_force_configure': False, 'cmake_target': None, 'cmake_target_skip_unavailable': False, 'install_base': '/home/hunav_gz_classic_ws/install/hunav_agent_manager', 'merge_install': False, 'path': '/home/hunav_gz_classic_ws/src/hunav_sim/hunav_agent_manager', 'symlink_install': True, 'test_result_base': None}
[0.189s] Level 5:colcon.colcon_core.verb:set package 'hunav_evaluator' build argument 'cmake_args' from command line to 'None'
[0.189s] Level 5:colcon.colcon_core.verb:set package 'hunav_evaluator' build argument 'cmake_target' from command line to 'None'
[0.190s] Level 5:colcon.colcon_core.verb:set package 'hunav_evaluator' build argument 'cmake_target_skip_unavailable' from command line to 'False'
[0.190s] Level 5:colcon.colcon_core.verb:set package 'hunav_evaluator' build argument 'cmake_clean_cache' from command line to 'False'
[0.190s] Level 5:colcon.colcon_core.verb:set package 'hunav_evaluator' build argument 'cmake_clean_first' from command line to 'False'
[0.190s] Level 5:colcon.colcon_core.verb:set package 'hunav_evaluator' build argument 'cmake_force_configure' from command line to 'False'
[0.190s] Level 5:colcon.colcon_core.verb:set package 'hunav_evaluator' build argument 'ament_cmake_args' from command line to 'None'
[0.190s] Level 5:colcon.colcon_core.verb:set package 'hunav_evaluator' build argument 'catkin_cmake_args' from command line to 'None'
[0.190s] Level 5:colcon.colcon_core.verb:set package 'hunav_evaluator' build argument 'catkin_skip_building_tests' from command line to 'False'
[0.190s] DEBUG:colcon.colcon_core.verb:Building package 'hunav_evaluator' with the following arguments: {'ament_cmake_args': None, 'build_base': '/home/hunav_gz_classic_ws/build/hunav_evaluator', 'catkin_cmake_args': None, 'catkin_skip_building_tests': False, 'cmake_args': None, 'cmake_clean_cache': False, 'cmake_clean_first': False, 'cmake_force_configure': False, 'cmake_target': None, 'cmake_target_skip_unavailable': False, 'install_base': '/home/hunav_gz_classic_ws/install/hunav_evaluator', 'merge_install': False, 'path': '/home/hunav_gz_classic_ws/src/hunav_sim/hunav_evaluator', 'symlink_install': True, 'test_result_base': None}
[0.190s] Level 5:colcon.colcon_core.verb:set package 'hunav_gazebo_wrapper' build argument 'cmake_args' from command line to 'None'
[0.190s] Level 5:colcon.colcon_core.verb:set package 'hunav_gazebo_wrapper' build argument 'cmake_target' from command line to 'None'
[0.190s] Level 5:colcon.colcon_core.verb:set package 'hunav_gazebo_wrapper' build argument 'cmake_target_skip_unavailable' from command line to 'False'
[0.190s] Level 5:colcon.colcon_core.verb:set package 'hunav_gazebo_wrapper' build argument 'cmake_clean_cache' from command line to 'False'
[0.190s] Level 5:colcon.colcon_core.verb:set package 'hunav_gazebo_wrapper' build argument 'cmake_clean_first' from command line to 'False'
[0.190s] Level 5:colcon.colcon_core.verb:set package 'hunav_gazebo_wrapper' build argument 'cmake_force_configure' from command line to 'False'
[0.190s] Level 5:colcon.colcon_core.verb:set package 'hunav_gazebo_wrapper' build argument 'ament_cmake_args' from command line to 'None'
[0.190s] Level 5:colcon.colcon_core.verb:set package 'hunav_gazebo_wrapper' build argument 'catkin_cmake_args' from command line to 'None'
[0.190s] Level 5:colcon.colcon_core.verb:set package 'hunav_gazebo_wrapper' build argument 'catkin_skip_building_tests' from command line to 'False'
[0.190s] DEBUG:colcon.colcon_core.verb:Building package 'hunav_gazebo_wrapper' with the following arguments: {'ament_cmake_args': None, 'build_base': '/home/hunav_gz_classic_ws/build/hunav_gazebo_wrapper', 'catkin_cmake_args': None, 'catkin_skip_building_tests': False, 'cmake_args': None, 'cmake_clean_cache': False, 'cmake_clean_first': False, 'cmake_force_configure': False, 'cmake_target': None, 'cmake_target_skip_unavailable': False, 'install_base': '/home/hunav_gz_classic_ws/install/hunav_gazebo_wrapper', 'merge_install': False, 'path': '/home/hunav_gz_classic_ws/src/hunav_gazebo_wrapper', 'symlink_install': True, 'test_result_base': None}
[0.190s] Level 5:colcon.colcon_core.verb:set package 'hunav_rviz2_panel' build argument 'cmake_args' from command line to 'None'
[0.190s] Level 5:colcon.colcon_core.verb:set package 'hunav_rviz2_panel' build argument 'cmake_target' from command line to 'None'
[0.190s] Level 5:colcon.colcon_core.verb:set package 'hunav_rviz2_panel' build argument 'cmake_target_skip_unavailable' from command line to 'False'
[0.190s] Level 5:colcon.colcon_core.verb:set package 'hunav_rviz2_panel' build argument 'cmake_clean_cache' from command line to 'False'
[0.190s] Level 5:colcon.colcon_core.verb:set package 'hunav_rviz2_panel' build argument 'cmake_clean_first' from command line to 'False'
[0.190s] Level 5:colcon.colcon_core.verb:set package 'hunav_rviz2_panel' build argument 'cmake_force_configure' from command line to 'False'
[0.190s] Level 5:colcon.colcon_core.verb:set package 'hunav_rviz2_panel' build argument 'ament_cmake_args' from command line to 'None'
[0.190s] Level 5:colcon.colcon_core.verb:set package 'hunav_rviz2_panel' build argument 'catkin_cmake_args' from command line to 'None'
[0.190s] Level 5:colcon.colcon_core.verb:set package 'hunav_rviz2_panel' build argument 'catkin_skip_building_tests' from command line to 'False'
[0.190s] DEBUG:colcon.colcon_core.verb:Building package 'hunav_rviz2_panel' with the following arguments: {'ament_cmake_args': None, 'build_base': '/home/hunav_gz_classic_ws/build/hunav_rviz2_panel', 'catkin_cmake_args': None, 'catkin_skip_building_tests': False, 'cmake_args': None, 'cmake_clean_cache': False, 'cmake_clean_first': False, 'cmake_force_configure': False, 'cmake_target': None, 'cmake_target_skip_unavailable': False, 'install_base': '/home/hunav_gz_classic_ws/install/hunav_rviz2_panel', 'merge_install': False, 'path': '/home/hunav_gz_classic_ws/src/hunav_sim/hunav_rviz2_panel', 'symlink_install': True, 'test_result_base': None}
[0.190s] Level 5:colcon.colcon_core.verb:set package 'hunav_sim' build argument 'cmake_args' from command line to 'None'
[0.190s] Level 5:colcon.colcon_core.verb:set package 'hunav_sim' build argument 'cmake_target' from command line to 'None'
[0.190s] Level 5:colcon.colcon_core.verb:set package 'hunav_sim' build argument 'cmake_target_skip_unavailable' from command line to 'False'
[0.190s] Level 5:colcon.colcon_core.verb:set package 'hunav_sim' build argument 'cmake_clean_cache' from command line to 'False'
[0.190s] Level 5:colcon.colcon_core.verb:set package 'hunav_sim' build argument 'cmake_clean_first' from command line to 'False'
[0.190s] Level 5:colcon.colcon_core.verb:set package 'hunav_sim' build argument 'cmake_force_configure' from command line to 'False'
[0.190s] Level 5:colcon.colcon_core.verb:set package 'hunav_sim' build argument 'ament_cmake_args' from command line to 'None'
[0.190s] Level 5:colcon.colcon_core.verb:set package 'hunav_sim' build argument 'catkin_cmake_args' from command line to 'None'
[0.190s] Level 5:colcon.colcon_core.verb:set package 'hunav_sim' build argument 'catkin_skip_building_tests' from command line to 'False'
[0.190s] DEBUG:colcon.colcon_core.verb:Building package 'hunav_sim' with the following arguments: {'ament_cmake_args': None, 'build_base': '/home/hunav_gz_classic_ws/build/hunav_sim', 'catkin_cmake_args': None, 'catkin_skip_building_tests': False, 'cmake_args': None, 'cmake_clean_cache': False, 'cmake_clean_first': False, 'cmake_force_configure': False, 'cmake_target': None, 'cmake_target_skip_unavailable': False, 'install_base': '/home/hunav_gz_classic_ws/install/hunav_sim', 'merge_install': False, 'path': '/home/hunav_gz_classic_ws/src/hunav_sim/hunav_sim', 'symlink_install': True, 'test_result_base': None}
[0.190s] INFO:colcon.colcon_core.executor:Executing jobs using 'parallel' executor
[0.191s] DEBUG:colcon.colcon_parallel_executor.executor.parallel:run_until_complete
[0.191s] INFO:colcon.colcon_ros.task.ament_cmake.build:Building ROS package in '/home/hunav_gz_classic_ws/src/hunav_sim/hunav_msgs' with build type 'ament_cmake'
[0.191s] INFO:colcon.colcon_cmake.task.cmake.build:Building CMake package in '/home/hunav_gz_classic_ws/src/hunav_sim/hunav_msgs'
[0.193s] INFO:colcon.colcon_core.plugin_system:Skipping extension 'colcon_core.shell.bat': Not used on non-Windows systems
[0.193s] INFO:colcon.colcon_core.shell:Skip shell extension 'powershell' for command environment: Not usable outside of PowerShell
[0.193s] DEBUG:colcon.colcon_core.shell:Skip shell extension 'dsv' for command environment
[0.200s] DEBUG:colcon.colcon_core.event_handler.log_command:Invoking command in '/home/hunav_gz_classic_ws/build/hunav_msgs': CMAKE_PREFIX_PATH=/opt/ros/humble /usr/bin/cmake /home/hunav_gz_classic_ws/src/hunav_sim/hunav_msgs -DAMENT_CMAKE_SYMLINK_INSTALL=1 -DCMAKE_INSTALL_PREFIX=/home/hunav_gz_classic_ws/install/hunav_msgs
[1.412s] DEBUG:colcon.colcon_core.event_handler.log_command:Invoked command in '/home/hunav_gz_classic_ws/build/hunav_msgs' returned '0': CMAKE_PREFIX_PATH=/opt/ros/humble /usr/bin/cmake /home/hunav_gz_classic_ws/src/hunav_sim/hunav_msgs -DAMENT_CMAKE_SYMLINK_INSTALL=1 -DCMAKE_INSTALL_PREFIX=/home/hunav_gz_classic_ws/install/hunav_msgs
[1.412s] DEBUG:colcon.colcon_core.event_handler.log_command:Invoking command in '/home/hunav_gz_classic_ws/build/hunav_msgs': CMAKE_PREFIX_PATH=/opt/ros/humble /usr/bin/cmake --build /home/hunav_gz_classic_ws/build/hunav_msgs -- -j16 -l16
[4.408s] DEBUG:colcon.colcon_core.event_handler.log_command:Invoked command in '/home/hunav_gz_classic_ws/build/hunav_msgs' returned '0': CMAKE_PREFIX_PATH=/opt/ros/humble /usr/bin/cmake --build /home/hunav_gz_classic_ws/build/hunav_msgs -- -j16 -l16
[4.415s] DEBUG:colcon.colcon_core.event_handler.log_command:Invoking command in '/home/hunav_gz_classic_ws/build/hunav_msgs': CMAKE_PREFIX_PATH=/opt/ros/humble /usr/bin/cmake --install /home/hunav_gz_classic_ws/build/hunav_msgs
[5.798s] Level 1:colcon.colcon_core.environment:create_environment_scripts_only(hunav_msgs)
[5.799s] DEBUG:colcon.colcon_core.event_handler.log_command:Invoked command in '/home/hunav_gz_classic_ws/build/hunav_msgs' returned '0': CMAKE_PREFIX_PATH=/opt/ros/humble /usr/bin/cmake --install /home/hunav_gz_classic_ws/build/hunav_msgs
[5.800s] Level 1:colcon.colcon_core.environment:checking '/home/hunav_gz_classic_ws/install/hunav_msgs' for CMake module files
[5.801s] Level 1:colcon.colcon_core.environment:checking '/home/hunav_gz_classic_ws/install/hunav_msgs' for CMake config files
[5.802s] Level 1:colcon.colcon_core.shell:create_environment_hook('hunav_msgs', 'cmake_prefix_path')
[5.802s] INFO:colcon.colcon_core.shell:Creating environment hook '/home/hunav_gz_classic_ws/install/hunav_msgs/share/hunav_msgs/hook/cmake_prefix_path.ps1'
[5.802s] INFO:colcon.colcon_core.shell:Creating environment descriptor '/home/hunav_gz_classic_ws/install/hunav_msgs/share/hunav_msgs/hook/cmake_prefix_path.dsv'
[5.803s] INFO:colcon.colcon_core.shell:Creating environment hook '/home/hunav_gz_classic_ws/install/hunav_msgs/share/hunav_msgs/hook/cmake_prefix_path.sh'
[5.803s] Level 1:colcon.colcon_core.environment:checking '/home/hunav_gz_classic_ws/install/hunav_msgs/lib'
[5.803s] Level 1:colcon.colcon_core.shell:create_environment_hook('hunav_msgs', 'ld_library_path_lib')
[5.803s] INFO:colcon.colcon_core.shell:Creating environment hook '/home/hunav_gz_classic_ws/install/hunav_msgs/share/hunav_msgs/hook/ld_library_path_lib.ps1'
[5.803s] INFO:colcon.colcon_core.shell:Creating environment descriptor '/home/hunav_gz_classic_ws/install/hunav_msgs/share/hunav_msgs/hook/ld_library_path_lib.dsv'
[5.804s] INFO:colcon.colcon_core.shell:Creating environment hook '/home/hunav_gz_classic_ws/install/hunav_msgs/share/hunav_msgs/hook/ld_library_path_lib.sh'
[5.804s] Level 1:colcon.colcon_core.environment:checking '/home/hunav_gz_classic_ws/install/hunav_msgs/bin'
[5.804s] Level 1:colcon.colcon_core.environment:checking '/home/hunav_gz_classic_ws/install/hunav_msgs/lib/pkgconfig/hunav_msgs.pc'
[5.805s] Level 1:colcon.colcon_core.environment:checking '/home/hunav_gz_classic_ws/install/hunav_msgs/lib/python3.10/site-packages'
[5.805s] Level 1:colcon.colcon_core.environment:checking '/home/hunav_gz_classic_ws/install/hunav_msgs/bin'
[5.805s] INFO:colcon.colcon_core.shell:Creating package script '/home/hunav_gz_classic_ws/install/hunav_msgs/share/hunav_msgs/package.ps1'
[5.806s] INFO:colcon.colcon_core.shell:Creating package descriptor '/home/hunav_gz_classic_ws/install/hunav_msgs/share/hunav_msgs/package.dsv'
[5.806s] INFO:colcon.colcon_core.shell:Creating package script '/home/hunav_gz_classic_ws/install/hunav_msgs/share/hunav_msgs/package.sh'
[5.806s] INFO:colcon.colcon_core.shell:Creating package script '/home/hunav_gz_classic_ws/install/hunav_msgs/share/hunav_msgs/package.bash'
[5.807s] INFO:colcon.colcon_core.shell:Creating package script '/home/hunav_gz_classic_ws/install/hunav_msgs/share/hunav_msgs/package.zsh'
[5.807s] Level 1:colcon.colcon_core.environment:create_file_with_runtime_dependencies(/home/hunav_gz_classic_ws/install/hunav_msgs/share/colcon-core/packages/hunav_msgs)
[5.807s] Level 1:colcon.colcon_core.environment:create_environment_scripts_only(hunav_msgs)
[5.807s] Level 1:colcon.colcon_core.environment:checking '/home/hunav_gz_classic_ws/install/hunav_msgs' for CMake module files
[5.808s] Level 1:colcon.colcon_core.environment:checking '/home/hunav_gz_classic_ws/install/hunav_msgs' for CMake config files
[5.809s] Level 1:colcon.colcon_core.shell:create_environment_hook('hunav_msgs', 'cmake_prefix_path')
[5.809s] INFO:colcon.colcon_core.shell:Creating environment hook '/home/hunav_gz_classic_ws/install/hunav_msgs/share/hunav_msgs/hook/cmake_prefix_path.ps1'
[5.809s] INFO:colcon.colcon_core.shell:Creating environment descriptor '/home/hunav_gz_classic_ws/install/hunav_msgs/share/hunav_msgs/hook/cmake_prefix_path.dsv'
[5.809s] INFO:colcon.colcon_core.shell:Creating environment hook '/home/hunav_gz_classic_ws/install/hunav_msgs/share/hunav_msgs/hook/cmake_prefix_path.sh'
[5.809s] Level 1:colcon.colcon_core.environment:checking '/home/hunav_gz_classic_ws/install/hunav_msgs/lib'
[5.810s] Level 1:colcon.colcon_core.shell:create_environment_hook('hunav_msgs', 'ld_library_path_lib')
[5.810s] INFO:colcon.colcon_core.shell:Creating environment hook '/home/hunav_gz_classic_ws/install/hunav_msgs/share/hunav_msgs/hook/ld_library_path_lib.ps1'
[5.810s] INFO:colcon.colcon_core.shell:Creating environment descriptor '/home/hunav_gz_classic_ws/install/hunav_msgs/share/hunav_msgs/hook/ld_library_path_lib.dsv'
[5.810s] INFO:colcon.colcon_core.shell:Creating environment hook '/home/hunav_gz_classic_ws/install/hunav_msgs/share/hunav_msgs/hook/ld_library_path_lib.sh'
[5.810s] Level 1:colcon.colcon_core.environment:checking '/home/hunav_gz_classic_ws/install/hunav_msgs/bin'
[5.810s] Level 1:colcon.colcon_core.environment:checking '/home/hunav_gz_classic_ws/install/hunav_msgs/lib/pkgconfig/hunav_msgs.pc'
[5.810s] Level 1:colcon.colcon_core.environment:checking '/home/hunav_gz_classic_ws/install/hunav_msgs/lib/python3.10/site-packages'
[5.810s] Level 1:colcon.colcon_core.environment:checking '/home/hunav_gz_classic_ws/install/hunav_msgs/bin'
[5.811s] INFO:colcon.colcon_core.shell:Creating package script '/home/hunav_gz_classic_ws/install/hunav_msgs/share/hunav_msgs/package.ps1'
[5.811s] INFO:colcon.colcon_core.shell:Creating package descriptor '/home/hunav_gz_classic_ws/install/hunav_msgs/share/hunav_msgs/package.dsv'
[5.811s] INFO:colcon.colcon_core.shell:Creating package script '/home/hunav_gz_classic_ws/install/hunav_msgs/share/hunav_msgs/package.sh'
[5.811s] INFO:colcon.colcon_core.shell:Creating package script '/home/hunav_gz_classic_ws/install/hunav_msgs/share/hunav_msgs/package.bash'
[5.811s] INFO:colcon.colcon_core.shell:Creating package script '/home/hunav_gz_classic_ws/install/hunav_msgs/share/hunav_msgs/package.zsh'
[5.812s] Level 1:colcon.colcon_core.environment:create_file_with_runtime_dependencies(/home/hunav_gz_classic_ws/install/hunav_msgs/share/colcon-core/packages/hunav_msgs)
[5.812s] INFO:colcon.colcon_ros.task.ament_cmake.build:Building ROS package in '/home/hunav_gz_classic_ws/src/hunav_sim/hunav_agent_manager' with build type 'ament_cmake'
[5.812s] INFO:colcon.colcon_cmake.task.cmake.build:Building CMake package in '/home/hunav_gz_classic_ws/src/hunav_sim/hunav_agent_manager'
[5.812s] INFO:colcon.colcon_core.shell:Skip shell extension 'powershell' for command environment: Not usable outside of PowerShell
[5.812s] DEBUG:colcon.colcon_core.shell:Skip shell extension 'dsv' for command environment
[5.814s] INFO:colcon.colcon_ros.task.ament_python.build:Building ROS package in '/home/hunav_gz_classic_ws/src/hunav_sim/hunav_evaluator' with build type 'ament_python'
[5.814s] Level 1:colcon.colcon_core.shell:create_environment_hook('hunav_evaluator', 'ament_prefix_path')
[5.814s] INFO:colcon.colcon_core.shell:Creating environment hook '/home/hunav_gz_classic_ws/install/hunav_evaluator/share/hunav_evaluator/hook/ament_prefix_path.ps1'
[5.815s] INFO:colcon.colcon_core.shell:Creating environment descriptor '/home/hunav_gz_classic_ws/install/hunav_evaluator/share/hunav_evaluator/hook/ament_prefix_path.dsv'
[5.815s] INFO:colcon.colcon_core.shell:Creating environment hook '/home/hunav_gz_classic_ws/install/hunav_evaluator/share/hunav_evaluator/hook/ament_prefix_path.sh'
[5.815s] INFO:colcon.colcon_core.shell:Skip shell extension 'powershell' for command environment: Not usable outside of PowerShell
[5.815s] DEBUG:colcon.colcon_core.shell:Skip shell extension 'dsv' for command environment
[5.817s] INFO:colcon.colcon_ros.task.ament_cmake.build:Building ROS package in '/home/hunav_gz_classic_ws/src/hunav_sim/hunav_rviz2_panel' with build type 'ament_cmake'
[5.818s] INFO:colcon.colcon_cmake.task.cmake.build:Building CMake package in '/home/hunav_gz_classic_ws/src/hunav_sim/hunav_rviz2_panel'
[5.818s] INFO:colcon.colcon_core.shell:Skip shell extension 'powershell' for command environment: Not usable outside of PowerShell
[5.818s] DEBUG:colcon.colcon_core.shell:Skip shell extension 'dsv' for command environment
[5.822s] INFO:colcon.colcon_ros.task.ament_cmake.build:Building ROS package in '/home/hunav_gz_classic_ws/src/hunav_gazebo_wrapper' with build type 'ament_cmake'
[5.822s] INFO:colcon.colcon_cmake.task.cmake.build:Building CMake package in '/home/hunav_gz_classic_ws/src/hunav_gazebo_wrapper'
[5.822s] INFO:colcon.colcon_core.shell:Skip shell extension 'powershell' for command environment: Not usable outside of PowerShell
[5.822s] DEBUG:colcon.colcon_core.shell:Skip shell extension 'dsv' for command environment
[5.827s] DEBUG:colcon.colcon_core.event_handler.log_command:Invoking command in '/home/hunav_gz_classic_ws/build/hunav_agent_manager': AMENT_PREFIX_PATH=/home/hunav_gz_classic_ws/install/hunav_msgs:${AMENT_PREFIX_PATH} CMAKE_PREFIX_PATH=/home/hunav_gz_classic_ws/install/hunav_msgs:/opt/ros/humble LD_LIBRARY_PATH=/home/hunav_gz_classic_ws/install/hunav_msgs/lib:${LD_LIBRARY_PATH} PYTHONPATH=/home/hunav_gz_classic_ws/install/hunav_msgs/local/lib/python3.10/dist-packages:${PYTHONPATH} /usr/bin/cmake /home/hunav_gz_classic_ws/src/hunav_sim/hunav_agent_manager -DAMENT_CMAKE_SYMLINK_INSTALL=1 -DCMAKE_INSTALL_PREFIX=/home/hunav_gz_classic_ws/install/hunav_agent_manager
[5.969s] INFO:colcon.colcon_core.task.python.build:Building Python package in '/home/hunav_gz_classic_ws/src/hunav_sim/hunav_evaluator'
[5.969s] INFO:colcon.colcon_core.shell:Skip shell extension 'powershell' for command environment: Not usable outside of PowerShell
[5.969s] DEBUG:colcon.colcon_core.shell:Skip shell extension 'dsv' for command environment
[5.974s] DEBUG:colcon.colcon_core.event_handler.log_command:Invoking command in '/home/hunav_gz_classic_ws/build/hunav_rviz2_panel': AMENT_PREFIX_PATH=/home/hunav_gz_classic_ws/install/hunav_msgs:${AMENT_PREFIX_PATH} CMAKE_PREFIX_PATH=/home/hunav_gz_classic_ws/install/hunav_msgs:/opt/ros/humble LD_LIBRARY_PATH=/home/hunav_gz_classic_ws/install/hunav_msgs/lib:${LD_LIBRARY_PATH} PYTHONPATH=/home/hunav_gz_classic_ws/install/hunav_msgs/local/lib/python3.10/dist-packages:${PYTHONPATH} /usr/bin/cmake /home/hunav_gz_classic_ws/src/hunav_sim/hunav_rviz2_panel -DAMENT_CMAKE_SYMLINK_INSTALL=1 -DCMAKE_INSTALL_PREFIX=/home/hunav_gz_classic_ws/install/hunav_rviz2_panel
[5.975s] DEBUG:colcon.colcon_core.event_handler.log_command:Invoking command in '/home/hunav_gz_classic_ws/build/hunav_gazebo_wrapper': AMENT_PREFIX_PATH=/home/hunav_gz_classic_ws/install/hunav_msgs:${AMENT_PREFIX_PATH} CMAKE_PREFIX_PATH=/home/hunav_gz_classic_ws/install/hunav_msgs:/opt/ros/humble LD_LIBRARY_PATH=/home/hunav_gz_classic_ws/install/hunav_msgs/lib:${LD_LIBRARY_PATH} PYTHONPATH=/home/hunav_gz_classic_ws/install/hunav_msgs/local/lib/python3.10/dist-packages:${PYTHONPATH} /usr/bin/cmake /home/hunav_gz_classic_ws/src/hunav_gazebo_wrapper -DAMENT_CMAKE_SYMLINK_INSTALL=1 -DCMAKE_INSTALL_PREFIX=/home/hunav_gz_classic_ws/install/hunav_gazebo_wrapper
[6.189s] DEBUG:colcon.colcon_core.event_handler.log_command:Invoking command in '/home/hunav_gz_classic_ws/build/hunav_evaluator': AMENT_PREFIX_PATH=/home/hunav_gz_classic_ws/install/hunav_msgs:${AMENT_PREFIX_PATH} CMAKE_PREFIX_PATH=/home/hunav_gz_classic_ws/install/hunav_msgs LD_LIBRARY_PATH=/home/hunav_gz_classic_ws/install/hunav_msgs/lib:${LD_LIBRARY_PATH} PYTHONPATH=/home/hunav_gz_classic_ws/build/hunav_evaluator/prefix_override:/usr/lib/python3/dist-packages/colcon_core/task/python/colcon_distutils_commands:/home/hunav_gz_classic_ws/install/hunav_evaluator/lib/python3.10/site-packages:/home/hunav_gz_classic_ws/install/hunav_msgs/local/lib/python3.10/dist-packages:${PYTHONPATH} /usr/bin/python3 -W ignore:setup.py install is deprecated -W ignore:easy_install command is deprecated setup.py develop --editable --build-directory /home/hunav_gz_classic_ws/build/hunav_evaluator/build --no-deps symlink_data
[6.436s] Level 1:colcon.colcon_core.shell:create_environment_hook('hunav_evaluator', 'pythonpath_develop')
[6.436s] INFO:colcon.colcon_core.shell:Creating environment hook '/home/hunav_gz_classic_ws/build/hunav_evaluator/share/hunav_evaluator/hook/pythonpath_develop.ps1'
[6.437s] DEBUG:colcon.colcon_core.event_handler.log_command:Invoked command in '/home/hunav_gz_classic_ws/build/hunav_evaluator' returned '0': AMENT_PREFIX_PATH=/home/hunav_gz_classic_ws/install/hunav_msgs:${AMENT_PREFIX_PATH} CMAKE_PREFIX_PATH=/home/hunav_gz_classic_ws/install/hunav_msgs LD_LIBRARY_PATH=/home/hunav_gz_classic_ws/install/hunav_msgs/lib:${LD_LIBRARY_PATH} PYTHONPATH=/home/hunav_gz_classic_ws/build/hunav_evaluator/prefix_override:/usr/lib/python3/dist-packages/colcon_core/task/python/colcon_distutils_commands:/home/hunav_gz_classic_ws/install/hunav_evaluator/lib/python3.10/site-packages:/home/hunav_gz_classic_ws/install/hunav_msgs/local/lib/python3.10/dist-packages:${PYTHONPATH} /usr/bin/python3 -W ignore:setup.py install is deprecated -W ignore:easy_install command is deprecated setup.py develop --editable --build-directory /home/hunav_gz_classic_ws/build/hunav_evaluator/build --no-deps symlink_data
[6.437s] INFO:colcon.colcon_core.shell:Creating environment descriptor '/home/hunav_gz_classic_ws/build/hunav_evaluator/share/hunav_evaluator/hook/pythonpath_develop.dsv'
[6.437s] INFO:colcon.colcon_core.shell:Creating environment hook '/home/hunav_gz_classic_ws/build/hunav_evaluator/share/hunav_evaluator/hook/pythonpath_develop.sh'
[6.438s] Level 1:colcon.colcon_core.environment:checking '/home/hunav_gz_classic_ws/install/hunav_evaluator' for CMake module files
[6.438s] Level 1:colcon.colcon_core.environment:checking '/home/hunav_gz_classic_ws/install/hunav_evaluator' for CMake config files
[6.438s] Level 1:colcon.colcon_core.environment:checking '/home/hunav_gz_classic_ws/install/hunav_evaluator/lib'
[6.438s] Level 1:colcon.colcon_core.environment:checking '/home/hunav_gz_classic_ws/install/hunav_evaluator/bin'
[6.438s] Level 1:colcon.colcon_core.environment:checking '/home/hunav_gz_classic_ws/install/hunav_evaluator/lib/pkgconfig/hunav_evaluator.pc'
[6.438s] Level 1:colcon.colcon_core.environment:checking '/home/hunav_gz_classic_ws/install/hunav_evaluator/lib/python3.10/site-packages'
[6.438s] Level 1:colcon.colcon_core.shell:create_environment_hook('hunav_evaluator', 'pythonpath')
[6.439s] INFO:colcon.colcon_core.shell:Creating environment hook '/home/hunav_gz_classic_ws/install/hunav_evaluator/share/hunav_evaluator/hook/pythonpath.ps1'
[6.439s] INFO:colcon.colcon_core.shell:Creating environment descriptor '/home/hunav_gz_classic_ws/install/hunav_evaluator/share/hunav_evaluator/hook/pythonpath.dsv'
[6.439s] INFO:colcon.colcon_core.shell:Creating environment hook '/home/hunav_gz_classic_ws/install/hunav_evaluator/share/hunav_evaluator/hook/pythonpath.sh'
[6.439s] Level 1:colcon.colcon_core.environment:checking '/home/hunav_gz_classic_ws/install/hunav_evaluator/bin'
[6.439s] Level 1:colcon.colcon_core.environment:create_environment_scripts_only(hunav_evaluator)
[6.439s] INFO:colcon.colcon_core.shell:Creating package script '/home/hunav_gz_classic_ws/install/hunav_evaluator/share/hunav_evaluator/package.ps1'
[6.440s] INFO:colcon.colcon_core.shell:Creating package descriptor '/home/hunav_gz_classic_ws/install/hunav_evaluator/share/hunav_evaluator/package.dsv'
[6.440s] INFO:colcon.colcon_core.shell:Creating package script '/home/hunav_gz_classic_ws/install/hunav_evaluator/share/hunav_evaluator/package.sh'
[6.440s] INFO:colcon.colcon_core.shell:Creating package script '/home/hunav_gz_classic_ws/install/hunav_evaluator/share/hunav_evaluator/package.bash'
[6.440s] INFO:colcon.colcon_core.shell:Creating package script '/home/hunav_gz_classic_ws/install/hunav_evaluator/share/hunav_evaluator/package.zsh'
[6.441s] Level 1:colcon.colcon_core.environment:create_file_with_runtime_dependencies(/home/hunav_gz_classic_ws/install/hunav_evaluator/share/colcon-core/packages/hunav_evaluator)
[6.561s] DEBUG:colcon.colcon_core.event_handler.log_command:Invoked command in '/home/hunav_gz_classic_ws/build/hunav_agent_manager' returned '1': AMENT_PREFIX_PATH=/home/hunav_gz_classic_ws/install/hunav_msgs:${AMENT_PREFIX_PATH} CMAKE_PREFIX_PATH=/home/hunav_gz_classic_ws/install/hunav_msgs:/opt/ros/humble LD_LIBRARY_PATH=/home/hunav_gz_classic_ws/install/hunav_msgs/lib:${LD_LIBRARY_PATH} PYTHONPATH=/home/hunav_gz_classic_ws/install/hunav_msgs/local/lib/python3.10/dist-packages:${PYTHONPATH} /usr/bin/cmake /home/hunav_gz_classic_ws/src/hunav_sim/hunav_agent_manager -DAMENT_CMAKE_SYMLINK_INSTALL=1 -DCMAKE_INSTALL_PREFIX=/home/hunav_gz_classic_ws/install/hunav_agent_manager
[6.571s] Level 1:colcon.colcon_core.environment:create_environment_scripts_only(hunav_agent_manager)
[6.571s] Level 1:colcon.colcon_core.environment:checking '/home/hunav_gz_classic_ws/install/hunav_agent_manager' for CMake module files
[6.571s] Level 1:colcon.colcon_core.environment:checking '/home/hunav_gz_classic_ws/install/hunav_agent_manager' for CMake config files
[6.571s] Level 1:colcon.colcon_core.environment:checking '/home/hunav_gz_classic_ws/install/hunav_agent_manager/bin'
[6.571s] Level 1:colcon.colcon_core.environment:checking '/home/hunav_gz_classic_ws/install/hunav_agent_manager/lib/pkgconfig/hunav_agent_manager.pc'
[6.572s] Level 1:colcon.colcon_core.environment:checking '/home/hunav_gz_classic_ws/install/hunav_agent_manager/lib/python3.10/site-packages'
[6.572s] Level 1:colcon.colcon_core.environment:checking '/home/hunav_gz_classic_ws/install/hunav_agent_manager/bin'
[6.572s] INFO:colcon.colcon_core.shell:Creating package script '/home/hunav_gz_classic_ws/install/hunav_agent_manager/share/hunav_agent_manager/package.ps1'
[6.572s] INFO:colcon.colcon_core.shell:Creating package descriptor '/home/hunav_gz_classic_ws/install/hunav_agent_manager/share/hunav_agent_manager/package.dsv'
[6.572s] INFO:colcon.colcon_core.shell:Creating package script '/home/hunav_gz_classic_ws/install/hunav_agent_manager/share/hunav_agent_manager/package.sh'
[6.572s] INFO:colcon.colcon_core.shell:Creating package script '/home/hunav_gz_classic_ws/install/hunav_agent_manager/share/hunav_agent_manager/package.bash'
[6.573s] INFO:colcon.colcon_core.shell:Creating package script '/home/hunav_gz_classic_ws/install/hunav_agent_manager/share/hunav_agent_manager/package.zsh'
[6.573s] Level 1:colcon.colcon_core.environment:create_file_with_runtime_dependencies(/home/hunav_gz_classic_ws/install/hunav_agent_manager/share/colcon-core/packages/hunav_agent_manager)
[7.692s] DEBUG:colcon.colcon_parallel_executor.executor.parallel:closing loop
[7.693s] DEBUG:colcon.colcon_parallel_executor.executor.parallel:loop closed
[7.693s] DEBUG:colcon.colcon_parallel_executor.executor.parallel:run_until_complete finished with '1'
[7.693s] DEBUG:colcon.colcon_core.event_reactor:joining thread
[7.697s] INFO:colcon.colcon_core.plugin_system:Skipping extension 'colcon_notification.desktop_notification.notify_send': Could not find 'notify-send'
[7.697s] INFO:colcon.colcon_core.plugin_system:Skipping extension 'colcon_notification.desktop_notification.terminal_notifier': Not used on non-Darwin systems
[7.697s] INFO:colcon.colcon_core.plugin_system:Skipping extension 'colcon_notification.desktop_notification.win32': Not used on non-Windows systems
[7.697s] INFO:colcon.colcon_notification.desktop_notification:Sending desktop notification using 'notify2'
[7.701s] DEBUG:colcon.colcon_notification.desktop_notification.notify2:Failed to initialize notify2: org.freedesktop.DBus.Error.Spawn.ExecFailed: /usr/bin/dbus-launch terminated abnormally without any error message
[7.701s] DEBUG:colcon.colcon_core.event_reactor:joined thread
[7.702s] INFO:colcon.colcon_core.shell:Creating prefix script '/home/hunav_gz_classic_ws/install/local_setup.ps1'
[7.703s] INFO:colcon.colcon_core.shell:Creating prefix util module '/home/hunav_gz_classic_ws/install/_local_setup_util_ps1.py'
[7.703s] INFO:colcon.colcon_core.shell:Creating prefix chain script '/home/hunav_gz_classic_ws/install/setup.ps1'
[7.704s] INFO:colcon.colcon_core.shell:Creating prefix script '/home/hunav_gz_classic_ws/install/local_setup.sh'
[7.704s] INFO:colcon.colcon_core.shell:Creating prefix util module '/home/hunav_gz_classic_ws/install/_local_setup_util_sh.py'
[7.704s] INFO:colcon.colcon_core.shell:Creating prefix chain script '/home/hunav_gz_classic_ws/install/setup.sh'
[7.705s] INFO:colcon.colcon_core.shell:Creating prefix script '/home/hunav_gz_classic_ws/install/local_setup.bash'
[7.705s] INFO:colcon.colcon_core.shell:Creating prefix chain script '/home/hunav_gz_classic_ws/install/setup.bash'
[7.706s] INFO:colcon.colcon_core.shell:Creating prefix script '/home/hunav_gz_classic_ws/install/local_setup.zsh'
[7.706s] INFO:colcon.colcon_core.shell:Creating prefix chain script '/home/hunav_gz_classic_ws/install/setup.zsh'
