[0.169s] Invoking command in '/home/hunav_gz_classic_ws/build/hunav_rviz2_panel': AMENT_PREFIX_PATH=/home/hunav_gz_classic_ws/install/hunav_msgs:${AMENT_PREFIX_PATH} CMAKE_PREFIX_PATH=/home/hunav_gz_classic_ws/install/hunav_msgs:/home/pmb2_ws/install/urdf_test:/home/pmb2_ws/install/gazebo_ros2_control_demos:/home/pmb2_ws/install/ros2_control:/home/pmb2_ws/install/transmission_interface:/home/pmb2_ws/install/pmb2_simulation:/home/pmb2_ws/install/pmb2_robot:/home/pmb2_ws/install/pmb2_gazebo:/home/pmb2_ws/install/pmb2_bringup:/home/pmb2_ws/install/pmb2_controller_configuration:/home/pmb2_ws/install/hardware_interface_testing:/home/pmb2_ws/install/gazebo_ros2_control:/home/pmb2_ws/install/controller_manager:/home/pmb2_ws/install/ros2_control_test_assets:/home/pmb2_ws/install/pmb2_rgbd_sensors:/home/pmb2_ws/install/pmb2_navigation:/home/pmb2_ws/install/pmb2_laser_sensors:/home/pmb2_ws/install/pmb2_description:/home/pmb2_ws/install/pmb2_2dnav:/home/pmb2_ws/install/people_msgs:/home/pmb2_ws/install/pal_navigation_cfg:/home/pmb2_ws/install/pal_navigation_cfg_bringup:/home/pmb2_ws/install/pal_navigation_cfg_params:/home/pmb2_ws/install/pal_gazebo_worlds:/home/pmb2_ws/install/joint_limits:/home/pmb2_ws/install/controller_interface:/home/pmb2_ws/install/hardware_interface:/home/pmb2_ws/install/controller_manager_msgs:/home/pmb2_ws/install/btcpp_ros2_samples:/home/pmb2_ws/install/behaviortree_ros2:/home/pmb2_ws/install/btcpp_ros2_interfaces:/home/pmb2_ws/install/behaviortree_cpp:/home/pmb2_ws/install/rqt_controller_manager:/home/pmb2_ws/install/ros2controlcli:/home/pmb2_ws/install/launch_pal:/opt/ros/humble LD_LIBRARY_PATH=/home/hunav_gz_classic_ws/install/hunav_msgs/lib:/home/pmb2_ws/install/transmission_interface/lib:/home/pmb2_ws/install/hardware_interface_testing/lib:/home/pmb2_ws/install/gazebo_ros2_control/lib:/home/pmb2_ws/install/controller_manager/lib:/home/pmb2_ws/install/people_msgs/lib:/home/pmb2_ws/install/joint_limits/lib:/home/pmb2_ws/install/controller_interface/lib:/home/pmb2_ws/install/hardware_interface/lib:/home/pmb2_ws/install/controller_manager_msgs/lib:/home/pmb2_ws/install/behaviortree_ros2/lib:/home/pmb2_ws/install/btcpp_ros2_interfaces/lib:/home/pmb2_ws/install/behaviortree_cpp/lib:/usr/lib/x86_64-linux-gnu/gazebo-11/plugins:/opt/ros/humble/opt/rviz_ogre_vendor/lib:/opt/ros/humble/lib/x86_64-linux-gnu:/opt/ros/humble/lib:/usr/lib/x86_64-linux-gnu/gazebo-11/plugins PYTHONPATH=/home/hunav_gz_classic_ws/install/hunav_msgs/local/lib/python3.10/dist-packages:${PYTHONPATH} /usr/bin/cmake --build /home/hunav_gz_classic_ws/build/hunav_rviz2_panel -- -j16 -l16
[0.223s] [ 16%] [34m[1mAutomatic MOC for target hunav_rviz2_panel[0m
[0.255s] [ 16%] Built target hunav_rviz2_panel_autogen
[0.294s] [100%] Built target hunav_rviz2_panel
[0.305s] Invoked command in '/home/hunav_gz_classic_ws/build/hunav_rviz2_panel' returned '0': AMENT_PREFIX_PATH=/home/hunav_gz_classic_ws/install/hunav_msgs:${AMENT_PREFIX_PATH} CMAKE_PREFIX_PATH=/home/hunav_gz_classic_ws/install/hunav_msgs:/home/pmb2_ws/install/urdf_test:/home/pmb2_ws/install/gazebo_ros2_control_demos:/home/pmb2_ws/install/ros2_control:/home/pmb2_ws/install/transmission_interface:/home/pmb2_ws/install/pmb2_simulation:/home/pmb2_ws/install/pmb2_robot:/home/pmb2_ws/install/pmb2_gazebo:/home/pmb2_ws/install/pmb2_bringup:/home/pmb2_ws/install/pmb2_controller_configuration:/home/pmb2_ws/install/hardware_interface_testing:/home/pmb2_ws/install/gazebo_ros2_control:/home/pmb2_ws/install/controller_manager:/home/pmb2_ws/install/ros2_control_test_assets:/home/pmb2_ws/install/pmb2_rgbd_sensors:/home/pmb2_ws/install/pmb2_navigation:/home/pmb2_ws/install/pmb2_laser_sensors:/home/pmb2_ws/install/pmb2_description:/home/pmb2_ws/install/pmb2_2dnav:/home/pmb2_ws/install/people_msgs:/home/pmb2_ws/install/pal_navigation_cfg:/home/pmb2_ws/install/pal_navigation_cfg_bringup:/home/pmb2_ws/install/pal_navigation_cfg_params:/home/pmb2_ws/install/pal_gazebo_worlds:/home/pmb2_ws/install/joint_limits:/home/pmb2_ws/install/controller_interface:/home/pmb2_ws/install/hardware_interface:/home/pmb2_ws/install/controller_manager_msgs:/home/pmb2_ws/install/btcpp_ros2_samples:/home/pmb2_ws/install/behaviortree_ros2:/home/pmb2_ws/install/btcpp_ros2_interfaces:/home/pmb2_ws/install/behaviortree_cpp:/home/pmb2_ws/install/rqt_controller_manager:/home/pmb2_ws/install/ros2controlcli:/home/pmb2_ws/install/launch_pal:/opt/ros/humble LD_LIBRARY_PATH=/home/hunav_gz_classic_ws/install/hunav_msgs/lib:/home/pmb2_ws/install/transmission_interface/lib:/home/pmb2_ws/install/hardware_interface_testing/lib:/home/pmb2_ws/install/gazebo_ros2_control/lib:/home/pmb2_ws/install/controller_manager/lib:/home/pmb2_ws/install/people_msgs/lib:/home/pmb2_ws/install/joint_limits/lib:/home/pmb2_ws/install/controller_interface/lib:/home/pmb2_ws/install/hardware_interface/lib:/home/pmb2_ws/install/controller_manager_msgs/lib:/home/pmb2_ws/install/behaviortree_ros2/lib:/home/pmb2_ws/install/btcpp_ros2_interfaces/lib:/home/pmb2_ws/install/behaviortree_cpp/lib:/usr/lib/x86_64-linux-gnu/gazebo-11/plugins:/opt/ros/humble/opt/rviz_ogre_vendor/lib:/opt/ros/humble/lib/x86_64-linux-gnu:/opt/ros/humble/lib:/usr/lib/x86_64-linux-gnu/gazebo-11/plugins PYTHONPATH=/home/hunav_gz_classic_ws/install/hunav_msgs/local/lib/python3.10/dist-packages:${PYTHONPATH} /usr/bin/cmake --build /home/hunav_gz_classic_ws/build/hunav_rviz2_panel -- -j16 -l16
[0.307s] Invoking command in '/home/hunav_gz_classic_ws/build/hunav_rviz2_panel': AMENT_PREFIX_PATH=/home/hunav_gz_classic_ws/install/hunav_msgs:${AMENT_PREFIX_PATH} CMAKE_PREFIX_PATH=/home/hunav_gz_classic_ws/install/hunav_msgs:/home/pmb2_ws/install/urdf_test:/home/pmb2_ws/install/gazebo_ros2_control_demos:/home/pmb2_ws/install/ros2_control:/home/pmb2_ws/install/transmission_interface:/home/pmb2_ws/install/pmb2_simulation:/home/pmb2_ws/install/pmb2_robot:/home/pmb2_ws/install/pmb2_gazebo:/home/pmb2_ws/install/pmb2_bringup:/home/pmb2_ws/install/pmb2_controller_configuration:/home/pmb2_ws/install/hardware_interface_testing:/home/pmb2_ws/install/gazebo_ros2_control:/home/pmb2_ws/install/controller_manager:/home/pmb2_ws/install/ros2_control_test_assets:/home/pmb2_ws/install/pmb2_rgbd_sensors:/home/pmb2_ws/install/pmb2_navigation:/home/pmb2_ws/install/pmb2_laser_sensors:/home/pmb2_ws/install/pmb2_description:/home/pmb2_ws/install/pmb2_2dnav:/home/pmb2_ws/install/people_msgs:/home/pmb2_ws/install/pal_navigation_cfg:/home/pmb2_ws/install/pal_navigation_cfg_bringup:/home/pmb2_ws/install/pal_navigation_cfg_params:/home/pmb2_ws/install/pal_gazebo_worlds:/home/pmb2_ws/install/joint_limits:/home/pmb2_ws/install/controller_interface:/home/pmb2_ws/install/hardware_interface:/home/pmb2_ws/install/controller_manager_msgs:/home/pmb2_ws/install/btcpp_ros2_samples:/home/pmb2_ws/install/behaviortree_ros2:/home/pmb2_ws/install/btcpp_ros2_interfaces:/home/pmb2_ws/install/behaviortree_cpp:/home/pmb2_ws/install/rqt_controller_manager:/home/pmb2_ws/install/ros2controlcli:/home/pmb2_ws/install/launch_pal:/opt/ros/humble LD_LIBRARY_PATH=/home/hunav_gz_classic_ws/install/hunav_msgs/lib:/home/pmb2_ws/install/transmission_interface/lib:/home/pmb2_ws/install/hardware_interface_testing/lib:/home/pmb2_ws/install/gazebo_ros2_control/lib:/home/pmb2_ws/install/controller_manager/lib:/home/pmb2_ws/install/people_msgs/lib:/home/pmb2_ws/install/joint_limits/lib:/home/pmb2_ws/install/controller_interface/lib:/home/pmb2_ws/install/hardware_interface/lib:/home/pmb2_ws/install/controller_manager_msgs/lib:/home/pmb2_ws/install/behaviortree_ros2/lib:/home/pmb2_ws/install/btcpp_ros2_interfaces/lib:/home/pmb2_ws/install/behaviortree_cpp/lib:/usr/lib/x86_64-linux-gnu/gazebo-11/plugins:/opt/ros/humble/opt/rviz_ogre_vendor/lib:/opt/ros/humble/lib/x86_64-linux-gnu:/opt/ros/humble/lib:/usr/lib/x86_64-linux-gnu/gazebo-11/plugins PYTHONPATH=/home/hunav_gz_classic_ws/install/hunav_msgs/local/lib/python3.10/dist-packages:${PYTHONPATH} /usr/bin/cmake --install /home/hunav_gz_classic_ws/build/hunav_rviz2_panel
[0.315s] -- Install configuration: ""
[0.315s] -- Execute custom install script
[0.315s] -- Up-to-date symlink: /home/hunav_gz_classic_ws/install/hunav_rviz2_panel/share/hunav_rviz2_panel//plugins_description.xml
[0.315s] -- Up-to-date symlink: /home/hunav_gz_classic_ws/install/hunav_rviz2_panel/include//headers/actor_panel.hpp
[0.315s] -- Up-to-date symlink: /home/hunav_gz_classic_ws/install/hunav_rviz2_panel/include//headers/goal_common.hpp
[0.316s] -- Up-to-date symlink: /home/hunav_gz_classic_ws/install/hunav_rviz2_panel/include//headers/goal_pose_updater.hpp
[0.316s] -- Up-to-date symlink: /home/hunav_gz_classic_ws/install/hunav_rviz2_panel/include//headers/goal_tool.hpp
[0.316s] -- Up-to-date symlink: /home/hunav_gz_classic_ws/install/hunav_rviz2_panel/include//headers/metrics_panel.hpp
[0.316s] -- Up-to-date symlink: /home/hunav_gz_classic_ws/install/hunav_rviz2_panel/share/hunav_rviz2_panel/meshes/casual_man.dae
[0.316s] -- Up-to-date symlink: /home/hunav_gz_classic_ws/install/hunav_rviz2_panel/share/hunav_rviz2_panel/meshes/elegant_man.dae
[0.316s] -- Up-to-date symlink: /home/hunav_gz_classic_ws/install/hunav_rviz2_panel/share/hunav_rviz2_panel/meshes/elegant_woman.dae
[0.316s] -- Up-to-date symlink: /home/hunav_gz_classic_ws/install/hunav_rviz2_panel/share/hunav_rviz2_panel/meshes/regular_man.dae
[0.316s] -- Up-to-date symlink: /home/hunav_gz_classic_ws/install/hunav_rviz2_panel/share/hunav_rviz2_panel/meshes/ring.dae
[0.316s] -- Up-to-date symlink: /home/hunav_gz_classic_ws/install/hunav_rviz2_panel/share/hunav_rviz2_panel/meshes/textures/braid01_diffuse.png
[0.316s] -- Up-to-date symlink: /home/hunav_gz_classic_ws/install/hunav_rviz2_panel/share/hunav_rviz2_panel/meshes/textures/brown_eye.png
[0.316s] -- Up-to-date symlink: /home/hunav_gz_classic_ws/install/hunav_rviz2_panel/share/hunav_rviz2_panel/meshes/textures/eyebrow001.png
[0.316s] -- Up-to-date symlink: /home/hunav_gz_classic_ws/install/hunav_rviz2_panel/share/hunav_rviz2_panel/meshes/textures/eyelashes01.png
[0.317s] -- Up-to-date symlink: /home/hunav_gz_classic_ws/install/hunav_rviz2_panel/share/hunav_rviz2_panel/meshes/textures/female_casualsuit01_diffuse.png
[0.317s] -- Up-to-date symlink: /home/hunav_gz_classic_ws/install/hunav_rviz2_panel/share/hunav_rviz2_panel/meshes/textures/female_casualsuit01_normal.png
[0.317s] -- Up-to-date symlink: /home/hunav_gz_classic_ws/install/hunav_rviz2_panel/share/hunav_rviz2_panel/meshes/textures/male_casualsuit01_diffuse.png
[0.317s] -- Up-to-date symlink: /home/hunav_gz_classic_ws/install/hunav_rviz2_panel/share/hunav_rviz2_panel/meshes/textures/male_casualsuit01_normal.png
[0.317s] -- Up-to-date symlink: /home/hunav_gz_classic_ws/install/hunav_rviz2_panel/share/hunav_rviz2_panel/meshes/textures/male_casualsuit04_diffuse.png
[0.317s] -- Up-to-date symlink: /home/hunav_gz_classic_ws/install/hunav_rviz2_panel/share/hunav_rviz2_panel/meshes/textures/male_casualsuit04_normal.png
[0.317s] -- Up-to-date symlink: /home/hunav_gz_classic_ws/install/hunav_rviz2_panel/share/hunav_rviz2_panel/meshes/textures/male_casualsuit06_diffuse.png
[0.317s] -- Up-to-date symlink: /home/hunav_gz_classic_ws/install/hunav_rviz2_panel/share/hunav_rviz2_panel/meshes/textures/male_casualsuit06_normal.png
[0.317s] -- Up-to-date symlink: /home/hunav_gz_classic_ws/install/hunav_rviz2_panel/share/hunav_rviz2_panel/meshes/textures/male_elegantsuit01_diffuse.png
[0.317s] -- Up-to-date symlink: /home/hunav_gz_classic_ws/install/hunav_rviz2_panel/share/hunav_rviz2_panel/meshes/textures/male_worksuit01_diffuse.png
[0.317s] -- Up-to-date symlink: /home/hunav_gz_classic_ws/install/hunav_rviz2_panel/share/hunav_rviz2_panel/meshes/textures/male_worksuit01_normal.png
[0.317s] -- Up-to-date symlink: /home/hunav_gz_classic_ws/install/hunav_rviz2_panel/share/hunav_rviz2_panel/meshes/textures/middleage_darkskinned_male_diffuse.png
[0.317s] -- Up-to-date symlink: /home/hunav_gz_classic_ws/install/hunav_rviz2_panel/share/hunav_rviz2_panel/meshes/textures/middleage_lightskinned_male_diffuse.png
[0.317s] -- Up-to-date symlink: /home/hunav_gz_classic_ws/install/hunav_rviz2_panel/share/hunav_rviz2_panel/meshes/textures/shoes01_diffuse.png
[0.318s] -- Up-to-date symlink: /home/hunav_gz_classic_ws/install/hunav_rviz2_panel/share/hunav_rviz2_panel/meshes/textures/shoes01_normal.png
[0.318s] -- Up-to-date symlink: /home/hunav_gz_classic_ws/install/hunav_rviz2_panel/share/hunav_rviz2_panel/meshes/textures/shoes03_diffuse.png
[0.318s] -- Up-to-date symlink: /home/hunav_gz_classic_ws/install/hunav_rviz2_panel/share/hunav_rviz2_panel/meshes/textures/shoes05_diffuse.png
[0.318s] -- Up-to-date symlink: /home/hunav_gz_classic_ws/install/hunav_rviz2_panel/share/hunav_rviz2_panel/meshes/textures/short01_diffuse.png
[0.318s] -- Up-to-date symlink: /home/hunav_gz_classic_ws/install/hunav_rviz2_panel/share/hunav_rviz2_panel/meshes/textures/short02_diffuse.png
[0.318s] -- Up-to-date symlink: /home/hunav_gz_classic_ws/install/hunav_rviz2_panel/share/hunav_rviz2_panel/meshes/textures/short03_diffuse.png
[0.318s] -- Up-to-date symlink: /home/hunav_gz_classic_ws/install/hunav_rviz2_panel/share/hunav_rviz2_panel/meshes/walk.dae
[0.318s] -- Up-to-date symlink: /home/hunav_gz_classic_ws/install/hunav_rviz2_panel/share/hunav_rviz2_panel/meshes/worker_man.dae
[0.318s] -- Up-to-date symlink: /home/hunav_gz_classic_ws/install/hunav_rviz2_panel/share/hunav_rviz2_panel/launch/hunav_rviz2_launch.py
[0.318s] -- Up-to-date symlink: /home/hunav_gz_classic_ws/install/hunav_rviz2_panel/share/hunav_rviz2_panel/launch/rviz2.rviz
[0.318s] -- Up-to-date symlink: /home/hunav_gz_classic_ws/install/hunav_rviz2_panel/share/hunav_rviz2_panel/environment/library_path.sh
[0.318s] -- Up-to-date symlink: /home/hunav_gz_classic_ws/install/hunav_rviz2_panel/share/hunav_rviz2_panel/environment/library_path.dsv
[0.319s] -- Up-to-date symlink: /home/hunav_gz_classic_ws/install/hunav_rviz2_panel/share/ament_index/resource_index/package_run_dependencies/hunav_rviz2_panel
[0.319s] -- Up-to-date symlink: /home/hunav_gz_classic_ws/install/hunav_rviz2_panel/share/ament_index/resource_index/parent_prefix_path/hunav_rviz2_panel
[0.319s] -- Up-to-date symlink: /home/hunav_gz_classic_ws/install/hunav_rviz2_panel/share/hunav_rviz2_panel/environment/ament_prefix_path.sh
[0.319s] -- Up-to-date symlink: /home/hunav_gz_classic_ws/install/hunav_rviz2_panel/share/hunav_rviz2_panel/environment/ament_prefix_path.dsv
[0.319s] -- Up-to-date symlink: /home/hunav_gz_classic_ws/install/hunav_rviz2_panel/share/hunav_rviz2_panel/environment/path.sh
[0.319s] -- Up-to-date symlink: /home/hunav_gz_classic_ws/install/hunav_rviz2_panel/share/hunav_rviz2_panel/environment/path.dsv
[0.319s] -- Up-to-date symlink: /home/hunav_gz_classic_ws/install/hunav_rviz2_panel/share/hunav_rviz2_panel/local_setup.bash
[0.319s] -- Up-to-date symlink: /home/hunav_gz_classic_ws/install/hunav_rviz2_panel/share/hunav_rviz2_panel/local_setup.sh
[0.319s] -- Up-to-date symlink: /home/hunav_gz_classic_ws/install/hunav_rviz2_panel/share/hunav_rviz2_panel/local_setup.zsh
[0.320s] -- Up-to-date symlink: /home/hunav_gz_classic_ws/install/hunav_rviz2_panel/share/hunav_rviz2_panel/local_setup.dsv
[0.320s] -- Symlinking: /home/hunav_gz_classic_ws/install/hunav_rviz2_panel/share/hunav_rviz2_panel/package.dsv
[0.328s] -- Up-to-date symlink: /home/hunav_gz_classic_ws/install/hunav_rviz2_panel/share/ament_index/resource_index/packages/hunav_rviz2_panel
[0.328s] -- Up-to-date symlink: /home/hunav_gz_classic_ws/install/hunav_rviz2_panel/share/ament_index/resource_index/rviz_common__pluginlib__plugin/hunav_rviz2_panel
[0.329s] -- Up-to-date symlink: /home/hunav_gz_classic_ws/install/hunav_rviz2_panel/share/hunav_rviz2_panel/cmake/ament_cmake_export_include_directories-extras.cmake
[0.329s] -- Up-to-date symlink: /home/hunav_gz_classic_ws/install/hunav_rviz2_panel/share/hunav_rviz2_panel/cmake/ament_cmake_export_targets-extras.cmake
[0.329s] -- Up-to-date symlink: /home/hunav_gz_classic_ws/install/hunav_rviz2_panel/share/hunav_rviz2_panel/cmake/ament_cmake_export_dependencies-extras.cmake
[0.329s] -- Up-to-date symlink: /home/hunav_gz_classic_ws/install/hunav_rviz2_panel/share/hunav_rviz2_panel/cmake/hunav_rviz2_panelConfig.cmake
[0.329s] -- Up-to-date symlink: /home/hunav_gz_classic_ws/install/hunav_rviz2_panel/share/hunav_rviz2_panel/cmake/hunav_rviz2_panelConfig-version.cmake
[0.329s] -- Up-to-date symlink: /home/hunav_gz_classic_ws/install/hunav_rviz2_panel/share/hunav_rviz2_panel/package.xml
[0.329s] -- Up-to-date: /home/hunav_gz_classic_ws/install/hunav_rviz2_panel/lib/libhunav_rviz2_panel.so
[0.330s] -- Up-to-date: /home/hunav_gz_classic_ws/install/hunav_rviz2_panel/share/hunav_rviz2_panel/cmake/hunav_rviz2_panelExport.cmake
[0.330s] -- Up-to-date: /home/hunav_gz_classic_ws/install/hunav_rviz2_panel/share/hunav_rviz2_panel/cmake/hunav_rviz2_panelExport-noconfig.cmake
[0.334s] Invoked command in '/home/hunav_gz_classic_ws/build/hunav_rviz2_panel' returned '0': AMENT_PREFIX_PATH=/home/hunav_gz_classic_ws/install/hunav_msgs:${AMENT_PREFIX_PATH} CMAKE_PREFIX_PATH=/home/hunav_gz_classic_ws/install/hunav_msgs:/home/pmb2_ws/install/urdf_test:/home/pmb2_ws/install/gazebo_ros2_control_demos:/home/pmb2_ws/install/ros2_control:/home/pmb2_ws/install/transmission_interface:/home/pmb2_ws/install/pmb2_simulation:/home/pmb2_ws/install/pmb2_robot:/home/pmb2_ws/install/pmb2_gazebo:/home/pmb2_ws/install/pmb2_bringup:/home/pmb2_ws/install/pmb2_controller_configuration:/home/pmb2_ws/install/hardware_interface_testing:/home/pmb2_ws/install/gazebo_ros2_control:/home/pmb2_ws/install/controller_manager:/home/pmb2_ws/install/ros2_control_test_assets:/home/pmb2_ws/install/pmb2_rgbd_sensors:/home/pmb2_ws/install/pmb2_navigation:/home/pmb2_ws/install/pmb2_laser_sensors:/home/pmb2_ws/install/pmb2_description:/home/pmb2_ws/install/pmb2_2dnav:/home/pmb2_ws/install/people_msgs:/home/pmb2_ws/install/pal_navigation_cfg:/home/pmb2_ws/install/pal_navigation_cfg_bringup:/home/pmb2_ws/install/pal_navigation_cfg_params:/home/pmb2_ws/install/pal_gazebo_worlds:/home/pmb2_ws/install/joint_limits:/home/pmb2_ws/install/controller_interface:/home/pmb2_ws/install/hardware_interface:/home/pmb2_ws/install/controller_manager_msgs:/home/pmb2_ws/install/btcpp_ros2_samples:/home/pmb2_ws/install/behaviortree_ros2:/home/pmb2_ws/install/btcpp_ros2_interfaces:/home/pmb2_ws/install/behaviortree_cpp:/home/pmb2_ws/install/rqt_controller_manager:/home/pmb2_ws/install/ros2controlcli:/home/pmb2_ws/install/launch_pal:/opt/ros/humble LD_LIBRARY_PATH=/home/hunav_gz_classic_ws/install/hunav_msgs/lib:/home/pmb2_ws/install/transmission_interface/lib:/home/pmb2_ws/install/hardware_interface_testing/lib:/home/pmb2_ws/install/gazebo_ros2_control/lib:/home/pmb2_ws/install/controller_manager/lib:/home/pmb2_ws/install/people_msgs/lib:/home/pmb2_ws/install/joint_limits/lib:/home/pmb2_ws/install/controller_interface/lib:/home/pmb2_ws/install/hardware_interface/lib:/home/pmb2_ws/install/controller_manager_msgs/lib:/home/pmb2_ws/install/behaviortree_ros2/lib:/home/pmb2_ws/install/btcpp_ros2_interfaces/lib:/home/pmb2_ws/install/behaviortree_cpp/lib:/usr/lib/x86_64-linux-gnu/gazebo-11/plugins:/opt/ros/humble/opt/rviz_ogre_vendor/lib:/opt/ros/humble/lib/x86_64-linux-gnu:/opt/ros/humble/lib:/usr/lib/x86_64-linux-gnu/gazebo-11/plugins PYTHONPATH=/home/hunav_gz_classic_ws/install/hunav_msgs/local/lib/python3.10/dist-packages:${PYTHONPATH} /usr/bin/cmake --install /home/hunav_gz_classic_ws/build/hunav_rviz2_panel
