[0.008s] Invoking command in '/home/hunav_gz_classic_ws/build/hunav_msgs': CMAKE_PREFIX_PATH=/opt/ros/humble /usr/bin/cmake --build /home/hunav_gz_classic_ws/build/hunav_msgs -- -j16 -l16
[0.046s] [35m[1mConsolidate compiler generated dependencies of target hunav_msgs__rosidl_generator_c[0m
[0.053s] [  1%] Built target hunav_msgs__cpp
[0.058s] [  2%] Built target ament_cmake_python_symlink_hunav_msgs
[0.058s] [ 12%] Built target hunav_msgs__rosidl_generator_c
[0.063s] [35m[1mConsolidate compiler generated dependencies of target hunav_msgs__rosidl_typesupport_cpp[0m
[0.063s] [35m[1mConsolidate compiler generated dependencies of target hunav_msgs__rosidl_typesupport_introspection_cpp[0m
[0.063s] [35m[1mConsolidate compiler generated dependencies of target hunav_msgs__rosidl_typesupport_fastrtps_cpp[0m
[0.066s] [35m[1mConsolidate compiler generated dependencies of target hunav_msgs__rosidl_typesupport_c[0m
[0.067s] [35m[1mConsolidate compiler generated dependencies of target hunav_msgs__rosidl_typesupport_introspection_c[0m
[0.067s] [35m[1mConsolidate compiler generated dependencies of target hunav_msgs__rosidl_typesupport_fastrtps_c[0m
[0.077s] [ 43%] Built target hunav_msgs__rosidl_typesupport_cpp
[0.078s] [ 43%] Built target hunav_msgs__rosidl_typesupport_c
[0.078s] [ 47%] Built target hunav_msgs__rosidl_typesupport_fastrtps_cpp
[0.078s] [ 58%] Built target hunav_msgs__rosidl_typesupport_introspection_c
[0.079s] [ 70%] Built target hunav_msgs__rosidl_typesupport_introspection_cpp
[0.082s] [ 81%] Built target hunav_msgs__rosidl_typesupport_fastrtps_c
[0.099s] [ 81%] Built target hunav_msgs
[0.118s] [ 82%] Built target hunav_msgs__py
[0.128s] [35m[1mConsolidate compiler generated dependencies of target hunav_msgs__rosidl_generator_py[0m
[0.145s] [ 93%] Built target hunav_msgs__rosidl_generator_py
[0.153s] [35m[1mConsolidate compiler generated dependencies of target hunav_msgs__rosidl_typesupport_introspection_c__pyext[0m
[0.153s] [35m[1mConsolidate compiler generated dependencies of target hunav_msgs__rosidl_typesupport_c__pyext[0m
[0.153s] [35m[1mConsolidate compiler generated dependencies of target hunav_msgs__rosidl_typesupport_fastrtps_c__pyext[0m
[0.164s] [ 96%] Built target hunav_msgs__rosidl_typesupport_c__pyext
[0.164s] [100%] Built target hunav_msgs__rosidl_typesupport_introspection_c__pyext
[0.164s] [100%] Built target hunav_msgs__rosidl_typesupport_fastrtps_c__pyext
[0.191s] running egg_info
[0.192s] writing hunav_msgs.egg-info/PKG-INFO
[0.192s] writing dependency_links to hunav_msgs.egg-info/dependency_links.txt
[0.192s] writing top-level names to hunav_msgs.egg-info/top_level.txt
[0.193s] reading manifest file 'hunav_msgs.egg-info/SOURCES.txt'
[0.194s] writing manifest file 'hunav_msgs.egg-info/SOURCES.txt'
[0.211s] [100%] Built target ament_cmake_python_build_hunav_msgs_egg
[0.221s] Invoked command in '/home/hunav_gz_classic_ws/build/hunav_msgs' returned '0': CMAKE_PREFIX_PATH=/opt/ros/humble /usr/bin/cmake --build /home/hunav_gz_classic_ws/build/hunav_msgs -- -j16 -l16
[0.229s] Invoking command in '/home/hunav_gz_classic_ws/build/hunav_msgs': CMAKE_PREFIX_PATH=/opt/ros/humble /usr/bin/cmake --install /home/hunav_gz_classic_ws/build/hunav_msgs
[0.236s] -- Install configuration: ""
[0.236s] -- Execute custom install script
[0.236s] -- Up-to-date symlink: /home/hunav_gz_classic_ws/install/hunav_msgs/share/ament_index/resource_index/rosidl_interfaces/hunav_msgs
[0.237s] -- Up-to-date symlink: /home/hunav_gz_classic_ws/install/hunav_msgs/include/hunav_msgs/hunav_msgs/msg/agent.h
[0.237s] -- Up-to-date symlink: /home/hunav_gz_classic_ws/install/hunav_msgs/include/hunav_msgs/hunav_msgs/msg/agent_behavior.h
[0.237s] -- Up-to-date symlink: /home/hunav_gz_classic_ws/install/hunav_msgs/include/hunav_msgs/hunav_msgs/msg/agents.h
[0.237s] -- Up-to-date symlink: /home/hunav_gz_classic_ws/install/hunav_msgs/include/hunav_msgs/hunav_msgs/msg/detail/agent__functions.h
[0.237s] -- Up-to-date symlink: /home/hunav_gz_classic_ws/install/hunav_msgs/include/hunav_msgs/hunav_msgs/msg/detail/agent__struct.h
[0.237s] -- Up-to-date symlink: /home/hunav_gz_classic_ws/install/hunav_msgs/include/hunav_msgs/hunav_msgs/msg/detail/agent__type_support.h
[0.237s] -- Up-to-date symlink: /home/hunav_gz_classic_ws/install/hunav_msgs/include/hunav_msgs/hunav_msgs/msg/detail/agent_behavior__functions.h
[0.237s] -- Up-to-date symlink: /home/hunav_gz_classic_ws/install/hunav_msgs/include/hunav_msgs/hunav_msgs/msg/detail/agent_behavior__struct.h
[0.237s] -- Up-to-date symlink: /home/hunav_gz_classic_ws/install/hunav_msgs/include/hunav_msgs/hunav_msgs/msg/detail/agent_behavior__type_support.h
[0.237s] -- Up-to-date symlink: /home/hunav_gz_classic_ws/install/hunav_msgs/include/hunav_msgs/hunav_msgs/msg/detail/agents__functions.h
[0.237s] -- Up-to-date symlink: /home/hunav_gz_classic_ws/install/hunav_msgs/include/hunav_msgs/hunav_msgs/msg/detail/agents__struct.h
[0.237s] -- Up-to-date symlink: /home/hunav_gz_classic_ws/install/hunav_msgs/include/hunav_msgs/hunav_msgs/msg/detail/agents__type_support.h
[0.237s] -- Up-to-date symlink: /home/hunav_gz_classic_ws/install/hunav_msgs/include/hunav_msgs/hunav_msgs/msg/rosidl_generator_c__visibility_control.h
[0.237s] -- Up-to-date symlink: /home/hunav_gz_classic_ws/install/hunav_msgs/include/hunav_msgs/hunav_msgs/srv/compute_agent.h
[0.238s] -- Up-to-date symlink: /home/hunav_gz_classic_ws/install/hunav_msgs/include/hunav_msgs/hunav_msgs/srv/compute_agents.h
[0.238s] -- Up-to-date symlink: /home/hunav_gz_classic_ws/install/hunav_msgs/include/hunav_msgs/hunav_msgs/srv/detail/compute_agent__functions.h
[0.238s] -- Up-to-date symlink: /home/hunav_gz_classic_ws/install/hunav_msgs/include/hunav_msgs/hunav_msgs/srv/detail/compute_agent__struct.h
[0.238s] -- Up-to-date symlink: /home/hunav_gz_classic_ws/install/hunav_msgs/include/hunav_msgs/hunav_msgs/srv/detail/compute_agent__type_support.h
[0.238s] -- Up-to-date symlink: /home/hunav_gz_classic_ws/install/hunav_msgs/include/hunav_msgs/hunav_msgs/srv/detail/compute_agents__functions.h
[0.238s] -- Up-to-date symlink: /home/hunav_gz_classic_ws/install/hunav_msgs/include/hunav_msgs/hunav_msgs/srv/detail/compute_agents__struct.h
[0.238s] -- Up-to-date symlink: /home/hunav_gz_classic_ws/install/hunav_msgs/include/hunav_msgs/hunav_msgs/srv/detail/compute_agents__type_support.h
[0.238s] -- Up-to-date symlink: /home/hunav_gz_classic_ws/install/hunav_msgs/include/hunav_msgs/hunav_msgs/srv/detail/get_agents__functions.h
[0.238s] -- Up-to-date symlink: /home/hunav_gz_classic_ws/install/hunav_msgs/include/hunav_msgs/hunav_msgs/srv/detail/get_agents__struct.h
[0.238s] -- Up-to-date symlink: /home/hunav_gz_classic_ws/install/hunav_msgs/include/hunav_msgs/hunav_msgs/srv/detail/get_agents__type_support.h
[0.238s] -- Up-to-date symlink: /home/hunav_gz_classic_ws/install/hunav_msgs/include/hunav_msgs/hunav_msgs/srv/detail/move_agent__functions.h
[0.238s] -- Up-to-date symlink: /home/hunav_gz_classic_ws/install/hunav_msgs/include/hunav_msgs/hunav_msgs/srv/detail/move_agent__struct.h
[0.239s] -- Up-to-date symlink: /home/hunav_gz_classic_ws/install/hunav_msgs/include/hunav_msgs/hunav_msgs/srv/detail/move_agent__type_support.h
[0.239s] -- Up-to-date symlink: /home/hunav_gz_classic_ws/install/hunav_msgs/include/hunav_msgs/hunav_msgs/srv/detail/reset_agents__functions.h
[0.239s] -- Up-to-date symlink: /home/hunav_gz_classic_ws/install/hunav_msgs/include/hunav_msgs/hunav_msgs/srv/detail/reset_agents__struct.h
[0.239s] -- Up-to-date symlink: /home/hunav_gz_classic_ws/install/hunav_msgs/include/hunav_msgs/hunav_msgs/srv/detail/reset_agents__type_support.h
[0.239s] -- Up-to-date symlink: /home/hunav_gz_classic_ws/install/hunav_msgs/include/hunav_msgs/hunav_msgs/srv/get_agents.h
[0.239s] -- Up-to-date symlink: /home/hunav_gz_classic_ws/install/hunav_msgs/include/hunav_msgs/hunav_msgs/srv/move_agent.h
[0.239s] -- Up-to-date symlink: /home/hunav_gz_classic_ws/install/hunav_msgs/include/hunav_msgs/hunav_msgs/srv/reset_agents.h
[0.240s] -- Up-to-date symlink: /home/hunav_gz_classic_ws/install/hunav_msgs/share/hunav_msgs/environment/library_path.sh
[0.240s] -- Up-to-date symlink: /home/hunav_gz_classic_ws/install/hunav_msgs/share/hunav_msgs/environment/library_path.dsv
[0.240s] -- Up-to-date symlink: /home/hunav_gz_classic_ws/install/hunav_msgs/include/hunav_msgs/hunav_msgs/msg/detail/agent__rosidl_typesupport_fastrtps_c.h
[0.240s] -- Up-to-date symlink: /home/hunav_gz_classic_ws/install/hunav_msgs/include/hunav_msgs/hunav_msgs/msg/detail/agent_behavior__rosidl_typesupport_fastrtps_c.h
[0.240s] -- Up-to-date symlink: /home/hunav_gz_classic_ws/install/hunav_msgs/include/hunav_msgs/hunav_msgs/msg/detail/agents__rosidl_typesupport_fastrtps_c.h
[0.240s] -- Up-to-date symlink: /home/hunav_gz_classic_ws/install/hunav_msgs/include/hunav_msgs/hunav_msgs/msg/rosidl_typesupport_fastrtps_c__visibility_control.h
[0.240s] -- Up-to-date symlink: /home/hunav_gz_classic_ws/install/hunav_msgs/include/hunav_msgs/hunav_msgs/srv/detail/compute_agent__rosidl_typesupport_fastrtps_c.h
[0.241s] -- Up-to-date symlink: /home/hunav_gz_classic_ws/install/hunav_msgs/include/hunav_msgs/hunav_msgs/srv/detail/compute_agents__rosidl_typesupport_fastrtps_c.h
[0.241s] -- Up-to-date symlink: /home/hunav_gz_classic_ws/install/hunav_msgs/include/hunav_msgs/hunav_msgs/srv/detail/get_agents__rosidl_typesupport_fastrtps_c.h
[0.241s] -- Up-to-date symlink: /home/hunav_gz_classic_ws/install/hunav_msgs/include/hunav_msgs/hunav_msgs/srv/detail/move_agent__rosidl_typesupport_fastrtps_c.h
[0.241s] -- Up-to-date symlink: /home/hunav_gz_classic_ws/install/hunav_msgs/include/hunav_msgs/hunav_msgs/srv/detail/reset_agents__rosidl_typesupport_fastrtps_c.h
[0.241s] -- Up-to-date symlink: /home/hunav_gz_classic_ws/install/hunav_msgs/include/hunav_msgs/hunav_msgs/msg/agent.hpp
[0.241s] -- Up-to-date symlink: /home/hunav_gz_classic_ws/install/hunav_msgs/include/hunav_msgs/hunav_msgs/msg/agent_behavior.hpp
[0.241s] -- Up-to-date symlink: /home/hunav_gz_classic_ws/install/hunav_msgs/include/hunav_msgs/hunav_msgs/msg/agents.hpp
[0.241s] -- Up-to-date symlink: /home/hunav_gz_classic_ws/install/hunav_msgs/include/hunav_msgs/hunav_msgs/msg/detail/agent__builder.hpp
[0.241s] -- Up-to-date symlink: /home/hunav_gz_classic_ws/install/hunav_msgs/include/hunav_msgs/hunav_msgs/msg/detail/agent__struct.hpp
[0.242s] -- Up-to-date symlink: /home/hunav_gz_classic_ws/install/hunav_msgs/include/hunav_msgs/hunav_msgs/msg/detail/agent__traits.hpp
[0.242s] -- Up-to-date symlink: /home/hunav_gz_classic_ws/install/hunav_msgs/include/hunav_msgs/hunav_msgs/msg/detail/agent__type_support.hpp
[0.242s] -- Up-to-date symlink: /home/hunav_gz_classic_ws/install/hunav_msgs/include/hunav_msgs/hunav_msgs/msg/detail/agent_behavior__builder.hpp
[0.242s] -- Up-to-date symlink: /home/hunav_gz_classic_ws/install/hunav_msgs/include/hunav_msgs/hunav_msgs/msg/detail/agent_behavior__struct.hpp
[0.242s] -- Up-to-date symlink: /home/hunav_gz_classic_ws/install/hunav_msgs/include/hunav_msgs/hunav_msgs/msg/detail/agent_behavior__traits.hpp
[0.242s] -- Up-to-date symlink: /home/hunav_gz_classic_ws/install/hunav_msgs/include/hunav_msgs/hunav_msgs/msg/detail/agent_behavior__type_support.hpp
[0.242s] -- Up-to-date symlink: /home/hunav_gz_classic_ws/install/hunav_msgs/include/hunav_msgs/hunav_msgs/msg/detail/agents__builder.hpp
[0.242s] -- Up-to-date symlink: /home/hunav_gz_classic_ws/install/hunav_msgs/include/hunav_msgs/hunav_msgs/msg/detail/agents__struct.hpp
[0.242s] -- Up-to-date symlink: /home/hunav_gz_classic_ws/install/hunav_msgs/include/hunav_msgs/hunav_msgs/msg/detail/agents__traits.hpp
[0.242s] -- Up-to-date symlink: /home/hunav_gz_classic_ws/install/hunav_msgs/include/hunav_msgs/hunav_msgs/msg/detail/agents__type_support.hpp
[0.242s] -- Up-to-date symlink: /home/hunav_gz_classic_ws/install/hunav_msgs/include/hunav_msgs/hunav_msgs/msg/rosidl_generator_cpp__visibility_control.hpp
[0.242s] -- Up-to-date symlink: /home/hunav_gz_classic_ws/install/hunav_msgs/include/hunav_msgs/hunav_msgs/srv/compute_agent.hpp
[0.242s] -- Up-to-date symlink: /home/hunav_gz_classic_ws/install/hunav_msgs/include/hunav_msgs/hunav_msgs/srv/compute_agents.hpp
[0.242s] -- Up-to-date symlink: /home/hunav_gz_classic_ws/install/hunav_msgs/include/hunav_msgs/hunav_msgs/srv/detail/compute_agent__builder.hpp
[0.243s] -- Up-to-date symlink: /home/hunav_gz_classic_ws/install/hunav_msgs/include/hunav_msgs/hunav_msgs/srv/detail/compute_agent__struct.hpp
[0.243s] -- Up-to-date symlink: /home/hunav_gz_classic_ws/install/hunav_msgs/include/hunav_msgs/hunav_msgs/srv/detail/compute_agent__traits.hpp
[0.243s] -- Up-to-date symlink: /home/hunav_gz_classic_ws/install/hunav_msgs/include/hunav_msgs/hunav_msgs/srv/detail/compute_agent__type_support.hpp
[0.243s] -- Up-to-date symlink: /home/hunav_gz_classic_ws/install/hunav_msgs/include/hunav_msgs/hunav_msgs/srv/detail/compute_agents__builder.hpp
[0.243s] -- Up-to-date symlink: /home/hunav_gz_classic_ws/install/hunav_msgs/include/hunav_msgs/hunav_msgs/srv/detail/compute_agents__struct.hpp
[0.243s] -- Up-to-date symlink: /home/hunav_gz_classic_ws/install/hunav_msgs/include/hunav_msgs/hunav_msgs/srv/detail/compute_agents__traits.hpp
[0.243s] -- Up-to-date symlink: /home/hunav_gz_classic_ws/install/hunav_msgs/include/hunav_msgs/hunav_msgs/srv/detail/compute_agents__type_support.hpp
[0.243s] -- Up-to-date symlink: /home/hunav_gz_classic_ws/install/hunav_msgs/include/hunav_msgs/hunav_msgs/srv/detail/get_agents__builder.hpp
[0.243s] -- Up-to-date symlink: /home/hunav_gz_classic_ws/install/hunav_msgs/include/hunav_msgs/hunav_msgs/srv/detail/get_agents__struct.hpp
[0.243s] -- Up-to-date symlink: /home/hunav_gz_classic_ws/install/hunav_msgs/include/hunav_msgs/hunav_msgs/srv/detail/get_agents__traits.hpp
[0.243s] -- Up-to-date symlink: /home/hunav_gz_classic_ws/install/hunav_msgs/include/hunav_msgs/hunav_msgs/srv/detail/get_agents__type_support.hpp
[0.243s] -- Up-to-date symlink: /home/hunav_gz_classic_ws/install/hunav_msgs/include/hunav_msgs/hunav_msgs/srv/detail/move_agent__builder.hpp
[0.243s] -- Up-to-date symlink: /home/hunav_gz_classic_ws/install/hunav_msgs/include/hunav_msgs/hunav_msgs/srv/detail/move_agent__struct.hpp
[0.243s] -- Up-to-date symlink: /home/hunav_gz_classic_ws/install/hunav_msgs/include/hunav_msgs/hunav_msgs/srv/detail/move_agent__traits.hpp
[0.243s] -- Up-to-date symlink: /home/hunav_gz_classic_ws/install/hunav_msgs/include/hunav_msgs/hunav_msgs/srv/detail/move_agent__type_support.hpp
[0.244s] -- Up-to-date symlink: /home/hunav_gz_classic_ws/install/hunav_msgs/include/hunav_msgs/hunav_msgs/srv/detail/reset_agents__builder.hpp
[0.244s] -- Up-to-date symlink: /home/hunav_gz_classic_ws/install/hunav_msgs/include/hunav_msgs/hunav_msgs/srv/detail/reset_agents__struct.hpp
[0.244s] -- Up-to-date symlink: /home/hunav_gz_classic_ws/install/hunav_msgs/include/hunav_msgs/hunav_msgs/srv/detail/reset_agents__traits.hpp
[0.244s] -- Up-to-date symlink: /home/hunav_gz_classic_ws/install/hunav_msgs/include/hunav_msgs/hunav_msgs/srv/detail/reset_agents__type_support.hpp
[0.244s] -- Up-to-date symlink: /home/hunav_gz_classic_ws/install/hunav_msgs/include/hunav_msgs/hunav_msgs/srv/get_agents.hpp
[0.244s] -- Up-to-date symlink: /home/hunav_gz_classic_ws/install/hunav_msgs/include/hunav_msgs/hunav_msgs/srv/move_agent.hpp
[0.244s] -- Up-to-date symlink: /home/hunav_gz_classic_ws/install/hunav_msgs/include/hunav_msgs/hunav_msgs/srv/reset_agents.hpp
[0.245s] -- Up-to-date symlink: /home/hunav_gz_classic_ws/install/hunav_msgs/include/hunav_msgs/hunav_msgs/msg/detail/agent__rosidl_typesupport_fastrtps_cpp.hpp
[0.245s] -- Up-to-date symlink: /home/hunav_gz_classic_ws/install/hunav_msgs/include/hunav_msgs/hunav_msgs/msg/detail/agent_behavior__rosidl_typesupport_fastrtps_cpp.hpp
[0.245s] -- Up-to-date symlink: /home/hunav_gz_classic_ws/install/hunav_msgs/include/hunav_msgs/hunav_msgs/msg/detail/agents__rosidl_typesupport_fastrtps_cpp.hpp
[0.245s] -- Up-to-date symlink: /home/hunav_gz_classic_ws/install/hunav_msgs/include/hunav_msgs/hunav_msgs/msg/rosidl_typesupport_fastrtps_cpp__visibility_control.h
[0.245s] -- Up-to-date symlink: /home/hunav_gz_classic_ws/install/hunav_msgs/include/hunav_msgs/hunav_msgs/srv/detail/compute_agent__rosidl_typesupport_fastrtps_cpp.hpp
[0.245s] -- Up-to-date symlink: /home/hunav_gz_classic_ws/install/hunav_msgs/include/hunav_msgs/hunav_msgs/srv/detail/compute_agents__rosidl_typesupport_fastrtps_cpp.hpp
[0.245s] -- Up-to-date symlink: /home/hunav_gz_classic_ws/install/hunav_msgs/include/hunav_msgs/hunav_msgs/srv/detail/get_agents__rosidl_typesupport_fastrtps_cpp.hpp
[0.245s] -- Up-to-date symlink: /home/hunav_gz_classic_ws/install/hunav_msgs/include/hunav_msgs/hunav_msgs/srv/detail/move_agent__rosidl_typesupport_fastrtps_cpp.hpp
[0.246s] -- Up-to-date symlink: /home/hunav_gz_classic_ws/install/hunav_msgs/include/hunav_msgs/hunav_msgs/srv/detail/reset_agents__rosidl_typesupport_fastrtps_cpp.hpp
[0.246s] -- Up-to-date symlink: /home/hunav_gz_classic_ws/install/hunav_msgs/include/hunav_msgs/hunav_msgs/msg/detail/agent__rosidl_typesupport_introspection_c.h
[0.246s] -- Up-to-date symlink: /home/hunav_gz_classic_ws/install/hunav_msgs/include/hunav_msgs/hunav_msgs/msg/detail/agent_behavior__rosidl_typesupport_introspection_c.h
[0.246s] -- Up-to-date symlink: /home/hunav_gz_classic_ws/install/hunav_msgs/include/hunav_msgs/hunav_msgs/msg/detail/agents__rosidl_typesupport_introspection_c.h
[0.246s] -- Up-to-date symlink: /home/hunav_gz_classic_ws/install/hunav_msgs/include/hunav_msgs/hunav_msgs/msg/rosidl_typesupport_introspection_c__visibility_control.h
[0.246s] -- Up-to-date symlink: /home/hunav_gz_classic_ws/install/hunav_msgs/include/hunav_msgs/hunav_msgs/srv/detail/compute_agent__rosidl_typesupport_introspection_c.h
[0.246s] -- Up-to-date symlink: /home/hunav_gz_classic_ws/install/hunav_msgs/include/hunav_msgs/hunav_msgs/srv/detail/compute_agents__rosidl_typesupport_introspection_c.h
[0.246s] -- Up-to-date symlink: /home/hunav_gz_classic_ws/install/hunav_msgs/include/hunav_msgs/hunav_msgs/srv/detail/get_agents__rosidl_typesupport_introspection_c.h
[0.246s] -- Up-to-date symlink: /home/hunav_gz_classic_ws/install/hunav_msgs/include/hunav_msgs/hunav_msgs/srv/detail/move_agent__rosidl_typesupport_introspection_c.h
[0.246s] -- Up-to-date symlink: /home/hunav_gz_classic_ws/install/hunav_msgs/include/hunav_msgs/hunav_msgs/srv/detail/reset_agents__rosidl_typesupport_introspection_c.h
[0.247s] -- Up-to-date symlink: /home/hunav_gz_classic_ws/install/hunav_msgs/include/hunav_msgs/hunav_msgs/msg/detail/agent__rosidl_typesupport_introspection_cpp.hpp
[0.247s] -- Up-to-date symlink: /home/hunav_gz_classic_ws/install/hunav_msgs/include/hunav_msgs/hunav_msgs/msg/detail/agent_behavior__rosidl_typesupport_introspection_cpp.hpp
[0.247s] -- Up-to-date symlink: /home/hunav_gz_classic_ws/install/hunav_msgs/include/hunav_msgs/hunav_msgs/msg/detail/agents__rosidl_typesupport_introspection_cpp.hpp
[0.247s] -- Up-to-date symlink: /home/hunav_gz_classic_ws/install/hunav_msgs/include/hunav_msgs/hunav_msgs/srv/detail/compute_agent__rosidl_typesupport_introspection_cpp.hpp
[0.247s] -- Up-to-date symlink: /home/hunav_gz_classic_ws/install/hunav_msgs/include/hunav_msgs/hunav_msgs/srv/detail/compute_agents__rosidl_typesupport_introspection_cpp.hpp
[0.247s] -- Up-to-date symlink: /home/hunav_gz_classic_ws/install/hunav_msgs/include/hunav_msgs/hunav_msgs/srv/detail/get_agents__rosidl_typesupport_introspection_cpp.hpp
[0.247s] -- Up-to-date symlink: /home/hunav_gz_classic_ws/install/hunav_msgs/include/hunav_msgs/hunav_msgs/srv/detail/move_agent__rosidl_typesupport_introspection_cpp.hpp
[0.247s] -- Up-to-date symlink: /home/hunav_gz_classic_ws/install/hunav_msgs/include/hunav_msgs/hunav_msgs/srv/detail/reset_agents__rosidl_typesupport_introspection_cpp.hpp
[0.247s] -- Up-to-date symlink: /home/hunav_gz_classic_ws/install/hunav_msgs/share/hunav_msgs/environment/pythonpath.sh
[0.248s] -- Up-to-date symlink: /home/hunav_gz_classic_ws/install/hunav_msgs/share/hunav_msgs/environment/pythonpath.dsv
[0.248s] -- Up-to-date symlink: /home/hunav_gz_classic_ws/install/hunav_msgs/local/lib/python3.10/dist-packages/hunav_msgs-1.0.0-py3.10.egg-info/PKG-INFO
[0.248s] -- Up-to-date symlink: /home/hunav_gz_classic_ws/install/hunav_msgs/local/lib/python3.10/dist-packages/hunav_msgs-1.0.0-py3.10.egg-info/SOURCES.txt
[0.248s] -- Up-to-date symlink: /home/hunav_gz_classic_ws/install/hunav_msgs/local/lib/python3.10/dist-packages/hunav_msgs-1.0.0-py3.10.egg-info/dependency_links.txt
[0.248s] -- Up-to-date symlink: /home/hunav_gz_classic_ws/install/hunav_msgs/local/lib/python3.10/dist-packages/hunav_msgs-1.0.0-py3.10.egg-info/top_level.txt
[0.248s] -- Up-to-date symlink: /home/hunav_gz_classic_ws/install/hunav_msgs/local/lib/python3.10/dist-packages/hunav_msgs/__init__.py
[0.249s] -- Up-to-date symlink: /home/hunav_gz_classic_ws/install/hunav_msgs/local/lib/python3.10/dist-packages/hunav_msgs/_hunav_msgs_s.ep.rosidl_typesupport_c.c
[0.249s] -- Up-to-date symlink: /home/hunav_gz_classic_ws/install/hunav_msgs/local/lib/python3.10/dist-packages/hunav_msgs/_hunav_msgs_s.ep.rosidl_typesupport_fastrtps_c.c
[0.249s] -- Up-to-date symlink: /home/hunav_gz_classic_ws/install/hunav_msgs/local/lib/python3.10/dist-packages/hunav_msgs/_hunav_msgs_s.ep.rosidl_typesupport_introspection_c.c
[0.249s] -- Up-to-date symlink: /home/hunav_gz_classic_ws/install/hunav_msgs/local/lib/python3.10/dist-packages/hunav_msgs/hunav_msgs_s__rosidl_typesupport_c.cpython-310-x86_64-linux-gnu.so
[0.249s] -- Up-to-date symlink: /home/hunav_gz_classic_ws/install/hunav_msgs/local/lib/python3.10/dist-packages/hunav_msgs/hunav_msgs_s__rosidl_typesupport_fastrtps_c.cpython-310-x86_64-linux-gnu.so
[0.249s] -- Up-to-date symlink: /home/hunav_gz_classic_ws/install/hunav_msgs/local/lib/python3.10/dist-packages/hunav_msgs/hunav_msgs_s__rosidl_typesupport_introspection_c.cpython-310-x86_64-linux-gnu.so
[0.249s] -- Up-to-date symlink: /home/hunav_gz_classic_ws/install/hunav_msgs/local/lib/python3.10/dist-packages/hunav_msgs/libhunav_msgs__rosidl_generator_py.so
[0.249s] -- Up-to-date symlink: /home/hunav_gz_classic_ws/install/hunav_msgs/local/lib/python3.10/dist-packages/hunav_msgs/msg/__init__.py
[0.249s] -- Up-to-date symlink: /home/hunav_gz_classic_ws/install/hunav_msgs/local/lib/python3.10/dist-packages/hunav_msgs/msg/_agent.py
[0.249s] -- Up-to-date symlink: /home/hunav_gz_classic_ws/install/hunav_msgs/local/lib/python3.10/dist-packages/hunav_msgs/msg/_agent_behavior.py
[0.249s] -- Up-to-date symlink: /home/hunav_gz_classic_ws/install/hunav_msgs/local/lib/python3.10/dist-packages/hunav_msgs/msg/_agent_behavior_s.c
[0.249s] -- Up-to-date symlink: /home/hunav_gz_classic_ws/install/hunav_msgs/local/lib/python3.10/dist-packages/hunav_msgs/msg/_agent_s.c
[0.249s] -- Up-to-date symlink: /home/hunav_gz_classic_ws/install/hunav_msgs/local/lib/python3.10/dist-packages/hunav_msgs/msg/_agents.py
[0.250s] -- Up-to-date symlink: /home/hunav_gz_classic_ws/install/hunav_msgs/local/lib/python3.10/dist-packages/hunav_msgs/msg/_agents_s.c
[0.250s] -- Up-to-date symlink: /home/hunav_gz_classic_ws/install/hunav_msgs/local/lib/python3.10/dist-packages/hunav_msgs/srv/__init__.py
[0.250s] -- Up-to-date symlink: /home/hunav_gz_classic_ws/install/hunav_msgs/local/lib/python3.10/dist-packages/hunav_msgs/srv/_compute_agent.py
[0.250s] -- Up-to-date symlink: /home/hunav_gz_classic_ws/install/hunav_msgs/local/lib/python3.10/dist-packages/hunav_msgs/srv/_compute_agent_s.c
[0.250s] -- Up-to-date symlink: /home/hunav_gz_classic_ws/install/hunav_msgs/local/lib/python3.10/dist-packages/hunav_msgs/srv/_compute_agents.py
[0.250s] -- Up-to-date symlink: /home/hunav_gz_classic_ws/install/hunav_msgs/local/lib/python3.10/dist-packages/hunav_msgs/srv/_compute_agents_s.c
[0.250s] -- Up-to-date symlink: /home/hunav_gz_classic_ws/install/hunav_msgs/local/lib/python3.10/dist-packages/hunav_msgs/srv/_get_agents.py
[0.250s] -- Up-to-date symlink: /home/hunav_gz_classic_ws/install/hunav_msgs/local/lib/python3.10/dist-packages/hunav_msgs/srv/_get_agents_s.c
[0.250s] -- Up-to-date symlink: /home/hunav_gz_classic_ws/install/hunav_msgs/local/lib/python3.10/dist-packages/hunav_msgs/srv/_move_agent.py
[0.250s] -- Up-to-date symlink: /home/hunav_gz_classic_ws/install/hunav_msgs/local/lib/python3.10/dist-packages/hunav_msgs/srv/_move_agent_s.c
[0.250s] -- Up-to-date symlink: /home/hunav_gz_classic_ws/install/hunav_msgs/local/lib/python3.10/dist-packages/hunav_msgs/srv/_reset_agents.py
[0.250s] -- Up-to-date symlink: /home/hunav_gz_classic_ws/install/hunav_msgs/local/lib/python3.10/dist-packages/hunav_msgs/srv/_reset_agents_s.c
[0.251s] -- Up-to-date symlink: /home/hunav_gz_classic_ws/install/hunav_msgs/local/lib/python3.10/dist-packages/hunav_msgs/hunav_msgs_s__rosidl_typesupport_fastrtps_c.cpython-310-x86_64-linux-gnu.so
[0.251s] -- Up-to-date symlink: /home/hunav_gz_classic_ws/install/hunav_msgs/local/lib/python3.10/dist-packages/hunav_msgs/hunav_msgs_s__rosidl_typesupport_introspection_c.cpython-310-x86_64-linux-gnu.so
[0.251s] -- Up-to-date symlink: /home/hunav_gz_classic_ws/install/hunav_msgs/local/lib/python3.10/dist-packages/hunav_msgs/hunav_msgs_s__rosidl_typesupport_c.cpython-310-x86_64-linux-gnu.so
[0.251s] -- Up-to-date symlink: /home/hunav_gz_classic_ws/install/hunav_msgs/share/hunav_msgs/msg/Agent.idl
[0.251s] -- Up-to-date symlink: /home/hunav_gz_classic_ws/install/hunav_msgs/share/hunav_msgs/msg/Agents.idl
[0.251s] -- Up-to-date symlink: /home/hunav_gz_classic_ws/install/hunav_msgs/share/hunav_msgs/msg/AgentBehavior.idl
[0.251s] -- Up-to-date symlink: /home/hunav_gz_classic_ws/install/hunav_msgs/share/hunav_msgs/srv/ComputeAgents.idl
[0.251s] -- Up-to-date symlink: /home/hunav_gz_classic_ws/install/hunav_msgs/share/hunav_msgs/srv/ComputeAgent.idl
[0.251s] -- Up-to-date symlink: /home/hunav_gz_classic_ws/install/hunav_msgs/share/hunav_msgs/srv/MoveAgent.idl
[0.252s] -- Up-to-date symlink: /home/hunav_gz_classic_ws/install/hunav_msgs/share/hunav_msgs/srv/GetAgents.idl
[0.252s] -- Up-to-date symlink: /home/hunav_gz_classic_ws/install/hunav_msgs/share/hunav_msgs/srv/ResetAgents.idl
[0.252s] -- Up-to-date symlink: /home/hunav_gz_classic_ws/install/hunav_msgs/share/hunav_msgs/msg/Agent.msg
[0.252s] -- Up-to-date symlink: /home/hunav_gz_classic_ws/install/hunav_msgs/share/hunav_msgs/msg/Agents.msg
[0.252s] -- Up-to-date symlink: /home/hunav_gz_classic_ws/install/hunav_msgs/share/hunav_msgs/msg/AgentBehavior.msg
[0.252s] -- Up-to-date symlink: /home/hunav_gz_classic_ws/install/hunav_msgs/share/hunav_msgs/srv/ComputeAgents.srv
[0.252s] -- Up-to-date symlink: /home/hunav_gz_classic_ws/install/hunav_msgs/share/hunav_msgs/srv/ComputeAgents_Request.msg
[0.252s] -- Up-to-date symlink: /home/hunav_gz_classic_ws/install/hunav_msgs/share/hunav_msgs/srv/ComputeAgents_Response.msg
[0.252s] -- Up-to-date symlink: /home/hunav_gz_classic_ws/install/hunav_msgs/share/hunav_msgs/srv/ComputeAgent.srv
[0.252s] -- Up-to-date symlink: /home/hunav_gz_classic_ws/install/hunav_msgs/share/hunav_msgs/srv/ComputeAgent_Request.msg
[0.252s] -- Up-to-date symlink: /home/hunav_gz_classic_ws/install/hunav_msgs/share/hunav_msgs/srv/ComputeAgent_Response.msg
[0.253s] -- Up-to-date symlink: /home/hunav_gz_classic_ws/install/hunav_msgs/share/hunav_msgs/srv/MoveAgent.srv
[0.253s] -- Up-to-date symlink: /home/hunav_gz_classic_ws/install/hunav_msgs/share/hunav_msgs/srv/MoveAgent_Request.msg
[0.253s] -- Up-to-date symlink: /home/hunav_gz_classic_ws/install/hunav_msgs/share/hunav_msgs/srv/MoveAgent_Response.msg
[0.253s] -- Up-to-date symlink: /home/hunav_gz_classic_ws/install/hunav_msgs/share/hunav_msgs/srv/GetAgents.srv
[0.253s] -- Up-to-date symlink: /home/hunav_gz_classic_ws/install/hunav_msgs/share/hunav_msgs/srv/GetAgents_Request.msg
[0.253s] -- Up-to-date symlink: /home/hunav_gz_classic_ws/install/hunav_msgs/share/hunav_msgs/srv/GetAgents_Response.msg
[0.254s] -- Up-to-date symlink: /home/hunav_gz_classic_ws/install/hunav_msgs/share/hunav_msgs/srv/ResetAgents.srv
[0.254s] -- Up-to-date symlink: /home/hunav_gz_classic_ws/install/hunav_msgs/share/hunav_msgs/srv/ResetAgents_Request.msg
[0.254s] -- Up-to-date symlink: /home/hunav_gz_classic_ws/install/hunav_msgs/share/hunav_msgs/srv/ResetAgents_Response.msg
[0.254s] -- Up-to-date symlink: /home/hunav_gz_classic_ws/install/hunav_msgs/share/ament_index/resource_index/package_run_dependencies/hunav_msgs
[0.254s] -- Up-to-date symlink: /home/hunav_gz_classic_ws/install/hunav_msgs/share/ament_index/resource_index/parent_prefix_path/hunav_msgs
[0.254s] -- Up-to-date symlink: /home/hunav_gz_classic_ws/install/hunav_msgs/share/hunav_msgs/environment/ament_prefix_path.sh
[0.254s] -- Up-to-date symlink: /home/hunav_gz_classic_ws/install/hunav_msgs/share/hunav_msgs/environment/ament_prefix_path.dsv
[0.254s] -- Up-to-date symlink: /home/hunav_gz_classic_ws/install/hunav_msgs/share/hunav_msgs/environment/path.sh
[0.254s] -- Up-to-date symlink: /home/hunav_gz_classic_ws/install/hunav_msgs/share/hunav_msgs/environment/path.dsv
[0.254s] -- Up-to-date symlink: /home/hunav_gz_classic_ws/install/hunav_msgs/share/hunav_msgs/local_setup.bash
[0.255s] -- Up-to-date symlink: /home/hunav_gz_classic_ws/install/hunav_msgs/share/hunav_msgs/local_setup.sh
[0.255s] -- Up-to-date symlink: /home/hunav_gz_classic_ws/install/hunav_msgs/share/hunav_msgs/local_setup.zsh
[0.255s] -- Up-to-date symlink: /home/hunav_gz_classic_ws/install/hunav_msgs/share/hunav_msgs/local_setup.dsv
[0.255s] -- Symlinking: /home/hunav_gz_classic_ws/install/hunav_msgs/share/hunav_msgs/package.dsv
[0.262s] -- Up-to-date symlink: /home/hunav_gz_classic_ws/install/hunav_msgs/share/ament_index/resource_index/packages/hunav_msgs
[0.262s] -- Up-to-date symlink: /home/hunav_gz_classic_ws/install/hunav_msgs/share/hunav_msgs/cmake/rosidl_cmake-extras.cmake
[0.263s] -- Up-to-date symlink: /home/hunav_gz_classic_ws/install/hunav_msgs/share/hunav_msgs/cmake/ament_cmake_export_dependencies-extras.cmake
[0.263s] -- Up-to-date symlink: /home/hunav_gz_classic_ws/install/hunav_msgs/share/hunav_msgs/cmake/ament_cmake_export_include_directories-extras.cmake
[0.263s] -- Up-to-date symlink: /home/hunav_gz_classic_ws/install/hunav_msgs/share/hunav_msgs/cmake/ament_cmake_export_libraries-extras.cmake
[0.263s] -- Up-to-date symlink: /home/hunav_gz_classic_ws/install/hunav_msgs/share/hunav_msgs/cmake/ament_cmake_export_targets-extras.cmake
[0.263s] -- Up-to-date symlink: /home/hunav_gz_classic_ws/install/hunav_msgs/share/hunav_msgs/cmake/rosidl_cmake_export_typesupport_targets-extras.cmake
[0.263s] -- Up-to-date symlink: /home/hunav_gz_classic_ws/install/hunav_msgs/share/hunav_msgs/cmake/rosidl_cmake_export_typesupport_libraries-extras.cmake
[0.263s] -- Up-to-date symlink: /home/hunav_gz_classic_ws/install/hunav_msgs/share/hunav_msgs/cmake/hunav_msgsConfig.cmake
[0.263s] -- Up-to-date symlink: /home/hunav_gz_classic_ws/install/hunav_msgs/share/hunav_msgs/cmake/hunav_msgsConfig-version.cmake
[0.263s] -- Up-to-date symlink: /home/hunav_gz_classic_ws/install/hunav_msgs/share/hunav_msgs/package.xml
[0.263s] -- Up-to-date: /home/hunav_gz_classic_ws/install/hunav_msgs/lib/libhunav_msgs__rosidl_generator_c.so
[0.264s] -- Up-to-date: /home/hunav_gz_classic_ws/install/hunav_msgs/lib/libhunav_msgs__rosidl_typesupport_fastrtps_c.so
[0.264s] -- Up-to-date: /home/hunav_gz_classic_ws/install/hunav_msgs/lib/libhunav_msgs__rosidl_typesupport_fastrtps_cpp.so
[0.264s] -- Up-to-date: /home/hunav_gz_classic_ws/install/hunav_msgs/lib/libhunav_msgs__rosidl_typesupport_introspection_c.so
[0.264s] -- Up-to-date: /home/hunav_gz_classic_ws/install/hunav_msgs/lib/libhunav_msgs__rosidl_typesupport_c.so
[0.264s] -- Up-to-date: /home/hunav_gz_classic_ws/install/hunav_msgs/lib/libhunav_msgs__rosidl_typesupport_introspection_cpp.so
[0.265s] -- Up-to-date: /home/hunav_gz_classic_ws/install/hunav_msgs/lib/libhunav_msgs__rosidl_typesupport_cpp.so
[0.284s] Listing '/home/hunav_gz_classic_ws/install/hunav_msgs/local/lib/python3.10/dist-packages/hunav_msgs'...
[0.284s] Listing '/home/hunav_gz_classic_ws/install/hunav_msgs/local/lib/python3.10/dist-packages/hunav_msgs/msg'...
[0.284s] Listing '/home/hunav_gz_classic_ws/install/hunav_msgs/local/lib/python3.10/dist-packages/hunav_msgs/srv'...
[0.286s] -- Up-to-date: /home/hunav_gz_classic_ws/install/hunav_msgs/lib/libhunav_msgs__rosidl_generator_py.so
[0.286s] -- Up-to-date: /home/hunav_gz_classic_ws/install/hunav_msgs/share/hunav_msgs/cmake/export_hunav_msgs__rosidl_generator_cExport.cmake
[0.287s] -- Up-to-date: /home/hunav_gz_classic_ws/install/hunav_msgs/share/hunav_msgs/cmake/export_hunav_msgs__rosidl_generator_cExport-noconfig.cmake
[0.287s] -- Up-to-date: /home/hunav_gz_classic_ws/install/hunav_msgs/share/hunav_msgs/cmake/export_hunav_msgs__rosidl_typesupport_fastrtps_cExport.cmake
[0.287s] -- Up-to-date: /home/hunav_gz_classic_ws/install/hunav_msgs/share/hunav_msgs/cmake/export_hunav_msgs__rosidl_typesupport_fastrtps_cExport-noconfig.cmake
[0.287s] -- Up-to-date: /home/hunav_gz_classic_ws/install/hunav_msgs/share/hunav_msgs/cmake/export_hunav_msgs__rosidl_generator_cppExport.cmake
[0.287s] -- Up-to-date: /home/hunav_gz_classic_ws/install/hunav_msgs/share/hunav_msgs/cmake/export_hunav_msgs__rosidl_typesupport_fastrtps_cppExport.cmake
[0.287s] -- Up-to-date: /home/hunav_gz_classic_ws/install/hunav_msgs/share/hunav_msgs/cmake/export_hunav_msgs__rosidl_typesupport_fastrtps_cppExport-noconfig.cmake
[0.287s] -- Up-to-date: /home/hunav_gz_classic_ws/install/hunav_msgs/share/hunav_msgs/cmake/hunav_msgs__rosidl_typesupport_introspection_cExport.cmake
[0.287s] -- Up-to-date: /home/hunav_gz_classic_ws/install/hunav_msgs/share/hunav_msgs/cmake/hunav_msgs__rosidl_typesupport_introspection_cExport-noconfig.cmake
[0.287s] -- Up-to-date: /home/hunav_gz_classic_ws/install/hunav_msgs/share/hunav_msgs/cmake/hunav_msgs__rosidl_typesupport_cExport.cmake
[0.287s] -- Up-to-date: /home/hunav_gz_classic_ws/install/hunav_msgs/share/hunav_msgs/cmake/hunav_msgs__rosidl_typesupport_cExport-noconfig.cmake
[0.287s] -- Up-to-date: /home/hunav_gz_classic_ws/install/hunav_msgs/share/hunav_msgs/cmake/hunav_msgs__rosidl_typesupport_introspection_cppExport.cmake
[0.287s] -- Up-to-date: /home/hunav_gz_classic_ws/install/hunav_msgs/share/hunav_msgs/cmake/hunav_msgs__rosidl_typesupport_introspection_cppExport-noconfig.cmake
[0.287s] -- Up-to-date: /home/hunav_gz_classic_ws/install/hunav_msgs/share/hunav_msgs/cmake/hunav_msgs__rosidl_typesupport_cppExport.cmake
[0.287s] -- Up-to-date: /home/hunav_gz_classic_ws/install/hunav_msgs/share/hunav_msgs/cmake/hunav_msgs__rosidl_typesupport_cppExport-noconfig.cmake
[0.287s] -- Up-to-date: /home/hunav_gz_classic_ws/install/hunav_msgs/share/hunav_msgs/cmake/export_hunav_msgs__rosidl_generator_pyExport.cmake
[0.287s] -- Up-to-date: /home/hunav_gz_classic_ws/install/hunav_msgs/share/hunav_msgs/cmake/export_hunav_msgs__rosidl_generator_pyExport-noconfig.cmake
[0.289s] Invoked command in '/home/hunav_gz_classic_ws/build/hunav_msgs' returned '0': CMAKE_PREFIX_PATH=/opt/ros/humble /usr/bin/cmake --install /home/hunav_gz_classic_ws/build/hunav_msgs
