[0.000000] (-) TimerEvent: {}
[0.000105] (hunav_msgs) JobQueued: {'identifier': 'hunav_msgs', 'dependencies': OrderedDict()}
[0.000132] (hunav_agent_manager) JobQueued: {'identifier': 'hunav_agent_manager', 'dependencies': OrderedDict([('hunav_msgs', '/home/hunav_gz_classic_ws/install/hunav_msgs')])}
[0.000143] (hunav_evaluator) JobQueued: {'identifier': 'hunav_evaluator', 'dependencies': OrderedDict([('hunav_msgs', '/home/hunav_gz_classic_ws/install/hunav_msgs')])}
[0.000188] (hunav_gazebo_wrapper) JobQueued: {'identifier': 'hunav_gazebo_wrapper', 'dependencies': OrderedDict([('hunav_msgs', '/home/hunav_gz_classic_ws/install/hunav_msgs')])}
[0.000200] (hunav_rviz2_panel) JobQueued: {'identifier': 'hunav_rviz2_panel', 'dependencies': OrderedDict([('hunav_msgs', '/home/hunav_gz_classic_ws/install/hunav_msgs')])}
[0.000217] (hunav_sim) JobQueued: {'identifier': 'hunav_sim', 'dependencies': OrderedDict([('hunav_msgs', '/home/hunav_gz_classic_ws/install/hunav_msgs'), ('hunav_agent_manager', '/home/hunav_gz_classic_ws/install/hunav_agent_manager'), ('hunav_evaluator', '/home/hunav_gz_classic_ws/install/hunav_evaluator'), ('hunav_rviz2_panel', '/home/hunav_gz_classic_ws/install/hunav_rviz2_panel')])}
[0.000232] (hunav_msgs) JobStarted: {'identifier': 'hunav_msgs'}
[0.006429] (hunav_msgs) JobProgress: {'identifier': 'hunav_msgs', 'progress': 'cmake'}
[0.006731] (hunav_msgs) JobProgress: {'identifier': 'hunav_msgs', 'progress': 'build'}
[0.007121] (hunav_msgs) Command: {'cmd': ['/usr/bin/cmake', '--build', '/home/hunav_gz_classic_ws/build/hunav_msgs', '--', '-j16', '-l16'], 'cwd': '/home/hunav_gz_classic_ws/build/hunav_msgs', 'env': OrderedDict([('HOSTNAME', 'kenny-srl'), ('SHLVL', '1'), ('LD_LIBRARY_PATH', '/usr/lib/x86_64-linux-gnu/gazebo-11/plugins:/opt/ros/humble/opt/rviz_ogre_vendor/lib:/opt/ros/humble/lib/x86_64-linux-gnu:/opt/ros/humble/lib'), ('HOME', '/root'), ('OLDPWD', '/home/pmb2_ws'), ('ROS_PYTHON_VERSION', '3'), ('ROS_DISTRO', 'humble'), ('_', '/usr/bin/colcon'), ('ROS_VERSION', '2'), ('NVIDIA_DRIVER_CAPABILITIES', 'all'), ('TERM', 'xterm'), ('GAZEBO_MODEL_PATH', ''), ('ROS_LOCALHOST_ONLY', '0'), ('QT_X11_NO_MITSHM', '1'), ('PATH', '/opt/ros/humble/bin:/usr/local/sbin:/usr/local/bin:/usr/sbin:/usr/bin:/sbin:/bin'), ('XDG_RUNTIME_DIR', '/tmp'), ('DISPLAY', ':1'), ('LANG', 'C.UTF-8'), ('RMW_IMPLEMENTATION', 'rmw_cyclonedds_cpp'), ('AMENT_PREFIX_PATH', '/opt/ros/humble'), ('DEBIAN_FRONTEND', 'noninteractive'), ('SHELL', '/bin/bash'), ('GAZEBO_RESOURCE_PATH', ''), ('PWD', '/home/hunav_gz_classic_ws/build/hunav_msgs'), ('LC_ALL', 'C.UTF-8'), ('GAZEBO_PLUGIN_PATH', ''), ('PYTHONPATH', '/opt/ros/humble/lib/python3.10/site-packages:/opt/ros/humble/local/lib/python3.10/dist-packages'), ('NVIDIA_VISIBLE_DEVICES', 'all'), ('COLCON', '1'), ('EDITOR', 'nano'), ('CMAKE_PREFIX_PATH', '/opt/ros/humble')]), 'shell': False}
[0.045956] (hunav_msgs) StdoutLine: {'line': b'\x1b[35m\x1b[1mConsolidate compiler generated dependencies of target hunav_msgs__rosidl_generator_c\x1b[0m\n'}
[0.053319] (hunav_msgs) StdoutLine: {'line': b'[  1%] Built target hunav_msgs__cpp\n'}
[0.058239] (hunav_msgs) StdoutLine: {'line': b'[  2%] Built target ament_cmake_python_symlink_hunav_msgs\n'}
[0.058448] (hunav_msgs) StdoutLine: {'line': b'[ 12%] Built target hunav_msgs__rosidl_generator_c\n'}
[0.063018] (hunav_msgs) StdoutLine: {'line': b'\x1b[35m\x1b[1mConsolidate compiler generated dependencies of target hunav_msgs__rosidl_typesupport_cpp\x1b[0m\n'}
[0.063229] (hunav_msgs) StdoutLine: {'line': b'\x1b[35m\x1b[1mConsolidate compiler generated dependencies of target hunav_msgs__rosidl_typesupport_introspection_cpp\x1b[0m\n'}
[0.063329] (hunav_msgs) StdoutLine: {'line': b'\x1b[35m\x1b[1mConsolidate compiler generated dependencies of target hunav_msgs__rosidl_typesupport_fastrtps_cpp\x1b[0m\n'}
[0.066285] (hunav_msgs) StdoutLine: {'line': b'\x1b[35m\x1b[1mConsolidate compiler generated dependencies of target hunav_msgs__rosidl_typesupport_c\x1b[0m\n'}
[0.066733] (hunav_msgs) StdoutLine: {'line': b'\x1b[35m\x1b[1mConsolidate compiler generated dependencies of target hunav_msgs__rosidl_typesupport_introspection_c\x1b[0m\n'}
[0.067249] (hunav_msgs) StdoutLine: {'line': b'\x1b[35m\x1b[1mConsolidate compiler generated dependencies of target hunav_msgs__rosidl_typesupport_fastrtps_c\x1b[0m\n'}
[0.077563] (hunav_msgs) StdoutLine: {'line': b'[ 43%] Built target hunav_msgs__rosidl_typesupport_cpp\n'}
[0.077722] (hunav_msgs) StdoutLine: {'line': b'[ 43%] Built target hunav_msgs__rosidl_typesupport_c\n'}
[0.077772] (hunav_msgs) StdoutLine: {'line': b'[ 47%] Built target hunav_msgs__rosidl_typesupport_fastrtps_cpp\n'}
[0.078130] (hunav_msgs) StdoutLine: {'line': b'[ 58%] Built target hunav_msgs__rosidl_typesupport_introspection_c\n'}
[0.079283] (hunav_msgs) StdoutLine: {'line': b'[ 70%] Built target hunav_msgs__rosidl_typesupport_introspection_cpp\n'}
[0.081828] (hunav_msgs) StdoutLine: {'line': b'[ 81%] Built target hunav_msgs__rosidl_typesupport_fastrtps_c\n'}
[0.098736] (hunav_msgs) StdoutLine: {'line': b'[ 81%] Built target hunav_msgs\n'}
[0.099563] (-) TimerEvent: {}
[0.117911] (hunav_msgs) StdoutLine: {'line': b'[ 82%] Built target hunav_msgs__py\n'}
[0.128104] (hunav_msgs) StdoutLine: {'line': b'\x1b[35m\x1b[1mConsolidate compiler generated dependencies of target hunav_msgs__rosidl_generator_py\x1b[0m\n'}
[0.144871] (hunav_msgs) StdoutLine: {'line': b'[ 93%] Built target hunav_msgs__rosidl_generator_py\n'}
[0.152936] (hunav_msgs) StdoutLine: {'line': b'\x1b[35m\x1b[1mConsolidate compiler generated dependencies of target hunav_msgs__rosidl_typesupport_introspection_c__pyext\x1b[0m\n'}
[0.153118] (hunav_msgs) StdoutLine: {'line': b'\x1b[35m\x1b[1mConsolidate compiler generated dependencies of target hunav_msgs__rosidl_typesupport_c__pyext\x1b[0m\n'}
[0.153196] (hunav_msgs) StdoutLine: {'line': b'\x1b[35m\x1b[1mConsolidate compiler generated dependencies of target hunav_msgs__rosidl_typesupport_fastrtps_c__pyext\x1b[0m\n'}
[0.163853] (hunav_msgs) StdoutLine: {'line': b'[ 96%] Built target hunav_msgs__rosidl_typesupport_c__pyext\n'}
[0.164054] (hunav_msgs) StdoutLine: {'line': b'[100%] Built target hunav_msgs__rosidl_typesupport_introspection_c__pyext\n'}
[0.164140] (hunav_msgs) StdoutLine: {'line': b'[100%] Built target hunav_msgs__rosidl_typesupport_fastrtps_c__pyext\n'}
[0.191610] (hunav_msgs) StdoutLine: {'line': b'running egg_info\n'}
[0.192045] (hunav_msgs) StdoutLine: {'line': b'writing hunav_msgs.egg-info/PKG-INFO\n'}
[0.192201] (hunav_msgs) StdoutLine: {'line': b'writing dependency_links to hunav_msgs.egg-info/dependency_links.txt\n'}
[0.192295] (hunav_msgs) StdoutLine: {'line': b'writing top-level names to hunav_msgs.egg-info/top_level.txt\n'}
[0.193627] (hunav_msgs) StdoutLine: {'line': b"reading manifest file 'hunav_msgs.egg-info/SOURCES.txt'\n"}
[0.193963] (hunav_msgs) StdoutLine: {'line': b"writing manifest file 'hunav_msgs.egg-info/SOURCES.txt'\n"}
[0.199640] (-) TimerEvent: {}
[0.211549] (hunav_msgs) StdoutLine: {'line': b'[100%] Built target ament_cmake_python_build_hunav_msgs_egg\n'}
[0.221481] (hunav_msgs) CommandEnded: {'returncode': 0}
[0.221993] (hunav_msgs) JobProgress: {'identifier': 'hunav_msgs', 'progress': 'install'}
[0.229549] (hunav_msgs) Command: {'cmd': ['/usr/bin/cmake', '--install', '/home/hunav_gz_classic_ws/build/hunav_msgs'], 'cwd': '/home/hunav_gz_classic_ws/build/hunav_msgs', 'env': OrderedDict([('HOSTNAME', 'kenny-srl'), ('SHLVL', '1'), ('LD_LIBRARY_PATH', '/usr/lib/x86_64-linux-gnu/gazebo-11/plugins:/opt/ros/humble/opt/rviz_ogre_vendor/lib:/opt/ros/humble/lib/x86_64-linux-gnu:/opt/ros/humble/lib'), ('HOME', '/root'), ('OLDPWD', '/home/pmb2_ws'), ('ROS_PYTHON_VERSION', '3'), ('ROS_DISTRO', 'humble'), ('_', '/usr/bin/colcon'), ('ROS_VERSION', '2'), ('NVIDIA_DRIVER_CAPABILITIES', 'all'), ('TERM', 'xterm'), ('GAZEBO_MODEL_PATH', ''), ('ROS_LOCALHOST_ONLY', '0'), ('QT_X11_NO_MITSHM', '1'), ('PATH', '/opt/ros/humble/bin:/usr/local/sbin:/usr/local/bin:/usr/sbin:/usr/bin:/sbin:/bin'), ('XDG_RUNTIME_DIR', '/tmp'), ('DISPLAY', ':1'), ('LANG', 'C.UTF-8'), ('RMW_IMPLEMENTATION', 'rmw_cyclonedds_cpp'), ('AMENT_PREFIX_PATH', '/opt/ros/humble'), ('DEBIAN_FRONTEND', 'noninteractive'), ('SHELL', '/bin/bash'), ('GAZEBO_RESOURCE_PATH', ''), ('PWD', '/home/hunav_gz_classic_ws/build/hunav_msgs'), ('LC_ALL', 'C.UTF-8'), ('GAZEBO_PLUGIN_PATH', ''), ('PYTHONPATH', '/opt/ros/humble/lib/python3.10/site-packages:/opt/ros/humble/local/lib/python3.10/dist-packages'), ('NVIDIA_VISIBLE_DEVICES', 'all'), ('COLCON', '1'), ('EDITOR', 'nano'), ('CMAKE_PREFIX_PATH', '/opt/ros/humble')]), 'shell': False}
[0.235790] (hunav_msgs) StdoutLine: {'line': b'-- Install configuration: ""\n'}
[0.236254] (hunav_msgs) StdoutLine: {'line': b'-- Execute custom install script\n'}
[0.236390] (hunav_msgs) StdoutLine: {'line': b'-- Up-to-date symlink: /home/hunav_gz_classic_ws/install/hunav_msgs/share/ament_index/resource_index/rosidl_interfaces/hunav_msgs\n'}
[0.236838] (hunav_msgs) StdoutLine: {'line': b'-- Up-to-date symlink: /home/hunav_gz_classic_ws/install/hunav_msgs/include/hunav_msgs/hunav_msgs/msg/agent.h\n'}
[0.236932] (hunav_msgs) StdoutLine: {'line': b'-- Up-to-date symlink: /home/hunav_gz_classic_ws/install/hunav_msgs/include/hunav_msgs/hunav_msgs/msg/agent_behavior.h\n'}
[0.237002] (hunav_msgs) StdoutLine: {'line': b'-- Up-to-date symlink: /home/hunav_gz_classic_ws/install/hunav_msgs/include/hunav_msgs/hunav_msgs/msg/agents.h\n'}
[0.237039] (hunav_msgs) StdoutLine: {'line': b'-- Up-to-date symlink: /home/hunav_gz_classic_ws/install/hunav_msgs/include/hunav_msgs/hunav_msgs/msg/detail/agent__functions.h\n'}
[0.237090] (hunav_msgs) StdoutLine: {'line': b'-- Up-to-date symlink: /home/hunav_gz_classic_ws/install/hunav_msgs/include/hunav_msgs/hunav_msgs/msg/detail/agent__struct.h\n'}
[0.237144] (hunav_msgs) StdoutLine: {'line': b'-- Up-to-date symlink: /home/hunav_gz_classic_ws/install/hunav_msgs/include/hunav_msgs/hunav_msgs/msg/detail/agent__type_support.h\n'}
[0.237215] (hunav_msgs) StdoutLine: {'line': b'-- Up-to-date symlink: /home/hunav_gz_classic_ws/install/hunav_msgs/include/hunav_msgs/hunav_msgs/msg/detail/agent_behavior__functions.h\n'}
[0.237283] (hunav_msgs) StdoutLine: {'line': b'-- Up-to-date symlink: /home/hunav_gz_classic_ws/install/hunav_msgs/include/hunav_msgs/hunav_msgs/msg/detail/agent_behavior__struct.h\n'}
[0.237351] (hunav_msgs) StdoutLine: {'line': b'-- Up-to-date symlink: /home/hunav_gz_classic_ws/install/hunav_msgs/include/hunav_msgs/hunav_msgs/msg/detail/agent_behavior__type_support.h\n'}
[0.237419] (hunav_msgs) StdoutLine: {'line': b'-- Up-to-date symlink: /home/hunav_gz_classic_ws/install/hunav_msgs/include/hunav_msgs/hunav_msgs/msg/detail/agents__functions.h\n'}
[0.237487] (hunav_msgs) StdoutLine: {'line': b'-- Up-to-date symlink: /home/hunav_gz_classic_ws/install/hunav_msgs/include/hunav_msgs/hunav_msgs/msg/detail/agents__struct.h\n'}
[0.237558] (hunav_msgs) StdoutLine: {'line': b'-- Up-to-date symlink: /home/hunav_gz_classic_ws/install/hunav_msgs/include/hunav_msgs/hunav_msgs/msg/detail/agents__type_support.h\n'}
[0.237622] (hunav_msgs) StdoutLine: {'line': b'-- Up-to-date symlink: /home/hunav_gz_classic_ws/install/hunav_msgs/include/hunav_msgs/hunav_msgs/msg/rosidl_generator_c__visibility_control.h\n'}
[0.237688] (hunav_msgs) StdoutLine: {'line': b'-- Up-to-date symlink: /home/hunav_gz_classic_ws/install/hunav_msgs/include/hunav_msgs/hunav_msgs/srv/compute_agent.h\n'}
[0.237752] (hunav_msgs) StdoutLine: {'line': b'-- Up-to-date symlink: /home/hunav_gz_classic_ws/install/hunav_msgs/include/hunav_msgs/hunav_msgs/srv/compute_agents.h\n'}
[0.237821] (hunav_msgs) StdoutLine: {'line': b'-- Up-to-date symlink: /home/hunav_gz_classic_ws/install/hunav_msgs/include/hunav_msgs/hunav_msgs/srv/detail/compute_agent__functions.h\n'}
[0.237889] (hunav_msgs) StdoutLine: {'line': b'-- Up-to-date symlink: /home/hunav_gz_classic_ws/install/hunav_msgs/include/hunav_msgs/hunav_msgs/srv/detail/compute_agent__struct.h\n'}
[0.237956] (hunav_msgs) StdoutLine: {'line': b'-- Up-to-date symlink: /home/hunav_gz_classic_ws/install/hunav_msgs/include/hunav_msgs/hunav_msgs/srv/detail/compute_agent__type_support.h\n'}
[0.238024] (hunav_msgs) StdoutLine: {'line': b'-- Up-to-date symlink: /home/hunav_gz_classic_ws/install/hunav_msgs/include/hunav_msgs/hunav_msgs/srv/detail/compute_agents__functions.h\n'}
[0.238123] (hunav_msgs) StdoutLine: {'line': b'-- Up-to-date symlink: /home/hunav_gz_classic_ws/install/hunav_msgs/include/hunav_msgs/hunav_msgs/srv/detail/compute_agents__struct.h\n'}
[0.238185] (hunav_msgs) StdoutLine: {'line': b'-- Up-to-date symlink: /home/hunav_gz_classic_ws/install/hunav_msgs/include/hunav_msgs/hunav_msgs/srv/detail/compute_agents__type_support.h\n'}
[0.238235] (hunav_msgs) StdoutLine: {'line': b'-- Up-to-date symlink: /home/hunav_gz_classic_ws/install/hunav_msgs/include/hunav_msgs/hunav_msgs/srv/detail/get_agents__functions.h\n'}
[0.238301] (hunav_msgs) StdoutLine: {'line': b'-- Up-to-date symlink: /home/hunav_gz_classic_ws/install/hunav_msgs/include/hunav_msgs/hunav_msgs/srv/detail/get_agents__struct.h\n'}
[0.238369] (hunav_msgs) StdoutLine: {'line': b'-- Up-to-date symlink: /home/hunav_gz_classic_ws/install/hunav_msgs/include/hunav_msgs/hunav_msgs/srv/detail/get_agents__type_support.h\n'}
[0.238437] (hunav_msgs) StdoutLine: {'line': b'-- Up-to-date symlink: /home/hunav_gz_classic_ws/install/hunav_msgs/include/hunav_msgs/hunav_msgs/srv/detail/move_agent__functions.h\n'}
[0.238505] (hunav_msgs) StdoutLine: {'line': b'-- Up-to-date symlink: /home/hunav_gz_classic_ws/install/hunav_msgs/include/hunav_msgs/hunav_msgs/srv/detail/move_agent__struct.h\n'}
[0.238775] (hunav_msgs) StdoutLine: {'line': b'-- Up-to-date symlink: /home/hunav_gz_classic_ws/install/hunav_msgs/include/hunav_msgs/hunav_msgs/srv/detail/move_agent__type_support.h\n'}
[0.238845] (hunav_msgs) StdoutLine: {'line': b'-- Up-to-date symlink: /home/hunav_gz_classic_ws/install/hunav_msgs/include/hunav_msgs/hunav_msgs/srv/detail/reset_agents__functions.h\n'}
[0.238940] (hunav_msgs) StdoutLine: {'line': b'-- Up-to-date symlink: /home/hunav_gz_classic_ws/install/hunav_msgs/include/hunav_msgs/hunav_msgs/srv/detail/reset_agents__struct.h\n'}
[0.239122] (hunav_msgs) StdoutLine: {'line': b'-- Up-to-date symlink: /home/hunav_gz_classic_ws/install/hunav_msgs/include/hunav_msgs/hunav_msgs/srv/detail/reset_agents__type_support.h\n'}
[0.239307] (hunav_msgs) StdoutLine: {'line': b'-- Up-to-date symlink: /home/hunav_gz_classic_ws/install/hunav_msgs/include/hunav_msgs/hunav_msgs/srv/get_agents.h\n'}
[0.239451] (hunav_msgs) StdoutLine: {'line': b'-- Up-to-date symlink: /home/hunav_gz_classic_ws/install/hunav_msgs/include/hunav_msgs/hunav_msgs/srv/move_agent.h\n'}
[0.239582] (hunav_msgs) StdoutLine: {'line': b'-- Up-to-date symlink: /home/hunav_gz_classic_ws/install/hunav_msgs/include/hunav_msgs/hunav_msgs/srv/reset_agents.h\n'}
[0.239801] (hunav_msgs) StdoutLine: {'line': b'-- Up-to-date symlink: /home/hunav_gz_classic_ws/install/hunav_msgs/share/hunav_msgs/environment/library_path.sh\n'}
[0.239970] (hunav_msgs) StdoutLine: {'line': b'-- Up-to-date symlink: /home/hunav_gz_classic_ws/install/hunav_msgs/share/hunav_msgs/environment/library_path.dsv\n'}
[0.240424] (hunav_msgs) StdoutLine: {'line': b'-- Up-to-date symlink: /home/hunav_gz_classic_ws/install/hunav_msgs/include/hunav_msgs/hunav_msgs/msg/detail/agent__rosidl_typesupport_fastrtps_c.h\n'}
[0.240497] (hunav_msgs) StdoutLine: {'line': b'-- Up-to-date symlink: /home/hunav_gz_classic_ws/install/hunav_msgs/include/hunav_msgs/hunav_msgs/msg/detail/agent_behavior__rosidl_typesupport_fastrtps_c.h\n'}
[0.240575] (hunav_msgs) StdoutLine: {'line': b'-- Up-to-date symlink: /home/hunav_gz_classic_ws/install/hunav_msgs/include/hunav_msgs/hunav_msgs/msg/detail/agents__rosidl_typesupport_fastrtps_c.h\n'}
[0.240643] (hunav_msgs) StdoutLine: {'line': b'-- Up-to-date symlink: /home/hunav_gz_classic_ws/install/hunav_msgs/include/hunav_msgs/hunav_msgs/msg/rosidl_typesupport_fastrtps_c__visibility_control.h\n'}
[0.240712] (hunav_msgs) StdoutLine: {'line': b'-- Up-to-date symlink: /home/hunav_gz_classic_ws/install/hunav_msgs/include/hunav_msgs/hunav_msgs/srv/detail/compute_agent__rosidl_typesupport_fastrtps_c.h\n'}
[0.240782] (hunav_msgs) StdoutLine: {'line': b'-- Up-to-date symlink: /home/hunav_gz_classic_ws/install/hunav_msgs/include/hunav_msgs/hunav_msgs/srv/detail/compute_agents__rosidl_typesupport_fastrtps_c.h\n'}
[0.240850] (hunav_msgs) StdoutLine: {'line': b'-- Up-to-date symlink: /home/hunav_gz_classic_ws/install/hunav_msgs/include/hunav_msgs/hunav_msgs/srv/detail/get_agents__rosidl_typesupport_fastrtps_c.h\n'}
[0.240918] (hunav_msgs) StdoutLine: {'line': b'-- Up-to-date symlink: /home/hunav_gz_classic_ws/install/hunav_msgs/include/hunav_msgs/hunav_msgs/srv/detail/move_agent__rosidl_typesupport_fastrtps_c.h\n'}
[0.240990] (hunav_msgs) StdoutLine: {'line': b'-- Up-to-date symlink: /home/hunav_gz_classic_ws/install/hunav_msgs/include/hunav_msgs/hunav_msgs/srv/detail/reset_agents__rosidl_typesupport_fastrtps_c.h\n'}
[0.241416] (hunav_msgs) StdoutLine: {'line': b'-- Up-to-date symlink: /home/hunav_gz_classic_ws/install/hunav_msgs/include/hunav_msgs/hunav_msgs/msg/agent.hpp\n'}
[0.241484] (hunav_msgs) StdoutLine: {'line': b'-- Up-to-date symlink: /home/hunav_gz_classic_ws/install/hunav_msgs/include/hunav_msgs/hunav_msgs/msg/agent_behavior.hpp\n'}
[0.241551] (hunav_msgs) StdoutLine: {'line': b'-- Up-to-date symlink: /home/hunav_gz_classic_ws/install/hunav_msgs/include/hunav_msgs/hunav_msgs/msg/agents.hpp\n'}
[0.241621] (hunav_msgs) StdoutLine: {'line': b'-- Up-to-date symlink: /home/hunav_gz_classic_ws/install/hunav_msgs/include/hunav_msgs/hunav_msgs/msg/detail/agent__builder.hpp\n'}
[0.241690] (hunav_msgs) StdoutLine: {'line': b'-- Up-to-date symlink: /home/hunav_gz_classic_ws/install/hunav_msgs/include/hunav_msgs/hunav_msgs/msg/detail/agent__struct.hpp\n'}
[0.241757] (hunav_msgs) StdoutLine: {'line': b'-- Up-to-date symlink: /home/hunav_gz_classic_ws/install/hunav_msgs/include/hunav_msgs/hunav_msgs/msg/detail/agent__traits.hpp\n'}
[0.241826] (hunav_msgs) StdoutLine: {'line': b'-- Up-to-date symlink: /home/hunav_gz_classic_ws/install/hunav_msgs/include/hunav_msgs/hunav_msgs/msg/detail/agent__type_support.hpp\n'}
[0.241895] (hunav_msgs) StdoutLine: {'line': b'-- Up-to-date symlink: /home/hunav_gz_classic_ws/install/hunav_msgs/include/hunav_msgs/hunav_msgs/msg/detail/agent_behavior__builder.hpp\n'}
[0.241962] (hunav_msgs) StdoutLine: {'line': b'-- Up-to-date symlink: /home/hunav_gz_classic_ws/install/hunav_msgs/include/hunav_msgs/hunav_msgs/msg/detail/agent_behavior__struct.hpp\n'}
[0.242031] (hunav_msgs) StdoutLine: {'line': b'-- Up-to-date symlink: /home/hunav_gz_classic_ws/install/hunav_msgs/include/hunav_msgs/hunav_msgs/msg/detail/agent_behavior__traits.hpp\n'}
[0.242118] (hunav_msgs) StdoutLine: {'line': b'-- Up-to-date symlink: /home/hunav_gz_classic_ws/install/hunav_msgs/include/hunav_msgs/hunav_msgs/msg/detail/agent_behavior__type_support.hpp\n'}
[0.242196] (hunav_msgs) StdoutLine: {'line': b'-- Up-to-date symlink: /home/hunav_gz_classic_ws/install/hunav_msgs/include/hunav_msgs/hunav_msgs/msg/detail/agents__builder.hpp\n'}
[0.242264] (hunav_msgs) StdoutLine: {'line': b'-- Up-to-date symlink: /home/hunav_gz_classic_ws/install/hunav_msgs/include/hunav_msgs/hunav_msgs/msg/detail/agents__struct.hpp\n'}
[0.242332] (hunav_msgs) StdoutLine: {'line': b'-- Up-to-date symlink: /home/hunav_gz_classic_ws/install/hunav_msgs/include/hunav_msgs/hunav_msgs/msg/detail/agents__traits.hpp\n'}
[0.242400] (hunav_msgs) StdoutLine: {'line': b'-- Up-to-date symlink: /home/hunav_gz_classic_ws/install/hunav_msgs/include/hunav_msgs/hunav_msgs/msg/detail/agents__type_support.hpp\n'}
[0.242466] (hunav_msgs) StdoutLine: {'line': b'-- Up-to-date symlink: /home/hunav_gz_classic_ws/install/hunav_msgs/include/hunav_msgs/hunav_msgs/msg/rosidl_generator_cpp__visibility_control.hpp\n'}
[0.242530] (hunav_msgs) StdoutLine: {'line': b'-- Up-to-date symlink: /home/hunav_gz_classic_ws/install/hunav_msgs/include/hunav_msgs/hunav_msgs/srv/compute_agent.hpp\n'}
[0.242596] (hunav_msgs) StdoutLine: {'line': b'-- Up-to-date symlink: /home/hunav_gz_classic_ws/install/hunav_msgs/include/hunav_msgs/hunav_msgs/srv/compute_agents.hpp\n'}
[0.242664] (hunav_msgs) StdoutLine: {'line': b'-- Up-to-date symlink: /home/hunav_gz_classic_ws/install/hunav_msgs/include/hunav_msgs/hunav_msgs/srv/detail/compute_agent__builder.hpp\n'}
[0.242732] (hunav_msgs) StdoutLine: {'line': b'-- Up-to-date symlink: /home/hunav_gz_classic_ws/install/hunav_msgs/include/hunav_msgs/hunav_msgs/srv/detail/compute_agent__struct.hpp\n'}
[0.242798] (hunav_msgs) StdoutLine: {'line': b'-- Up-to-date symlink: /home/hunav_gz_classic_ws/install/hunav_msgs/include/hunav_msgs/hunav_msgs/srv/detail/compute_agent__traits.hpp\n'}
[0.242866] (hunav_msgs) StdoutLine: {'line': b'-- Up-to-date symlink: /home/hunav_gz_classic_ws/install/hunav_msgs/include/hunav_msgs/hunav_msgs/srv/detail/compute_agent__type_support.hpp\n'}
[0.242933] (hunav_msgs) StdoutLine: {'line': b'-- Up-to-date symlink: /home/hunav_gz_classic_ws/install/hunav_msgs/include/hunav_msgs/hunav_msgs/srv/detail/compute_agents__builder.hpp\n'}
[0.243218] (hunav_msgs) StdoutLine: {'line': b'-- Up-to-date symlink: /home/hunav_gz_classic_ws/install/hunav_msgs/include/hunav_msgs/hunav_msgs/srv/detail/compute_agents__struct.hpp\n'}
[0.243305] (hunav_msgs) StdoutLine: {'line': b'-- Up-to-date symlink: /home/hunav_gz_classic_ws/install/hunav_msgs/include/hunav_msgs/hunav_msgs/srv/detail/compute_agents__traits.hpp\n'}
[0.243354] (hunav_msgs) StdoutLine: {'line': b'-- Up-to-date symlink: /home/hunav_gz_classic_ws/install/hunav_msgs/include/hunav_msgs/hunav_msgs/srv/detail/compute_agents__type_support.hpp\n'}
[0.243386] (hunav_msgs) StdoutLine: {'line': b'-- Up-to-date symlink: /home/hunav_gz_classic_ws/install/hunav_msgs/include/hunav_msgs/hunav_msgs/srv/detail/get_agents__builder.hpp\n'}
[0.243414] (hunav_msgs) StdoutLine: {'line': b'-- Up-to-date symlink: /home/hunav_gz_classic_ws/install/hunav_msgs/include/hunav_msgs/hunav_msgs/srv/detail/get_agents__struct.hpp\n'}
[0.243497] (hunav_msgs) StdoutLine: {'line': b'-- Up-to-date symlink: /home/hunav_gz_classic_ws/install/hunav_msgs/include/hunav_msgs/hunav_msgs/srv/detail/get_agents__traits.hpp\n'}
[0.243525] (hunav_msgs) StdoutLine: {'line': b'-- Up-to-date symlink: /home/hunav_gz_classic_ws/install/hunav_msgs/include/hunav_msgs/hunav_msgs/srv/detail/get_agents__type_support.hpp\n'}
[0.243573] (hunav_msgs) StdoutLine: {'line': b'-- Up-to-date symlink: /home/hunav_gz_classic_ws/install/hunav_msgs/include/hunav_msgs/hunav_msgs/srv/detail/move_agent__builder.hpp\n'}
[0.243602] (hunav_msgs) StdoutLine: {'line': b'-- Up-to-date symlink: /home/hunav_gz_classic_ws/install/hunav_msgs/include/hunav_msgs/hunav_msgs/srv/detail/move_agent__struct.hpp\n'}
[0.243649] (hunav_msgs) StdoutLine: {'line': b'-- Up-to-date symlink: /home/hunav_gz_classic_ws/install/hunav_msgs/include/hunav_msgs/hunav_msgs/srv/detail/move_agent__traits.hpp\n'}
[0.243697] (hunav_msgs) StdoutLine: {'line': b'-- Up-to-date symlink: /home/hunav_gz_classic_ws/install/hunav_msgs/include/hunav_msgs/hunav_msgs/srv/detail/move_agent__type_support.hpp\n'}
[0.243772] (hunav_msgs) StdoutLine: {'line': b'-- Up-to-date symlink: /home/hunav_gz_classic_ws/install/hunav_msgs/include/hunav_msgs/hunav_msgs/srv/detail/reset_agents__builder.hpp\n'}
[0.243852] (hunav_msgs) StdoutLine: {'line': b'-- Up-to-date symlink: /home/hunav_gz_classic_ws/install/hunav_msgs/include/hunav_msgs/hunav_msgs/srv/detail/reset_agents__struct.hpp\n'}
[0.243922] (hunav_msgs) StdoutLine: {'line': b'-- Up-to-date symlink: /home/hunav_gz_classic_ws/install/hunav_msgs/include/hunav_msgs/hunav_msgs/srv/detail/reset_agents__traits.hpp\n'}
[0.244004] (hunav_msgs) StdoutLine: {'line': b'-- Up-to-date symlink: /home/hunav_gz_classic_ws/install/hunav_msgs/include/hunav_msgs/hunav_msgs/srv/detail/reset_agents__type_support.hpp\n'}
[0.244133] (hunav_msgs) StdoutLine: {'line': b'-- Up-to-date symlink: /home/hunav_gz_classic_ws/install/hunav_msgs/include/hunav_msgs/hunav_msgs/srv/get_agents.hpp\n'}
[0.244313] (hunav_msgs) StdoutLine: {'line': b'-- Up-to-date symlink: /home/hunav_gz_classic_ws/install/hunav_msgs/include/hunav_msgs/hunav_msgs/srv/move_agent.hpp\n'}
[0.244462] (hunav_msgs) StdoutLine: {'line': b'-- Up-to-date symlink: /home/hunav_gz_classic_ws/install/hunav_msgs/include/hunav_msgs/hunav_msgs/srv/reset_agents.hpp\n'}
[0.245171] (hunav_msgs) StdoutLine: {'line': b'-- Up-to-date symlink: /home/hunav_gz_classic_ws/install/hunav_msgs/include/hunav_msgs/hunav_msgs/msg/detail/agent__rosidl_typesupport_fastrtps_cpp.hpp\n'}
[0.245251] (hunav_msgs) StdoutLine: {'line': b'-- Up-to-date symlink: /home/hunav_gz_classic_ws/install/hunav_msgs/include/hunav_msgs/hunav_msgs/msg/detail/agent_behavior__rosidl_typesupport_fastrtps_cpp.hpp\n'}
[0.245332] (hunav_msgs) StdoutLine: {'line': b'-- Up-to-date symlink: /home/hunav_gz_classic_ws/install/hunav_msgs/include/hunav_msgs/hunav_msgs/msg/detail/agents__rosidl_typesupport_fastrtps_cpp.hpp\n'}
[0.245406] (hunav_msgs) StdoutLine: {'line': b'-- Up-to-date symlink: /home/hunav_gz_classic_ws/install/hunav_msgs/include/hunav_msgs/hunav_msgs/msg/rosidl_typesupport_fastrtps_cpp__visibility_control.h\n'}
[0.245485] (hunav_msgs) StdoutLine: {'line': b'-- Up-to-date symlink: /home/hunav_gz_classic_ws/install/hunav_msgs/include/hunav_msgs/hunav_msgs/srv/detail/compute_agent__rosidl_typesupport_fastrtps_cpp.hpp\n'}
[0.245562] (hunav_msgs) StdoutLine: {'line': b'-- Up-to-date symlink: /home/hunav_gz_classic_ws/install/hunav_msgs/include/hunav_msgs/hunav_msgs/srv/detail/compute_agents__rosidl_typesupport_fastrtps_cpp.hpp\n'}
[0.245639] (hunav_msgs) StdoutLine: {'line': b'-- Up-to-date symlink: /home/hunav_gz_classic_ws/install/hunav_msgs/include/hunav_msgs/hunav_msgs/srv/detail/get_agents__rosidl_typesupport_fastrtps_cpp.hpp\n'}
[0.245715] (hunav_msgs) StdoutLine: {'line': b'-- Up-to-date symlink: /home/hunav_gz_classic_ws/install/hunav_msgs/include/hunav_msgs/hunav_msgs/srv/detail/move_agent__rosidl_typesupport_fastrtps_cpp.hpp\n'}
[0.245791] (hunav_msgs) StdoutLine: {'line': b'-- Up-to-date symlink: /home/hunav_gz_classic_ws/install/hunav_msgs/include/hunav_msgs/hunav_msgs/srv/detail/reset_agents__rosidl_typesupport_fastrtps_cpp.hpp\n'}
[0.246079] (hunav_msgs) StdoutLine: {'line': b'-- Up-to-date symlink: /home/hunav_gz_classic_ws/install/hunav_msgs/include/hunav_msgs/hunav_msgs/msg/detail/agent__rosidl_typesupport_introspection_c.h\n'}
[0.246163] (hunav_msgs) StdoutLine: {'line': b'-- Up-to-date symlink: /home/hunav_gz_classic_ws/install/hunav_msgs/include/hunav_msgs/hunav_msgs/msg/detail/agent_behavior__rosidl_typesupport_introspection_c.h\n'}
[0.246241] (hunav_msgs) StdoutLine: {'line': b'-- Up-to-date symlink: /home/hunav_gz_classic_ws/install/hunav_msgs/include/hunav_msgs/hunav_msgs/msg/detail/agents__rosidl_typesupport_introspection_c.h\n'}
[0.246315] (hunav_msgs) StdoutLine: {'line': b'-- Up-to-date symlink: /home/hunav_gz_classic_ws/install/hunav_msgs/include/hunav_msgs/hunav_msgs/msg/rosidl_typesupport_introspection_c__visibility_control.h\n'}
[0.246396] (hunav_msgs) StdoutLine: {'line': b'-- Up-to-date symlink: /home/hunav_gz_classic_ws/install/hunav_msgs/include/hunav_msgs/hunav_msgs/srv/detail/compute_agent__rosidl_typesupport_introspection_c.h\n'}
[0.246474] (hunav_msgs) StdoutLine: {'line': b'-- Up-to-date symlink: /home/hunav_gz_classic_ws/install/hunav_msgs/include/hunav_msgs/hunav_msgs/srv/detail/compute_agents__rosidl_typesupport_introspection_c.h\n'}
[0.246550] (hunav_msgs) StdoutLine: {'line': b'-- Up-to-date symlink: /home/hunav_gz_classic_ws/install/hunav_msgs/include/hunav_msgs/hunav_msgs/srv/detail/get_agents__rosidl_typesupport_introspection_c.h\n'}
[0.246628] (hunav_msgs) StdoutLine: {'line': b'-- Up-to-date symlink: /home/hunav_gz_classic_ws/install/hunav_msgs/include/hunav_msgs/hunav_msgs/srv/detail/move_agent__rosidl_typesupport_introspection_c.h\n'}
[0.246706] (hunav_msgs) StdoutLine: {'line': b'-- Up-to-date symlink: /home/hunav_gz_classic_ws/install/hunav_msgs/include/hunav_msgs/hunav_msgs/srv/detail/reset_agents__rosidl_typesupport_introspection_c.h\n'}
[0.246981] (hunav_msgs) StdoutLine: {'line': b'-- Up-to-date symlink: /home/hunav_gz_classic_ws/install/hunav_msgs/include/hunav_msgs/hunav_msgs/msg/detail/agent__rosidl_typesupport_introspection_cpp.hpp\n'}
[0.247073] (hunav_msgs) StdoutLine: {'line': b'-- Up-to-date symlink: /home/hunav_gz_classic_ws/install/hunav_msgs/include/hunav_msgs/hunav_msgs/msg/detail/agent_behavior__rosidl_typesupport_introspection_cpp.hpp\n'}
[0.247147] (hunav_msgs) StdoutLine: {'line': b'-- Up-to-date symlink: /home/hunav_gz_classic_ws/install/hunav_msgs/include/hunav_msgs/hunav_msgs/msg/detail/agents__rosidl_typesupport_introspection_cpp.hpp\n'}
[0.247231] (hunav_msgs) StdoutLine: {'line': b'-- Up-to-date symlink: /home/hunav_gz_classic_ws/install/hunav_msgs/include/hunav_msgs/hunav_msgs/srv/detail/compute_agent__rosidl_typesupport_introspection_cpp.hpp\n'}
[0.247309] (hunav_msgs) StdoutLine: {'line': b'-- Up-to-date symlink: /home/hunav_gz_classic_ws/install/hunav_msgs/include/hunav_msgs/hunav_msgs/srv/detail/compute_agents__rosidl_typesupport_introspection_cpp.hpp\n'}
[0.247394] (hunav_msgs) StdoutLine: {'line': b'-- Up-to-date symlink: /home/hunav_gz_classic_ws/install/hunav_msgs/include/hunav_msgs/hunav_msgs/srv/detail/get_agents__rosidl_typesupport_introspection_cpp.hpp\n'}
[0.247470] (hunav_msgs) StdoutLine: {'line': b'-- Up-to-date symlink: /home/hunav_gz_classic_ws/install/hunav_msgs/include/hunav_msgs/hunav_msgs/srv/detail/move_agent__rosidl_typesupport_introspection_cpp.hpp\n'}
[0.247548] (hunav_msgs) StdoutLine: {'line': b'-- Up-to-date symlink: /home/hunav_gz_classic_ws/install/hunav_msgs/include/hunav_msgs/hunav_msgs/srv/detail/reset_agents__rosidl_typesupport_introspection_cpp.hpp\n'}
[0.247644] (hunav_msgs) StdoutLine: {'line': b'-- Up-to-date symlink: /home/hunav_gz_classic_ws/install/hunav_msgs/share/hunav_msgs/environment/pythonpath.sh\n'}
[0.247733] (hunav_msgs) StdoutLine: {'line': b'-- Up-to-date symlink: /home/hunav_gz_classic_ws/install/hunav_msgs/share/hunav_msgs/environment/pythonpath.dsv\n'}
[0.247909] (hunav_msgs) StdoutLine: {'line': b'-- Up-to-date symlink: /home/hunav_gz_classic_ws/install/hunav_msgs/local/lib/python3.10/dist-packages/hunav_msgs-1.0.0-py3.10.egg-info/PKG-INFO\n'}
[0.247986] (hunav_msgs) StdoutLine: {'line': b'-- Up-to-date symlink: /home/hunav_gz_classic_ws/install/hunav_msgs/local/lib/python3.10/dist-packages/hunav_msgs-1.0.0-py3.10.egg-info/SOURCES.txt\n'}
[0.248075] (hunav_msgs) StdoutLine: {'line': b'-- Up-to-date symlink: /home/hunav_gz_classic_ws/install/hunav_msgs/local/lib/python3.10/dist-packages/hunav_msgs-1.0.0-py3.10.egg-info/dependency_links.txt\n'}
[0.248146] (hunav_msgs) StdoutLine: {'line': b'-- Up-to-date symlink: /home/hunav_gz_classic_ws/install/hunav_msgs/local/lib/python3.10/dist-packages/hunav_msgs-1.0.0-py3.10.egg-info/top_level.txt\n'}
[0.248685] (hunav_msgs) StdoutLine: {'line': b'-- Up-to-date symlink: /home/hunav_gz_classic_ws/install/hunav_msgs/local/lib/python3.10/dist-packages/hunav_msgs/__init__.py\n'}
[0.248761] (hunav_msgs) StdoutLine: {'line': b'-- Up-to-date symlink: /home/hunav_gz_classic_ws/install/hunav_msgs/local/lib/python3.10/dist-packages/hunav_msgs/_hunav_msgs_s.ep.rosidl_typesupport_c.c\n'}
[0.248833] (hunav_msgs) StdoutLine: {'line': b'-- Up-to-date symlink: /home/hunav_gz_classic_ws/install/hunav_msgs/local/lib/python3.10/dist-packages/hunav_msgs/_hunav_msgs_s.ep.rosidl_typesupport_fastrtps_c.c\n'}
[0.248907] (hunav_msgs) StdoutLine: {'line': b'-- Up-to-date symlink: /home/hunav_gz_classic_ws/install/hunav_msgs/local/lib/python3.10/dist-packages/hunav_msgs/_hunav_msgs_s.ep.rosidl_typesupport_introspection_c.c\n'}
[0.248975] (hunav_msgs) StdoutLine: {'line': b'-- Up-to-date symlink: /home/hunav_gz_classic_ws/install/hunav_msgs/local/lib/python3.10/dist-packages/hunav_msgs/hunav_msgs_s__rosidl_typesupport_c.cpython-310-x86_64-linux-gnu.so\n'}
[0.249067] (hunav_msgs) StdoutLine: {'line': b'-- Up-to-date symlink: /home/hunav_gz_classic_ws/install/hunav_msgs/local/lib/python3.10/dist-packages/hunav_msgs/hunav_msgs_s__rosidl_typesupport_fastrtps_c.cpython-310-x86_64-linux-gnu.so\n'}
[0.249142] (hunav_msgs) StdoutLine: {'line': b'-- Up-to-date symlink: /home/hunav_gz_classic_ws/install/hunav_msgs/local/lib/python3.10/dist-packages/hunav_msgs/hunav_msgs_s__rosidl_typesupport_introspection_c.cpython-310-x86_64-linux-gnu.so\n'}
[0.249216] (hunav_msgs) StdoutLine: {'line': b'-- Up-to-date symlink: /home/hunav_gz_classic_ws/install/hunav_msgs/local/lib/python3.10/dist-packages/hunav_msgs/libhunav_msgs__rosidl_generator_py.so\n'}
[0.249294] (hunav_msgs) StdoutLine: {'line': b'-- Up-to-date symlink: /home/hunav_gz_classic_ws/install/hunav_msgs/local/lib/python3.10/dist-packages/hunav_msgs/msg/__init__.py\n'}
[0.249372] (hunav_msgs) StdoutLine: {'line': b'-- Up-to-date symlink: /home/hunav_gz_classic_ws/install/hunav_msgs/local/lib/python3.10/dist-packages/hunav_msgs/msg/_agent.py\n'}
[0.249449] (hunav_msgs) StdoutLine: {'line': b'-- Up-to-date symlink: /home/hunav_gz_classic_ws/install/hunav_msgs/local/lib/python3.10/dist-packages/hunav_msgs/msg/_agent_behavior.py\n'}
[0.249527] (hunav_msgs) StdoutLine: {'line': b'-- Up-to-date symlink: /home/hunav_gz_classic_ws/install/hunav_msgs/local/lib/python3.10/dist-packages/hunav_msgs/msg/_agent_behavior_s.c\n'}
[0.249602] (hunav_msgs) StdoutLine: {'line': b'-- Up-to-date symlink: /home/hunav_gz_classic_ws/install/hunav_msgs/local/lib/python3.10/dist-packages/hunav_msgs/msg/_agent_s.c\n'}
[0.249679] (hunav_msgs) StdoutLine: {'line': b'-- Up-to-date symlink: /home/hunav_gz_classic_ws/install/hunav_msgs/local/lib/python3.10/dist-packages/hunav_msgs/msg/_agents.py\n'}
[0.249755] (hunav_msgs) StdoutLine: {'line': b'-- Up-to-date symlink: /home/hunav_gz_classic_ws/install/hunav_msgs/local/lib/python3.10/dist-packages/hunav_msgs/msg/_agents_s.c\n'}
[0.249832] (hunav_msgs) StdoutLine: {'line': b'-- Up-to-date symlink: /home/hunav_gz_classic_ws/install/hunav_msgs/local/lib/python3.10/dist-packages/hunav_msgs/srv/__init__.py\n'}
[0.249907] (hunav_msgs) StdoutLine: {'line': b'-- Up-to-date symlink: /home/hunav_gz_classic_ws/install/hunav_msgs/local/lib/python3.10/dist-packages/hunav_msgs/srv/_compute_agent.py\n'}
[0.249984] (hunav_msgs) StdoutLine: {'line': b'-- Up-to-date symlink: /home/hunav_gz_classic_ws/install/hunav_msgs/local/lib/python3.10/dist-packages/hunav_msgs/srv/_compute_agent_s.c\n'}
[0.250062] (hunav_msgs) StdoutLine: {'line': b'-- Up-to-date symlink: /home/hunav_gz_classic_ws/install/hunav_msgs/local/lib/python3.10/dist-packages/hunav_msgs/srv/_compute_agents.py\n'}
[0.250143] (hunav_msgs) StdoutLine: {'line': b'-- Up-to-date symlink: /home/hunav_gz_classic_ws/install/hunav_msgs/local/lib/python3.10/dist-packages/hunav_msgs/srv/_compute_agents_s.c\n'}
[0.250218] (hunav_msgs) StdoutLine: {'line': b'-- Up-to-date symlink: /home/hunav_gz_classic_ws/install/hunav_msgs/local/lib/python3.10/dist-packages/hunav_msgs/srv/_get_agents.py\n'}
[0.250293] (hunav_msgs) StdoutLine: {'line': b'-- Up-to-date symlink: /home/hunav_gz_classic_ws/install/hunav_msgs/local/lib/python3.10/dist-packages/hunav_msgs/srv/_get_agents_s.c\n'}
[0.250373] (hunav_msgs) StdoutLine: {'line': b'-- Up-to-date symlink: /home/hunav_gz_classic_ws/install/hunav_msgs/local/lib/python3.10/dist-packages/hunav_msgs/srv/_move_agent.py\n'}
[0.250451] (hunav_msgs) StdoutLine: {'line': b'-- Up-to-date symlink: /home/hunav_gz_classic_ws/install/hunav_msgs/local/lib/python3.10/dist-packages/hunav_msgs/srv/_move_agent_s.c\n'}
[0.250525] (hunav_msgs) StdoutLine: {'line': b'-- Up-to-date symlink: /home/hunav_gz_classic_ws/install/hunav_msgs/local/lib/python3.10/dist-packages/hunav_msgs/srv/_reset_agents.py\n'}
[0.250599] (hunav_msgs) StdoutLine: {'line': b'-- Up-to-date symlink: /home/hunav_gz_classic_ws/install/hunav_msgs/local/lib/python3.10/dist-packages/hunav_msgs/srv/_reset_agents_s.c\n'}
[0.250764] (hunav_msgs) StdoutLine: {'line': b'-- Up-to-date symlink: /home/hunav_gz_classic_ws/install/hunav_msgs/local/lib/python3.10/dist-packages/hunav_msgs/hunav_msgs_s__rosidl_typesupport_fastrtps_c.cpython-310-x86_64-linux-gnu.so\n'}
[0.250909] (hunav_msgs) StdoutLine: {'line': b'-- Up-to-date symlink: /home/hunav_gz_classic_ws/install/hunav_msgs/local/lib/python3.10/dist-packages/hunav_msgs/hunav_msgs_s__rosidl_typesupport_introspection_c.cpython-310-x86_64-linux-gnu.so\n'}
[0.251086] (hunav_msgs) StdoutLine: {'line': b'-- Up-to-date symlink: /home/hunav_gz_classic_ws/install/hunav_msgs/local/lib/python3.10/dist-packages/hunav_msgs/hunav_msgs_s__rosidl_typesupport_c.cpython-310-x86_64-linux-gnu.so\n'}
[0.251176] (hunav_msgs) StdoutLine: {'line': b'-- Up-to-date symlink: /home/hunav_gz_classic_ws/install/hunav_msgs/share/hunav_msgs/msg/Agent.idl\n'}
[0.251279] (hunav_msgs) StdoutLine: {'line': b'-- Up-to-date symlink: /home/hunav_gz_classic_ws/install/hunav_msgs/share/hunav_msgs/msg/Agents.idl\n'}
[0.251378] (hunav_msgs) StdoutLine: {'line': b'-- Up-to-date symlink: /home/hunav_gz_classic_ws/install/hunav_msgs/share/hunav_msgs/msg/AgentBehavior.idl\n'}
[0.251475] (hunav_msgs) StdoutLine: {'line': b'-- Up-to-date symlink: /home/hunav_gz_classic_ws/install/hunav_msgs/share/hunav_msgs/srv/ComputeAgents.idl\n'}
[0.251573] (hunav_msgs) StdoutLine: {'line': b'-- Up-to-date symlink: /home/hunav_gz_classic_ws/install/hunav_msgs/share/hunav_msgs/srv/ComputeAgent.idl\n'}
[0.251664] (hunav_msgs) StdoutLine: {'line': b'-- Up-to-date symlink: /home/hunav_gz_classic_ws/install/hunav_msgs/share/hunav_msgs/srv/MoveAgent.idl\n'}
[0.251754] (hunav_msgs) StdoutLine: {'line': b'-- Up-to-date symlink: /home/hunav_gz_classic_ws/install/hunav_msgs/share/hunav_msgs/srv/GetAgents.idl\n'}
[0.251845] (hunav_msgs) StdoutLine: {'line': b'-- Up-to-date symlink: /home/hunav_gz_classic_ws/install/hunav_msgs/share/hunav_msgs/srv/ResetAgents.idl\n'}
[0.251937] (hunav_msgs) StdoutLine: {'line': b'-- Up-to-date symlink: /home/hunav_gz_classic_ws/install/hunav_msgs/share/hunav_msgs/msg/Agent.msg\n'}
[0.252027] (hunav_msgs) StdoutLine: {'line': b'-- Up-to-date symlink: /home/hunav_gz_classic_ws/install/hunav_msgs/share/hunav_msgs/msg/Agents.msg\n'}
[0.252125] (hunav_msgs) StdoutLine: {'line': b'-- Up-to-date symlink: /home/hunav_gz_classic_ws/install/hunav_msgs/share/hunav_msgs/msg/AgentBehavior.msg\n'}
[0.252214] (hunav_msgs) StdoutLine: {'line': b'-- Up-to-date symlink: /home/hunav_gz_classic_ws/install/hunav_msgs/share/hunav_msgs/srv/ComputeAgents.srv\n'}
[0.252304] (hunav_msgs) StdoutLine: {'line': b'-- Up-to-date symlink: /home/hunav_gz_classic_ws/install/hunav_msgs/share/hunav_msgs/srv/ComputeAgents_Request.msg\n'}
[0.252391] (hunav_msgs) StdoutLine: {'line': b'-- Up-to-date symlink: /home/hunav_gz_classic_ws/install/hunav_msgs/share/hunav_msgs/srv/ComputeAgents_Response.msg\n'}
[0.252479] (hunav_msgs) StdoutLine: {'line': b'-- Up-to-date symlink: /home/hunav_gz_classic_ws/install/hunav_msgs/share/hunav_msgs/srv/ComputeAgent.srv\n'}
[0.252566] (hunav_msgs) StdoutLine: {'line': b'-- Up-to-date symlink: /home/hunav_gz_classic_ws/install/hunav_msgs/share/hunav_msgs/srv/ComputeAgent_Request.msg\n'}
[0.252669] (hunav_msgs) StdoutLine: {'line': b'-- Up-to-date symlink: /home/hunav_gz_classic_ws/install/hunav_msgs/share/hunav_msgs/srv/ComputeAgent_Response.msg\n'}
[0.252756] (hunav_msgs) StdoutLine: {'line': b'-- Up-to-date symlink: /home/hunav_gz_classic_ws/install/hunav_msgs/share/hunav_msgs/srv/MoveAgent.srv\n'}
[0.252843] (hunav_msgs) StdoutLine: {'line': b'-- Up-to-date symlink: /home/hunav_gz_classic_ws/install/hunav_msgs/share/hunav_msgs/srv/MoveAgent_Request.msg\n'}
[0.252929] (hunav_msgs) StdoutLine: {'line': b'-- Up-to-date symlink: /home/hunav_gz_classic_ws/install/hunav_msgs/share/hunav_msgs/srv/MoveAgent_Response.msg\n'}
[0.253017] (hunav_msgs) StdoutLine: {'line': b'-- Up-to-date symlink: /home/hunav_gz_classic_ws/install/hunav_msgs/share/hunav_msgs/srv/GetAgents.srv\n'}
[0.253251] (hunav_msgs) StdoutLine: {'line': b'-- Up-to-date symlink: /home/hunav_gz_classic_ws/install/hunav_msgs/share/hunav_msgs/srv/GetAgents_Request.msg\n'}
[0.253518] (hunav_msgs) StdoutLine: {'line': b'-- Up-to-date symlink: /home/hunav_gz_classic_ws/install/hunav_msgs/share/hunav_msgs/srv/GetAgents_Response.msg\n'}
[0.253747] (hunav_msgs) StdoutLine: {'line': b'-- Up-to-date symlink: /home/hunav_gz_classic_ws/install/hunav_msgs/share/hunav_msgs/srv/ResetAgents.srv\n'}
[0.253944] (hunav_msgs) StdoutLine: {'line': b'-- Up-to-date symlink: /home/hunav_gz_classic_ws/install/hunav_msgs/share/hunav_msgs/srv/ResetAgents_Request.msg\n'}
[0.254021] (hunav_msgs) StdoutLine: {'line': b'-- Up-to-date symlink: /home/hunav_gz_classic_ws/install/hunav_msgs/share/hunav_msgs/srv/ResetAgents_Response.msg\n'}
[0.254152] (hunav_msgs) StdoutLine: {'line': b'-- Up-to-date symlink: /home/hunav_gz_classic_ws/install/hunav_msgs/share/ament_index/resource_index/package_run_dependencies/hunav_msgs\n'}
[0.254259] (hunav_msgs) StdoutLine: {'line': b'-- Up-to-date symlink: /home/hunav_gz_classic_ws/install/hunav_msgs/share/ament_index/resource_index/parent_prefix_path/hunav_msgs\n'}
[0.254345] (hunav_msgs) StdoutLine: {'line': b'-- Up-to-date symlink: /home/hunav_gz_classic_ws/install/hunav_msgs/share/hunav_msgs/environment/ament_prefix_path.sh\n'}
[0.254428] (hunav_msgs) StdoutLine: {'line': b'-- Up-to-date symlink: /home/hunav_gz_classic_ws/install/hunav_msgs/share/hunav_msgs/environment/ament_prefix_path.dsv\n'}
[0.254496] (hunav_msgs) StdoutLine: {'line': b'-- Up-to-date symlink: /home/hunav_gz_classic_ws/install/hunav_msgs/share/hunav_msgs/environment/path.sh\n'}
[0.254569] (hunav_msgs) StdoutLine: {'line': b'-- Up-to-date symlink: /home/hunav_gz_classic_ws/install/hunav_msgs/share/hunav_msgs/environment/path.dsv\n'}
[0.254639] (hunav_msgs) StdoutLine: {'line': b'-- Up-to-date symlink: /home/hunav_gz_classic_ws/install/hunav_msgs/share/hunav_msgs/local_setup.bash\n'}
[0.254707] (hunav_msgs) StdoutLine: {'line': b'-- Up-to-date symlink: /home/hunav_gz_classic_ws/install/hunav_msgs/share/hunav_msgs/local_setup.sh\n'}
[0.254792] (hunav_msgs) StdoutLine: {'line': b'-- Up-to-date symlink: /home/hunav_gz_classic_ws/install/hunav_msgs/share/hunav_msgs/local_setup.zsh\n'}
[0.254868] (hunav_msgs) StdoutLine: {'line': b'-- Up-to-date symlink: /home/hunav_gz_classic_ws/install/hunav_msgs/share/hunav_msgs/local_setup.dsv\n'}
[0.254928] (hunav_msgs) StdoutLine: {'line': b'-- Symlinking: /home/hunav_gz_classic_ws/install/hunav_msgs/share/hunav_msgs/package.dsv\n'}
[0.262379] (hunav_msgs) StdoutLine: {'line': b'-- Up-to-date symlink: /home/hunav_gz_classic_ws/install/hunav_msgs/share/ament_index/resource_index/packages/hunav_msgs\n'}
[0.262563] (hunav_msgs) StdoutLine: {'line': b'-- Up-to-date symlink: /home/hunav_gz_classic_ws/install/hunav_msgs/share/hunav_msgs/cmake/rosidl_cmake-extras.cmake\n'}
[0.262798] (hunav_msgs) StdoutLine: {'line': b'-- Up-to-date symlink: /home/hunav_gz_classic_ws/install/hunav_msgs/share/hunav_msgs/cmake/ament_cmake_export_dependencies-extras.cmake\n'}
[0.262962] (hunav_msgs) StdoutLine: {'line': b'-- Up-to-date symlink: /home/hunav_gz_classic_ws/install/hunav_msgs/share/hunav_msgs/cmake/ament_cmake_export_include_directories-extras.cmake\n'}
[0.263101] (hunav_msgs) StdoutLine: {'line': b'-- Up-to-date symlink: /home/hunav_gz_classic_ws/install/hunav_msgs/share/hunav_msgs/cmake/ament_cmake_export_libraries-extras.cmake\n'}
[0.263188] (hunav_msgs) StdoutLine: {'line': b'-- Up-to-date symlink: /home/hunav_gz_classic_ws/install/hunav_msgs/share/hunav_msgs/cmake/ament_cmake_export_targets-extras.cmake\n'}
[0.263270] (hunav_msgs) StdoutLine: {'line': b'-- Up-to-date symlink: /home/hunav_gz_classic_ws/install/hunav_msgs/share/hunav_msgs/cmake/rosidl_cmake_export_typesupport_targets-extras.cmake\n'}
[0.263373] (hunav_msgs) StdoutLine: {'line': b'-- Up-to-date symlink: /home/hunav_gz_classic_ws/install/hunav_msgs/share/hunav_msgs/cmake/rosidl_cmake_export_typesupport_libraries-extras.cmake\n'}
[0.263461] (hunav_msgs) StdoutLine: {'line': b'-- Up-to-date symlink: /home/hunav_gz_classic_ws/install/hunav_msgs/share/hunav_msgs/cmake/hunav_msgsConfig.cmake\n'}
[0.263542] (hunav_msgs) StdoutLine: {'line': b'-- Up-to-date symlink: /home/hunav_gz_classic_ws/install/hunav_msgs/share/hunav_msgs/cmake/hunav_msgsConfig-version.cmake\n'}
[0.263608] (hunav_msgs) StdoutLine: {'line': b'-- Up-to-date symlink: /home/hunav_gz_classic_ws/install/hunav_msgs/share/hunav_msgs/package.xml\n'}
[0.263684] (hunav_msgs) StdoutLine: {'line': b'-- Up-to-date: /home/hunav_gz_classic_ws/install/hunav_msgs/lib/libhunav_msgs__rosidl_generator_c.so\n'}
[0.263881] (hunav_msgs) StdoutLine: {'line': b'-- Up-to-date: /home/hunav_gz_classic_ws/install/hunav_msgs/lib/libhunav_msgs__rosidl_typesupport_fastrtps_c.so\n'}
[0.264102] (hunav_msgs) StdoutLine: {'line': b'-- Up-to-date: /home/hunav_gz_classic_ws/install/hunav_msgs/lib/libhunav_msgs__rosidl_typesupport_fastrtps_cpp.so\n'}
[0.264288] (hunav_msgs) StdoutLine: {'line': b'-- Up-to-date: /home/hunav_gz_classic_ws/install/hunav_msgs/lib/libhunav_msgs__rosidl_typesupport_introspection_c.so\n'}
[0.264469] (hunav_msgs) StdoutLine: {'line': b'-- Up-to-date: /home/hunav_gz_classic_ws/install/hunav_msgs/lib/libhunav_msgs__rosidl_typesupport_c.so\n'}
[0.264653] (hunav_msgs) StdoutLine: {'line': b'-- Up-to-date: /home/hunav_gz_classic_ws/install/hunav_msgs/lib/libhunav_msgs__rosidl_typesupport_introspection_cpp.so\n'}
[0.264841] (hunav_msgs) StdoutLine: {'line': b'-- Up-to-date: /home/hunav_gz_classic_ws/install/hunav_msgs/lib/libhunav_msgs__rosidl_typesupport_cpp.so\n'}
[0.283890] (hunav_msgs) StdoutLine: {'line': b"Listing '/home/hunav_gz_classic_ws/install/hunav_msgs/local/lib/python3.10/dist-packages/hunav_msgs'...\n"}
[0.284067] (hunav_msgs) StdoutLine: {'line': b"Listing '/home/hunav_gz_classic_ws/install/hunav_msgs/local/lib/python3.10/dist-packages/hunav_msgs/msg'...\n"}
[0.284169] (hunav_msgs) StdoutLine: {'line': b"Listing '/home/hunav_gz_classic_ws/install/hunav_msgs/local/lib/python3.10/dist-packages/hunav_msgs/srv'...\n"}
[0.286379] (hunav_msgs) StdoutLine: {'line': b'-- Up-to-date: /home/hunav_gz_classic_ws/install/hunav_msgs/lib/libhunav_msgs__rosidl_generator_py.so\n'}
[0.286598] (hunav_msgs) StdoutLine: {'line': b'-- Up-to-date: /home/hunav_gz_classic_ws/install/hunav_msgs/share/hunav_msgs/cmake/export_hunav_msgs__rosidl_generator_cExport.cmake\n'}
[0.286690] (hunav_msgs) StdoutLine: {'line': b'-- Up-to-date: /home/hunav_gz_classic_ws/install/hunav_msgs/share/hunav_msgs/cmake/export_hunav_msgs__rosidl_generator_cExport-noconfig.cmake\n'}
[0.286910] (hunav_msgs) StdoutLine: {'line': b'-- Up-to-date: /home/hunav_gz_classic_ws/install/hunav_msgs/share/hunav_msgs/cmake/export_hunav_msgs__rosidl_typesupport_fastrtps_cExport.cmake\n'}
[0.286984] (hunav_msgs) StdoutLine: {'line': b'-- Up-to-date: /home/hunav_gz_classic_ws/install/hunav_msgs/share/hunav_msgs/cmake/export_hunav_msgs__rosidl_typesupport_fastrtps_cExport-noconfig.cmake\n'}
[0.287028] (hunav_msgs) StdoutLine: {'line': b'-- Up-to-date: /home/hunav_gz_classic_ws/install/hunav_msgs/share/hunav_msgs/cmake/export_hunav_msgs__rosidl_generator_cppExport.cmake\n'}
[0.287083] (hunav_msgs) StdoutLine: {'line': b'-- Up-to-date: /home/hunav_gz_classic_ws/install/hunav_msgs/share/hunav_msgs/cmake/export_hunav_msgs__rosidl_typesupport_fastrtps_cppExport.cmake\n'}
[0.287114] (hunav_msgs) StdoutLine: {'line': b'-- Up-to-date: /home/hunav_gz_classic_ws/install/hunav_msgs/share/hunav_msgs/cmake/export_hunav_msgs__rosidl_typesupport_fastrtps_cppExport-noconfig.cmake\n'}
[0.287139] (hunav_msgs) StdoutLine: {'line': b'-- Up-to-date: /home/hunav_gz_classic_ws/install/hunav_msgs/share/hunav_msgs/cmake/hunav_msgs__rosidl_typesupport_introspection_cExport.cmake\n'}
[0.287163] (hunav_msgs) StdoutLine: {'line': b'-- Up-to-date: /home/hunav_gz_classic_ws/install/hunav_msgs/share/hunav_msgs/cmake/hunav_msgs__rosidl_typesupport_introspection_cExport-noconfig.cmake\n'}
[0.287187] (hunav_msgs) StdoutLine: {'line': b'-- Up-to-date: /home/hunav_gz_classic_ws/install/hunav_msgs/share/hunav_msgs/cmake/hunav_msgs__rosidl_typesupport_cExport.cmake\n'}
[0.287211] (hunav_msgs) StdoutLine: {'line': b'-- Up-to-date: /home/hunav_gz_classic_ws/install/hunav_msgs/share/hunav_msgs/cmake/hunav_msgs__rosidl_typesupport_cExport-noconfig.cmake\n'}
[0.287234] (hunav_msgs) StdoutLine: {'line': b'-- Up-to-date: /home/hunav_gz_classic_ws/install/hunav_msgs/share/hunav_msgs/cmake/hunav_msgs__rosidl_typesupport_introspection_cppExport.cmake\n'}
[0.287258] (hunav_msgs) StdoutLine: {'line': b'-- Up-to-date: /home/hunav_gz_classic_ws/install/hunav_msgs/share/hunav_msgs/cmake/hunav_msgs__rosidl_typesupport_introspection_cppExport-noconfig.cmake\n'}
[0.287282] (hunav_msgs) StdoutLine: {'line': b'-- Up-to-date: /home/hunav_gz_classic_ws/install/hunav_msgs/share/hunav_msgs/cmake/hunav_msgs__rosidl_typesupport_cppExport.cmake\n'}
[0.287309] (hunav_msgs) StdoutLine: {'line': b'-- Up-to-date: /home/hunav_gz_classic_ws/install/hunav_msgs/share/hunav_msgs/cmake/hunav_msgs__rosidl_typesupport_cppExport-noconfig.cmake\n'}
[0.287332] (hunav_msgs) StdoutLine: {'line': b'-- Up-to-date: /home/hunav_gz_classic_ws/install/hunav_msgs/share/hunav_msgs/cmake/export_hunav_msgs__rosidl_generator_pyExport.cmake\n'}
[0.287354] (hunav_msgs) StdoutLine: {'line': b'-- Up-to-date: /home/hunav_gz_classic_ws/install/hunav_msgs/share/hunav_msgs/cmake/export_hunav_msgs__rosidl_generator_pyExport-noconfig.cmake\n'}
[0.288764] (hunav_msgs) CommandEnded: {'returncode': 0}
[0.299813] (-) TimerEvent: {}
[0.302806] (hunav_msgs) JobEnded: {'identifier': 'hunav_msgs', 'rc': 0}
[0.303584] (hunav_agent_manager) JobStarted: {'identifier': 'hunav_agent_manager'}
[0.305597] (hunav_evaluator) JobStarted: {'identifier': 'hunav_evaluator'}
[0.308744] (hunav_rviz2_panel) JobStarted: {'identifier': 'hunav_rviz2_panel'}
[0.311580] (hunav_gazebo_wrapper) JobStarted: {'identifier': 'hunav_gazebo_wrapper'}
[0.317896] (hunav_agent_manager) JobProgress: {'identifier': 'hunav_agent_manager', 'progress': 'cmake'}
[0.318902] (hunav_agent_manager) Command: {'cmd': ['/usr/bin/cmake', '/home/hunav_gz_classic_ws/src/hunav_sim/hunav_agent_manager', '-DAMENT_CMAKE_SYMLINK_INSTALL=1', '-DCMAKE_INSTALL_PREFIX=/home/hunav_gz_classic_ws/install/hunav_agent_manager'], 'cwd': '/home/hunav_gz_classic_ws/build/hunav_agent_manager', 'env': OrderedDict([('HOSTNAME', 'kenny-srl'), ('SHLVL', '1'), ('LD_LIBRARY_PATH', '/home/hunav_gz_classic_ws/install/hunav_msgs/lib:/usr/lib/x86_64-linux-gnu/gazebo-11/plugins:/opt/ros/humble/opt/rviz_ogre_vendor/lib:/opt/ros/humble/lib/x86_64-linux-gnu:/opt/ros/humble/lib'), ('HOME', '/root'), ('OLDPWD', '/home/pmb2_ws'), ('ROS_PYTHON_VERSION', '3'), ('ROS_DISTRO', 'humble'), ('_', '/usr/bin/colcon'), ('ROS_VERSION', '2'), ('NVIDIA_DRIVER_CAPABILITIES', 'all'), ('TERM', 'xterm'), ('GAZEBO_MODEL_PATH', ''), ('ROS_LOCALHOST_ONLY', '0'), ('QT_X11_NO_MITSHM', '1'), ('PATH', '/opt/ros/humble/bin:/usr/local/sbin:/usr/local/bin:/usr/sbin:/usr/bin:/sbin:/bin'), ('XDG_RUNTIME_DIR', '/tmp'), ('DISPLAY', ':1'), ('LANG', 'C.UTF-8'), ('RMW_IMPLEMENTATION', 'rmw_cyclonedds_cpp'), ('AMENT_PREFIX_PATH', '/home/hunav_gz_classic_ws/install/hunav_msgs:/opt/ros/humble'), ('DEBIAN_FRONTEND', 'noninteractive'), ('SHELL', '/bin/bash'), ('GAZEBO_RESOURCE_PATH', ''), ('PWD', '/home/hunav_gz_classic_ws/build/hunav_agent_manager'), ('LC_ALL', 'C.UTF-8'), ('GAZEBO_PLUGIN_PATH', ''), ('PYTHONPATH', '/home/hunav_gz_classic_ws/install/hunav_msgs/local/lib/python3.10/dist-packages:/opt/ros/humble/lib/python3.10/site-packages:/opt/ros/humble/local/lib/python3.10/dist-packages'), ('NVIDIA_VISIBLE_DEVICES', 'all'), ('COLCON', '1'), ('EDITOR', 'nano'), ('CMAKE_PREFIX_PATH', '/home/hunav_gz_classic_ws/install/hunav_msgs:/opt/ros/humble')]), 'shell': False}
[0.399907] (-) TimerEvent: {}
[0.461339] (hunav_rviz2_panel) JobProgress: {'identifier': 'hunav_rviz2_panel', 'progress': 'cmake'}
[0.461838] (hunav_rviz2_panel) JobProgress: {'identifier': 'hunav_rviz2_panel', 'progress': 'build'}
[0.462533] (hunav_rviz2_panel) Command: {'cmd': ['/usr/bin/cmake', '--build', '/home/hunav_gz_classic_ws/build/hunav_rviz2_panel', '--', '-j16', '-l16'], 'cwd': '/home/hunav_gz_classic_ws/build/hunav_rviz2_panel', 'env': OrderedDict([('HOSTNAME', 'kenny-srl'), ('SHLVL', '1'), ('LD_LIBRARY_PATH', '/home/hunav_gz_classic_ws/install/hunav_msgs/lib:/usr/lib/x86_64-linux-gnu/gazebo-11/plugins:/opt/ros/humble/opt/rviz_ogre_vendor/lib:/opt/ros/humble/lib/x86_64-linux-gnu:/opt/ros/humble/lib'), ('HOME', '/root'), ('OLDPWD', '/home/pmb2_ws'), ('ROS_PYTHON_VERSION', '3'), ('ROS_DISTRO', 'humble'), ('_', '/usr/bin/colcon'), ('ROS_VERSION', '2'), ('NVIDIA_DRIVER_CAPABILITIES', 'all'), ('TERM', 'xterm'), ('GAZEBO_MODEL_PATH', ''), ('ROS_LOCALHOST_ONLY', '0'), ('QT_X11_NO_MITSHM', '1'), ('PATH', '/opt/ros/humble/bin:/usr/local/sbin:/usr/local/bin:/usr/sbin:/usr/bin:/sbin:/bin'), ('XDG_RUNTIME_DIR', '/tmp'), ('DISPLAY', ':1'), ('LANG', 'C.UTF-8'), ('RMW_IMPLEMENTATION', 'rmw_cyclonedds_cpp'), ('AMENT_PREFIX_PATH', '/home/hunav_gz_classic_ws/install/hunav_msgs:/opt/ros/humble'), ('DEBIAN_FRONTEND', 'noninteractive'), ('SHELL', '/bin/bash'), ('GAZEBO_RESOURCE_PATH', ''), ('PWD', '/home/hunav_gz_classic_ws/build/hunav_rviz2_panel'), ('LC_ALL', 'C.UTF-8'), ('GAZEBO_PLUGIN_PATH', ''), ('PYTHONPATH', '/home/hunav_gz_classic_ws/install/hunav_msgs/local/lib/python3.10/dist-packages:/opt/ros/humble/lib/python3.10/site-packages:/opt/ros/humble/local/lib/python3.10/dist-packages'), ('NVIDIA_VISIBLE_DEVICES', 'all'), ('COLCON', '1'), ('EDITOR', 'nano'), ('CMAKE_PREFIX_PATH', '/home/hunav_gz_classic_ws/install/hunav_msgs:/opt/ros/humble')]), 'shell': False}
[0.464018] (hunav_agent_manager) StdoutLine: {'line': b'-- Found ament_cmake: 1.3.11 (/opt/ros/humble/share/ament_cmake/cmake)\n'}
[0.464294] (hunav_agent_manager) StdoutLine: {'line': b'-- Override CMake install command with custom implementation using symlinks instead of copying resources\n'}
[0.464347] (hunav_agent_manager) StdoutLine: {'line': b'-- Found rclcpp: 16.0.12 (/opt/ros/humble/share/rclcpp/cmake)\n'}
[0.464385] (hunav_agent_manager) StdoutLine: {'line': b'-- Found rosidl_generator_c: 3.1.6 (/opt/ros/humble/share/rosidl_generator_c/cmake)\n'}
[0.464420] (hunav_agent_manager) StdoutLine: {'line': b'-- Found rosidl_adapter: 3.1.6 (/opt/ros/humble/share/rosidl_adapter/cmake)\n'}
[0.464455] (hunav_agent_manager) StdoutLine: {'line': b'-- Found rosidl_generator_cpp: 3.1.6 (/opt/ros/humble/share/rosidl_generator_cpp/cmake)\n'}
[0.464490] (hunav_agent_manager) StdoutLine: {'line': b'-- Using all available rosidl_typesupport_c: rosidl_typesupport_fastrtps_c;rosidl_typesupport_introspection_c\n'}
[0.464525] (hunav_agent_manager) StdoutLine: {'line': b'-- Using all available rosidl_typesupport_cpp: rosidl_typesupport_fastrtps_cpp;rosidl_typesupport_introspection_cpp\n'}
[0.464561] (hunav_agent_manager) StdoutLine: {'line': b'-- Found rmw_implementation_cmake: 6.1.2 (/opt/ros/humble/share/rmw_implementation_cmake/cmake)\n'}
[0.464595] (hunav_agent_manager) StdoutLine: {'line': b'-- Found rmw_cyclonedds_cpp: 1.3.4 (/opt/ros/humble/share/rmw_cyclonedds_cpp/cmake)\n'}
[0.464675] (hunav_gazebo_wrapper) JobProgress: {'identifier': 'hunav_gazebo_wrapper', 'progress': 'cmake'}
[0.465173] (hunav_gazebo_wrapper) JobProgress: {'identifier': 'hunav_gazebo_wrapper', 'progress': 'build'}
[0.465376] (hunav_gazebo_wrapper) Command: {'cmd': ['/usr/bin/cmake', '--build', '/home/hunav_gz_classic_ws/build/hunav_gazebo_wrapper', '--', '-j16', '-l16'], 'cwd': '/home/hunav_gz_classic_ws/build/hunav_gazebo_wrapper', 'env': OrderedDict([('HOSTNAME', 'kenny-srl'), ('SHLVL', '1'), ('LD_LIBRARY_PATH', '/home/hunav_gz_classic_ws/install/hunav_msgs/lib:/usr/lib/x86_64-linux-gnu/gazebo-11/plugins:/opt/ros/humble/opt/rviz_ogre_vendor/lib:/opt/ros/humble/lib/x86_64-linux-gnu:/opt/ros/humble/lib'), ('HOME', '/root'), ('OLDPWD', '/home/pmb2_ws'), ('ROS_PYTHON_VERSION', '3'), ('ROS_DISTRO', 'humble'), ('_', '/usr/bin/colcon'), ('ROS_VERSION', '2'), ('NVIDIA_DRIVER_CAPABILITIES', 'all'), ('TERM', 'xterm'), ('GAZEBO_MODEL_PATH', ''), ('ROS_LOCALHOST_ONLY', '0'), ('QT_X11_NO_MITSHM', '1'), ('PATH', '/opt/ros/humble/bin:/usr/local/sbin:/usr/local/bin:/usr/sbin:/usr/bin:/sbin:/bin'), ('XDG_RUNTIME_DIR', '/tmp'), ('DISPLAY', ':1'), ('LANG', 'C.UTF-8'), ('RMW_IMPLEMENTATION', 'rmw_cyclonedds_cpp'), ('AMENT_PREFIX_PATH', '/home/hunav_gz_classic_ws/install/hunav_msgs:/opt/ros/humble'), ('DEBIAN_FRONTEND', 'noninteractive'), ('SHELL', '/bin/bash'), ('GAZEBO_RESOURCE_PATH', ''), ('PWD', '/home/hunav_gz_classic_ws/build/hunav_gazebo_wrapper'), ('LC_ALL', 'C.UTF-8'), ('GAZEBO_PLUGIN_PATH', ''), ('PYTHONPATH', '/home/hunav_gz_classic_ws/install/hunav_msgs/local/lib/python3.10/dist-packages:/opt/ros/humble/lib/python3.10/site-packages:/opt/ros/humble/local/lib/python3.10/dist-packages'), ('NVIDIA_VISIBLE_DEVICES', 'all'), ('COLCON', '1'), ('EDITOR', 'nano'), ('CMAKE_PREFIX_PATH', '/home/hunav_gz_classic_ws/install/hunav_msgs:/opt/ros/humble')]), 'shell': False}
[0.475131] (hunav_agent_manager) StdoutLine: {'line': b"-- Using RMW implementation 'rmw_cyclonedds_cpp' as default\n"}
[0.500052] (-) TimerEvent: {}
[0.509580] (hunav_agent_manager) StdoutLine: {'line': b'-- Found hunav_msgs: 1.0.0 (/home/hunav_gz_classic_ws/install/hunav_msgs/share/hunav_msgs/cmake)\n'}
[0.511855] (hunav_gazebo_wrapper) StdoutLine: {'line': b'[ 50%] \x1b[32mBuilding CXX object CMakeFiles/HuNavPlugin.dir/src/HuNavPlugin.cpp.o\x1b[0m\n'}
[0.512058] (hunav_gazebo_wrapper) StdoutLine: {'line': b'[ 50%] \x1b[32mBuilding CXX object CMakeFiles/hunav_gazebo_world_generator.dir/src/WorldGenerator.cpp.o\x1b[0m\n'}
[0.512115] (hunav_rviz2_panel) StdoutLine: {'line': b'[ 16%] \x1b[34m\x1b[1mAutomatic MOC for target hunav_rviz2_panel\x1b[0m\n'}
[0.542343] (hunav_agent_manager) StderrLine: {'line': b'\x1b[31mCMake Error at CMakeLists.txt:12 (find_package):\n'}
[0.542511] (hunav_agent_manager) StderrLine: {'line': b'  By not providing "Findpeople_msgs.cmake" in CMAKE_MODULE_PATH this project\n'}
[0.542559] (hunav_agent_manager) StderrLine: {'line': b'  has asked CMake to find a package configuration file provided by\n'}
[0.542600] (hunav_agent_manager) StderrLine: {'line': b'  "people_msgs", but CMake did not find one.\n'}
[0.542637] (hunav_agent_manager) StderrLine: {'line': b'\n'}
[0.542674] (hunav_agent_manager) StderrLine: {'line': b'  Could not find a package configuration file provided by "people_msgs" with\n'}
[0.542711] (hunav_agent_manager) StderrLine: {'line': b'  any of the following names:\n'}
[0.542747] (hunav_agent_manager) StderrLine: {'line': b'\n'}
[0.542782] (hunav_agent_manager) StderrLine: {'line': b'    people_msgsConfig.cmake\n'}
[0.542818] (hunav_agent_manager) StderrLine: {'line': b'    people_msgs-config.cmake\n'}
[0.542852] (hunav_agent_manager) StderrLine: {'line': b'\n'}
[0.542885] (hunav_agent_manager) StderrLine: {'line': b'  Add the installation prefix of "people_msgs" to CMAKE_PREFIX_PATH or set\n'}
[0.542919] (hunav_agent_manager) StderrLine: {'line': b'  "people_msgs_DIR" to a directory containing one of the above files.  If\n'}
[0.542952] (hunav_agent_manager) StderrLine: {'line': b'  "people_msgs" provides a separate development package or SDK, be sure it\n'}
[0.542985] (hunav_agent_manager) StderrLine: {'line': b'  has been installed.\n'}
[0.543018] (hunav_agent_manager) StderrLine: {'line': b'\n'}
[0.543060] (hunav_agent_manager) StderrLine: {'line': b'\x1b[0m\n'}
[0.543096] (hunav_agent_manager) StdoutLine: {'line': b'-- Configuring incomplete, errors occurred!\n'}
[0.543137] (hunav_agent_manager) StdoutLine: {'line': b'See also "/home/hunav_gz_classic_ws/build/hunav_agent_manager/CMakeFiles/CMakeOutput.log".\n'}
[0.552280] (hunav_agent_manager) CommandEnded: {'returncode': 1}
[0.568271] (hunav_agent_manager) JobEnded: {'identifier': 'hunav_agent_manager', 'rc': 1}
[0.600100] (-) TimerEvent: {}
[0.700410] (-) TimerEvent: {}
[0.707830] (hunav_evaluator) JobEnded: {'identifier': 'hunav_evaluator', 'rc': 'SIGINT'}
[0.800500] (-) TimerEvent: {}
[0.900875] (-) TimerEvent: {}
[1.001527] (-) TimerEvent: {}
[1.017180] (hunav_rviz2_panel) StdoutLine: {'line': b'[ 16%] Built target hunav_rviz2_panel_autogen\n'}
[1.036985] (hunav_rviz2_panel) StdoutLine: {'line': b'[ 66%] \x1b[32mBuilding CXX object CMakeFiles/hunav_rviz2_panel.dir/src/metrics_panel.cpp.o\x1b[0m\n'}
[1.037165] (hunav_rviz2_panel) StdoutLine: {'line': b'[ 66%] \x1b[32mBuilding CXX object CMakeFiles/hunav_rviz2_panel.dir/src/goal_tool.cpp.o\x1b[0m\n'}
[1.037216] (hunav_rviz2_panel) StdoutLine: {'line': b'[ 66%] \x1b[32mBuilding CXX object CMakeFiles/hunav_rviz2_panel.dir/src/actor_panel.cpp.o\x1b[0m\n'}
[1.037257] (hunav_rviz2_panel) StdoutLine: {'line': b'[ 83%] \x1b[32mBuilding CXX object CMakeFiles/hunav_rviz2_panel.dir/hunav_rviz2_panel_autogen/mocs_compilation.cpp.o\x1b[0m\n'}
[1.101632] (-) TimerEvent: {}
[1.201974] (-) TimerEvent: {}
[1.302419] (-) TimerEvent: {}
[1.402732] (-) TimerEvent: {}
[1.503052] (-) TimerEvent: {}
[1.603373] (-) TimerEvent: {}
[1.703712] (-) TimerEvent: {}
[1.804046] (-) TimerEvent: {}
[1.904380] (-) TimerEvent: {}
[2.004712] (-) TimerEvent: {}
[2.105048] (-) TimerEvent: {}
[2.205402] (-) TimerEvent: {}
[2.305723] (-) TimerEvent: {}
[2.406060] (-) TimerEvent: {}
[2.506434] (-) TimerEvent: {}
[2.606725] (-) TimerEvent: {}
[2.707103] (-) TimerEvent: {}
[2.807451] (-) TimerEvent: {}
[2.907820] (-) TimerEvent: {}
[3.008189] (-) TimerEvent: {}
[3.108517] (-) TimerEvent: {}
[3.208804] (-) TimerEvent: {}
[3.309104] (-) TimerEvent: {}
[3.409459] (-) TimerEvent: {}
[3.509822] (-) TimerEvent: {}
[3.531312] (hunav_gazebo_wrapper) StdoutLine: {'line': b'[ 75%] \x1b[32m\x1b[1mLinking CXX executable hunav_gazebo_world_generator\x1b[0m\n'}
[3.609928] (-) TimerEvent: {}
[3.674404] (hunav_gazebo_wrapper) StdoutLine: {'line': b'[ 75%] Built target hunav_gazebo_world_generator\n'}
[3.710023] (-) TimerEvent: {}
[3.810316] (-) TimerEvent: {}
[3.910638] (-) TimerEvent: {}
[4.010978] (-) TimerEvent: {}
[4.111345] (-) TimerEvent: {}
[4.211689] (-) TimerEvent: {}
[4.312030] (-) TimerEvent: {}
[4.412380] (-) TimerEvent: {}
[4.512724] (-) TimerEvent: {}
[4.613083] (-) TimerEvent: {}
[4.713400] (-) TimerEvent: {}
[4.813747] (-) TimerEvent: {}
[4.914108] (-) TimerEvent: {}
[5.014452] (-) TimerEvent: {}
[5.114797] (-) TimerEvent: {}
[5.215107] (-) TimerEvent: {}
[5.315448] (-) TimerEvent: {}
[5.415748] (-) TimerEvent: {}
[5.516032] (-) TimerEvent: {}
[5.616399] (-) TimerEvent: {}
[5.716753] (-) TimerEvent: {}
[5.817111] (-) TimerEvent: {}
[5.917468] (-) TimerEvent: {}
[6.017816] (-) TimerEvent: {}
[6.118168] (-) TimerEvent: {}
[6.218525] (-) TimerEvent: {}
[6.318878] (-) TimerEvent: {}
[6.419252] (-) TimerEvent: {}
[6.519615] (-) TimerEvent: {}
[6.619974] (-) TimerEvent: {}
[6.720345] (-) TimerEvent: {}
[6.820693] (-) TimerEvent: {}
[6.921019] (-) TimerEvent: {}
[7.021358] (-) TimerEvent: {}
[7.121695] (-) TimerEvent: {}
[7.222030] (-) TimerEvent: {}
[7.322390] (-) TimerEvent: {}
[7.422739] (-) TimerEvent: {}
[7.523079] (-) TimerEvent: {}
[7.623891] (-) TimerEvent: {}
[7.724242] (-) TimerEvent: {}
[7.824573] (-) TimerEvent: {}
[7.925136] (-) TimerEvent: {}
[8.025480] (-) TimerEvent: {}
[8.125809] (-) TimerEvent: {}
[8.226132] (-) TimerEvent: {}
[8.326472] (-) TimerEvent: {}
[8.426843] (-) TimerEvent: {}
[8.527340] (-) TimerEvent: {}
[8.600754] (hunav_rviz2_panel) StdoutLine: {'line': b'[100%] \x1b[32m\x1b[1mLinking CXX shared library libhunav_rviz2_panel.so\x1b[0m\n'}
[8.627464] (-) TimerEvent: {}
[8.727809] (-) TimerEvent: {}
[8.828162] (-) TimerEvent: {}
[8.928537] (-) TimerEvent: {}
[9.028900] (-) TimerEvent: {}
[9.129282] (-) TimerEvent: {}
[9.229657] (-) TimerEvent: {}
[9.330018] (-) TimerEvent: {}
[9.430396] (-) TimerEvent: {}
[9.530770] (-) TimerEvent: {}
[9.631211] (-) TimerEvent: {}
[9.731589] (-) TimerEvent: {}
[9.831930] (-) TimerEvent: {}
[9.932275] (-) TimerEvent: {}
[10.032642] (-) TimerEvent: {}
[10.133023] (-) TimerEvent: {}
[10.233391] (-) TimerEvent: {}
[10.333735] (-) TimerEvent: {}
[10.434079] (-) TimerEvent: {}
[10.443883] (hunav_rviz2_panel) StdoutLine: {'line': b'[100%] Built target hunav_rviz2_panel\n'}
[10.454605] (hunav_rviz2_panel) JobEnded: {'identifier': 'hunav_rviz2_panel', 'rc': 'SIGINT'}
[10.534202] (-) TimerEvent: {}
[10.634525] (-) TimerEvent: {}
[10.734861] (-) TimerEvent: {}
[10.835213] (-) TimerEvent: {}
[10.935551] (-) TimerEvent: {}
[11.035887] (-) TimerEvent: {}
[11.136237] (-) TimerEvent: {}
[11.236574] (-) TimerEvent: {}
[11.336914] (-) TimerEvent: {}
[11.437275] (-) TimerEvent: {}
[11.537648] (-) TimerEvent: {}
[11.638086] (-) TimerEvent: {}
[11.738773] (-) TimerEvent: {}
[11.839112] (-) TimerEvent: {}
[11.939444] (-) TimerEvent: {}
[12.039747] (-) TimerEvent: {}
[12.140044] (-) TimerEvent: {}
[12.240536] (-) TimerEvent: {}
[12.340843] (-) TimerEvent: {}
[12.441470] (-) TimerEvent: {}
[12.541778] (-) TimerEvent: {}
[12.642073] (-) TimerEvent: {}
[12.742411] (-) TimerEvent: {}
[12.842736] (-) TimerEvent: {}
[12.943022] (-) TimerEvent: {}
[13.043883] (-) TimerEvent: {}
[13.144181] (-) TimerEvent: {}
[13.244478] (-) TimerEvent: {}
[13.341168] (hunav_gazebo_wrapper) StdoutLine: {'line': b'[100%] \x1b[32m\x1b[1mLinking CXX shared library libHuNavPlugin.so\x1b[0m\n'}
[13.344584] (-) TimerEvent: {}
[13.444876] (-) TimerEvent: {}
[13.545226] (-) TimerEvent: {}
[13.645530] (-) TimerEvent: {}
[13.745891] (-) TimerEvent: {}
[13.846228] (-) TimerEvent: {}
[13.903444] (hunav_gazebo_wrapper) StdoutLine: {'line': b'[100%] Built target HuNavPlugin\n'}
[13.913413] (hunav_gazebo_wrapper) JobEnded: {'identifier': 'hunav_gazebo_wrapper', 'rc': 'SIGINT'}
[13.924044] (hunav_sim) JobSkipped: {'identifier': 'hunav_sim'}
[13.924170] (-) EventReactorShutdown: {}
