[ 16%] [34m[1mAutomatic MOC for target hunav_rviz2_panel[0m
[ 16%] Built target hunav_rviz2_panel_autogen
[100%] Built target hunav_rviz2_panel
-- Install configuration: ""
-- Execute custom install script
-- Symlinking: /home/hunav_gz_classic_ws/install/hunav_rviz2_panel/share/hunav_rviz2_panel//plugins_description.xml
-- Symlinking: /home/hunav_gz_classic_ws/install/hunav_rviz2_panel/include//headers/actor_panel.hpp
-- Symlinking: /home/hunav_gz_classic_ws/install/hunav_rviz2_panel/include//headers/goal_common.hpp
-- Symlinking: /home/hunav_gz_classic_ws/install/hunav_rviz2_panel/include//headers/goal_pose_updater.hpp
-- Symlinking: /home/hunav_gz_classic_ws/install/hunav_rviz2_panel/include//headers/goal_tool.hpp
-- Symlinking: /home/hunav_gz_classic_ws/install/hunav_rviz2_panel/include//headers/metrics_panel.hpp
-- Symlinking: /home/hunav_gz_classic_ws/install/hunav_rviz2_panel/share/hunav_rviz2_panel/meshes/casual_man.dae
-- Symlinking: /home/hunav_gz_classic_ws/install/hunav_rviz2_panel/share/hunav_rviz2_panel/meshes/elegant_man.dae
-- Symlinking: /home/hunav_gz_classic_ws/install/hunav_rviz2_panel/share/hunav_rviz2_panel/meshes/elegant_woman.dae
-- Symlinking: /home/hunav_gz_classic_ws/install/hunav_rviz2_panel/share/hunav_rviz2_panel/meshes/regular_man.dae
-- Symlinking: /home/hunav_gz_classic_ws/install/hunav_rviz2_panel/share/hunav_rviz2_panel/meshes/ring.dae
-- Symlinking: /home/hunav_gz_classic_ws/install/hunav_rviz2_panel/share/hunav_rviz2_panel/meshes/textures/braid01_diffuse.png
-- Symlinking: /home/hunav_gz_classic_ws/install/hunav_rviz2_panel/share/hunav_rviz2_panel/meshes/textures/brown_eye.png
-- Symlinking: /home/hunav_gz_classic_ws/install/hunav_rviz2_panel/share/hunav_rviz2_panel/meshes/textures/eyebrow001.png
-- Symlinking: /home/hunav_gz_classic_ws/install/hunav_rviz2_panel/share/hunav_rviz2_panel/meshes/textures/eyelashes01.png
-- Symlinking: /home/hunav_gz_classic_ws/install/hunav_rviz2_panel/share/hunav_rviz2_panel/meshes/textures/female_casualsuit01_diffuse.png
-- Symlinking: /home/hunav_gz_classic_ws/install/hunav_rviz2_panel/share/hunav_rviz2_panel/meshes/textures/female_casualsuit01_normal.png
-- Symlinking: /home/hunav_gz_classic_ws/install/hunav_rviz2_panel/share/hunav_rviz2_panel/meshes/textures/male_casualsuit01_diffuse.png
-- Symlinking: /home/hunav_gz_classic_ws/install/hunav_rviz2_panel/share/hunav_rviz2_panel/meshes/textures/male_casualsuit01_normal.png
-- Symlinking: /home/hunav_gz_classic_ws/install/hunav_rviz2_panel/share/hunav_rviz2_panel/meshes/textures/male_casualsuit04_diffuse.png
-- Symlinking: /home/hunav_gz_classic_ws/install/hunav_rviz2_panel/share/hunav_rviz2_panel/meshes/textures/male_casualsuit04_normal.png
-- Symlinking: /home/hunav_gz_classic_ws/install/hunav_rviz2_panel/share/hunav_rviz2_panel/meshes/textures/male_casualsuit06_diffuse.png
-- Symlinking: /home/hunav_gz_classic_ws/install/hunav_rviz2_panel/share/hunav_rviz2_panel/meshes/textures/male_casualsuit06_normal.png
-- Symlinking: /home/hunav_gz_classic_ws/install/hunav_rviz2_panel/share/hunav_rviz2_panel/meshes/textures/male_elegantsuit01_diffuse.png
-- Symlinking: /home/hunav_gz_classic_ws/install/hunav_rviz2_panel/share/hunav_rviz2_panel/meshes/textures/male_worksuit01_diffuse.png
-- Symlinking: /home/hunav_gz_classic_ws/install/hunav_rviz2_panel/share/hunav_rviz2_panel/meshes/textures/male_worksuit01_normal.png
-- Symlinking: /home/hunav_gz_classic_ws/install/hunav_rviz2_panel/share/hunav_rviz2_panel/meshes/textures/middleage_darkskinned_male_diffuse.png
-- Symlinking: /home/hunav_gz_classic_ws/install/hunav_rviz2_panel/share/hunav_rviz2_panel/meshes/textures/middleage_lightskinned_male_diffuse.png
-- Symlinking: /home/hunav_gz_classic_ws/install/hunav_rviz2_panel/share/hunav_rviz2_panel/meshes/textures/shoes01_diffuse.png
-- Symlinking: /home/hunav_gz_classic_ws/install/hunav_rviz2_panel/share/hunav_rviz2_panel/meshes/textures/shoes01_normal.png
-- Symlinking: /home/hunav_gz_classic_ws/install/hunav_rviz2_panel/share/hunav_rviz2_panel/meshes/textures/shoes03_diffuse.png
-- Symlinking: /home/hunav_gz_classic_ws/install/hunav_rviz2_panel/share/hunav_rviz2_panel/meshes/textures/shoes05_diffuse.png
-- Symlinking: /home/hunav_gz_classic_ws/install/hunav_rviz2_panel/share/hunav_rviz2_panel/meshes/textures/short01_diffuse.png
-- Symlinking: /home/hunav_gz_classic_ws/install/hunav_rviz2_panel/share/hunav_rviz2_panel/meshes/textures/short02_diffuse.png
-- Symlinking: /home/hunav_gz_classic_ws/install/hunav_rviz2_panel/share/hunav_rviz2_panel/meshes/textures/short03_diffuse.png
-- Symlinking: /home/hunav_gz_classic_ws/install/hunav_rviz2_panel/share/hunav_rviz2_panel/meshes/walk.dae
-- Symlinking: /home/hunav_gz_classic_ws/install/hunav_rviz2_panel/share/hunav_rviz2_panel/meshes/worker_man.dae
-- Symlinking: /home/hunav_gz_classic_ws/install/hunav_rviz2_panel/share/hunav_rviz2_panel/launch/hunav_rviz2_launch.py
-- Symlinking: /home/hunav_gz_classic_ws/install/hunav_rviz2_panel/share/hunav_rviz2_panel/launch/rviz2.rviz
-- Symlinking: /home/hunav_gz_classic_ws/install/hunav_rviz2_panel/share/hunav_rviz2_panel/maps/bookstore.pgm
-- Symlinking: /home/hunav_gz_classic_ws/install/hunav_rviz2_panel/share/hunav_rviz2_panel/maps/bookstore.yaml
-- Symlinking: /home/hunav_gz_classic_ws/install/hunav_rviz2_panel/share/hunav_rviz2_panel/maps/cafe.pgm
-- Symlinking: /home/hunav_gz_classic_ws/install/hunav_rviz2_panel/share/hunav_rviz2_panel/maps/cafe.yaml
-- Symlinking: /home/hunav_gz_classic_ws/install/hunav_rviz2_panel/share/hunav_rviz2_panel/maps/map_cafe2.pgm
-- Symlinking: /home/hunav_gz_classic_ws/install/hunav_rviz2_panel/share/hunav_rviz2_panel/maps/map_cafe2.yaml
-- Symlinking: /home/hunav_gz_classic_ws/install/hunav_rviz2_panel/share/hunav_rviz2_panel/maps/small_house.pgm
-- Symlinking: /home/hunav_gz_classic_ws/install/hunav_rviz2_panel/share/hunav_rviz2_panel/maps/small_house.yaml
-- Symlinking: /home/hunav_gz_classic_ws/install/hunav_rviz2_panel/share/hunav_rviz2_panel/maps/small_warehouse.pgm
-- Symlinking: /home/hunav_gz_classic_ws/install/hunav_rviz2_panel/share/hunav_rviz2_panel/maps/small_warehouse.yaml
-- Symlinking: /home/hunav_gz_classic_ws/install/hunav_rviz2_panel/share/hunav_rviz2_panel/environment/library_path.sh
-- Symlinking: /home/hunav_gz_classic_ws/install/hunav_rviz2_panel/share/hunav_rviz2_panel/environment/library_path.dsv
-- Symlinking: /home/hunav_gz_classic_ws/install/hunav_rviz2_panel/share/ament_index/resource_index/package_run_dependencies/hunav_rviz2_panel
-- Symlinking: /home/hunav_gz_classic_ws/install/hunav_rviz2_panel/share/ament_index/resource_index/parent_prefix_path/hunav_rviz2_panel
-- Symlinking: /home/hunav_gz_classic_ws/install/hunav_rviz2_panel/share/hunav_rviz2_panel/environment/ament_prefix_path.sh
-- Symlinking: /home/hunav_gz_classic_ws/install/hunav_rviz2_panel/share/hunav_rviz2_panel/environment/ament_prefix_path.dsv
-- Symlinking: /home/hunav_gz_classic_ws/install/hunav_rviz2_panel/share/hunav_rviz2_panel/environment/path.sh
-- Symlinking: /home/hunav_gz_classic_ws/install/hunav_rviz2_panel/share/hunav_rviz2_panel/environment/path.dsv
-- Symlinking: /home/hunav_gz_classic_ws/install/hunav_rviz2_panel/share/hunav_rviz2_panel/local_setup.bash
-- Symlinking: /home/hunav_gz_classic_ws/install/hunav_rviz2_panel/share/hunav_rviz2_panel/local_setup.sh
-- Symlinking: /home/hunav_gz_classic_ws/install/hunav_rviz2_panel/share/hunav_rviz2_panel/local_setup.zsh
-- Symlinking: /home/hunav_gz_classic_ws/install/hunav_rviz2_panel/share/hunav_rviz2_panel/local_setup.dsv
-- Symlinking: /home/hunav_gz_classic_ws/install/hunav_rviz2_panel/share/hunav_rviz2_panel/package.dsv
-- Symlinking: /home/hunav_gz_classic_ws/install/hunav_rviz2_panel/share/ament_index/resource_index/packages/hunav_rviz2_panel
-- Symlinking: /home/hunav_gz_classic_ws/install/hunav_rviz2_panel/share/ament_index/resource_index/rviz_common__pluginlib__plugin/hunav_rviz2_panel
-- Symlinking: /home/hunav_gz_classic_ws/install/hunav_rviz2_panel/share/hunav_rviz2_panel/cmake/ament_cmake_export_include_directories-extras.cmake
-- Symlinking: /home/hunav_gz_classic_ws/install/hunav_rviz2_panel/share/hunav_rviz2_panel/cmake/ament_cmake_export_targets-extras.cmake
-- Symlinking: /home/hunav_gz_classic_ws/install/hunav_rviz2_panel/share/hunav_rviz2_panel/cmake/ament_cmake_export_dependencies-extras.cmake
-- Symlinking: /home/hunav_gz_classic_ws/install/hunav_rviz2_panel/share/hunav_rviz2_panel/cmake/hunav_rviz2_panelConfig.cmake
-- Symlinking: /home/hunav_gz_classic_ws/install/hunav_rviz2_panel/share/hunav_rviz2_panel/cmake/hunav_rviz2_panelConfig-version.cmake
-- Symlinking: /home/hunav_gz_classic_ws/install/hunav_rviz2_panel/share/hunav_rviz2_panel/package.xml
-- Installing: /home/hunav_gz_classic_ws/install/hunav_rviz2_panel/lib/libhunav_rviz2_panel.so
-- Set runtime path of "/home/hunav_gz_classic_ws/install/hunav_rviz2_panel/lib/libhunav_rviz2_panel.so" to ""
-- Installing: /home/hunav_gz_classic_ws/install/hunav_rviz2_panel/share/hunav_rviz2_panel/cmake/hunav_rviz2_panelExport.cmake
-- Installing: /home/hunav_gz_classic_ws/install/hunav_rviz2_panel/share/hunav_rviz2_panel/cmake/hunav_rviz2_panelExport-noconfig.cmake
