-- The C compiler identification is GNU 11.4.0
-- The CXX compiler identification is GNU 11.4.0
-- Detecting C compiler ABI info
-- Detecting C compiler ABI info - done
-- Check for working C compiler: /usr/bin/cc - skipped
-- Detecting C compile features
-- Detecting C compile features - done
-- Detecting CXX compiler ABI info
-- Detecting CXX compiler ABI info - done
-- Check for working CXX compiler: /usr/bin/c++ - skipped
-- Detecting CXX compile features
-- Detecting CXX compile features - done
-- Found ament_cmake: 1.3.11 (/opt/ros/humble/share/ament_cmake/cmake)
-- Found Python3: /usr/bin/python3 (found version "3.10.12") found components: Interpreter 
-- Override CMake install command with custom implementation using symlinks instead of copying resources
-- Configuring done
-- Generating done
-- Build files have been written to: /home/hunav_gz_classic_ws/build/hunav_sim
-- Install configuration: ""
-- Execute custom install script
-- Symlinking: /home/hunav_gz_classic_ws/install/hunav_sim/share/ament_index/resource_index/package_run_dependencies/hunav_sim
-- Symlinking: /home/hunav_gz_classic_ws/install/hunav_sim/share/ament_index/resource_index/parent_prefix_path/hunav_sim
-- Symlinking: /home/hunav_gz_classic_ws/install/hunav_sim/share/hunav_sim/environment/ament_prefix_path.sh
-- Symlinking: /home/hunav_gz_classic_ws/install/hunav_sim/share/hunav_sim/environment/ament_prefix_path.dsv
-- Symlinking: /home/hunav_gz_classic_ws/install/hunav_sim/share/hunav_sim/environment/path.sh
-- Symlinking: /home/hunav_gz_classic_ws/install/hunav_sim/share/hunav_sim/environment/path.dsv
-- Symlinking: /home/hunav_gz_classic_ws/install/hunav_sim/share/hunav_sim/local_setup.bash
-- Symlinking: /home/hunav_gz_classic_ws/install/hunav_sim/share/hunav_sim/local_setup.sh
-- Symlinking: /home/hunav_gz_classic_ws/install/hunav_sim/share/hunav_sim/local_setup.zsh
-- Symlinking: /home/hunav_gz_classic_ws/install/hunav_sim/share/hunav_sim/local_setup.dsv
-- Symlinking: /home/hunav_gz_classic_ws/install/hunav_sim/share/hunav_sim/package.dsv
-- Symlinking: /home/hunav_gz_classic_ws/install/hunav_sim/share/ament_index/resource_index/packages/hunav_sim
-- Symlinking: /home/hunav_gz_classic_ws/install/hunav_sim/share/hunav_sim/cmake/hunav_simConfig.cmake
-- Symlinking: /home/hunav_gz_classic_ws/install/hunav_sim/share/hunav_sim/cmake/hunav_simConfig-version.cmake
-- Symlinking: /home/hunav_gz_classic_ws/install/hunav_sim/share/hunav_sim/package.xml
