[0.393s] Invoking command in '/home/hunav_gz_fortress_ws/build/hunav_evaluator': AMENT_PREFIX_PATH=/home/hunav_gz_fortress_ws/install/hunav_msgs:${AMENT_PREFIX_PATH} CMAKE_PREFIX_PATH=/home/hunav_gz_fortress_ws/install/hunav_msgs:${CMAKE_PREFIX_PATH} LD_LIBRARY_PATH=/home/hunav_gz_fortress_ws/install/hunav_msgs/lib:/home/ros2_ws/install/transmission_interface/lib:/home/ros2_ws/install/hardware_interface_testing/lib:/home/ros2_ws/install/gazebo_ros2_control/lib:/home/ros2_ws/install/controller_manager/lib:/home/ros2_ws/install/people_msgs/lib:/home/ros2_ws/install/joint_limits/lib:/home/ros2_ws/install/controller_interface/lib:/home/ros2_ws/install/hardware_interface/lib:/home/ros2_ws/install/controller_manager_msgs/lib:/home/ros2_ws/install/behaviortree_ros2/lib:/home/ros2_ws/install/btcpp_ros2_interfaces/lib:/home/ros2_ws/install/behaviortree_cpp/lib:/usr/lib/x86_64-linux-gnu/gazebo-11/plugins:/opt/ros/humble/opt/rviz_ogre_vendor/lib:/opt/ros/humble/lib/x86_64-linux-gnu:/opt/ros/humble/lib:/usr/lib/x86_64-linux-gnu/gazebo-11/plugins PYTHONPATH=/home/hunav_gz_fortress_ws/build/hunav_evaluator/prefix_override:/usr/lib/python3/dist-packages/colcon_core/task/python/colcon_distutils_commands:/home/hunav_gz_fortress_ws/install/hunav_evaluator/lib/python3.10/site-packages:/home/hunav_gz_fortress_ws/install/hunav_msgs/local/lib/python3.10/dist-packages:${PYTHONPATH} /usr/bin/python3 -W ignore:setup.py install is deprecated -W ignore:easy_install command is deprecated setup.py develop --editable --build-directory /home/hunav_gz_fortress_ws/build/hunav_evaluator/build --no-deps symlink_data
[0.539s] running develop
[0.620s] running egg_info
[0.620s] creating hunav_evaluator.egg-info
[0.620s] writing hunav_evaluator.egg-info/PKG-INFO
[0.621s] writing dependency_links to hunav_evaluator.egg-info/dependency_links.txt
[0.621s] writing entry points to hunav_evaluator.egg-info/entry_points.txt
[0.621s] writing requirements to hunav_evaluator.egg-info/requires.txt
[0.621s] writing top-level names to hunav_evaluator.egg-info/top_level.txt
[0.621s] writing manifest file 'hunav_evaluator.egg-info/SOURCES.txt'
[0.622s] reading manifest file 'hunav_evaluator.egg-info/SOURCES.txt'
[0.622s] writing manifest file 'hunav_evaluator.egg-info/SOURCES.txt'
[0.623s] running build_ext
[0.623s] Creating /home/hunav_gz_fortress_ws/install/hunav_evaluator/lib/python3.10/site-packages/hunav-evaluator.egg-link (link to .)
[0.624s] Installing hunav_evaluator_node script to /home/hunav_gz_fortress_ws/install/hunav_evaluator/lib/hunav_evaluator
[0.624s] 
[0.624s] Installed /home/hunav_gz_fortress_ws/build/hunav_evaluator
[0.624s] running symlink_data
[0.624s] creating /home/hunav_gz_fortress_ws/install/hunav_evaluator/share/ament_index
[0.624s] creating /home/hunav_gz_fortress_ws/install/hunav_evaluator/share/ament_index/resource_index
[0.624s] creating /home/hunav_gz_fortress_ws/install/hunav_evaluator/share/ament_index/resource_index/packages
[0.624s] symbolically linking /home/hunav_gz_fortress_ws/build/hunav_evaluator/resource/hunav_evaluator -> /home/hunav_gz_fortress_ws/install/hunav_evaluator/share/ament_index/resource_index/packages
[0.624s] symbolically linking /home/hunav_gz_fortress_ws/build/hunav_evaluator/package.xml -> /home/hunav_gz_fortress_ws/install/hunav_evaluator/share/hunav_evaluator
[0.624s] creating /home/hunav_gz_fortress_ws/install/hunav_evaluator/share/hunav_evaluator/launch
[0.624s] symbolically linking /home/hunav_gz_fortress_ws/build/hunav_evaluator/launch/hunav_evaluator_launch.py -> /home/hunav_gz_fortress_ws/install/hunav_evaluator/share/hunav_evaluator/launch
[0.624s] creating /home/hunav_gz_fortress_ws/install/hunav_evaluator/share/hunav_evaluator/config
[0.624s] symbolically linking /home/hunav_gz_fortress_ws/build/hunav_evaluator/config/metrics.yaml -> /home/hunav_gz_fortress_ws/install/hunav_evaluator/share/hunav_evaluator/config
[0.642s] Invoked command in '/home/hunav_gz_fortress_ws/build/hunav_evaluator' returned '0': AMENT_PREFIX_PATH=/home/hunav_gz_fortress_ws/install/hunav_msgs:${AMENT_PREFIX_PATH} CMAKE_PREFIX_PATH=/home/hunav_gz_fortress_ws/install/hunav_msgs:${CMAKE_PREFIX_PATH} LD_LIBRARY_PATH=/home/hunav_gz_fortress_ws/install/hunav_msgs/lib:/home/ros2_ws/install/transmission_interface/lib:/home/ros2_ws/install/hardware_interface_testing/lib:/home/ros2_ws/install/gazebo_ros2_control/lib:/home/ros2_ws/install/controller_manager/lib:/home/ros2_ws/install/people_msgs/lib:/home/ros2_ws/install/joint_limits/lib:/home/ros2_ws/install/controller_interface/lib:/home/ros2_ws/install/hardware_interface/lib:/home/ros2_ws/install/controller_manager_msgs/lib:/home/ros2_ws/install/behaviortree_ros2/lib:/home/ros2_ws/install/btcpp_ros2_interfaces/lib:/home/ros2_ws/install/behaviortree_cpp/lib:/usr/lib/x86_64-linux-gnu/gazebo-11/plugins:/opt/ros/humble/opt/rviz_ogre_vendor/lib:/opt/ros/humble/lib/x86_64-linux-gnu:/opt/ros/humble/lib:/usr/lib/x86_64-linux-gnu/gazebo-11/plugins PYTHONPATH=/home/hunav_gz_fortress_ws/build/hunav_evaluator/prefix_override:/usr/lib/python3/dist-packages/colcon_core/task/python/colcon_distutils_commands:/home/hunav_gz_fortress_ws/install/hunav_evaluator/lib/python3.10/site-packages:/home/hunav_gz_fortress_ws/install/hunav_msgs/local/lib/python3.10/dist-packages:${PYTHONPATH} /usr/bin/python3 -W ignore:setup.py install is deprecated -W ignore:easy_install command is deprecated setup.py develop --editable --build-directory /home/hunav_gz_fortress_ws/build/hunav_evaluator/build --no-deps symlink_data
