[0.011s] Invoking command in '/home/hunav_gz_fortress_ws/build/hunav_msgs': CMAKE_PREFIX_PATH=${CMAKE_PREFIX_PATH}:/home/ros2_ws/install/rqt_controller_manager:/home/ros2_ws/install/ros2controlcli:/opt/ros/humble /usr/bin/cmake /home/hunav_gz_fortress_ws/src/hunav_sim/hunav_msgs -DAMENT_CMAKE_SYMLINK_INSTALL=1 -DCMAKE_INSTALL_PREFIX=/home/hunav_gz_fortress_ws/install/hunav_msgs
[0.063s] -- The C compiler identification is GNU 11.4.0
[0.104s] -- The CXX compiler identification is GNU 11.4.0
[0.110s] -- Detecting C compiler ABI info
[0.179s] -- Detecting C compiler ABI info - done
[0.183s] -- Check for working C compiler: /usr/bin/cc - skipped
[0.183s] -- Detecting C compile features
[0.183s] -- Detecting C compile features - done
[0.185s] -- Detecting CXX compiler ABI info
[0.260s] -- Detecting CXX compiler ABI info - done
[0.264s] -- Check for working CXX compiler: /usr/bin/c++ - skipped
[0.264s] -- Detecting CXX compile features
[0.264s] -- Detecting CXX compile features - done
[0.269s] -- Found ament_cmake: 1.3.11 (/opt/ros/humble/share/ament_cmake/cmake)
[0.383s] -- Found Python3: /usr/bin/python3 (found version "3.10.12") found components: Interpreter 
[0.423s] -- Override CMake install command with custom implementation using symlinks instead of copying resources
[0.485s] -- Found builtin_interfaces: 1.2.1 (/opt/ros/humble/share/builtin_interfaces/cmake)
[0.532s] -- Found rosidl_generator_c: 3.1.6 (/opt/ros/humble/share/rosidl_generator_c/cmake)
[0.541s] -- Found rosidl_adapter: 3.1.6 (/opt/ros/humble/share/rosidl_adapter/cmake)
[0.552s] -- Found rosidl_generator_cpp: 3.1.6 (/opt/ros/humble/share/rosidl_generator_cpp/cmake)
[0.566s] -- Using all available rosidl_typesupport_c: rosidl_typesupport_fastrtps_c;rosidl_typesupport_introspection_c
[0.584s] -- Using all available rosidl_typesupport_cpp: rosidl_typesupport_fastrtps_cpp;rosidl_typesupport_introspection_cpp
[0.600s] -- Found geometry_msgs: 4.8.0 (/opt/ros/humble/share/geometry_msgs/cmake)
[0.621s] -- Found rosidl_default_generators: 1.2.0 (/opt/ros/humble/share/rosidl_default_generators/cmake)
[0.852s] -- Found ament_cmake_ros: 0.10.0 (/opt/ros/humble/share/ament_cmake_ros/cmake)
[1.137s] -- Using all available rosidl_typesupport_c: rosidl_typesupport_fastrtps_c;rosidl_typesupport_introspection_c
[1.245s] -- Using all available rosidl_typesupport_cpp: rosidl_typesupport_fastrtps_cpp;rosidl_typesupport_introspection_cpp
[1.263s] -- Found PythonInterp: /usr/bin/python3 (found suitable version "3.10.12", minimum required is "3.6") 
[1.267s] -- Found python_cmake_module: 0.10.0 (/opt/ros/humble/share/python_cmake_module/cmake)
[1.286s] -- Found PythonLibs: /usr/lib/x86_64-linux-gnu/libpython3.10.so (found suitable version "3.10.12", minimum required is "3.5") 
[1.286s] -- Using PYTHON_EXECUTABLE: /usr/bin/python3
[1.286s] -- Using PYTHON_INCLUDE_DIRS: /usr/include/python3.10
[1.286s] -- Using PYTHON_LIBRARIES: /usr/lib/x86_64-linux-gnu/libpython3.10.so
[1.302s] -- Found PythonExtra: .so  
[1.352s] -- Configuring done
[1.382s] -- Generating done
[1.389s] -- Build files have been written to: /home/hunav_gz_fortress_ws/build/hunav_msgs
[1.396s] Invoked command in '/home/hunav_gz_fortress_ws/build/hunav_msgs' returned '0': CMAKE_PREFIX_PATH=${CMAKE_PREFIX_PATH}:/home/ros2_ws/install/rqt_controller_manager:/home/ros2_ws/install/ros2controlcli:/opt/ros/humble /usr/bin/cmake /home/hunav_gz_fortress_ws/src/hunav_sim/hunav_msgs -DAMENT_CMAKE_SYMLINK_INSTALL=1 -DCMAKE_INSTALL_PREFIX=/home/hunav_gz_fortress_ws/install/hunav_msgs
[1.397s] Invoking command in '/home/hunav_gz_fortress_ws/build/hunav_msgs': CMAKE_PREFIX_PATH=${CMAKE_PREFIX_PATH}:/home/ros2_ws/install/rqt_controller_manager:/home/ros2_ws/install/ros2controlcli:/opt/ros/humble /usr/bin/cmake --build /home/hunav_gz_fortress_ws/build/hunav_msgs -- -j16 -l16
[1.441s] [  1%] [34m[1mGenerating C code for ROS interfaces[0m
[1.453s] [  2%] [34m[1mGenerating C++ code for ROS interfaces[0m
[1.459s] [  2%] Built target ament_cmake_python_symlink_hunav_msgs
[1.602s] running egg_info
[1.603s] creating hunav_msgs.egg-info
[1.603s] writing hunav_msgs.egg-info/PKG-INFO
[1.603s] writing dependency_links to hunav_msgs.egg-info/dependency_links.txt
[1.603s] writing top-level names to hunav_msgs.egg-info/top_level.txt
[1.603s] writing manifest file 'hunav_msgs.egg-info/SOURCES.txt'
[1.604s] reading manifest file 'hunav_msgs.egg-info/SOURCES.txt'
[1.605s] writing manifest file 'hunav_msgs.egg-info/SOURCES.txt'
[1.627s] [  2%] Built target ament_cmake_python_build_hunav_msgs_egg
[1.931s] [  3%] [32mBuilding C object CMakeFiles/hunav_msgs__rosidl_generator_c.dir/rosidl_generator_c/hunav_msgs/msg/detail/agent__functions.c.o[0m
[1.932s] [  4%] [32mBuilding C object CMakeFiles/hunav_msgs__rosidl_generator_c.dir/rosidl_generator_c/hunav_msgs/msg/detail/agents__functions.c.o[0m
[1.932s] [  5%] [32mBuilding C object CMakeFiles/hunav_msgs__rosidl_generator_c.dir/rosidl_generator_c/hunav_msgs/msg/detail/agent_behavior__functions.c.o[0m
[1.932s] [  6%] [32mBuilding C object CMakeFiles/hunav_msgs__rosidl_generator_c.dir/rosidl_generator_c/hunav_msgs/srv/detail/compute_agents__functions.c.o[0m
[1.938s] [  8%] [32mBuilding C object CMakeFiles/hunav_msgs__rosidl_generator_c.dir/rosidl_generator_c/hunav_msgs/srv/detail/get_agents__functions.c.o[0m
[1.939s] [  9%] [32mBuilding C object CMakeFiles/hunav_msgs__rosidl_generator_c.dir/rosidl_generator_c/hunav_msgs/srv/detail/move_agent__functions.c.o[0m
[1.939s] [ 10%] [32mBuilding C object CMakeFiles/hunav_msgs__rosidl_generator_c.dir/rosidl_generator_c/hunav_msgs/srv/detail/compute_agent__functions.c.o[0m
[1.943s] [ 11%] [32mBuilding C object CMakeFiles/hunav_msgs__rosidl_generator_c.dir/rosidl_generator_c/hunav_msgs/srv/detail/reset_agents__functions.c.o[0m
[1.947s] [ 11%] Built target hunav_msgs__cpp
[1.959s] [ 12%] [34m[1mGenerating C++ type support for eProsima Fast-RTPS[0m
[1.960s] [ 13%] [34m[1mGenerating C++ type support dispatch for ROS interfaces[0m
[1.961s] [ 14%] [34m[1mGenerating C++ introspection for ROS interfaces[0m
[1.995s] [ 16%] [32m[1mLinking C shared library libhunav_msgs__rosidl_generator_c.so[0m
[2.033s] [ 16%] Built target hunav_msgs__rosidl_generator_c
[2.043s] [ 19%] [34m[1mGenerating C type support for eProsima Fast-RTPS[0m
[2.043s] [ 19%] [34m[1mGenerating C introspection for ROS interfaces[0m
[2.044s] [ 19%] [34m[1mGenerating C type support dispatch for ROS interfaces[0m
[2.304s] [ 22%] [32mBuilding CXX object CMakeFiles/hunav_msgs__rosidl_typesupport_cpp.dir/rosidl_typesupport_cpp/hunav_msgs/srv/get_agents__type_support.cpp.o[0m
[2.305s] [ 22%] [32mBuilding CXX object CMakeFiles/hunav_msgs__rosidl_typesupport_cpp.dir/rosidl_typesupport_cpp/hunav_msgs/srv/compute_agents__type_support.cpp.o[0m
[2.305s] [ 22%] [32mBuilding CXX object CMakeFiles/hunav_msgs__rosidl_typesupport_cpp.dir/rosidl_typesupport_cpp/hunav_msgs/srv/move_agent__type_support.cpp.o[0m
[2.305s] [ 28%] [32mBuilding CXX object CMakeFiles/hunav_msgs__rosidl_typesupport_cpp.dir/rosidl_typesupport_cpp/hunav_msgs/srv/reset_agents__type_support.cpp.o[0m
[2.306s] [ 28%] [32mBuilding CXX object CMakeFiles/hunav_msgs__rosidl_typesupport_cpp.dir/rosidl_typesupport_cpp/hunav_msgs/srv/compute_agent__type_support.cpp.o[0m
[2.306s] [ 28%] [32mBuilding CXX object CMakeFiles/hunav_msgs__rosidl_typesupport_cpp.dir/rosidl_typesupport_cpp/hunav_msgs/msg/agent_behavior__type_support.cpp.o[0m
[2.306s] [ 28%] [32mBuilding CXX object CMakeFiles/hunav_msgs__rosidl_typesupport_cpp.dir/rosidl_typesupport_cpp/hunav_msgs/msg/agent__type_support.cpp.o[0m
[2.306s] [ 28%] [32mBuilding CXX object CMakeFiles/hunav_msgs__rosidl_typesupport_cpp.dir/rosidl_typesupport_cpp/hunav_msgs/msg/agents__type_support.cpp.o[0m
[2.398s] [ 33%] [32mBuilding CXX object CMakeFiles/hunav_msgs__rosidl_typesupport_introspection_cpp.dir/rosidl_typesupport_introspection_cpp/hunav_msgs/srv/detail/compute_agents__type_support.cpp.o[0m
[2.398s] [ 33%] [32mBuilding CXX object CMakeFiles/hunav_msgs__rosidl_typesupport_introspection_cpp.dir/rosidl_typesupport_introspection_cpp/hunav_msgs/msg/detail/agents__type_support.cpp.o[0m
[2.399s] [ 33%] [32mBuilding CXX object CMakeFiles/hunav_msgs__rosidl_typesupport_introspection_cpp.dir/rosidl_typesupport_introspection_cpp/hunav_msgs/msg/detail/agent_behavior__type_support.cpp.o[0m
[2.399s] [ 33%] [32mBuilding CXX object CMakeFiles/hunav_msgs__rosidl_typesupport_introspection_cpp.dir/rosidl_typesupport_introspection_cpp/hunav_msgs/msg/detail/agent__type_support.cpp.o[0m
[2.506s] [ 34%] [32mBuilding CXX object CMakeFiles/hunav_msgs__rosidl_typesupport_c.dir/rosidl_typesupport_c/hunav_msgs/msg/agent__type_support.cpp.o[0m
[2.542s] [ 35%] [32mBuilding CXX object CMakeFiles/hunav_msgs__rosidl_typesupport_c.dir/rosidl_typesupport_c/hunav_msgs/msg/agents__type_support.cpp.o[0m
[2.555s] [ 36%] [32mBuilding CXX object CMakeFiles/hunav_msgs__rosidl_typesupport_introspection_cpp.dir/rosidl_typesupport_introspection_cpp/hunav_msgs/srv/detail/compute_agent__type_support.cpp.o[0m
[2.555s] [ 37%] [32mBuilding CXX object CMakeFiles/hunav_msgs__rosidl_typesupport_c.dir/rosidl_typesupport_c/hunav_msgs/msg/agent_behavior__type_support.cpp.o[0m
[2.555s] [ 39%] [32mBuilding CXX object CMakeFiles/hunav_msgs__rosidl_typesupport_introspection_cpp.dir/rosidl_typesupport_introspection_cpp/hunav_msgs/srv/detail/move_agent__type_support.cpp.o[0m
[2.556s] [ 40%] [32mBuilding CXX object CMakeFiles/hunav_msgs__rosidl_typesupport_c.dir/rosidl_typesupport_c/hunav_msgs/srv/compute_agents__type_support.cpp.o[0m
[2.558s] [ 41%] [32mBuilding CXX object CMakeFiles/hunav_msgs__rosidl_typesupport_c.dir/rosidl_typesupport_c/hunav_msgs/srv/compute_agent__type_support.cpp.o[0m
[2.561s] [ 42%] [32m[1mLinking CXX shared library libhunav_msgs__rosidl_typesupport_cpp.so[0m
[2.565s] [ 43%] [32mBuilding CXX object CMakeFiles/hunav_msgs__rosidl_typesupport_c.dir/rosidl_typesupport_c/hunav_msgs/srv/move_agent__type_support.cpp.o[0m
[2.570s] [ 44%] [32mBuilding CXX object CMakeFiles/hunav_msgs__rosidl_typesupport_c.dir/rosidl_typesupport_c/hunav_msgs/srv/get_agents__type_support.cpp.o[0m
[2.587s] [ 45%] [32mBuilding CXX object CMakeFiles/hunav_msgs__rosidl_typesupport_c.dir/rosidl_typesupport_c/hunav_msgs/srv/reset_agents__type_support.cpp.o[0m
[2.591s] [ 48%] [32mBuilding CXX object CMakeFiles/hunav_msgs__rosidl_typesupport_introspection_cpp.dir/rosidl_typesupport_introspection_cpp/hunav_msgs/srv/detail/get_agents__type_support.cpp.o[0m
[2.593s] [ 48%] [32mBuilding CXX object CMakeFiles/hunav_msgs__rosidl_typesupport_introspection_cpp.dir/rosidl_typesupport_introspection_cpp/hunav_msgs/srv/detail/reset_agents__type_support.cpp.o[0m
[2.612s] [ 48%] Built target hunav_msgs__rosidl_typesupport_cpp
[2.614s] [ 49%] [32mBuilding CXX object CMakeFiles/hunav_msgs__rosidl_typesupport_fastrtps_cpp.dir/rosidl_typesupport_fastrtps_cpp/hunav_msgs/msg/detail/dds_fastrtps/agent__type_support.cpp.o[0m
[2.622s] [ 50%] [32mBuilding CXX object CMakeFiles/hunav_msgs__rosidl_typesupport_fastrtps_cpp.dir/rosidl_typesupport_fastrtps_cpp/hunav_msgs/msg/detail/dds_fastrtps/agents__type_support.cpp.o[0m
[2.622s] [ 51%] [32m[1mLinking CXX shared library libhunav_msgs__rosidl_typesupport_c.so[0m
[2.622s] [ 52%] [32mBuilding CXX object CMakeFiles/hunav_msgs__rosidl_typesupport_fastrtps_cpp.dir/rosidl_typesupport_fastrtps_cpp/hunav_msgs/msg/detail/dds_fastrtps/agent_behavior__type_support.cpp.o[0m
[2.622s] [ 54%] [32mBuilding CXX object CMakeFiles/hunav_msgs__rosidl_typesupport_fastrtps_cpp.dir/rosidl_typesupport_fastrtps_cpp/hunav_msgs/srv/detail/dds_fastrtps/compute_agents__type_support.cpp.o[0m
[2.628s] [ 55%] [32mBuilding CXX object CMakeFiles/hunav_msgs__rosidl_typesupport_fastrtps_cpp.dir/rosidl_typesupport_fastrtps_cpp/hunav_msgs/srv/detail/dds_fastrtps/compute_agent__type_support.cpp.o[0m
[2.647s] [ 56%] [32mBuilding CXX object CMakeFiles/hunav_msgs__rosidl_typesupport_fastrtps_c.dir/rosidl_typesupport_fastrtps_c/hunav_msgs/msg/detail/agent__type_support_c.cpp.o[0m
[2.647s] [ 57%] [32mBuilding C object CMakeFiles/hunav_msgs__rosidl_typesupport_introspection_c.dir/rosidl_typesupport_introspection_c/hunav_msgs/msg/detail/agent__type_support.c.o[0m
[2.678s] [ 57%] Built target hunav_msgs__rosidl_typesupport_c
[2.692s] [ 58%] [32mBuilding CXX object CMakeFiles/hunav_msgs__rosidl_typesupport_fastrtps_c.dir/rosidl_typesupport_fastrtps_c/hunav_msgs/msg/detail/agents__type_support_c.cpp.o[0m
[2.698s] [ 59%] [32mBuilding C object CMakeFiles/hunav_msgs__rosidl_typesupport_introspection_c.dir/rosidl_typesupport_introspection_c/hunav_msgs/msg/detail/agents__type_support.c.o[0m
[2.749s] [ 60%] [32mBuilding C object CMakeFiles/hunav_msgs__rosidl_typesupport_introspection_c.dir/rosidl_typesupport_introspection_c/hunav_msgs/msg/detail/agent_behavior__type_support.c.o[0m
[2.765s] [ 62%] [32mBuilding CXX object CMakeFiles/hunav_msgs__rosidl_typesupport_fastrtps_c.dir/rosidl_typesupport_fastrtps_c/hunav_msgs/msg/detail/agent_behavior__type_support_c.cpp.o[0m
[2.790s] [ 63%] [32mBuilding C object CMakeFiles/hunav_msgs__rosidl_typesupport_introspection_c.dir/rosidl_typesupport_introspection_c/hunav_msgs/srv/detail/compute_agents__type_support.c.o[0m
[2.810s] [ 64%] [32mBuilding CXX object CMakeFiles/hunav_msgs__rosidl_typesupport_fastrtps_cpp.dir/rosidl_typesupport_fastrtps_cpp/hunav_msgs/srv/detail/dds_fastrtps/move_agent__type_support.cpp.o[0m
[2.827s] [ 65%] [32mBuilding C object CMakeFiles/hunav_msgs__rosidl_typesupport_introspection_c.dir/rosidl_typesupport_introspection_c/hunav_msgs/srv/detail/compute_agent__type_support.c.o[0m
[2.840s] [ 66%] [32mBuilding C object CMakeFiles/hunav_msgs__rosidl_typesupport_introspection_c.dir/rosidl_typesupport_introspection_c/hunav_msgs/srv/detail/move_agent__type_support.c.o[0m
[2.865s] [ 67%] [32mBuilding CXX object CMakeFiles/hunav_msgs__rosidl_typesupport_fastrtps_c.dir/rosidl_typesupport_fastrtps_c/hunav_msgs/srv/detail/compute_agents__type_support_c.cpp.o[0m
[2.878s] [ 68%] [32mBuilding C object CMakeFiles/hunav_msgs__rosidl_typesupport_introspection_c.dir/rosidl_typesupport_introspection_c/hunav_msgs/srv/detail/get_agents__type_support.c.o[0m
[2.885s] [ 70%] [32mBuilding CXX object CMakeFiles/hunav_msgs__rosidl_typesupport_fastrtps_cpp.dir/rosidl_typesupport_fastrtps_cpp/hunav_msgs/srv/detail/dds_fastrtps/get_agents__type_support.cpp.o[0m
[2.920s] [ 71%] [32mBuilding C object CMakeFiles/hunav_msgs__rosidl_typesupport_introspection_c.dir/rosidl_typesupport_introspection_c/hunav_msgs/srv/detail/reset_agents__type_support.c.o[0m
[2.945s] [ 72%] [32mBuilding CXX object CMakeFiles/hunav_msgs__rosidl_typesupport_fastrtps_cpp.dir/rosidl_typesupport_fastrtps_cpp/hunav_msgs/srv/detail/dds_fastrtps/reset_agents__type_support.cpp.o[0m
[2.960s] [ 73%] [32mBuilding CXX object CMakeFiles/hunav_msgs__rosidl_typesupport_fastrtps_c.dir/rosidl_typesupport_fastrtps_c/hunav_msgs/srv/detail/compute_agent__type_support_c.cpp.o[0m
[2.967s] [ 74%] [32m[1mLinking C shared library libhunav_msgs__rosidl_typesupport_introspection_c.so[0m
[2.975s] [ 75%] [32mBuilding CXX object CMakeFiles/hunav_msgs__rosidl_typesupport_fastrtps_c.dir/rosidl_typesupport_fastrtps_c/hunav_msgs/srv/detail/move_agent__type_support_c.cpp.o[0m
[2.981s] [ 77%] [32m[1mLinking CXX shared library libhunav_msgs__rosidl_typesupport_introspection_cpp.so[0m
[3.003s] [ 78%] [32mBuilding CXX object CMakeFiles/hunav_msgs__rosidl_typesupport_fastrtps_c.dir/rosidl_typesupport_fastrtps_c/hunav_msgs/srv/detail/get_agents__type_support_c.cpp.o[0m
[3.011s] [ 79%] [32mBuilding CXX object CMakeFiles/hunav_msgs__rosidl_typesupport_fastrtps_c.dir/rosidl_typesupport_fastrtps_c/hunav_msgs/srv/detail/reset_agents__type_support_c.cpp.o[0m
[3.011s] [ 79%] Built target hunav_msgs__rosidl_typesupport_introspection_c
[3.074s] [ 79%] Built target hunav_msgs__rosidl_typesupport_introspection_cpp
[3.239s] [ 80%] [32m[1mLinking CXX shared library libhunav_msgs__rosidl_typesupport_fastrtps_c.so[0m
[3.244s] [ 81%] [32m[1mLinking CXX shared library libhunav_msgs__rosidl_typesupport_fastrtps_cpp.so[0m
[3.300s] [ 81%] Built target hunav_msgs__rosidl_typesupport_fastrtps_c
[3.304s] [ 81%] Built target hunav_msgs__rosidl_typesupport_fastrtps_cpp
[3.327s] [ 81%] Built target hunav_msgs
[3.352s] [ 82%] [34m[1mGenerating Python code for ROS interfaces[0m
[4.134s] [ 82%] Built target hunav_msgs__py
[4.161s] [ 91%] [32mBuilding C object CMakeFiles/hunav_msgs__rosidl_generator_py.dir/rosidl_generator_py/hunav_msgs/srv/_compute_agent_s.c.o[0m
[4.161s] [ 91%] [32mBuilding C object CMakeFiles/hunav_msgs__rosidl_generator_py.dir/rosidl_generator_py/hunav_msgs/msg/_agents_s.c.o[0m
[4.161s] [ 91%] [32mBuilding C object CMakeFiles/hunav_msgs__rosidl_generator_py.dir/rosidl_generator_py/hunav_msgs/srv/_get_agents_s.c.o[0m
[4.161s] [ 91%] [32mBuilding C object CMakeFiles/hunav_msgs__rosidl_generator_py.dir/rosidl_generator_py/hunav_msgs/srv/_compute_agents_s.c.o[0m
[4.161s] [ 91%] [32mBuilding C object CMakeFiles/hunav_msgs__rosidl_generator_py.dir/rosidl_generator_py/hunav_msgs/srv/_move_agent_s.c.o[0m
[4.161s] [ 91%] [32mBuilding C object CMakeFiles/hunav_msgs__rosidl_generator_py.dir/rosidl_generator_py/hunav_msgs/msg/_agent_behavior_s.c.o[0m
[4.161s] [ 91%] [32mBuilding C object CMakeFiles/hunav_msgs__rosidl_generator_py.dir/rosidl_generator_py/hunav_msgs/msg/_agent_s.c.o[0m
[4.161s] [ 91%] [32mBuilding C object CMakeFiles/hunav_msgs__rosidl_generator_py.dir/rosidl_generator_py/hunav_msgs/srv/_reset_agents_s.c.o[0m
[4.243s] [ 93%] [32m[1mLinking C shared library rosidl_generator_py/hunav_msgs/libhunav_msgs__rosidl_generator_py.so[0m
[4.284s] [ 93%] Built target hunav_msgs__rosidl_generator_py
[4.305s] [ 94%] [32mBuilding C object CMakeFiles/hunav_msgs__rosidl_typesupport_introspection_c__pyext.dir/rosidl_generator_py/hunav_msgs/_hunav_msgs_s.ep.rosidl_typesupport_introspection_c.c.o[0m
[4.305s] [ 95%] [32mBuilding C object CMakeFiles/hunav_msgs__rosidl_typesupport_fastrtps_c__pyext.dir/rosidl_generator_py/hunav_msgs/_hunav_msgs_s.ep.rosidl_typesupport_fastrtps_c.c.o[0m
[4.306s] [ 96%] [32mBuilding C object CMakeFiles/hunav_msgs__rosidl_typesupport_c__pyext.dir/rosidl_generator_py/hunav_msgs/_hunav_msgs_s.ep.rosidl_typesupport_c.c.o[0m
[4.397s] [100%] [32m[1mLinking C shared library rosidl_generator_py/hunav_msgs/hunav_msgs_s__rosidl_typesupport_fastrtps_c.cpython-310-x86_64-linux-gnu.so[0m
[4.398s] [100%] [32m[1mLinking C shared library rosidl_generator_py/hunav_msgs/hunav_msgs_s__rosidl_typesupport_c.cpython-310-x86_64-linux-gnu.so[0m
[4.398s] [100%] [32m[1mLinking C shared library rosidl_generator_py/hunav_msgs/hunav_msgs_s__rosidl_typesupport_introspection_c.cpython-310-x86_64-linux-gnu.so[0m
[4.432s] [100%] Built target hunav_msgs__rosidl_typesupport_c__pyext
[4.432s] [100%] Built target hunav_msgs__rosidl_typesupport_introspection_c__pyext
[4.432s] [100%] Built target hunav_msgs__rosidl_typesupport_fastrtps_c__pyext
[4.447s] Invoked command in '/home/hunav_gz_fortress_ws/build/hunav_msgs' returned '0': CMAKE_PREFIX_PATH=${CMAKE_PREFIX_PATH}:/home/ros2_ws/install/rqt_controller_manager:/home/ros2_ws/install/ros2controlcli:/opt/ros/humble /usr/bin/cmake --build /home/hunav_gz_fortress_ws/build/hunav_msgs -- -j16 -l16
[4.457s] Invoking command in '/home/hunav_gz_fortress_ws/build/hunav_msgs': CMAKE_PREFIX_PATH=${CMAKE_PREFIX_PATH}:/home/ros2_ws/install/rqt_controller_manager:/home/ros2_ws/install/ros2controlcli:/opt/ros/humble /usr/bin/cmake --install /home/hunav_gz_fortress_ws/build/hunav_msgs
[4.465s] -- Install configuration: ""
[4.466s] -- Execute custom install script
[4.466s] -- Symlinking: /home/hunav_gz_fortress_ws/install/hunav_msgs/share/ament_index/resource_index/rosidl_interfaces/hunav_msgs
[4.475s] -- Symlinking: /home/hunav_gz_fortress_ws/install/hunav_msgs/include/hunav_msgs/hunav_msgs/msg/agent.h
[4.484s] -- Symlinking: /home/hunav_gz_fortress_ws/install/hunav_msgs/include/hunav_msgs/hunav_msgs/msg/agent_behavior.h
[4.492s] -- Symlinking: /home/hunav_gz_fortress_ws/install/hunav_msgs/include/hunav_msgs/hunav_msgs/msg/agents.h
[4.500s] -- Symlinking: /home/hunav_gz_fortress_ws/install/hunav_msgs/include/hunav_msgs/hunav_msgs/msg/detail/agent__functions.h
[4.507s] -- Symlinking: /home/hunav_gz_fortress_ws/install/hunav_msgs/include/hunav_msgs/hunav_msgs/msg/detail/agent__struct.h
[4.516s] -- Symlinking: /home/hunav_gz_fortress_ws/install/hunav_msgs/include/hunav_msgs/hunav_msgs/msg/detail/agent__type_support.h
[4.524s] -- Symlinking: /home/hunav_gz_fortress_ws/install/hunav_msgs/include/hunav_msgs/hunav_msgs/msg/detail/agent_behavior__functions.h
[4.531s] -- Symlinking: /home/hunav_gz_fortress_ws/install/hunav_msgs/include/hunav_msgs/hunav_msgs/msg/detail/agent_behavior__struct.h
[4.539s] -- Symlinking: /home/hunav_gz_fortress_ws/install/hunav_msgs/include/hunav_msgs/hunav_msgs/msg/detail/agent_behavior__type_support.h
[4.549s] -- Symlinking: /home/hunav_gz_fortress_ws/install/hunav_msgs/include/hunav_msgs/hunav_msgs/msg/detail/agents__functions.h
[4.558s] -- Symlinking: /home/hunav_gz_fortress_ws/install/hunav_msgs/include/hunav_msgs/hunav_msgs/msg/detail/agents__struct.h
[4.567s] -- Symlinking: /home/hunav_gz_fortress_ws/install/hunav_msgs/include/hunav_msgs/hunav_msgs/msg/detail/agents__type_support.h
[4.576s] -- Symlinking: /home/hunav_gz_fortress_ws/install/hunav_msgs/include/hunav_msgs/hunav_msgs/msg/rosidl_generator_c__visibility_control.h
[4.584s] -- Symlinking: /home/hunav_gz_fortress_ws/install/hunav_msgs/include/hunav_msgs/hunav_msgs/srv/compute_agent.h
[4.593s] -- Symlinking: /home/hunav_gz_fortress_ws/install/hunav_msgs/include/hunav_msgs/hunav_msgs/srv/compute_agents.h
[4.601s] -- Symlinking: /home/hunav_gz_fortress_ws/install/hunav_msgs/include/hunav_msgs/hunav_msgs/srv/detail/compute_agent__functions.h
[4.610s] -- Symlinking: /home/hunav_gz_fortress_ws/install/hunav_msgs/include/hunav_msgs/hunav_msgs/srv/detail/compute_agent__struct.h
[4.618s] -- Symlinking: /home/hunav_gz_fortress_ws/install/hunav_msgs/include/hunav_msgs/hunav_msgs/srv/detail/compute_agent__type_support.h
[4.626s] -- Symlinking: /home/hunav_gz_fortress_ws/install/hunav_msgs/include/hunav_msgs/hunav_msgs/srv/detail/compute_agents__functions.h
[4.633s] -- Symlinking: /home/hunav_gz_fortress_ws/install/hunav_msgs/include/hunav_msgs/hunav_msgs/srv/detail/compute_agents__struct.h
[4.640s] -- Symlinking: /home/hunav_gz_fortress_ws/install/hunav_msgs/include/hunav_msgs/hunav_msgs/srv/detail/compute_agents__type_support.h
[4.651s] -- Symlinking: /home/hunav_gz_fortress_ws/install/hunav_msgs/include/hunav_msgs/hunav_msgs/srv/detail/get_agents__functions.h
[4.660s] -- Symlinking: /home/hunav_gz_fortress_ws/install/hunav_msgs/include/hunav_msgs/hunav_msgs/srv/detail/get_agents__struct.h
[4.668s] -- Symlinking: /home/hunav_gz_fortress_ws/install/hunav_msgs/include/hunav_msgs/hunav_msgs/srv/detail/get_agents__type_support.h
[4.677s] -- Symlinking: /home/hunav_gz_fortress_ws/install/hunav_msgs/include/hunav_msgs/hunav_msgs/srv/detail/move_agent__functions.h
[4.684s] -- Symlinking: /home/hunav_gz_fortress_ws/install/hunav_msgs/include/hunav_msgs/hunav_msgs/srv/detail/move_agent__struct.h
[4.693s] -- Symlinking: /home/hunav_gz_fortress_ws/install/hunav_msgs/include/hunav_msgs/hunav_msgs/srv/detail/move_agent__type_support.h
[4.701s] -- Symlinking: /home/hunav_gz_fortress_ws/install/hunav_msgs/include/hunav_msgs/hunav_msgs/srv/detail/reset_agents__functions.h
[4.708s] -- Symlinking: /home/hunav_gz_fortress_ws/install/hunav_msgs/include/hunav_msgs/hunav_msgs/srv/detail/reset_agents__struct.h
[4.716s] -- Symlinking: /home/hunav_gz_fortress_ws/install/hunav_msgs/include/hunav_msgs/hunav_msgs/srv/detail/reset_agents__type_support.h
[4.724s] -- Symlinking: /home/hunav_gz_fortress_ws/install/hunav_msgs/include/hunav_msgs/hunav_msgs/srv/get_agents.h
[4.732s] -- Symlinking: /home/hunav_gz_fortress_ws/install/hunav_msgs/include/hunav_msgs/hunav_msgs/srv/move_agent.h
[4.740s] -- Symlinking: /home/hunav_gz_fortress_ws/install/hunav_msgs/include/hunav_msgs/hunav_msgs/srv/reset_agents.h
[4.751s] -- Symlinking: /home/hunav_gz_fortress_ws/install/hunav_msgs/share/hunav_msgs/environment/library_path.sh
[4.760s] -- Symlinking: /home/hunav_gz_fortress_ws/install/hunav_msgs/share/hunav_msgs/environment/library_path.dsv
[4.769s] -- Symlinking: /home/hunav_gz_fortress_ws/install/hunav_msgs/include/hunav_msgs/hunav_msgs/msg/detail/agent__rosidl_typesupport_fastrtps_c.h
[4.777s] -- Symlinking: /home/hunav_gz_fortress_ws/install/hunav_msgs/include/hunav_msgs/hunav_msgs/msg/detail/agent_behavior__rosidl_typesupport_fastrtps_c.h
[4.785s] -- Symlinking: /home/hunav_gz_fortress_ws/install/hunav_msgs/include/hunav_msgs/hunav_msgs/msg/detail/agents__rosidl_typesupport_fastrtps_c.h
[4.793s] -- Symlinking: /home/hunav_gz_fortress_ws/install/hunav_msgs/include/hunav_msgs/hunav_msgs/msg/rosidl_typesupport_fastrtps_c__visibility_control.h
[4.801s] -- Symlinking: /home/hunav_gz_fortress_ws/install/hunav_msgs/include/hunav_msgs/hunav_msgs/srv/detail/compute_agent__rosidl_typesupport_fastrtps_c.h
[4.809s] -- Symlinking: /home/hunav_gz_fortress_ws/install/hunav_msgs/include/hunav_msgs/hunav_msgs/srv/detail/compute_agents__rosidl_typesupport_fastrtps_c.h
[4.816s] -- Symlinking: /home/hunav_gz_fortress_ws/install/hunav_msgs/include/hunav_msgs/hunav_msgs/srv/detail/get_agents__rosidl_typesupport_fastrtps_c.h
[4.825s] -- Symlinking: /home/hunav_gz_fortress_ws/install/hunav_msgs/include/hunav_msgs/hunav_msgs/srv/detail/move_agent__rosidl_typesupport_fastrtps_c.h
[4.833s] -- Symlinking: /home/hunav_gz_fortress_ws/install/hunav_msgs/include/hunav_msgs/hunav_msgs/srv/detail/reset_agents__rosidl_typesupport_fastrtps_c.h
[4.844s] -- Symlinking: /home/hunav_gz_fortress_ws/install/hunav_msgs/include/hunav_msgs/hunav_msgs/msg/agent.hpp
[4.852s] -- Symlinking: /home/hunav_gz_fortress_ws/install/hunav_msgs/include/hunav_msgs/hunav_msgs/msg/agent_behavior.hpp
[4.861s] -- Symlinking: /home/hunav_gz_fortress_ws/install/hunav_msgs/include/hunav_msgs/hunav_msgs/msg/agents.hpp
[4.870s] -- Symlinking: /home/hunav_gz_fortress_ws/install/hunav_msgs/include/hunav_msgs/hunav_msgs/msg/detail/agent__builder.hpp
[4.878s] -- Symlinking: /home/hunav_gz_fortress_ws/install/hunav_msgs/include/hunav_msgs/hunav_msgs/msg/detail/agent__struct.hpp
[4.887s] -- Symlinking: /home/hunav_gz_fortress_ws/install/hunav_msgs/include/hunav_msgs/hunav_msgs/msg/detail/agent__traits.hpp
[4.895s] -- Symlinking: /home/hunav_gz_fortress_ws/install/hunav_msgs/include/hunav_msgs/hunav_msgs/msg/detail/agent__type_support.hpp
[4.903s] -- Symlinking: /home/hunav_gz_fortress_ws/install/hunav_msgs/include/hunav_msgs/hunav_msgs/msg/detail/agent_behavior__builder.hpp
[4.911s] -- Symlinking: /home/hunav_gz_fortress_ws/install/hunav_msgs/include/hunav_msgs/hunav_msgs/msg/detail/agent_behavior__struct.hpp
[4.919s] -- Symlinking: /home/hunav_gz_fortress_ws/install/hunav_msgs/include/hunav_msgs/hunav_msgs/msg/detail/agent_behavior__traits.hpp
[4.928s] -- Symlinking: /home/hunav_gz_fortress_ws/install/hunav_msgs/include/hunav_msgs/hunav_msgs/msg/detail/agent_behavior__type_support.hpp
[4.937s] -- Symlinking: /home/hunav_gz_fortress_ws/install/hunav_msgs/include/hunav_msgs/hunav_msgs/msg/detail/agents__builder.hpp
[4.947s] -- Symlinking: /home/hunav_gz_fortress_ws/install/hunav_msgs/include/hunav_msgs/hunav_msgs/msg/detail/agents__struct.hpp
[4.956s] -- Symlinking: /home/hunav_gz_fortress_ws/install/hunav_msgs/include/hunav_msgs/hunav_msgs/msg/detail/agents__traits.hpp
[4.964s] -- Symlinking: /home/hunav_gz_fortress_ws/install/hunav_msgs/include/hunav_msgs/hunav_msgs/msg/detail/agents__type_support.hpp
[4.972s] -- Symlinking: /home/hunav_gz_fortress_ws/install/hunav_msgs/include/hunav_msgs/hunav_msgs/msg/rosidl_generator_cpp__visibility_control.hpp
[4.981s] -- Symlinking: /home/hunav_gz_fortress_ws/install/hunav_msgs/include/hunav_msgs/hunav_msgs/srv/compute_agent.hpp
[4.989s] -- Symlinking: /home/hunav_gz_fortress_ws/install/hunav_msgs/include/hunav_msgs/hunav_msgs/srv/compute_agents.hpp
[4.999s] -- Symlinking: /home/hunav_gz_fortress_ws/install/hunav_msgs/include/hunav_msgs/hunav_msgs/srv/detail/compute_agent__builder.hpp
[5.008s] -- Symlinking: /home/hunav_gz_fortress_ws/install/hunav_msgs/include/hunav_msgs/hunav_msgs/srv/detail/compute_agent__struct.hpp
[5.017s] -- Symlinking: /home/hunav_gz_fortress_ws/install/hunav_msgs/include/hunav_msgs/hunav_msgs/srv/detail/compute_agent__traits.hpp
[5.024s] -- Symlinking: /home/hunav_gz_fortress_ws/install/hunav_msgs/include/hunav_msgs/hunav_msgs/srv/detail/compute_agent__type_support.hpp
[5.033s] -- Symlinking: /home/hunav_gz_fortress_ws/install/hunav_msgs/include/hunav_msgs/hunav_msgs/srv/detail/compute_agents__builder.hpp
[5.040s] -- Symlinking: /home/hunav_gz_fortress_ws/install/hunav_msgs/include/hunav_msgs/hunav_msgs/srv/detail/compute_agents__struct.hpp
[5.053s] -- Symlinking: /home/hunav_gz_fortress_ws/install/hunav_msgs/include/hunav_msgs/hunav_msgs/srv/detail/compute_agents__traits.hpp
[5.061s] -- Symlinking: /home/hunav_gz_fortress_ws/install/hunav_msgs/include/hunav_msgs/hunav_msgs/srv/detail/compute_agents__type_support.hpp
[5.070s] -- Symlinking: /home/hunav_gz_fortress_ws/install/hunav_msgs/include/hunav_msgs/hunav_msgs/srv/detail/get_agents__builder.hpp
[5.079s] -- Symlinking: /home/hunav_gz_fortress_ws/install/hunav_msgs/include/hunav_msgs/hunav_msgs/srv/detail/get_agents__struct.hpp
[5.087s] -- Symlinking: /home/hunav_gz_fortress_ws/install/hunav_msgs/include/hunav_msgs/hunav_msgs/srv/detail/get_agents__traits.hpp
[5.095s] -- Symlinking: /home/hunav_gz_fortress_ws/install/hunav_msgs/include/hunav_msgs/hunav_msgs/srv/detail/get_agents__type_support.hpp
[5.103s] -- Symlinking: /home/hunav_gz_fortress_ws/install/hunav_msgs/include/hunav_msgs/hunav_msgs/srv/detail/move_agent__builder.hpp
[5.111s] -- Symlinking: /home/hunav_gz_fortress_ws/install/hunav_msgs/include/hunav_msgs/hunav_msgs/srv/detail/move_agent__struct.hpp
[5.119s] -- Symlinking: /home/hunav_gz_fortress_ws/install/hunav_msgs/include/hunav_msgs/hunav_msgs/srv/detail/move_agent__traits.hpp
[5.127s] -- Symlinking: /home/hunav_gz_fortress_ws/install/hunav_msgs/include/hunav_msgs/hunav_msgs/srv/detail/move_agent__type_support.hpp
[5.135s] -- Symlinking: /home/hunav_gz_fortress_ws/install/hunav_msgs/include/hunav_msgs/hunav_msgs/srv/detail/reset_agents__builder.hpp
[5.146s] -- Symlinking: /home/hunav_gz_fortress_ws/install/hunav_msgs/include/hunav_msgs/hunav_msgs/srv/detail/reset_agents__struct.hpp
[5.155s] -- Symlinking: /home/hunav_gz_fortress_ws/install/hunav_msgs/include/hunav_msgs/hunav_msgs/srv/detail/reset_agents__traits.hpp
[5.165s] -- Symlinking: /home/hunav_gz_fortress_ws/install/hunav_msgs/include/hunav_msgs/hunav_msgs/srv/detail/reset_agents__type_support.hpp
[5.173s] -- Symlinking: /home/hunav_gz_fortress_ws/install/hunav_msgs/include/hunav_msgs/hunav_msgs/srv/get_agents.hpp
[5.182s] -- Symlinking: /home/hunav_gz_fortress_ws/install/hunav_msgs/include/hunav_msgs/hunav_msgs/srv/move_agent.hpp
[5.190s] -- Symlinking: /home/hunav_gz_fortress_ws/install/hunav_msgs/include/hunav_msgs/hunav_msgs/srv/reset_agents.hpp
[5.199s] -- Symlinking: /home/hunav_gz_fortress_ws/install/hunav_msgs/include/hunav_msgs/hunav_msgs/msg/detail/agent__rosidl_typesupport_fastrtps_cpp.hpp
[5.208s] -- Symlinking: /home/hunav_gz_fortress_ws/install/hunav_msgs/include/hunav_msgs/hunav_msgs/msg/detail/agent_behavior__rosidl_typesupport_fastrtps_cpp.hpp
[5.217s] -- Symlinking: /home/hunav_gz_fortress_ws/install/hunav_msgs/include/hunav_msgs/hunav_msgs/msg/detail/agents__rosidl_typesupport_fastrtps_cpp.hpp
[5.225s] -- Symlinking: /home/hunav_gz_fortress_ws/install/hunav_msgs/include/hunav_msgs/hunav_msgs/msg/rosidl_typesupport_fastrtps_cpp__visibility_control.h
[5.238s] -- Symlinking: /home/hunav_gz_fortress_ws/install/hunav_msgs/include/hunav_msgs/hunav_msgs/srv/detail/compute_agent__rosidl_typesupport_fastrtps_cpp.hpp
[5.249s] -- Symlinking: /home/hunav_gz_fortress_ws/install/hunav_msgs/include/hunav_msgs/hunav_msgs/srv/detail/compute_agents__rosidl_typesupport_fastrtps_cpp.hpp
[5.258s] -- Symlinking: /home/hunav_gz_fortress_ws/install/hunav_msgs/include/hunav_msgs/hunav_msgs/srv/detail/get_agents__rosidl_typesupport_fastrtps_cpp.hpp
[5.267s] -- Symlinking: /home/hunav_gz_fortress_ws/install/hunav_msgs/include/hunav_msgs/hunav_msgs/srv/detail/move_agent__rosidl_typesupport_fastrtps_cpp.hpp
[5.277s] -- Symlinking: /home/hunav_gz_fortress_ws/install/hunav_msgs/include/hunav_msgs/hunav_msgs/srv/detail/reset_agents__rosidl_typesupport_fastrtps_cpp.hpp
[5.285s] -- Symlinking: /home/hunav_gz_fortress_ws/install/hunav_msgs/include/hunav_msgs/hunav_msgs/msg/detail/agent__rosidl_typesupport_introspection_c.h
[5.293s] -- Symlinking: /home/hunav_gz_fortress_ws/install/hunav_msgs/include/hunav_msgs/hunav_msgs/msg/detail/agent_behavior__rosidl_typesupport_introspection_c.h
[5.301s] -- Symlinking: /home/hunav_gz_fortress_ws/install/hunav_msgs/include/hunav_msgs/hunav_msgs/msg/detail/agents__rosidl_typesupport_introspection_c.h
[5.309s] -- Symlinking: /home/hunav_gz_fortress_ws/install/hunav_msgs/include/hunav_msgs/hunav_msgs/msg/rosidl_typesupport_introspection_c__visibility_control.h
[5.317s] -- Symlinking: /home/hunav_gz_fortress_ws/install/hunav_msgs/include/hunav_msgs/hunav_msgs/srv/detail/compute_agent__rosidl_typesupport_introspection_c.h
[5.325s] -- Symlinking: /home/hunav_gz_fortress_ws/install/hunav_msgs/include/hunav_msgs/hunav_msgs/srv/detail/compute_agents__rosidl_typesupport_introspection_c.h
[5.333s] -- Symlinking: /home/hunav_gz_fortress_ws/install/hunav_msgs/include/hunav_msgs/hunav_msgs/srv/detail/get_agents__rosidl_typesupport_introspection_c.h
[5.344s] -- Symlinking: /home/hunav_gz_fortress_ws/install/hunav_msgs/include/hunav_msgs/hunav_msgs/srv/detail/move_agent__rosidl_typesupport_introspection_c.h
[5.354s] -- Symlinking: /home/hunav_gz_fortress_ws/install/hunav_msgs/include/hunav_msgs/hunav_msgs/srv/detail/reset_agents__rosidl_typesupport_introspection_c.h
[5.364s] -- Symlinking: /home/hunav_gz_fortress_ws/install/hunav_msgs/include/hunav_msgs/hunav_msgs/msg/detail/agent__rosidl_typesupport_introspection_cpp.hpp
[5.371s] -- Symlinking: /home/hunav_gz_fortress_ws/install/hunav_msgs/include/hunav_msgs/hunav_msgs/msg/detail/agent_behavior__rosidl_typesupport_introspection_cpp.hpp
[5.380s] -- Symlinking: /home/hunav_gz_fortress_ws/install/hunav_msgs/include/hunav_msgs/hunav_msgs/msg/detail/agents__rosidl_typesupport_introspection_cpp.hpp
[5.388s] -- Symlinking: /home/hunav_gz_fortress_ws/install/hunav_msgs/include/hunav_msgs/hunav_msgs/srv/detail/compute_agent__rosidl_typesupport_introspection_cpp.hpp
[5.396s] -- Symlinking: /home/hunav_gz_fortress_ws/install/hunav_msgs/include/hunav_msgs/hunav_msgs/srv/detail/compute_agents__rosidl_typesupport_introspection_cpp.hpp
[5.403s] -- Symlinking: /home/hunav_gz_fortress_ws/install/hunav_msgs/include/hunav_msgs/hunav_msgs/srv/detail/get_agents__rosidl_typesupport_introspection_cpp.hpp
[5.411s] -- Symlinking: /home/hunav_gz_fortress_ws/install/hunav_msgs/include/hunav_msgs/hunav_msgs/srv/detail/move_agent__rosidl_typesupport_introspection_cpp.hpp
[5.419s] -- Symlinking: /home/hunav_gz_fortress_ws/install/hunav_msgs/include/hunav_msgs/hunav_msgs/srv/detail/reset_agents__rosidl_typesupport_introspection_cpp.hpp
[5.428s] -- Symlinking: /home/hunav_gz_fortress_ws/install/hunav_msgs/share/hunav_msgs/environment/pythonpath.sh
[5.436s] -- Symlinking: /home/hunav_gz_fortress_ws/install/hunav_msgs/share/hunav_msgs/environment/pythonpath.dsv
[5.449s] -- Symlinking: /home/hunav_gz_fortress_ws/install/hunav_msgs/local/lib/python3.10/dist-packages/hunav_msgs-1.0.0-py3.10.egg-info/PKG-INFO
[5.460s] -- Symlinking: /home/hunav_gz_fortress_ws/install/hunav_msgs/local/lib/python3.10/dist-packages/hunav_msgs-1.0.0-py3.10.egg-info/SOURCES.txt
[5.471s] -- Symlinking: /home/hunav_gz_fortress_ws/install/hunav_msgs/local/lib/python3.10/dist-packages/hunav_msgs-1.0.0-py3.10.egg-info/dependency_links.txt
[5.481s] -- Symlinking: /home/hunav_gz_fortress_ws/install/hunav_msgs/local/lib/python3.10/dist-packages/hunav_msgs-1.0.0-py3.10.egg-info/top_level.txt
[5.490s] -- Symlinking: /home/hunav_gz_fortress_ws/install/hunav_msgs/local/lib/python3.10/dist-packages/hunav_msgs/__init__.py
[5.500s] -- Symlinking: /home/hunav_gz_fortress_ws/install/hunav_msgs/local/lib/python3.10/dist-packages/hunav_msgs/_hunav_msgs_s.ep.rosidl_typesupport_c.c
[5.509s] -- Symlinking: /home/hunav_gz_fortress_ws/install/hunav_msgs/local/lib/python3.10/dist-packages/hunav_msgs/_hunav_msgs_s.ep.rosidl_typesupport_fastrtps_c.c
[5.518s] -- Symlinking: /home/hunav_gz_fortress_ws/install/hunav_msgs/local/lib/python3.10/dist-packages/hunav_msgs/_hunav_msgs_s.ep.rosidl_typesupport_introspection_c.c
[5.525s] -- Symlinking: /home/hunav_gz_fortress_ws/install/hunav_msgs/local/lib/python3.10/dist-packages/hunav_msgs/hunav_msgs_s__rosidl_typesupport_c.cpython-310-x86_64-linux-gnu.so
[5.533s] -- Symlinking: /home/hunav_gz_fortress_ws/install/hunav_msgs/local/lib/python3.10/dist-packages/hunav_msgs/hunav_msgs_s__rosidl_typesupport_fastrtps_c.cpython-310-x86_64-linux-gnu.so
[5.541s] -- Symlinking: /home/hunav_gz_fortress_ws/install/hunav_msgs/local/lib/python3.10/dist-packages/hunav_msgs/hunav_msgs_s__rosidl_typesupport_introspection_c.cpython-310-x86_64-linux-gnu.so
[5.552s] -- Symlinking: /home/hunav_gz_fortress_ws/install/hunav_msgs/local/lib/python3.10/dist-packages/hunav_msgs/libhunav_msgs__rosidl_generator_py.so
[5.561s] -- Symlinking: /home/hunav_gz_fortress_ws/install/hunav_msgs/local/lib/python3.10/dist-packages/hunav_msgs/msg/__init__.py
[5.570s] -- Symlinking: /home/hunav_gz_fortress_ws/install/hunav_msgs/local/lib/python3.10/dist-packages/hunav_msgs/msg/_agent.py
[5.579s] -- Symlinking: /home/hunav_gz_fortress_ws/install/hunav_msgs/local/lib/python3.10/dist-packages/hunav_msgs/msg/_agent_behavior.py
[5.587s] -- Symlinking: /home/hunav_gz_fortress_ws/install/hunav_msgs/local/lib/python3.10/dist-packages/hunav_msgs/msg/_agent_behavior_s.c
[5.595s] -- Symlinking: /home/hunav_gz_fortress_ws/install/hunav_msgs/local/lib/python3.10/dist-packages/hunav_msgs/msg/_agent_s.c
[5.603s] -- Symlinking: /home/hunav_gz_fortress_ws/install/hunav_msgs/local/lib/python3.10/dist-packages/hunav_msgs/msg/_agents.py
[5.612s] -- Symlinking: /home/hunav_gz_fortress_ws/install/hunav_msgs/local/lib/python3.10/dist-packages/hunav_msgs/msg/_agents_s.c
[5.621s] -- Symlinking: /home/hunav_gz_fortress_ws/install/hunav_msgs/local/lib/python3.10/dist-packages/hunav_msgs/srv/__init__.py
[5.628s] -- Symlinking: /home/hunav_gz_fortress_ws/install/hunav_msgs/local/lib/python3.10/dist-packages/hunav_msgs/srv/_compute_agent.py
[5.636s] -- Symlinking: /home/hunav_gz_fortress_ws/install/hunav_msgs/local/lib/python3.10/dist-packages/hunav_msgs/srv/_compute_agent_s.c
[5.646s] -- Symlinking: /home/hunav_gz_fortress_ws/install/hunav_msgs/local/lib/python3.10/dist-packages/hunav_msgs/srv/_compute_agents.py
[5.655s] -- Symlinking: /home/hunav_gz_fortress_ws/install/hunav_msgs/local/lib/python3.10/dist-packages/hunav_msgs/srv/_compute_agents_s.c
[5.663s] -- Symlinking: /home/hunav_gz_fortress_ws/install/hunav_msgs/local/lib/python3.10/dist-packages/hunav_msgs/srv/_get_agents.py
[5.671s] -- Symlinking: /home/hunav_gz_fortress_ws/install/hunav_msgs/local/lib/python3.10/dist-packages/hunav_msgs/srv/_get_agents_s.c
[5.679s] -- Symlinking: /home/hunav_gz_fortress_ws/install/hunav_msgs/local/lib/python3.10/dist-packages/hunav_msgs/srv/_move_agent.py
[5.686s] -- Symlinking: /home/hunav_gz_fortress_ws/install/hunav_msgs/local/lib/python3.10/dist-packages/hunav_msgs/srv/_move_agent_s.c
[5.694s] -- Symlinking: /home/hunav_gz_fortress_ws/install/hunav_msgs/local/lib/python3.10/dist-packages/hunav_msgs/srv/_reset_agents.py
[5.702s] -- Symlinking: /home/hunav_gz_fortress_ws/install/hunav_msgs/local/lib/python3.10/dist-packages/hunav_msgs/srv/_reset_agents_s.c
[5.709s] -- Up-to-date symlink: /home/hunav_gz_fortress_ws/install/hunav_msgs/local/lib/python3.10/dist-packages/hunav_msgs/hunav_msgs_s__rosidl_typesupport_fastrtps_c.cpython-310-x86_64-linux-gnu.so
[5.709s] -- Up-to-date symlink: /home/hunav_gz_fortress_ws/install/hunav_msgs/local/lib/python3.10/dist-packages/hunav_msgs/hunav_msgs_s__rosidl_typesupport_introspection_c.cpython-310-x86_64-linux-gnu.so
[5.709s] -- Up-to-date symlink: /home/hunav_gz_fortress_ws/install/hunav_msgs/local/lib/python3.10/dist-packages/hunav_msgs/hunav_msgs_s__rosidl_typesupport_c.cpython-310-x86_64-linux-gnu.so
[5.710s] -- Symlinking: /home/hunav_gz_fortress_ws/install/hunav_msgs/share/hunav_msgs/msg/Agent.idl
[5.718s] -- Symlinking: /home/hunav_gz_fortress_ws/install/hunav_msgs/share/hunav_msgs/msg/Agents.idl
[5.725s] -- Symlinking: /home/hunav_gz_fortress_ws/install/hunav_msgs/share/hunav_msgs/msg/AgentBehavior.idl
[5.733s] -- Symlinking: /home/hunav_gz_fortress_ws/install/hunav_msgs/share/hunav_msgs/srv/ComputeAgents.idl
[5.741s] -- Symlinking: /home/hunav_gz_fortress_ws/install/hunav_msgs/share/hunav_msgs/srv/ComputeAgent.idl
[5.753s] -- Symlinking: /home/hunav_gz_fortress_ws/install/hunav_msgs/share/hunav_msgs/srv/MoveAgent.idl
[5.761s] -- Symlinking: /home/hunav_gz_fortress_ws/install/hunav_msgs/share/hunav_msgs/srv/GetAgents.idl
[5.770s] -- Symlinking: /home/hunav_gz_fortress_ws/install/hunav_msgs/share/hunav_msgs/srv/ResetAgents.idl
[5.780s] -- Symlinking: /home/hunav_gz_fortress_ws/install/hunav_msgs/share/hunav_msgs/msg/Agent.msg
[5.789s] -- Symlinking: /home/hunav_gz_fortress_ws/install/hunav_msgs/share/hunav_msgs/msg/Agents.msg
[5.797s] -- Symlinking: /home/hunav_gz_fortress_ws/install/hunav_msgs/share/hunav_msgs/msg/AgentBehavior.msg
[5.806s] -- Symlinking: /home/hunav_gz_fortress_ws/install/hunav_msgs/share/hunav_msgs/srv/ComputeAgents.srv
[5.813s] -- Symlinking: /home/hunav_gz_fortress_ws/install/hunav_msgs/share/hunav_msgs/srv/ComputeAgents_Request.msg
[5.823s] -- Symlinking: /home/hunav_gz_fortress_ws/install/hunav_msgs/share/hunav_msgs/srv/ComputeAgents_Response.msg
[5.830s] -- Symlinking: /home/hunav_gz_fortress_ws/install/hunav_msgs/share/hunav_msgs/srv/ComputeAgent.srv
[5.838s] -- Symlinking: /home/hunav_gz_fortress_ws/install/hunav_msgs/share/hunav_msgs/srv/ComputeAgent_Request.msg
[5.849s] -- Symlinking: /home/hunav_gz_fortress_ws/install/hunav_msgs/share/hunav_msgs/srv/ComputeAgent_Response.msg
[5.857s] -- Symlinking: /home/hunav_gz_fortress_ws/install/hunav_msgs/share/hunav_msgs/srv/MoveAgent.srv
[5.866s] -- Symlinking: /home/hunav_gz_fortress_ws/install/hunav_msgs/share/hunav_msgs/srv/MoveAgent_Request.msg
[5.874s] -- Symlinking: /home/hunav_gz_fortress_ws/install/hunav_msgs/share/hunav_msgs/srv/MoveAgent_Response.msg
[5.882s] -- Symlinking: /home/hunav_gz_fortress_ws/install/hunav_msgs/share/hunav_msgs/srv/GetAgents.srv
[5.891s] -- Symlinking: /home/hunav_gz_fortress_ws/install/hunav_msgs/share/hunav_msgs/srv/GetAgents_Request.msg
[5.900s] -- Symlinking: /home/hunav_gz_fortress_ws/install/hunav_msgs/share/hunav_msgs/srv/GetAgents_Response.msg
[5.908s] -- Symlinking: /home/hunav_gz_fortress_ws/install/hunav_msgs/share/hunav_msgs/srv/ResetAgents.srv
[5.916s] -- Symlinking: /home/hunav_gz_fortress_ws/install/hunav_msgs/share/hunav_msgs/srv/ResetAgents_Request.msg
[5.925s] -- Symlinking: /home/hunav_gz_fortress_ws/install/hunav_msgs/share/hunav_msgs/srv/ResetAgents_Response.msg
[5.932s] -- Symlinking: /home/hunav_gz_fortress_ws/install/hunav_msgs/share/ament_index/resource_index/package_run_dependencies/hunav_msgs
[5.940s] -- Symlinking: /home/hunav_gz_fortress_ws/install/hunav_msgs/share/ament_index/resource_index/parent_prefix_path/hunav_msgs
[5.951s] -- Symlinking: /home/hunav_gz_fortress_ws/install/hunav_msgs/share/hunav_msgs/environment/ament_prefix_path.sh
[5.960s] -- Symlinking: /home/hunav_gz_fortress_ws/install/hunav_msgs/share/hunav_msgs/environment/ament_prefix_path.dsv
[5.968s] -- Symlinking: /home/hunav_gz_fortress_ws/install/hunav_msgs/share/hunav_msgs/environment/path.sh
[5.976s] -- Symlinking: /home/hunav_gz_fortress_ws/install/hunav_msgs/share/hunav_msgs/environment/path.dsv
[5.985s] -- Symlinking: /home/hunav_gz_fortress_ws/install/hunav_msgs/share/hunav_msgs/local_setup.bash
[5.992s] -- Symlinking: /home/hunav_gz_fortress_ws/install/hunav_msgs/share/hunav_msgs/local_setup.sh
[6.000s] -- Symlinking: /home/hunav_gz_fortress_ws/install/hunav_msgs/share/hunav_msgs/local_setup.zsh
[6.008s] -- Symlinking: /home/hunav_gz_fortress_ws/install/hunav_msgs/share/hunav_msgs/local_setup.dsv
[6.016s] -- Symlinking: /home/hunav_gz_fortress_ws/install/hunav_msgs/share/hunav_msgs/package.dsv
[6.025s] -- Symlinking: /home/hunav_gz_fortress_ws/install/hunav_msgs/share/ament_index/resource_index/packages/hunav_msgs
[6.033s] -- Symlinking: /home/hunav_gz_fortress_ws/install/hunav_msgs/share/hunav_msgs/cmake/rosidl_cmake-extras.cmake
[6.041s] -- Symlinking: /home/hunav_gz_fortress_ws/install/hunav_msgs/share/hunav_msgs/cmake/ament_cmake_export_dependencies-extras.cmake
[6.053s] -- Symlinking: /home/hunav_gz_fortress_ws/install/hunav_msgs/share/hunav_msgs/cmake/ament_cmake_export_include_directories-extras.cmake
[6.062s] -- Symlinking: /home/hunav_gz_fortress_ws/install/hunav_msgs/share/hunav_msgs/cmake/ament_cmake_export_libraries-extras.cmake
[6.070s] -- Symlinking: /home/hunav_gz_fortress_ws/install/hunav_msgs/share/hunav_msgs/cmake/ament_cmake_export_targets-extras.cmake
[6.079s] -- Symlinking: /home/hunav_gz_fortress_ws/install/hunav_msgs/share/hunav_msgs/cmake/rosidl_cmake_export_typesupport_targets-extras.cmake
[6.087s] -- Symlinking: /home/hunav_gz_fortress_ws/install/hunav_msgs/share/hunav_msgs/cmake/rosidl_cmake_export_typesupport_libraries-extras.cmake
[6.096s] -- Symlinking: /home/hunav_gz_fortress_ws/install/hunav_msgs/share/hunav_msgs/cmake/hunav_msgsConfig.cmake
[6.104s] -- Symlinking: /home/hunav_gz_fortress_ws/install/hunav_msgs/share/hunav_msgs/cmake/hunav_msgsConfig-version.cmake
[6.111s] -- Symlinking: /home/hunav_gz_fortress_ws/install/hunav_msgs/share/hunav_msgs/package.xml
[6.119s] -- Installing: /home/hunav_gz_fortress_ws/install/hunav_msgs/lib/libhunav_msgs__rosidl_generator_c.so
[6.120s] -- Set runtime path of "/home/hunav_gz_fortress_ws/install/hunav_msgs/lib/libhunav_msgs__rosidl_generator_c.so" to ""
[6.120s] -- Installing: /home/hunav_gz_fortress_ws/install/hunav_msgs/lib/libhunav_msgs__rosidl_typesupport_fastrtps_c.so
[6.120s] -- Set runtime path of "/home/hunav_gz_fortress_ws/install/hunav_msgs/lib/libhunav_msgs__rosidl_typesupport_fastrtps_c.so" to ""
[6.120s] -- Installing: /home/hunav_gz_fortress_ws/install/hunav_msgs/lib/libhunav_msgs__rosidl_typesupport_fastrtps_cpp.so
[6.121s] -- Set runtime path of "/home/hunav_gz_fortress_ws/install/hunav_msgs/lib/libhunav_msgs__rosidl_typesupport_fastrtps_cpp.so" to ""
[6.121s] -- Installing: /home/hunav_gz_fortress_ws/install/hunav_msgs/lib/libhunav_msgs__rosidl_typesupport_introspection_c.so
[6.121s] -- Set runtime path of "/home/hunav_gz_fortress_ws/install/hunav_msgs/lib/libhunav_msgs__rosidl_typesupport_introspection_c.so" to ""
[6.121s] -- Installing: /home/hunav_gz_fortress_ws/install/hunav_msgs/lib/libhunav_msgs__rosidl_typesupport_c.so
[6.121s] -- Set runtime path of "/home/hunav_gz_fortress_ws/install/hunav_msgs/lib/libhunav_msgs__rosidl_typesupport_c.so" to ""
[6.121s] -- Installing: /home/hunav_gz_fortress_ws/install/hunav_msgs/lib/libhunav_msgs__rosidl_typesupport_introspection_cpp.so
[6.122s] -- Set runtime path of "/home/hunav_gz_fortress_ws/install/hunav_msgs/lib/libhunav_msgs__rosidl_typesupport_introspection_cpp.so" to ""
[6.122s] -- Installing: /home/hunav_gz_fortress_ws/install/hunav_msgs/lib/libhunav_msgs__rosidl_typesupport_cpp.so
[6.122s] -- Set runtime path of "/home/hunav_gz_fortress_ws/install/hunav_msgs/lib/libhunav_msgs__rosidl_typesupport_cpp.so" to ""
[6.156s] Listing '/home/hunav_gz_fortress_ws/install/hunav_msgs/local/lib/python3.10/dist-packages/hunav_msgs'...
[6.156s] Compiling '/home/hunav_gz_fortress_ws/install/hunav_msgs/local/lib/python3.10/dist-packages/hunav_msgs/__init__.py'...
[6.156s] Listing '/home/hunav_gz_fortress_ws/install/hunav_msgs/local/lib/python3.10/dist-packages/hunav_msgs/msg'...
[6.156s] Compiling '/home/hunav_gz_fortress_ws/install/hunav_msgs/local/lib/python3.10/dist-packages/hunav_msgs/msg/__init__.py'...
[6.156s] Compiling '/home/hunav_gz_fortress_ws/install/hunav_msgs/local/lib/python3.10/dist-packages/hunav_msgs/msg/_agent.py'...
[6.156s] Compiling '/home/hunav_gz_fortress_ws/install/hunav_msgs/local/lib/python3.10/dist-packages/hunav_msgs/msg/_agent_behavior.py'...
[6.156s] Compiling '/home/hunav_gz_fortress_ws/install/hunav_msgs/local/lib/python3.10/dist-packages/hunav_msgs/msg/_agents.py'...
[6.156s] Listing '/home/hunav_gz_fortress_ws/install/hunav_msgs/local/lib/python3.10/dist-packages/hunav_msgs/srv'...
[6.156s] Compiling '/home/hunav_gz_fortress_ws/install/hunav_msgs/local/lib/python3.10/dist-packages/hunav_msgs/srv/__init__.py'...
[6.156s] Compiling '/home/hunav_gz_fortress_ws/install/hunav_msgs/local/lib/python3.10/dist-packages/hunav_msgs/srv/_compute_agent.py'...
[6.156s] Compiling '/home/hunav_gz_fortress_ws/install/hunav_msgs/local/lib/python3.10/dist-packages/hunav_msgs/srv/_compute_agents.py'...
[6.156s] Compiling '/home/hunav_gz_fortress_ws/install/hunav_msgs/local/lib/python3.10/dist-packages/hunav_msgs/srv/_get_agents.py'...
[6.156s] Compiling '/home/hunav_gz_fortress_ws/install/hunav_msgs/local/lib/python3.10/dist-packages/hunav_msgs/srv/_move_agent.py'...
[6.156s] Compiling '/home/hunav_gz_fortress_ws/install/hunav_msgs/local/lib/python3.10/dist-packages/hunav_msgs/srv/_reset_agents.py'...
[6.158s] -- Installing: /home/hunav_gz_fortress_ws/install/hunav_msgs/lib/libhunav_msgs__rosidl_generator_py.so
[6.160s] -- Set runtime path of "/home/hunav_gz_fortress_ws/install/hunav_msgs/lib/libhunav_msgs__rosidl_generator_py.so" to ""
[6.160s] -- Installing: /home/hunav_gz_fortress_ws/install/hunav_msgs/share/hunav_msgs/cmake/export_hunav_msgs__rosidl_generator_cExport.cmake
[6.160s] -- Installing: /home/hunav_gz_fortress_ws/install/hunav_msgs/share/hunav_msgs/cmake/export_hunav_msgs__rosidl_generator_cExport-noconfig.cmake
[6.160s] -- Installing: /home/hunav_gz_fortress_ws/install/hunav_msgs/share/hunav_msgs/cmake/export_hunav_msgs__rosidl_typesupport_fastrtps_cExport.cmake
[6.160s] -- Installing: /home/hunav_gz_fortress_ws/install/hunav_msgs/share/hunav_msgs/cmake/export_hunav_msgs__rosidl_typesupport_fastrtps_cExport-noconfig.cmake
[6.160s] -- Installing: /home/hunav_gz_fortress_ws/install/hunav_msgs/share/hunav_msgs/cmake/export_hunav_msgs__rosidl_generator_cppExport.cmake
[6.160s] -- Installing: /home/hunav_gz_fortress_ws/install/hunav_msgs/share/hunav_msgs/cmake/export_hunav_msgs__rosidl_typesupport_fastrtps_cppExport.cmake
[6.160s] -- Installing: /home/hunav_gz_fortress_ws/install/hunav_msgs/share/hunav_msgs/cmake/export_hunav_msgs__rosidl_typesupport_fastrtps_cppExport-noconfig.cmake
[6.160s] -- Installing: /home/hunav_gz_fortress_ws/install/hunav_msgs/share/hunav_msgs/cmake/hunav_msgs__rosidl_typesupport_introspection_cExport.cmake
[6.160s] -- Installing: /home/hunav_gz_fortress_ws/install/hunav_msgs/share/hunav_msgs/cmake/hunav_msgs__rosidl_typesupport_introspection_cExport-noconfig.cmake
[6.161s] -- Installing: /home/hunav_gz_fortress_ws/install/hunav_msgs/share/hunav_msgs/cmake/hunav_msgs__rosidl_typesupport_cExport.cmake
[6.161s] -- Installing: /home/hunav_gz_fortress_ws/install/hunav_msgs/share/hunav_msgs/cmake/hunav_msgs__rosidl_typesupport_cExport-noconfig.cmake
[6.161s] -- Installing: /home/hunav_gz_fortress_ws/install/hunav_msgs/share/hunav_msgs/cmake/hunav_msgs__rosidl_typesupport_introspection_cppExport.cmake
[6.161s] -- Installing: /home/hunav_gz_fortress_ws/install/hunav_msgs/share/hunav_msgs/cmake/hunav_msgs__rosidl_typesupport_introspection_cppExport-noconfig.cmake
[6.161s] -- Installing: /home/hunav_gz_fortress_ws/install/hunav_msgs/share/hunav_msgs/cmake/hunav_msgs__rosidl_typesupport_cppExport.cmake
[6.161s] -- Installing: /home/hunav_gz_fortress_ws/install/hunav_msgs/share/hunav_msgs/cmake/hunav_msgs__rosidl_typesupport_cppExport-noconfig.cmake
[6.161s] -- Installing: /home/hunav_gz_fortress_ws/install/hunav_msgs/share/hunav_msgs/cmake/export_hunav_msgs__rosidl_generator_pyExport.cmake
[6.161s] -- Installing: /home/hunav_gz_fortress_ws/install/hunav_msgs/share/hunav_msgs/cmake/export_hunav_msgs__rosidl_generator_pyExport-noconfig.cmake
[6.163s] Invoked command in '/home/hunav_gz_fortress_ws/build/hunav_msgs' returned '0': CMAKE_PREFIX_PATH=${CMAKE_PREFIX_PATH}:/home/ros2_ws/install/rqt_controller_manager:/home/ros2_ws/install/ros2controlcli:/opt/ros/humble /usr/bin/cmake --install /home/hunav_gz_fortress_ws/build/hunav_msgs
