[0.178s] Invoking command in '/home/hunav_gz_classic_ws/build/hunav_gazebo_wrapper': AMENT_PREFIX_PATH=/home/hunav_gz_classic_ws/install/hunav_msgs:${AMENT_PREFIX_PATH} CMAKE_PREFIX_PATH=/home/hunav_gz_classic_ws/install/hunav_msgs:/home/pmb2_ws/install/urdf_test:/home/pmb2_ws/install/gazebo_ros2_control_demos:/home/pmb2_ws/install/ros2_control:/home/pmb2_ws/install/transmission_interface:/home/pmb2_ws/install/pmb2_simulation:/home/pmb2_ws/install/pmb2_robot:/home/pmb2_ws/install/pmb2_gazebo:/home/pmb2_ws/install/pmb2_bringup:/home/pmb2_ws/install/pmb2_controller_configuration:/home/pmb2_ws/install/hardware_interface_testing:/home/pmb2_ws/install/gazebo_ros2_control:/home/pmb2_ws/install/controller_manager:/home/pmb2_ws/install/ros2_control_test_assets:/home/pmb2_ws/install/pmb2_rgbd_sensors:/home/pmb2_ws/install/pmb2_navigation:/home/pmb2_ws/install/pmb2_laser_sensors:/home/pmb2_ws/install/pmb2_description:/home/pmb2_ws/install/pmb2_2dnav:/home/pmb2_ws/install/people_msgs:/home/pmb2_ws/install/pal_navigation_cfg:/home/pmb2_ws/install/pal_navigation_cfg_bringup:/home/pmb2_ws/install/pal_navigation_cfg_params:/home/pmb2_ws/install/pal_gazebo_worlds:/home/pmb2_ws/install/joint_limits:/home/pmb2_ws/install/controller_interface:/home/pmb2_ws/install/hardware_interface:/home/pmb2_ws/install/controller_manager_msgs:/home/pmb2_ws/install/btcpp_ros2_samples:/home/pmb2_ws/install/behaviortree_ros2:/home/pmb2_ws/install/btcpp_ros2_interfaces:/home/pmb2_ws/install/behaviortree_cpp:/home/pmb2_ws/install/rqt_controller_manager:/home/pmb2_ws/install/ros2controlcli:/home/pmb2_ws/install/launch_pal:/opt/ros/humble LD_LIBRARY_PATH=/home/hunav_gz_classic_ws/install/hunav_msgs/lib:/home/pmb2_ws/install/transmission_interface/lib:/home/pmb2_ws/install/hardware_interface_testing/lib:/home/pmb2_ws/install/gazebo_ros2_control/lib:/home/pmb2_ws/install/controller_manager/lib:/home/pmb2_ws/install/people_msgs/lib:/home/pmb2_ws/install/joint_limits/lib:/home/pmb2_ws/install/controller_interface/lib:/home/pmb2_ws/install/hardware_interface/lib:/home/pmb2_ws/install/controller_manager_msgs/lib:/home/pmb2_ws/install/behaviortree_ros2/lib:/home/pmb2_ws/install/btcpp_ros2_interfaces/lib:/home/pmb2_ws/install/behaviortree_cpp/lib:/usr/lib/x86_64-linux-gnu/gazebo-11/plugins:/opt/ros/humble/opt/rviz_ogre_vendor/lib:/opt/ros/humble/lib/x86_64-linux-gnu:/opt/ros/humble/lib:/usr/lib/x86_64-linux-gnu/gazebo-11/plugins PYTHONPATH=/home/hunav_gz_classic_ws/install/hunav_msgs/local/lib/python3.10/dist-packages:${PYTHONPATH} /usr/bin/cmake --build /home/hunav_gz_classic_ws/build/hunav_gazebo_wrapper -- -j16 -l16
[0.205s] -- Found ament_cmake: 1.3.11 (/opt/ros/humble/share/ament_cmake/cmake)
[0.295s] -- Override CMake install command with custom implementation using symlinks instead of copying resources
[0.300s] -- Found tinyxml2_vendor: 0.7.6 (/opt/ros/humble/share/tinyxml2_vendor/cmake)
[0.323s] -- Found ament_index_cpp: 1.4.0 (/opt/ros/humble/share/ament_index_cpp/cmake)
[0.324s] -- Found rclcpp: 16.0.12 (/opt/ros/humble/share/rclcpp/cmake)
[0.344s] -- Found rosidl_generator_c: 3.1.6 (/opt/ros/humble/share/rosidl_generator_c/cmake)
[0.346s] -- Found rosidl_adapter: 3.1.6 (/opt/ros/humble/share/rosidl_adapter/cmake)
[0.349s] -- Found rosidl_generator_cpp: 3.1.6 (/opt/ros/humble/share/rosidl_generator_cpp/cmake)
[0.356s] -- Using all available rosidl_typesupport_c: rosidl_typesupport_fastrtps_c;rosidl_typesupport_introspection_c
[0.364s] -- Using all available rosidl_typesupport_cpp: rosidl_typesupport_fastrtps_cpp;rosidl_typesupport_introspection_cpp
[0.384s] -- Found rmw_implementation_cmake: 6.1.2 (/opt/ros/humble/share/rmw_implementation_cmake/cmake)
[0.386s] -- Found rmw_cyclonedds_cpp: 1.3.4 (/opt/ros/humble/share/rmw_cyclonedds_cpp/cmake)
[0.402s] -- Using RMW implementation 'rmw_cyclonedds_cpp' as default
[0.430s] -- Found gazebo_ros: 3.9.0 (/opt/ros/humble/share/gazebo_ros/cmake)
[0.455s] -- Found DART: /usr/include (Required is at least version "6.6") found components: dart 
[0.475s] -- Found Protobuf: /usr/lib/x86_64-linux-gnu/libprotobuf.so (found version "3.12.4") 
[0.476s] -- Looking for ignition-math6 -- found version 6.15.1
[0.479s] -- Searching for dependencies of ignition-math6
[0.480s] -- Looking for OGRE...
[0.485s] -- Found Ogre Ghadamon (1.9.0)
[0.485s] -- Found OGRE: optimized;/usr/lib/x86_64-linux-gnu/libOgreMain.so;debug;/usr/lib/x86_64-linux-gnu/libOgreMain.so
[0.491s] -- Looking for OGRE_Paging...
[0.491s] -- Found OGRE_Paging: optimized;/usr/lib/x86_64-linux-gnu/libOgrePaging.so;debug;/usr/lib/x86_64-linux-gnu/libOgrePaging.so
[0.491s] -- Looking for OGRE_Terrain...
[0.491s] -- Found OGRE_Terrain: optimized;/usr/lib/x86_64-linux-gnu/libOgreTerrain.so;debug;/usr/lib/x86_64-linux-gnu/libOgreTerrain.so
[0.491s] -- Looking for OGRE_Property...
[0.491s] -- Found OGRE_Property: optimized;/usr/lib/x86_64-linux-gnu/libOgreProperty.so;debug;/usr/lib/x86_64-linux-gnu/libOgreProperty.so
[0.491s] -- Looking for OGRE_RTShaderSystem...
[0.491s] -- Found OGRE_RTShaderSystem: optimized;/usr/lib/x86_64-linux-gnu/libOgreRTShaderSystem.so;debug;/usr/lib/x86_64-linux-gnu/libOgreRTShaderSystem.so
[0.491s] -- Looking for OGRE_Volume...
[0.491s] -- Found OGRE_Volume: optimized;/usr/lib/x86_64-linux-gnu/libOgreVolume.so;debug;/usr/lib/x86_64-linux-gnu/libOgreVolume.so
[0.492s] -- Looking for OGRE_Overlay...
[0.492s] -- Found OGRE_Overlay: optimized;/usr/lib/x86_64-linux-gnu/libOgreOverlay.so;debug;/usr/lib/x86_64-linux-gnu/libOgreOverlay.so
[0.625s] -- Looking for ignition-math6 -- found version 6.15.1
[0.626s] -- Looking for ignition-transport8 -- found version 8.2.1
[0.626s] -- Searching for dependencies of ignition-transport8
[0.654s] -- Found Protobuf: /usr/lib/x86_64-linux-gnu/libprotobuf.so (found suitable version "3.12.4", minimum required is "3") 
[0.674s] -- Config-file not installed for ZeroMQ -- checking for pkg-config
[0.678s] -- Checking for module 'libzmq >= 4'
[0.697s] --   Found libzmq , version 4.3.4
[0.747s] -- Checking for module 'uuid'
[0.764s] --   Found uuid, version 2.37.2
[0.804s] -- Looking for ignition-msgs5 -- found version 5.8.1
[0.804s] -- Searching for dependencies of ignition-msgs5
[0.829s] -- Looking for ignition-math6 -- found version 6.15.1
[0.835s] -- Looking for ignition-msgs5 -- found version 5.8.1
[0.836s] -- Looking for ignition-common3 -- found version 3.14.0
[0.836s] -- Searching for dependencies of ignition-common3
[0.836s] -- Looking for dlfcn.h - found
[0.836s] -- Looking for libdl - found
[0.847s] -- Searching for <ignition-common3> component [graphics]
[0.847s] -- Looking for ignition-common3-graphics -- found version 3.14.0
[0.848s] -- Searching for dependencies of ignition-common3-graphics
[0.848s] -- Looking for ignition-math6 -- found version 6.15.1
[0.848s] -- Looking for ignition-fuel_tools4 -- found version 4.4.0
[0.849s] -- Searching for dependencies of ignition-fuel_tools4
[0.898s] -- Checking for module 'jsoncpp'
[0.914s] --   Found jsoncpp, version 1.9.5
[0.964s] -- Checking for module 'libzip'
[0.981s] --   Found libzip, version 1.7.3
[1.024s] -- Looking for ignition-common3 -- found version 3.14.0
[1.024s] -- Looking for ignition-math6 -- found version 6.15.1
[1.024s] -- Looking for ignition-msgs5 -- found version 5.8.1
[1.025s] -- Gazebo version: 11.10
[1.029s] -- Found hunav_msgs: 1.0.0 (/home/hunav_gz_classic_ws/install/hunav_msgs/share/hunav_msgs/cmake)
[1.047s] -- Found tf2: 0.25.12 (/opt/ros/humble/share/tf2/cmake)
[1.050s] -- Found tf2_geometry_msgs: 0.25.12 (/opt/ros/humble/share/tf2_geometry_msgs/cmake)
[1.052s] -- Found eigen3_cmake_module: 0.1.1 (/opt/ros/humble/share/eigen3_cmake_module/cmake)
[1.053s] -- Ensuring Eigen3 include directory is part of orocos-kdl CMake target
[1.166s] -- Configuring done
[1.195s] -- Generating done
[1.200s] -- Build files have been written to: /home/hunav_gz_classic_ws/build/hunav_gazebo_wrapper
[1.232s] [35m[1mConsolidate compiler generated dependencies of target hunav_gazebo_world_generator[0m
[1.232s] [35m[1mConsolidate compiler generated dependencies of target HuNavPlugin[0m
[1.254s] [ 50%] Built target hunav_gazebo_world_generator
[1.272s] [100%] Built target HuNavPlugin
