[0.008s] Invoking command in '/home/hunav_gz_classic_ws/build/hunav_msgs': CMAKE_PREFIX_PATH=/opt/ros/humble /usr/bin/cmake /home/hunav_gz_classic_ws/src/hunav_sim/hunav_msgs -DAMENT_CMAKE_SYMLINK_INSTALL=1 -DCMAKE_INSTALL_PREFIX=/home/hunav_gz_classic_ws/install/hunav_msgs
[0.055s] -- The C compiler identification is GNU 11.4.0
[0.096s] -- The CXX compiler identification is GNU 11.4.0
[0.100s] -- Detecting C compiler ABI info
[0.160s] -- Detecting C compiler ABI info - done
[0.164s] -- Check for working C compiler: /usr/bin/cc - skipped
[0.164s] -- Detecting C compile features
[0.164s] -- Detecting C compile features - done
[0.166s] -- Detecting CXX compiler ABI info
[0.226s] -- Detecting CXX compiler ABI info - done
[0.232s] -- Check for working CXX compiler: /usr/bin/c++ - skipped
[0.232s] -- Detecting CXX compile features
[0.233s] -- Detecting CXX compile features - done
[0.236s] -- Found ament_cmake: 1.3.11 (/opt/ros/humble/share/ament_cmake/cmake)
[0.337s] -- Found Python3: /usr/bin/python3 (found version "3.10.12") found components: Interpreter 
[0.379s] -- Override CMake install command with custom implementation using symlinks instead of copying resources
[0.408s] -- Found builtin_interfaces: 1.2.1 (/opt/ros/humble/share/builtin_interfaces/cmake)
[0.438s] -- Found rosidl_generator_c: 3.1.6 (/opt/ros/humble/share/rosidl_generator_c/cmake)
[0.443s] -- Found rosidl_adapter: 3.1.6 (/opt/ros/humble/share/rosidl_adapter/cmake)
[0.450s] -- Found rosidl_generator_cpp: 3.1.6 (/opt/ros/humble/share/rosidl_generator_cpp/cmake)
[0.460s] -- Using all available rosidl_typesupport_c: rosidl_typesupport_fastrtps_c;rosidl_typesupport_introspection_c
[0.473s] -- Using all available rosidl_typesupport_cpp: rosidl_typesupport_fastrtps_cpp;rosidl_typesupport_introspection_cpp
[0.485s] -- Found geometry_msgs: 4.8.0 (/opt/ros/humble/share/geometry_msgs/cmake)
[0.505s] -- Found rosidl_default_generators: 1.2.0 (/opt/ros/humble/share/rosidl_default_generators/cmake)
[0.717s] -- Found ament_cmake_ros: 0.10.0 (/opt/ros/humble/share/ament_cmake_ros/cmake)
[0.982s] -- Using all available rosidl_typesupport_c: rosidl_typesupport_fastrtps_c;rosidl_typesupport_introspection_c
[1.082s] -- Using all available rosidl_typesupport_cpp: rosidl_typesupport_fastrtps_cpp;rosidl_typesupport_introspection_cpp
[1.096s] -- Found PythonInterp: /usr/bin/python3 (found suitable version "3.10.12", minimum required is "3.6") 
[1.098s] -- Found python_cmake_module: 0.10.0 (/opt/ros/humble/share/python_cmake_module/cmake)
[1.114s] -- Found PythonLibs: /usr/lib/x86_64-linux-gnu/libpython3.10.so (found suitable version "3.10.12", minimum required is "3.5") 
[1.114s] -- Using PYTHON_EXECUTABLE: /usr/bin/python3
[1.114s] -- Using PYTHON_INCLUDE_DIRS: /usr/include/python3.10
[1.114s] -- Using PYTHON_LIBRARIES: /usr/lib/x86_64-linux-gnu/libpython3.10.so
[1.126s] -- Found PythonExtra: .so  
[1.174s] -- Configuring done
[1.204s] -- Generating done
[1.211s] -- Build files have been written to: /home/hunav_gz_classic_ws/build/hunav_msgs
[1.220s] Invoked command in '/home/hunav_gz_classic_ws/build/hunav_msgs' returned '0': CMAKE_PREFIX_PATH=/opt/ros/humble /usr/bin/cmake /home/hunav_gz_classic_ws/src/hunav_sim/hunav_msgs -DAMENT_CMAKE_SYMLINK_INSTALL=1 -DCMAKE_INSTALL_PREFIX=/home/hunav_gz_classic_ws/install/hunav_msgs
[1.220s] Invoking command in '/home/hunav_gz_classic_ws/build/hunav_msgs': CMAKE_PREFIX_PATH=/opt/ros/humble /usr/bin/cmake --build /home/hunav_gz_classic_ws/build/hunav_msgs -- -j16 -l16
[1.257s] [  1%] [34m[1mGenerating C code for ROS interfaces[0m
[1.266s] [  2%] [34m[1mGenerating C++ code for ROS interfaces[0m
[1.270s] [  2%] Built target ament_cmake_python_symlink_hunav_msgs
[1.405s] running egg_info
[1.406s] creating hunav_msgs.egg-info
[1.406s] writing hunav_msgs.egg-info/PKG-INFO
[1.406s] writing dependency_links to hunav_msgs.egg-info/dependency_links.txt
[1.406s] writing top-level names to hunav_msgs.egg-info/top_level.txt
[1.406s] writing manifest file 'hunav_msgs.egg-info/SOURCES.txt'
[1.407s] reading manifest file 'hunav_msgs.egg-info/SOURCES.txt'
[1.407s] writing manifest file 'hunav_msgs.egg-info/SOURCES.txt'
[1.427s] [  2%] Built target ament_cmake_python_build_hunav_msgs_egg
[1.750s] [  2%] Built target hunav_msgs__cpp
[1.759s] [  5%] [32mBuilding C object CMakeFiles/hunav_msgs__rosidl_generator_c.dir/rosidl_generator_c/hunav_msgs/srv/detail/compute_agent__functions.c.o[0m
[1.759s] [  5%] [32mBuilding C object CMakeFiles/hunav_msgs__rosidl_generator_c.dir/rosidl_generator_c/hunav_msgs/srv/detail/compute_agents__functions.c.o[0m
[1.759s] [  5%] [32mBuilding C object CMakeFiles/hunav_msgs__rosidl_generator_c.dir/rosidl_generator_c/hunav_msgs/msg/detail/agents__functions.c.o[0m
[1.759s] [  6%] [34m[1mGenerating C++ introspection for ROS interfaces[0m
[1.759s] [  8%] [34m[1mGenerating C++ type support dispatch for ROS interfaces[0m
[1.759s] [  9%] [32mBuilding C object CMakeFiles/hunav_msgs__rosidl_generator_c.dir/rosidl_generator_c/hunav_msgs/msg/detail/agent_behavior__functions.c.o[0m
[1.759s] [ 10%] [32mBuilding C object CMakeFiles/hunav_msgs__rosidl_generator_c.dir/rosidl_generator_c/hunav_msgs/msg/detail/agent__functions.c.o[0m
[1.759s] [ 11%] [32mBuilding C object CMakeFiles/hunav_msgs__rosidl_generator_c.dir/rosidl_generator_c/hunav_msgs/srv/detail/move_agent__functions.c.o[0m
[1.760s] [ 12%] [32mBuilding C object CMakeFiles/hunav_msgs__rosidl_generator_c.dir/rosidl_generator_c/hunav_msgs/srv/detail/get_agents__functions.c.o[0m
[1.760s] [ 13%] [34m[1mGenerating C++ type support for eProsima Fast-RTPS[0m
[1.760s] [ 14%] [32mBuilding C object CMakeFiles/hunav_msgs__rosidl_generator_c.dir/rosidl_generator_c/hunav_msgs/srv/detail/reset_agents__functions.c.o[0m
[1.814s] [ 16%] [32m[1mLinking C shared library libhunav_msgs__rosidl_generator_c.so[0m
[1.846s] [ 16%] Built target hunav_msgs__rosidl_generator_c
[1.853s] [ 19%] [34m[1mGenerating C introspection for ROS interfaces[0m
[1.854s] [ 19%] [34m[1mGenerating C type support for eProsima Fast-RTPS[0m
[1.854s] [ 19%] [34m[1mGenerating C type support dispatch for ROS interfaces[0m
[2.097s] [ 21%] [32mBuilding CXX object CMakeFiles/hunav_msgs__rosidl_typesupport_cpp.dir/rosidl_typesupport_cpp/hunav_msgs/srv/compute_agent__type_support.cpp.o[0m
[2.098s] [ 24%] [32mBuilding CXX object CMakeFiles/hunav_msgs__rosidl_typesupport_cpp.dir/rosidl_typesupport_cpp/hunav_msgs/srv/move_agent__type_support.cpp.o[0m
[2.098s] [ 21%] [32mBuilding CXX object CMakeFiles/hunav_msgs__rosidl_typesupport_cpp.dir/rosidl_typesupport_cpp/hunav_msgs/msg/agent_behavior__type_support.cpp.o[0m
[2.098s] [ 24%] [32mBuilding CXX object CMakeFiles/hunav_msgs__rosidl_typesupport_cpp.dir/rosidl_typesupport_cpp/hunav_msgs/msg/agent__type_support.cpp.o[0m
[2.098s] [ 25%] [32mBuilding CXX object CMakeFiles/hunav_msgs__rosidl_typesupport_cpp.dir/rosidl_typesupport_cpp/hunav_msgs/srv/compute_agents__type_support.cpp.o[0m
[2.098s] [ 26%] [32mBuilding CXX object CMakeFiles/hunav_msgs__rosidl_typesupport_cpp.dir/rosidl_typesupport_cpp/hunav_msgs/msg/agents__type_support.cpp.o[0m
[2.098s] [ 27%] [32mBuilding CXX object CMakeFiles/hunav_msgs__rosidl_typesupport_cpp.dir/rosidl_typesupport_cpp/hunav_msgs/srv/reset_agents__type_support.cpp.o[0m
[2.098s] [ 28%] [32mBuilding CXX object CMakeFiles/hunav_msgs__rosidl_typesupport_cpp.dir/rosidl_typesupport_cpp/hunav_msgs/srv/get_agents__type_support.cpp.o[0m
[2.186s] [ 33%] [32mBuilding CXX object CMakeFiles/hunav_msgs__rosidl_typesupport_introspection_cpp.dir/rosidl_typesupport_introspection_cpp/hunav_msgs/srv/detail/compute_agents__type_support.cpp.o[0m
[2.186s] [ 33%] [32mBuilding CXX object CMakeFiles/hunav_msgs__rosidl_typesupport_introspection_cpp.dir/rosidl_typesupport_introspection_cpp/hunav_msgs/msg/detail/agents__type_support.cpp.o[0m
[2.186s] [ 33%] [32mBuilding CXX object CMakeFiles/hunav_msgs__rosidl_typesupport_introspection_cpp.dir/rosidl_typesupport_introspection_cpp/hunav_msgs/msg/detail/agent_behavior__type_support.cpp.o[0m
[2.186s] [ 33%] [32mBuilding CXX object CMakeFiles/hunav_msgs__rosidl_typesupport_introspection_cpp.dir/rosidl_typesupport_introspection_cpp/hunav_msgs/msg/detail/agent__type_support.cpp.o[0m
[2.292s] [ 34%] [32mBuilding CXX object CMakeFiles/hunav_msgs__rosidl_typesupport_c.dir/rosidl_typesupport_c/hunav_msgs/msg/agent__type_support.cpp.o[0m
[2.331s] [ 35%] [32mBuilding CXX object CMakeFiles/hunav_msgs__rosidl_typesupport_c.dir/rosidl_typesupport_c/hunav_msgs/msg/agents__type_support.cpp.o[0m
[2.337s] [ 36%] [32mBuilding CXX object CMakeFiles/hunav_msgs__rosidl_typesupport_introspection_cpp.dir/rosidl_typesupport_introspection_cpp/hunav_msgs/srv/detail/compute_agent__type_support.cpp.o[0m
[2.344s] [ 37%] [32mBuilding CXX object CMakeFiles/hunav_msgs__rosidl_typesupport_introspection_cpp.dir/rosidl_typesupport_introspection_cpp/hunav_msgs/srv/detail/move_agent__type_support.cpp.o[0m
[2.347s] [ 39%] [32mBuilding CXX object CMakeFiles/hunav_msgs__rosidl_typesupport_introspection_cpp.dir/rosidl_typesupport_introspection_cpp/hunav_msgs/srv/detail/get_agents__type_support.cpp.o[0m
[2.351s] [ 40%] [32mBuilding CXX object CMakeFiles/hunav_msgs__rosidl_typesupport_introspection_cpp.dir/rosidl_typesupport_introspection_cpp/hunav_msgs/srv/detail/reset_agents__type_support.cpp.o[0m
[2.353s] [ 41%] [32mBuilding CXX object CMakeFiles/hunav_msgs__rosidl_typesupport_c.dir/rosidl_typesupport_c/hunav_msgs/msg/agent_behavior__type_support.cpp.o[0m
[2.358s] [ 43%] [32mBuilding CXX object CMakeFiles/hunav_msgs__rosidl_typesupport_c.dir/rosidl_typesupport_c/hunav_msgs/srv/compute_agent__type_support.cpp.o[0m
[2.358s] [ 44%] [32mBuilding CXX object CMakeFiles/hunav_msgs__rosidl_typesupport_c.dir/rosidl_typesupport_c/hunav_msgs/srv/compute_agents__type_support.cpp.o[0m
[2.359s] [ 43%] [32m[1mLinking CXX shared library libhunav_msgs__rosidl_typesupport_cpp.so[0m
[2.375s] [ 45%] [32mBuilding CXX object CMakeFiles/hunav_msgs__rosidl_typesupport_c.dir/rosidl_typesupport_c/hunav_msgs/srv/move_agent__type_support.cpp.o[0m
[2.391s] [ 47%] [32mBuilding CXX object CMakeFiles/hunav_msgs__rosidl_typesupport_c.dir/rosidl_typesupport_c/hunav_msgs/srv/get_agents__type_support.cpp.o[0m
[2.397s] [ 48%] [32mBuilding CXX object CMakeFiles/hunav_msgs__rosidl_typesupport_c.dir/rosidl_typesupport_c/hunav_msgs/srv/reset_agents__type_support.cpp.o[0m
[2.403s] [ 49%] [32mBuilding CXX object CMakeFiles/hunav_msgs__rosidl_typesupport_fastrtps_cpp.dir/rosidl_typesupport_fastrtps_cpp/hunav_msgs/msg/detail/dds_fastrtps/agent__type_support.cpp.o[0m
[2.409s] [ 49%] Built target hunav_msgs__rosidl_typesupport_cpp
[2.413s] [ 50%] [32mBuilding CXX object CMakeFiles/hunav_msgs__rosidl_typesupport_fastrtps_cpp.dir/rosidl_typesupport_fastrtps_cpp/hunav_msgs/msg/detail/dds_fastrtps/agents__type_support.cpp.o[0m
[2.417s] [ 51%] [32mBuilding CXX object CMakeFiles/hunav_msgs__rosidl_typesupport_fastrtps_cpp.dir/rosidl_typesupport_fastrtps_cpp/hunav_msgs/msg/detail/dds_fastrtps/agent_behavior__type_support.cpp.o[0m
[2.432s] [ 54%] [32mBuilding CXX object CMakeFiles/hunav_msgs__rosidl_typesupport_fastrtps_cpp.dir/rosidl_typesupport_fastrtps_cpp/hunav_msgs/srv/detail/dds_fastrtps/compute_agent__type_support.cpp.o[0m
[2.433s] [ 54%] [32m[1mLinking CXX shared library libhunav_msgs__rosidl_typesupport_c.so[0m
[2.433s] [ 55%] [32mBuilding CXX object CMakeFiles/hunav_msgs__rosidl_typesupport_fastrtps_cpp.dir/rosidl_typesupport_fastrtps_cpp/hunav_msgs/srv/detail/dds_fastrtps/compute_agents__type_support.cpp.o[0m
[2.440s] [ 56%] [32mBuilding C object CMakeFiles/hunav_msgs__rosidl_typesupport_introspection_c.dir/rosidl_typesupport_introspection_c/hunav_msgs/msg/detail/agent__type_support.c.o[0m
[2.482s] [ 56%] Built target hunav_msgs__rosidl_typesupport_c
[2.483s] [ 57%] [32mBuilding C object CMakeFiles/hunav_msgs__rosidl_typesupport_introspection_c.dir/rosidl_typesupport_introspection_c/hunav_msgs/msg/detail/agents__type_support.c.o[0m
[2.489s] [ 58%] [32mBuilding CXX object CMakeFiles/hunav_msgs__rosidl_typesupport_fastrtps_c.dir/rosidl_typesupport_fastrtps_c/hunav_msgs/msg/detail/agent__type_support_c.cpp.o[0m
[2.491s] [ 59%] [32mBuilding CXX object CMakeFiles/hunav_msgs__rosidl_typesupport_fastrtps_c.dir/rosidl_typesupport_fastrtps_c/hunav_msgs/msg/detail/agents__type_support_c.cpp.o[0m
[2.527s] [ 60%] [32mBuilding C object CMakeFiles/hunav_msgs__rosidl_typesupport_introspection_c.dir/rosidl_typesupport_introspection_c/hunav_msgs/msg/detail/agent_behavior__type_support.c.o[0m
[2.550s] [ 62%] [32mBuilding CXX object CMakeFiles/hunav_msgs__rosidl_typesupport_fastrtps_c.dir/rosidl_typesupport_fastrtps_c/hunav_msgs/msg/detail/agent_behavior__type_support_c.cpp.o[0m
[2.568s] [ 63%] [32mBuilding C object CMakeFiles/hunav_msgs__rosidl_typesupport_introspection_c.dir/rosidl_typesupport_introspection_c/hunav_msgs/srv/detail/compute_agents__type_support.c.o[0m
[2.603s] [ 64%] [32mBuilding CXX object CMakeFiles/hunav_msgs__rosidl_typesupport_fastrtps_cpp.dir/rosidl_typesupport_fastrtps_cpp/hunav_msgs/srv/detail/dds_fastrtps/move_agent__type_support.cpp.o[0m
[2.612s] [ 65%] [32mBuilding C object CMakeFiles/hunav_msgs__rosidl_typesupport_introspection_c.dir/rosidl_typesupport_introspection_c/hunav_msgs/srv/detail/compute_agent__type_support.c.o[0m
[2.622s] [ 66%] [32mBuilding CXX object CMakeFiles/hunav_msgs__rosidl_typesupport_fastrtps_c.dir/rosidl_typesupport_fastrtps_c/hunav_msgs/srv/detail/compute_agents__type_support_c.cpp.o[0m
[2.656s] [ 67%] [32mBuilding C object CMakeFiles/hunav_msgs__rosidl_typesupport_introspection_c.dir/rosidl_typesupport_introspection_c/hunav_msgs/srv/detail/move_agent__type_support.c.o[0m
[2.688s] [ 68%] [32mBuilding CXX object CMakeFiles/hunav_msgs__rosidl_typesupport_fastrtps_cpp.dir/rosidl_typesupport_fastrtps_cpp/hunav_msgs/srv/detail/dds_fastrtps/get_agents__type_support.cpp.o[0m
[2.698s] [ 70%] [32mBuilding C object CMakeFiles/hunav_msgs__rosidl_typesupport_introspection_c.dir/rosidl_typesupport_introspection_c/hunav_msgs/srv/detail/get_agents__type_support.c.o[0m
[2.728s] [ 71%] [32mBuilding CXX object CMakeFiles/hunav_msgs__rosidl_typesupport_fastrtps_c.dir/rosidl_typesupport_fastrtps_c/hunav_msgs/srv/detail/compute_agent__type_support_c.cpp.o[0m
[2.743s] [ 72%] [32mBuilding C object CMakeFiles/hunav_msgs__rosidl_typesupport_introspection_c.dir/rosidl_typesupport_introspection_c/hunav_msgs/srv/detail/reset_agents__type_support.c.o[0m
[2.744s] [ 73%] [32mBuilding CXX object CMakeFiles/hunav_msgs__rosidl_typesupport_fastrtps_cpp.dir/rosidl_typesupport_fastrtps_cpp/hunav_msgs/srv/detail/dds_fastrtps/reset_agents__type_support.cpp.o[0m
[2.753s] [ 74%] [32mBuilding CXX object CMakeFiles/hunav_msgs__rosidl_typesupport_fastrtps_c.dir/rosidl_typesupport_fastrtps_c/hunav_msgs/srv/detail/move_agent__type_support_c.cpp.o[0m
[2.766s] [ 75%] [32m[1mLinking CXX shared library libhunav_msgs__rosidl_typesupport_introspection_cpp.so[0m
[2.793s] [ 78%] [32mBuilding CXX object CMakeFiles/hunav_msgs__rosidl_typesupport_fastrtps_c.dir/rosidl_typesupport_fastrtps_c/hunav_msgs/srv/detail/get_agents__type_support_c.cpp.o[0m
[2.793s] [ 78%] [32m[1mLinking C shared library libhunav_msgs__rosidl_typesupport_introspection_c.so[0m
[2.811s] [ 79%] [32mBuilding CXX object CMakeFiles/hunav_msgs__rosidl_typesupport_fastrtps_c.dir/rosidl_typesupport_fastrtps_c/hunav_msgs/srv/detail/reset_agents__type_support_c.cpp.o[0m
[2.869s] [ 79%] Built target hunav_msgs__rosidl_typesupport_introspection_c
[2.902s] [ 79%] Built target hunav_msgs__rosidl_typesupport_introspection_cpp
[3.069s] [ 80%] [32m[1mLinking CXX shared library libhunav_msgs__rosidl_typesupport_fastrtps_c.so[0m
[3.070s] [ 81%] [32m[1mLinking CXX shared library libhunav_msgs__rosidl_typesupport_fastrtps_cpp.so[0m
[3.126s] [ 81%] Built target hunav_msgs__rosidl_typesupport_fastrtps_c
[3.126s] [ 81%] Built target hunav_msgs__rosidl_typesupport_fastrtps_cpp
[3.143s] [ 81%] Built target hunav_msgs
[3.160s] [ 82%] [34m[1mGenerating Python code for ROS interfaces[0m
[3.934s] [ 82%] Built target hunav_msgs__py
[3.955s] [ 91%] [32mBuilding C object CMakeFiles/hunav_msgs__rosidl_generator_py.dir/rosidl_generator_py/hunav_msgs/srv/_compute_agent_s.c.o[0m
[3.955s] [ 91%] [32mBuilding C object CMakeFiles/hunav_msgs__rosidl_generator_py.dir/rosidl_generator_py/hunav_msgs/srv/_get_agents_s.c.o[0m
[3.955s] [ 91%] [32mBuilding C object CMakeFiles/hunav_msgs__rosidl_generator_py.dir/rosidl_generator_py/hunav_msgs/msg/_agents_s.c.o[0m
[3.955s] [ 91%] [32mBuilding C object CMakeFiles/hunav_msgs__rosidl_generator_py.dir/rosidl_generator_py/hunav_msgs/srv/_reset_agents_s.c.o[0m
[3.955s] [ 91%] [32mBuilding C object CMakeFiles/hunav_msgs__rosidl_generator_py.dir/rosidl_generator_py/hunav_msgs/srv/_compute_agents_s.c.o[0m
[3.955s] [ 91%] [32mBuilding C object CMakeFiles/hunav_msgs__rosidl_generator_py.dir/rosidl_generator_py/hunav_msgs/srv/_move_agent_s.c.o[0m
[3.955s] [ 91%] [32mBuilding C object CMakeFiles/hunav_msgs__rosidl_generator_py.dir/rosidl_generator_py/hunav_msgs/msg/_agent_behavior_s.c.o[0m
[3.955s] [ 91%] [32mBuilding C object CMakeFiles/hunav_msgs__rosidl_generator_py.dir/rosidl_generator_py/hunav_msgs/msg/_agent_s.c.o[0m
[4.034s] [ 93%] [32m[1mLinking C shared library rosidl_generator_py/hunav_msgs/libhunav_msgs__rosidl_generator_py.so[0m
[4.072s] [ 93%] Built target hunav_msgs__rosidl_generator_py
[4.087s] [ 94%] [32mBuilding C object CMakeFiles/hunav_msgs__rosidl_typesupport_fastrtps_c__pyext.dir/rosidl_generator_py/hunav_msgs/_hunav_msgs_s.ep.rosidl_typesupport_fastrtps_c.c.o[0m
[4.087s] [ 95%] [32mBuilding C object CMakeFiles/hunav_msgs__rosidl_typesupport_introspection_c__pyext.dir/rosidl_generator_py/hunav_msgs/_hunav_msgs_s.ep.rosidl_typesupport_introspection_c.c.o[0m
[4.088s] [ 96%] [32mBuilding C object CMakeFiles/hunav_msgs__rosidl_typesupport_c__pyext.dir/rosidl_generator_py/hunav_msgs/_hunav_msgs_s.ep.rosidl_typesupport_c.c.o[0m
[4.177s] [100%] [32m[1mLinking C shared library rosidl_generator_py/hunav_msgs/hunav_msgs_s__rosidl_typesupport_c.cpython-310-x86_64-linux-gnu.so[0m
[4.177s] [100%] [32m[1mLinking C shared library rosidl_generator_py/hunav_msgs/hunav_msgs_s__rosidl_typesupport_fastrtps_c.cpython-310-x86_64-linux-gnu.so[0m
[4.177s] [100%] [32m[1mLinking C shared library rosidl_generator_py/hunav_msgs/hunav_msgs_s__rosidl_typesupport_introspection_c.cpython-310-x86_64-linux-gnu.so[0m
[4.207s] [100%] Built target hunav_msgs__rosidl_typesupport_fastrtps_c__pyext
[4.207s] [100%] Built target hunav_msgs__rosidl_typesupport_introspection_c__pyext
[4.208s] [100%] Built target hunav_msgs__rosidl_typesupport_c__pyext
[4.216s] Invoked command in '/home/hunav_gz_classic_ws/build/hunav_msgs' returned '0': CMAKE_PREFIX_PATH=/opt/ros/humble /usr/bin/cmake --build /home/hunav_gz_classic_ws/build/hunav_msgs -- -j16 -l16
[4.223s] Invoking command in '/home/hunav_gz_classic_ws/build/hunav_msgs': CMAKE_PREFIX_PATH=/opt/ros/humble /usr/bin/cmake --install /home/hunav_gz_classic_ws/build/hunav_msgs
[4.229s] -- Install configuration: ""
[4.229s] -- Execute custom install script
[4.229s] -- Symlinking: /home/hunav_gz_classic_ws/install/hunav_msgs/share/ament_index/resource_index/rosidl_interfaces/hunav_msgs
[4.237s] -- Symlinking: /home/hunav_gz_classic_ws/install/hunav_msgs/include/hunav_msgs/hunav_msgs/msg/agent.h
[4.245s] -- Symlinking: /home/hunav_gz_classic_ws/install/hunav_msgs/include/hunav_msgs/hunav_msgs/msg/agent_behavior.h
[4.252s] -- Symlinking: /home/hunav_gz_classic_ws/install/hunav_msgs/include/hunav_msgs/hunav_msgs/msg/agents.h
[4.259s] -- Symlinking: /home/hunav_gz_classic_ws/install/hunav_msgs/include/hunav_msgs/hunav_msgs/msg/detail/agent__functions.h
[4.265s] -- Symlinking: /home/hunav_gz_classic_ws/install/hunav_msgs/include/hunav_msgs/hunav_msgs/msg/detail/agent__struct.h
[4.271s] -- Symlinking: /home/hunav_gz_classic_ws/install/hunav_msgs/include/hunav_msgs/hunav_msgs/msg/detail/agent__type_support.h
[4.277s] -- Symlinking: /home/hunav_gz_classic_ws/install/hunav_msgs/include/hunav_msgs/hunav_msgs/msg/detail/agent_behavior__functions.h
[4.285s] -- Symlinking: /home/hunav_gz_classic_ws/install/hunav_msgs/include/hunav_msgs/hunav_msgs/msg/detail/agent_behavior__struct.h
[4.292s] -- Symlinking: /home/hunav_gz_classic_ws/install/hunav_msgs/include/hunav_msgs/hunav_msgs/msg/detail/agent_behavior__type_support.h
[4.300s] -- Symlinking: /home/hunav_gz_classic_ws/install/hunav_msgs/include/hunav_msgs/hunav_msgs/msg/detail/agents__functions.h
[4.306s] -- Symlinking: /home/hunav_gz_classic_ws/install/hunav_msgs/include/hunav_msgs/hunav_msgs/msg/detail/agents__struct.h
[4.313s] -- Symlinking: /home/hunav_gz_classic_ws/install/hunav_msgs/include/hunav_msgs/hunav_msgs/msg/detail/agents__type_support.h
[4.319s] -- Symlinking: /home/hunav_gz_classic_ws/install/hunav_msgs/include/hunav_msgs/hunav_msgs/msg/rosidl_generator_c__visibility_control.h
[4.325s] -- Symlinking: /home/hunav_gz_classic_ws/install/hunav_msgs/include/hunav_msgs/hunav_msgs/srv/compute_agent.h
[4.332s] -- Symlinking: /home/hunav_gz_classic_ws/install/hunav_msgs/include/hunav_msgs/hunav_msgs/srv/compute_agents.h
[4.338s] -- Symlinking: /home/hunav_gz_classic_ws/install/hunav_msgs/include/hunav_msgs/hunav_msgs/srv/detail/compute_agent__functions.h
[4.348s] -- Symlinking: /home/hunav_gz_classic_ws/install/hunav_msgs/include/hunav_msgs/hunav_msgs/srv/detail/compute_agent__struct.h
[4.356s] -- Symlinking: /home/hunav_gz_classic_ws/install/hunav_msgs/include/hunav_msgs/hunav_msgs/srv/detail/compute_agent__type_support.h
[4.362s] -- Symlinking: /home/hunav_gz_classic_ws/install/hunav_msgs/include/hunav_msgs/hunav_msgs/srv/detail/compute_agents__functions.h
[4.368s] -- Symlinking: /home/hunav_gz_classic_ws/install/hunav_msgs/include/hunav_msgs/hunav_msgs/srv/detail/compute_agents__struct.h
[4.375s] -- Symlinking: /home/hunav_gz_classic_ws/install/hunav_msgs/include/hunav_msgs/hunav_msgs/srv/detail/compute_agents__type_support.h
[4.382s] -- Symlinking: /home/hunav_gz_classic_ws/install/hunav_msgs/include/hunav_msgs/hunav_msgs/srv/detail/get_agents__functions.h
[4.388s] -- Symlinking: /home/hunav_gz_classic_ws/install/hunav_msgs/include/hunav_msgs/hunav_msgs/srv/detail/get_agents__struct.h
[4.395s] -- Symlinking: /home/hunav_gz_classic_ws/install/hunav_msgs/include/hunav_msgs/hunav_msgs/srv/detail/get_agents__type_support.h
[4.401s] -- Symlinking: /home/hunav_gz_classic_ws/install/hunav_msgs/include/hunav_msgs/hunav_msgs/srv/detail/move_agent__functions.h
[4.407s] -- Symlinking: /home/hunav_gz_classic_ws/install/hunav_msgs/include/hunav_msgs/hunav_msgs/srv/detail/move_agent__struct.h
[4.413s] -- Symlinking: /home/hunav_gz_classic_ws/install/hunav_msgs/include/hunav_msgs/hunav_msgs/srv/detail/move_agent__type_support.h
[4.419s] -- Symlinking: /home/hunav_gz_classic_ws/install/hunav_msgs/include/hunav_msgs/hunav_msgs/srv/detail/reset_agents__functions.h
[4.425s] -- Symlinking: /home/hunav_gz_classic_ws/install/hunav_msgs/include/hunav_msgs/hunav_msgs/srv/detail/reset_agents__struct.h
[4.432s] -- Symlinking: /home/hunav_gz_classic_ws/install/hunav_msgs/include/hunav_msgs/hunav_msgs/srv/detail/reset_agents__type_support.h
[4.439s] -- Symlinking: /home/hunav_gz_classic_ws/install/hunav_msgs/include/hunav_msgs/hunav_msgs/srv/get_agents.h
[4.449s] -- Symlinking: /home/hunav_gz_classic_ws/install/hunav_msgs/include/hunav_msgs/hunav_msgs/srv/move_agent.h
[4.456s] -- Symlinking: /home/hunav_gz_classic_ws/install/hunav_msgs/include/hunav_msgs/hunav_msgs/srv/reset_agents.h
[4.463s] -- Symlinking: /home/hunav_gz_classic_ws/install/hunav_msgs/share/hunav_msgs/environment/library_path.sh
[4.470s] -- Symlinking: /home/hunav_gz_classic_ws/install/hunav_msgs/share/hunav_msgs/environment/library_path.dsv
[4.478s] -- Symlinking: /home/hunav_gz_classic_ws/install/hunav_msgs/include/hunav_msgs/hunav_msgs/msg/detail/agent__rosidl_typesupport_fastrtps_c.h
[4.485s] -- Symlinking: /home/hunav_gz_classic_ws/install/hunav_msgs/include/hunav_msgs/hunav_msgs/msg/detail/agent_behavior__rosidl_typesupport_fastrtps_c.h
[4.492s] -- Symlinking: /home/hunav_gz_classic_ws/install/hunav_msgs/include/hunav_msgs/hunav_msgs/msg/detail/agents__rosidl_typesupport_fastrtps_c.h
[4.498s] -- Symlinking: /home/hunav_gz_classic_ws/install/hunav_msgs/include/hunav_msgs/hunav_msgs/msg/rosidl_typesupport_fastrtps_c__visibility_control.h
[4.505s] -- Symlinking: /home/hunav_gz_classic_ws/install/hunav_msgs/include/hunav_msgs/hunav_msgs/srv/detail/compute_agent__rosidl_typesupport_fastrtps_c.h
[4.512s] -- Symlinking: /home/hunav_gz_classic_ws/install/hunav_msgs/include/hunav_msgs/hunav_msgs/srv/detail/compute_agents__rosidl_typesupport_fastrtps_c.h
[4.519s] -- Symlinking: /home/hunav_gz_classic_ws/install/hunav_msgs/include/hunav_msgs/hunav_msgs/srv/detail/get_agents__rosidl_typesupport_fastrtps_c.h
[4.525s] -- Symlinking: /home/hunav_gz_classic_ws/install/hunav_msgs/include/hunav_msgs/hunav_msgs/srv/detail/move_agent__rosidl_typesupport_fastrtps_c.h
[4.532s] -- Symlinking: /home/hunav_gz_classic_ws/install/hunav_msgs/include/hunav_msgs/hunav_msgs/srv/detail/reset_agents__rosidl_typesupport_fastrtps_c.h
[4.539s] -- Symlinking: /home/hunav_gz_classic_ws/install/hunav_msgs/include/hunav_msgs/hunav_msgs/msg/agent.hpp
[4.549s] -- Symlinking: /home/hunav_gz_classic_ws/install/hunav_msgs/include/hunav_msgs/hunav_msgs/msg/agent_behavior.hpp
[4.556s] -- Symlinking: /home/hunav_gz_classic_ws/install/hunav_msgs/include/hunav_msgs/hunav_msgs/msg/agents.hpp
[4.563s] -- Symlinking: /home/hunav_gz_classic_ws/install/hunav_msgs/include/hunav_msgs/hunav_msgs/msg/detail/agent__builder.hpp
[4.570s] -- Symlinking: /home/hunav_gz_classic_ws/install/hunav_msgs/include/hunav_msgs/hunav_msgs/msg/detail/agent__struct.hpp
[4.578s] -- Symlinking: /home/hunav_gz_classic_ws/install/hunav_msgs/include/hunav_msgs/hunav_msgs/msg/detail/agent__traits.hpp
[4.585s] -- Symlinking: /home/hunav_gz_classic_ws/install/hunav_msgs/include/hunav_msgs/hunav_msgs/msg/detail/agent__type_support.hpp
[4.592s] -- Symlinking: /home/hunav_gz_classic_ws/install/hunav_msgs/include/hunav_msgs/hunav_msgs/msg/detail/agent_behavior__builder.hpp
[4.600s] -- Symlinking: /home/hunav_gz_classic_ws/install/hunav_msgs/include/hunav_msgs/hunav_msgs/msg/detail/agent_behavior__struct.hpp
[4.607s] -- Symlinking: /home/hunav_gz_classic_ws/install/hunav_msgs/include/hunav_msgs/hunav_msgs/msg/detail/agent_behavior__traits.hpp
[4.614s] -- Symlinking: /home/hunav_gz_classic_ws/install/hunav_msgs/include/hunav_msgs/hunav_msgs/msg/detail/agent_behavior__type_support.hpp
[4.621s] -- Symlinking: /home/hunav_gz_classic_ws/install/hunav_msgs/include/hunav_msgs/hunav_msgs/msg/detail/agents__builder.hpp
[4.627s] -- Symlinking: /home/hunav_gz_classic_ws/install/hunav_msgs/include/hunav_msgs/hunav_msgs/msg/detail/agents__struct.hpp
[4.633s] -- Symlinking: /home/hunav_gz_classic_ws/install/hunav_msgs/include/hunav_msgs/hunav_msgs/msg/detail/agents__traits.hpp
[4.643s] -- Symlinking: /home/hunav_gz_classic_ws/install/hunav_msgs/include/hunav_msgs/hunav_msgs/msg/detail/agents__type_support.hpp
[4.650s] -- Symlinking: /home/hunav_gz_classic_ws/install/hunav_msgs/include/hunav_msgs/hunav_msgs/msg/rosidl_generator_cpp__visibility_control.hpp
[4.657s] -- Symlinking: /home/hunav_gz_classic_ws/install/hunav_msgs/include/hunav_msgs/hunav_msgs/srv/compute_agent.hpp
[4.663s] -- Symlinking: /home/hunav_gz_classic_ws/install/hunav_msgs/include/hunav_msgs/hunav_msgs/srv/compute_agents.hpp
[4.670s] -- Symlinking: /home/hunav_gz_classic_ws/install/hunav_msgs/include/hunav_msgs/hunav_msgs/srv/detail/compute_agent__builder.hpp
[4.676s] -- Symlinking: /home/hunav_gz_classic_ws/install/hunav_msgs/include/hunav_msgs/hunav_msgs/srv/detail/compute_agent__struct.hpp
[4.683s] -- Symlinking: /home/hunav_gz_classic_ws/install/hunav_msgs/include/hunav_msgs/hunav_msgs/srv/detail/compute_agent__traits.hpp
[4.690s] -- Symlinking: /home/hunav_gz_classic_ws/install/hunav_msgs/include/hunav_msgs/hunav_msgs/srv/detail/compute_agent__type_support.hpp
[4.697s] -- Symlinking: /home/hunav_gz_classic_ws/install/hunav_msgs/include/hunav_msgs/hunav_msgs/srv/detail/compute_agents__builder.hpp
[4.703s] -- Symlinking: /home/hunav_gz_classic_ws/install/hunav_msgs/include/hunav_msgs/hunav_msgs/srv/detail/compute_agents__struct.hpp
[4.709s] -- Symlinking: /home/hunav_gz_classic_ws/install/hunav_msgs/include/hunav_msgs/hunav_msgs/srv/detail/compute_agents__traits.hpp
[4.716s] -- Symlinking: /home/hunav_gz_classic_ws/install/hunav_msgs/include/hunav_msgs/hunav_msgs/srv/detail/compute_agents__type_support.hpp
[4.723s] -- Symlinking: /home/hunav_gz_classic_ws/install/hunav_msgs/include/hunav_msgs/hunav_msgs/srv/detail/get_agents__builder.hpp
[4.729s] -- Symlinking: /home/hunav_gz_classic_ws/install/hunav_msgs/include/hunav_msgs/hunav_msgs/srv/detail/get_agents__struct.hpp
[4.736s] -- Symlinking: /home/hunav_gz_classic_ws/install/hunav_msgs/include/hunav_msgs/hunav_msgs/srv/detail/get_agents__traits.hpp
[4.745s] -- Symlinking: /home/hunav_gz_classic_ws/install/hunav_msgs/include/hunav_msgs/hunav_msgs/srv/detail/get_agents__type_support.hpp
[4.752s] -- Symlinking: /home/hunav_gz_classic_ws/install/hunav_msgs/include/hunav_msgs/hunav_msgs/srv/detail/move_agent__builder.hpp
[4.758s] -- Symlinking: /home/hunav_gz_classic_ws/install/hunav_msgs/include/hunav_msgs/hunav_msgs/srv/detail/move_agent__struct.hpp
[4.765s] -- Symlinking: /home/hunav_gz_classic_ws/install/hunav_msgs/include/hunav_msgs/hunav_msgs/srv/detail/move_agent__traits.hpp
[4.771s] -- Symlinking: /home/hunav_gz_classic_ws/install/hunav_msgs/include/hunav_msgs/hunav_msgs/srv/detail/move_agent__type_support.hpp
[4.779s] -- Symlinking: /home/hunav_gz_classic_ws/install/hunav_msgs/include/hunav_msgs/hunav_msgs/srv/detail/reset_agents__builder.hpp
[4.786s] -- Symlinking: /home/hunav_gz_classic_ws/install/hunav_msgs/include/hunav_msgs/hunav_msgs/srv/detail/reset_agents__struct.hpp
[4.793s] -- Symlinking: /home/hunav_gz_classic_ws/install/hunav_msgs/include/hunav_msgs/hunav_msgs/srv/detail/reset_agents__traits.hpp
[4.800s] -- Symlinking: /home/hunav_gz_classic_ws/install/hunav_msgs/include/hunav_msgs/hunav_msgs/srv/detail/reset_agents__type_support.hpp
[4.807s] -- Symlinking: /home/hunav_gz_classic_ws/install/hunav_msgs/include/hunav_msgs/hunav_msgs/srv/get_agents.hpp
[4.814s] -- Symlinking: /home/hunav_gz_classic_ws/install/hunav_msgs/include/hunav_msgs/hunav_msgs/srv/move_agent.hpp
[4.820s] -- Symlinking: /home/hunav_gz_classic_ws/install/hunav_msgs/include/hunav_msgs/hunav_msgs/srv/reset_agents.hpp
[4.828s] -- Symlinking: /home/hunav_gz_classic_ws/install/hunav_msgs/include/hunav_msgs/hunav_msgs/msg/detail/agent__rosidl_typesupport_fastrtps_cpp.hpp
[4.834s] -- Symlinking: /home/hunav_gz_classic_ws/install/hunav_msgs/include/hunav_msgs/hunav_msgs/msg/detail/agent_behavior__rosidl_typesupport_fastrtps_cpp.hpp
[4.843s] -- Symlinking: /home/hunav_gz_classic_ws/install/hunav_msgs/include/hunav_msgs/hunav_msgs/msg/detail/agents__rosidl_typesupport_fastrtps_cpp.hpp
[4.850s] -- Symlinking: /home/hunav_gz_classic_ws/install/hunav_msgs/include/hunav_msgs/hunav_msgs/msg/rosidl_typesupport_fastrtps_cpp__visibility_control.h
[4.857s] -- Symlinking: /home/hunav_gz_classic_ws/install/hunav_msgs/include/hunav_msgs/hunav_msgs/srv/detail/compute_agent__rosidl_typesupport_fastrtps_cpp.hpp
[4.865s] -- Symlinking: /home/hunav_gz_classic_ws/install/hunav_msgs/include/hunav_msgs/hunav_msgs/srv/detail/compute_agents__rosidl_typesupport_fastrtps_cpp.hpp
[4.871s] -- Symlinking: /home/hunav_gz_classic_ws/install/hunav_msgs/include/hunav_msgs/hunav_msgs/srv/detail/get_agents__rosidl_typesupport_fastrtps_cpp.hpp
[4.878s] -- Symlinking: /home/hunav_gz_classic_ws/install/hunav_msgs/include/hunav_msgs/hunav_msgs/srv/detail/move_agent__rosidl_typesupport_fastrtps_cpp.hpp
[4.884s] -- Symlinking: /home/hunav_gz_classic_ws/install/hunav_msgs/include/hunav_msgs/hunav_msgs/srv/detail/reset_agents__rosidl_typesupport_fastrtps_cpp.hpp
[4.891s] -- Symlinking: /home/hunav_gz_classic_ws/install/hunav_msgs/include/hunav_msgs/hunav_msgs/msg/detail/agent__rosidl_typesupport_introspection_c.h
[4.897s] -- Symlinking: /home/hunav_gz_classic_ws/install/hunav_msgs/include/hunav_msgs/hunav_msgs/msg/detail/agent_behavior__rosidl_typesupport_introspection_c.h
[4.904s] -- Symlinking: /home/hunav_gz_classic_ws/install/hunav_msgs/include/hunav_msgs/hunav_msgs/msg/detail/agents__rosidl_typesupport_introspection_c.h
[4.910s] -- Symlinking: /home/hunav_gz_classic_ws/install/hunav_msgs/include/hunav_msgs/hunav_msgs/msg/rosidl_typesupport_introspection_c__visibility_control.h
[4.916s] -- Symlinking: /home/hunav_gz_classic_ws/install/hunav_msgs/include/hunav_msgs/hunav_msgs/srv/detail/compute_agent__rosidl_typesupport_introspection_c.h
[4.922s] -- Symlinking: /home/hunav_gz_classic_ws/install/hunav_msgs/include/hunav_msgs/hunav_msgs/srv/detail/compute_agents__rosidl_typesupport_introspection_c.h
[4.928s] -- Symlinking: /home/hunav_gz_classic_ws/install/hunav_msgs/include/hunav_msgs/hunav_msgs/srv/detail/get_agents__rosidl_typesupport_introspection_c.h
[4.935s] -- Symlinking: /home/hunav_gz_classic_ws/install/hunav_msgs/include/hunav_msgs/hunav_msgs/srv/detail/move_agent__rosidl_typesupport_introspection_c.h
[4.943s] -- Symlinking: /home/hunav_gz_classic_ws/install/hunav_msgs/include/hunav_msgs/hunav_msgs/srv/detail/reset_agents__rosidl_typesupport_introspection_c.h
[4.950s] -- Symlinking: /home/hunav_gz_classic_ws/install/hunav_msgs/include/hunav_msgs/hunav_msgs/msg/detail/agent__rosidl_typesupport_introspection_cpp.hpp
[4.957s] -- Symlinking: /home/hunav_gz_classic_ws/install/hunav_msgs/include/hunav_msgs/hunav_msgs/msg/detail/agent_behavior__rosidl_typesupport_introspection_cpp.hpp
[4.964s] -- Symlinking: /home/hunav_gz_classic_ws/install/hunav_msgs/include/hunav_msgs/hunav_msgs/msg/detail/agents__rosidl_typesupport_introspection_cpp.hpp
[4.971s] -- Symlinking: /home/hunav_gz_classic_ws/install/hunav_msgs/include/hunav_msgs/hunav_msgs/srv/detail/compute_agent__rosidl_typesupport_introspection_cpp.hpp
[4.977s] -- Symlinking: /home/hunav_gz_classic_ws/install/hunav_msgs/include/hunav_msgs/hunav_msgs/srv/detail/compute_agents__rosidl_typesupport_introspection_cpp.hpp
[4.984s] -- Symlinking: /home/hunav_gz_classic_ws/install/hunav_msgs/include/hunav_msgs/hunav_msgs/srv/detail/get_agents__rosidl_typesupport_introspection_cpp.hpp
[4.991s] -- Symlinking: /home/hunav_gz_classic_ws/install/hunav_msgs/include/hunav_msgs/hunav_msgs/srv/detail/move_agent__rosidl_typesupport_introspection_cpp.hpp
[4.998s] -- Symlinking: /home/hunav_gz_classic_ws/install/hunav_msgs/include/hunav_msgs/hunav_msgs/srv/detail/reset_agents__rosidl_typesupport_introspection_cpp.hpp
[5.006s] -- Symlinking: /home/hunav_gz_classic_ws/install/hunav_msgs/share/hunav_msgs/environment/pythonpath.sh
[5.012s] -- Symlinking: /home/hunav_gz_classic_ws/install/hunav_msgs/share/hunav_msgs/environment/pythonpath.dsv
[5.020s] -- Symlinking: /home/hunav_gz_classic_ws/install/hunav_msgs/local/lib/python3.10/dist-packages/hunav_msgs-1.0.0-py3.10.egg-info/PKG-INFO
[5.027s] -- Symlinking: /home/hunav_gz_classic_ws/install/hunav_msgs/local/lib/python3.10/dist-packages/hunav_msgs-1.0.0-py3.10.egg-info/SOURCES.txt
[5.032s] -- Symlinking: /home/hunav_gz_classic_ws/install/hunav_msgs/local/lib/python3.10/dist-packages/hunav_msgs-1.0.0-py3.10.egg-info/dependency_links.txt
[5.039s] -- Symlinking: /home/hunav_gz_classic_ws/install/hunav_msgs/local/lib/python3.10/dist-packages/hunav_msgs-1.0.0-py3.10.egg-info/top_level.txt
[5.049s] -- Symlinking: /home/hunav_gz_classic_ws/install/hunav_msgs/local/lib/python3.10/dist-packages/hunav_msgs/__init__.py
[5.055s] -- Symlinking: /home/hunav_gz_classic_ws/install/hunav_msgs/local/lib/python3.10/dist-packages/hunav_msgs/_hunav_msgs_s.ep.rosidl_typesupport_c.c
[5.062s] -- Symlinking: /home/hunav_gz_classic_ws/install/hunav_msgs/local/lib/python3.10/dist-packages/hunav_msgs/_hunav_msgs_s.ep.rosidl_typesupport_fastrtps_c.c
[5.070s] -- Symlinking: /home/hunav_gz_classic_ws/install/hunav_msgs/local/lib/python3.10/dist-packages/hunav_msgs/_hunav_msgs_s.ep.rosidl_typesupport_introspection_c.c
[5.077s] -- Symlinking: /home/hunav_gz_classic_ws/install/hunav_msgs/local/lib/python3.10/dist-packages/hunav_msgs/hunav_msgs_s__rosidl_typesupport_c.cpython-310-x86_64-linux-gnu.so
[5.083s] -- Symlinking: /home/hunav_gz_classic_ws/install/hunav_msgs/local/lib/python3.10/dist-packages/hunav_msgs/hunav_msgs_s__rosidl_typesupport_fastrtps_c.cpython-310-x86_64-linux-gnu.so
[5.090s] -- Symlinking: /home/hunav_gz_classic_ws/install/hunav_msgs/local/lib/python3.10/dist-packages/hunav_msgs/hunav_msgs_s__rosidl_typesupport_introspection_c.cpython-310-x86_64-linux-gnu.so
[5.097s] -- Symlinking: /home/hunav_gz_classic_ws/install/hunav_msgs/local/lib/python3.10/dist-packages/hunav_msgs/libhunav_msgs__rosidl_generator_py.so
[5.104s] -- Symlinking: /home/hunav_gz_classic_ws/install/hunav_msgs/local/lib/python3.10/dist-packages/hunav_msgs/msg/__init__.py
[5.110s] -- Symlinking: /home/hunav_gz_classic_ws/install/hunav_msgs/local/lib/python3.10/dist-packages/hunav_msgs/msg/_agent.py
[5.116s] -- Symlinking: /home/hunav_gz_classic_ws/install/hunav_msgs/local/lib/python3.10/dist-packages/hunav_msgs/msg/_agent_behavior.py
[5.123s] -- Symlinking: /home/hunav_gz_classic_ws/install/hunav_msgs/local/lib/python3.10/dist-packages/hunav_msgs/msg/_agent_behavior_s.c
[5.129s] -- Symlinking: /home/hunav_gz_classic_ws/install/hunav_msgs/local/lib/python3.10/dist-packages/hunav_msgs/msg/_agent_s.c
[5.135s] -- Symlinking: /home/hunav_gz_classic_ws/install/hunav_msgs/local/lib/python3.10/dist-packages/hunav_msgs/msg/_agents.py
[5.143s] -- Symlinking: /home/hunav_gz_classic_ws/install/hunav_msgs/local/lib/python3.10/dist-packages/hunav_msgs/msg/_agents_s.c
[5.151s] -- Symlinking: /home/hunav_gz_classic_ws/install/hunav_msgs/local/lib/python3.10/dist-packages/hunav_msgs/srv/__init__.py
[5.158s] -- Symlinking: /home/hunav_gz_classic_ws/install/hunav_msgs/local/lib/python3.10/dist-packages/hunav_msgs/srv/_compute_agent.py
[5.165s] -- Symlinking: /home/hunav_gz_classic_ws/install/hunav_msgs/local/lib/python3.10/dist-packages/hunav_msgs/srv/_compute_agent_s.c
[5.173s] -- Symlinking: /home/hunav_gz_classic_ws/install/hunav_msgs/local/lib/python3.10/dist-packages/hunav_msgs/srv/_compute_agents.py
[5.180s] -- Symlinking: /home/hunav_gz_classic_ws/install/hunav_msgs/local/lib/python3.10/dist-packages/hunav_msgs/srv/_compute_agents_s.c
[5.186s] -- Symlinking: /home/hunav_gz_classic_ws/install/hunav_msgs/local/lib/python3.10/dist-packages/hunav_msgs/srv/_get_agents.py
[5.193s] -- Symlinking: /home/hunav_gz_classic_ws/install/hunav_msgs/local/lib/python3.10/dist-packages/hunav_msgs/srv/_get_agents_s.c
[5.200s] -- Symlinking: /home/hunav_gz_classic_ws/install/hunav_msgs/local/lib/python3.10/dist-packages/hunav_msgs/srv/_move_agent.py
[5.206s] -- Symlinking: /home/hunav_gz_classic_ws/install/hunav_msgs/local/lib/python3.10/dist-packages/hunav_msgs/srv/_move_agent_s.c
[5.213s] -- Symlinking: /home/hunav_gz_classic_ws/install/hunav_msgs/local/lib/python3.10/dist-packages/hunav_msgs/srv/_reset_agents.py
[5.219s] -- Symlinking: /home/hunav_gz_classic_ws/install/hunav_msgs/local/lib/python3.10/dist-packages/hunav_msgs/srv/_reset_agents_s.c
[5.226s] -- Up-to-date symlink: /home/hunav_gz_classic_ws/install/hunav_msgs/local/lib/python3.10/dist-packages/hunav_msgs/hunav_msgs_s__rosidl_typesupport_fastrtps_c.cpython-310-x86_64-linux-gnu.so
[5.227s] -- Up-to-date symlink: /home/hunav_gz_classic_ws/install/hunav_msgs/local/lib/python3.10/dist-packages/hunav_msgs/hunav_msgs_s__rosidl_typesupport_introspection_c.cpython-310-x86_64-linux-gnu.so
[5.227s] -- Up-to-date symlink: /home/hunav_gz_classic_ws/install/hunav_msgs/local/lib/python3.10/dist-packages/hunav_msgs/hunav_msgs_s__rosidl_typesupport_c.cpython-310-x86_64-linux-gnu.so
[5.227s] -- Symlinking: /home/hunav_gz_classic_ws/install/hunav_msgs/share/hunav_msgs/msg/Agent.idl
[5.233s] -- Symlinking: /home/hunav_gz_classic_ws/install/hunav_msgs/share/hunav_msgs/msg/Agents.idl
[5.239s] -- Symlinking: /home/hunav_gz_classic_ws/install/hunav_msgs/share/hunav_msgs/msg/AgentBehavior.idl
[5.248s] -- Symlinking: /home/hunav_gz_classic_ws/install/hunav_msgs/share/hunav_msgs/srv/ComputeAgents.idl
[5.256s] -- Symlinking: /home/hunav_gz_classic_ws/install/hunav_msgs/share/hunav_msgs/srv/ComputeAgent.idl
[5.262s] -- Symlinking: /home/hunav_gz_classic_ws/install/hunav_msgs/share/hunav_msgs/srv/MoveAgent.idl
[5.269s] -- Symlinking: /home/hunav_gz_classic_ws/install/hunav_msgs/share/hunav_msgs/srv/GetAgents.idl
[5.276s] -- Symlinking: /home/hunav_gz_classic_ws/install/hunav_msgs/share/hunav_msgs/srv/ResetAgents.idl
[5.284s] -- Symlinking: /home/hunav_gz_classic_ws/install/hunav_msgs/share/hunav_msgs/msg/Agent.msg
[5.290s] -- Symlinking: /home/hunav_gz_classic_ws/install/hunav_msgs/share/hunav_msgs/msg/Agents.msg
[5.297s] -- Symlinking: /home/hunav_gz_classic_ws/install/hunav_msgs/share/hunav_msgs/msg/AgentBehavior.msg
[5.303s] -- Symlinking: /home/hunav_gz_classic_ws/install/hunav_msgs/share/hunav_msgs/srv/ComputeAgents.srv
[5.310s] -- Symlinking: /home/hunav_gz_classic_ws/install/hunav_msgs/share/hunav_msgs/srv/ComputeAgents_Request.msg
[5.316s] -- Symlinking: /home/hunav_gz_classic_ws/install/hunav_msgs/share/hunav_msgs/srv/ComputeAgents_Response.msg
[5.323s] -- Symlinking: /home/hunav_gz_classic_ws/install/hunav_msgs/share/hunav_msgs/srv/ComputeAgent.srv
[5.329s] -- Symlinking: /home/hunav_gz_classic_ws/install/hunav_msgs/share/hunav_msgs/srv/ComputeAgent_Request.msg
[5.335s] -- Symlinking: /home/hunav_gz_classic_ws/install/hunav_msgs/share/hunav_msgs/srv/ComputeAgent_Response.msg
[5.344s] -- Symlinking: /home/hunav_gz_classic_ws/install/hunav_msgs/share/hunav_msgs/srv/MoveAgent.srv
[5.352s] -- Symlinking: /home/hunav_gz_classic_ws/install/hunav_msgs/share/hunav_msgs/srv/MoveAgent_Request.msg
[5.359s] -- Symlinking: /home/hunav_gz_classic_ws/install/hunav_msgs/share/hunav_msgs/srv/MoveAgent_Response.msg
[5.367s] -- Symlinking: /home/hunav_gz_classic_ws/install/hunav_msgs/share/hunav_msgs/srv/GetAgents.srv
[5.375s] -- Symlinking: /home/hunav_gz_classic_ws/install/hunav_msgs/share/hunav_msgs/srv/GetAgents_Request.msg
[5.382s] -- Symlinking: /home/hunav_gz_classic_ws/install/hunav_msgs/share/hunav_msgs/srv/GetAgents_Response.msg
[5.390s] -- Symlinking: /home/hunav_gz_classic_ws/install/hunav_msgs/share/hunav_msgs/srv/ResetAgents.srv
[5.398s] -- Symlinking: /home/hunav_gz_classic_ws/install/hunav_msgs/share/hunav_msgs/srv/ResetAgents_Request.msg
[5.405s] -- Symlinking: /home/hunav_gz_classic_ws/install/hunav_msgs/share/hunav_msgs/srv/ResetAgents_Response.msg
[5.412s] -- Symlinking: /home/hunav_gz_classic_ws/install/hunav_msgs/share/ament_index/resource_index/package_run_dependencies/hunav_msgs
[5.419s] -- Symlinking: /home/hunav_gz_classic_ws/install/hunav_msgs/share/ament_index/resource_index/parent_prefix_path/hunav_msgs
[5.425s] -- Symlinking: /home/hunav_gz_classic_ws/install/hunav_msgs/share/hunav_msgs/environment/ament_prefix_path.sh
[5.431s] -- Symlinking: /home/hunav_gz_classic_ws/install/hunav_msgs/share/hunav_msgs/environment/ament_prefix_path.dsv
[5.438s] -- Symlinking: /home/hunav_gz_classic_ws/install/hunav_msgs/share/hunav_msgs/environment/path.sh
[5.447s] -- Symlinking: /home/hunav_gz_classic_ws/install/hunav_msgs/share/hunav_msgs/environment/path.dsv
[5.455s] -- Symlinking: /home/hunav_gz_classic_ws/install/hunav_msgs/share/hunav_msgs/local_setup.bash
[5.462s] -- Symlinking: /home/hunav_gz_classic_ws/install/hunav_msgs/share/hunav_msgs/local_setup.sh
[5.469s] -- Symlinking: /home/hunav_gz_classic_ws/install/hunav_msgs/share/hunav_msgs/local_setup.zsh
[5.476s] -- Symlinking: /home/hunav_gz_classic_ws/install/hunav_msgs/share/hunav_msgs/local_setup.dsv
[5.483s] -- Symlinking: /home/hunav_gz_classic_ws/install/hunav_msgs/share/hunav_msgs/package.dsv
[5.490s] -- Symlinking: /home/hunav_gz_classic_ws/install/hunav_msgs/share/ament_index/resource_index/packages/hunav_msgs
[5.498s] -- Symlinking: /home/hunav_gz_classic_ws/install/hunav_msgs/share/hunav_msgs/cmake/rosidl_cmake-extras.cmake
[5.505s] -- Symlinking: /home/hunav_gz_classic_ws/install/hunav_msgs/share/hunav_msgs/cmake/ament_cmake_export_dependencies-extras.cmake
[5.511s] -- Symlinking: /home/hunav_gz_classic_ws/install/hunav_msgs/share/hunav_msgs/cmake/ament_cmake_export_include_directories-extras.cmake
[5.517s] -- Symlinking: /home/hunav_gz_classic_ws/install/hunav_msgs/share/hunav_msgs/cmake/ament_cmake_export_libraries-extras.cmake
[5.523s] -- Symlinking: /home/hunav_gz_classic_ws/install/hunav_msgs/share/hunav_msgs/cmake/ament_cmake_export_targets-extras.cmake
[5.530s] -- Symlinking: /home/hunav_gz_classic_ws/install/hunav_msgs/share/hunav_msgs/cmake/rosidl_cmake_export_typesupport_targets-extras.cmake
[5.536s] -- Symlinking: /home/hunav_gz_classic_ws/install/hunav_msgs/share/hunav_msgs/cmake/rosidl_cmake_export_typesupport_libraries-extras.cmake
[5.546s] -- Symlinking: /home/hunav_gz_classic_ws/install/hunav_msgs/share/hunav_msgs/cmake/hunav_msgsConfig.cmake
[5.553s] -- Symlinking: /home/hunav_gz_classic_ws/install/hunav_msgs/share/hunav_msgs/cmake/hunav_msgsConfig-version.cmake
[5.560s] -- Symlinking: /home/hunav_gz_classic_ws/install/hunav_msgs/share/hunav_msgs/package.xml
[5.568s] -- Installing: /home/hunav_gz_classic_ws/install/hunav_msgs/lib/libhunav_msgs__rosidl_generator_c.so
[5.568s] -- Set runtime path of "/home/hunav_gz_classic_ws/install/hunav_msgs/lib/libhunav_msgs__rosidl_generator_c.so" to ""
[5.568s] -- Installing: /home/hunav_gz_classic_ws/install/hunav_msgs/lib/libhunav_msgs__rosidl_typesupport_fastrtps_c.so
[5.568s] -- Set runtime path of "/home/hunav_gz_classic_ws/install/hunav_msgs/lib/libhunav_msgs__rosidl_typesupport_fastrtps_c.so" to ""
[5.569s] -- Installing: /home/hunav_gz_classic_ws/install/hunav_msgs/lib/libhunav_msgs__rosidl_typesupport_fastrtps_cpp.so
[5.569s] -- Set runtime path of "/home/hunav_gz_classic_ws/install/hunav_msgs/lib/libhunav_msgs__rosidl_typesupport_fastrtps_cpp.so" to ""
[5.569s] -- Installing: /home/hunav_gz_classic_ws/install/hunav_msgs/lib/libhunav_msgs__rosidl_typesupport_introspection_c.so
[5.569s] -- Set runtime path of "/home/hunav_gz_classic_ws/install/hunav_msgs/lib/libhunav_msgs__rosidl_typesupport_introspection_c.so" to ""
[5.569s] -- Installing: /home/hunav_gz_classic_ws/install/hunav_msgs/lib/libhunav_msgs__rosidl_typesupport_c.so
[5.569s] -- Set runtime path of "/home/hunav_gz_classic_ws/install/hunav_msgs/lib/libhunav_msgs__rosidl_typesupport_c.so" to ""
[5.570s] -- Installing: /home/hunav_gz_classic_ws/install/hunav_msgs/lib/libhunav_msgs__rosidl_typesupport_introspection_cpp.so
[5.570s] -- Set runtime path of "/home/hunav_gz_classic_ws/install/hunav_msgs/lib/libhunav_msgs__rosidl_typesupport_introspection_cpp.so" to ""
[5.570s] -- Installing: /home/hunav_gz_classic_ws/install/hunav_msgs/lib/libhunav_msgs__rosidl_typesupport_cpp.so
[5.570s] -- Set runtime path of "/home/hunav_gz_classic_ws/install/hunav_msgs/lib/libhunav_msgs__rosidl_typesupport_cpp.so" to ""
[5.599s] Listing '/home/hunav_gz_classic_ws/install/hunav_msgs/local/lib/python3.10/dist-packages/hunav_msgs'...
[5.600s] Compiling '/home/hunav_gz_classic_ws/install/hunav_msgs/local/lib/python3.10/dist-packages/hunav_msgs/__init__.py'...
[5.600s] Listing '/home/hunav_gz_classic_ws/install/hunav_msgs/local/lib/python3.10/dist-packages/hunav_msgs/msg'...
[5.600s] Compiling '/home/hunav_gz_classic_ws/install/hunav_msgs/local/lib/python3.10/dist-packages/hunav_msgs/msg/__init__.py'...
[5.600s] Compiling '/home/hunav_gz_classic_ws/install/hunav_msgs/local/lib/python3.10/dist-packages/hunav_msgs/msg/_agent.py'...
[5.600s] Compiling '/home/hunav_gz_classic_ws/install/hunav_msgs/local/lib/python3.10/dist-packages/hunav_msgs/msg/_agent_behavior.py'...
[5.600s] Compiling '/home/hunav_gz_classic_ws/install/hunav_msgs/local/lib/python3.10/dist-packages/hunav_msgs/msg/_agents.py'...
[5.600s] Listing '/home/hunav_gz_classic_ws/install/hunav_msgs/local/lib/python3.10/dist-packages/hunav_msgs/srv'...
[5.600s] Compiling '/home/hunav_gz_classic_ws/install/hunav_msgs/local/lib/python3.10/dist-packages/hunav_msgs/srv/__init__.py'...
[5.600s] Compiling '/home/hunav_gz_classic_ws/install/hunav_msgs/local/lib/python3.10/dist-packages/hunav_msgs/srv/_compute_agent.py'...
[5.600s] Compiling '/home/hunav_gz_classic_ws/install/hunav_msgs/local/lib/python3.10/dist-packages/hunav_msgs/srv/_compute_agents.py'...
[5.600s] Compiling '/home/hunav_gz_classic_ws/install/hunav_msgs/local/lib/python3.10/dist-packages/hunav_msgs/srv/_get_agents.py'...
[5.600s] Compiling '/home/hunav_gz_classic_ws/install/hunav_msgs/local/lib/python3.10/dist-packages/hunav_msgs/srv/_move_agent.py'...
[5.600s] Compiling '/home/hunav_gz_classic_ws/install/hunav_msgs/local/lib/python3.10/dist-packages/hunav_msgs/srv/_reset_agents.py'...
[5.603s] -- Installing: /home/hunav_gz_classic_ws/install/hunav_msgs/lib/libhunav_msgs__rosidl_generator_py.so
[5.603s] -- Set runtime path of "/home/hunav_gz_classic_ws/install/hunav_msgs/lib/libhunav_msgs__rosidl_generator_py.so" to ""
[5.603s] -- Installing: /home/hunav_gz_classic_ws/install/hunav_msgs/share/hunav_msgs/cmake/export_hunav_msgs__rosidl_generator_cExport.cmake
[5.603s] -- Installing: /home/hunav_gz_classic_ws/install/hunav_msgs/share/hunav_msgs/cmake/export_hunav_msgs__rosidl_generator_cExport-noconfig.cmake
[5.603s] -- Installing: /home/hunav_gz_classic_ws/install/hunav_msgs/share/hunav_msgs/cmake/export_hunav_msgs__rosidl_typesupport_fastrtps_cExport.cmake
[5.603s] -- Installing: /home/hunav_gz_classic_ws/install/hunav_msgs/share/hunav_msgs/cmake/export_hunav_msgs__rosidl_typesupport_fastrtps_cExport-noconfig.cmake
[5.603s] -- Installing: /home/hunav_gz_classic_ws/install/hunav_msgs/share/hunav_msgs/cmake/export_hunav_msgs__rosidl_generator_cppExport.cmake
[5.603s] -- Installing: /home/hunav_gz_classic_ws/install/hunav_msgs/share/hunav_msgs/cmake/export_hunav_msgs__rosidl_typesupport_fastrtps_cppExport.cmake
[5.604s] -- Installing: /home/hunav_gz_classic_ws/install/hunav_msgs/share/hunav_msgs/cmake/export_hunav_msgs__rosidl_typesupport_fastrtps_cppExport-noconfig.cmake
[5.604s] -- Installing: /home/hunav_gz_classic_ws/install/hunav_msgs/share/hunav_msgs/cmake/hunav_msgs__rosidl_typesupport_introspection_cExport.cmake
[5.604s] -- Installing: /home/hunav_gz_classic_ws/install/hunav_msgs/share/hunav_msgs/cmake/hunav_msgs__rosidl_typesupport_introspection_cExport-noconfig.cmake
[5.604s] -- Installing: /home/hunav_gz_classic_ws/install/hunav_msgs/share/hunav_msgs/cmake/hunav_msgs__rosidl_typesupport_cExport.cmake
[5.604s] -- Installing: /home/hunav_gz_classic_ws/install/hunav_msgs/share/hunav_msgs/cmake/hunav_msgs__rosidl_typesupport_cExport-noconfig.cmake
[5.604s] -- Installing: /home/hunav_gz_classic_ws/install/hunav_msgs/share/hunav_msgs/cmake/hunav_msgs__rosidl_typesupport_introspection_cppExport.cmake
[5.604s] -- Installing: /home/hunav_gz_classic_ws/install/hunav_msgs/share/hunav_msgs/cmake/hunav_msgs__rosidl_typesupport_introspection_cppExport-noconfig.cmake
[5.604s] -- Installing: /home/hunav_gz_classic_ws/install/hunav_msgs/share/hunav_msgs/cmake/hunav_msgs__rosidl_typesupport_cppExport.cmake
[5.604s] -- Installing: /home/hunav_gz_classic_ws/install/hunav_msgs/share/hunav_msgs/cmake/hunav_msgs__rosidl_typesupport_cppExport-noconfig.cmake
[5.604s] -- Installing: /home/hunav_gz_classic_ws/install/hunav_msgs/share/hunav_msgs/cmake/export_hunav_msgs__rosidl_generator_pyExport.cmake
[5.605s] -- Installing: /home/hunav_gz_classic_ws/install/hunav_msgs/share/hunav_msgs/cmake/export_hunav_msgs__rosidl_generator_pyExport-noconfig.cmake
[5.607s] Invoked command in '/home/hunav_gz_classic_ws/build/hunav_msgs' returned '0': CMAKE_PREFIX_PATH=/opt/ros/humble /usr/bin/cmake --install /home/hunav_gz_classic_ws/build/hunav_msgs
