[0.374s] Invoking command in '/home/hunav_gz_classic_ws/build/hunav_evaluator': AMENT_PREFIX_PATH=/home/hunav_gz_classic_ws/install/hunav_msgs:${AMENT_PREFIX_PATH} CMAKE_PREFIX_PATH=/home/hunav_gz_classic_ws/install/hunav_msgs LD_LIBRARY_PATH=/home/hunav_gz_classic_ws/install/hunav_msgs/lib:${LD_LIBRARY_PATH} PYTHONPATH=/home/hunav_gz_classic_ws/build/hunav_evaluator/prefix_override:/usr/lib/python3/dist-packages/colcon_core/task/python/colcon_distutils_commands:/home/hunav_gz_classic_ws/install/hunav_evaluator/lib/python3.10/site-packages:/home/hunav_gz_classic_ws/install/hunav_msgs/local/lib/python3.10/dist-packages:${PYTHONPATH} /usr/bin/python3 -W ignore:setup.py install is deprecated -W ignore:easy_install command is deprecated setup.py develop --editable --build-directory /home/hunav_gz_classic_ws/build/hunav_evaluator/build --no-deps symlink_data
[0.513s] running develop
[0.594s] running egg_info
[0.594s] creating hunav_evaluator.egg-info
[0.595s] writing hunav_evaluator.egg-info/PKG-INFO
[0.595s] writing dependency_links to hunav_evaluator.egg-info/dependency_links.txt
[0.595s] writing entry points to hunav_evaluator.egg-info/entry_points.txt
[0.595s] writing requirements to hunav_evaluator.egg-info/requires.txt
[0.595s] writing top-level names to hunav_evaluator.egg-info/top_level.txt
[0.595s] writing manifest file 'hunav_evaluator.egg-info/SOURCES.txt'
[0.596s] reading manifest file 'hunav_evaluator.egg-info/SOURCES.txt'
[0.597s] writing manifest file 'hunav_evaluator.egg-info/SOURCES.txt'
[0.597s] running build_ext
[0.598s] Creating /home/hunav_gz_classic_ws/install/hunav_evaluator/lib/python3.10/site-packages/hunav-evaluator.egg-link (link to .)
[0.598s] Installing hunav_evaluator_node script to /home/hunav_gz_classic_ws/install/hunav_evaluator/lib/hunav_evaluator
[0.598s] 
[0.598s] Installed /home/hunav_gz_classic_ws/build/hunav_evaluator
[0.598s] running symlink_data
[0.598s] creating /home/hunav_gz_classic_ws/install/hunav_evaluator/share/ament_index
[0.598s] creating /home/hunav_gz_classic_ws/install/hunav_evaluator/share/ament_index/resource_index
[0.599s] creating /home/hunav_gz_classic_ws/install/hunav_evaluator/share/ament_index/resource_index/packages
[0.599s] symbolically linking /home/hunav_gz_classic_ws/build/hunav_evaluator/resource/hunav_evaluator -> /home/hunav_gz_classic_ws/install/hunav_evaluator/share/ament_index/resource_index/packages
[0.599s] symbolically linking /home/hunav_gz_classic_ws/build/hunav_evaluator/package.xml -> /home/hunav_gz_classic_ws/install/hunav_evaluator/share/hunav_evaluator
[0.599s] creating /home/hunav_gz_classic_ws/install/hunav_evaluator/share/hunav_evaluator/launch
[0.599s] symbolically linking /home/hunav_gz_classic_ws/build/hunav_evaluator/launch/hunav_evaluator_launch.py -> /home/hunav_gz_classic_ws/install/hunav_evaluator/share/hunav_evaluator/launch
[0.599s] creating /home/hunav_gz_classic_ws/install/hunav_evaluator/share/hunav_evaluator/config
[0.599s] symbolically linking /home/hunav_gz_classic_ws/build/hunav_evaluator/config/metrics.yaml -> /home/hunav_gz_classic_ws/install/hunav_evaluator/share/hunav_evaluator/config
[0.622s] Invoked command in '/home/hunav_gz_classic_ws/build/hunav_evaluator' returned '0': AMENT_PREFIX_PATH=/home/hunav_gz_classic_ws/install/hunav_msgs:${AMENT_PREFIX_PATH} CMAKE_PREFIX_PATH=/home/hunav_gz_classic_ws/install/hunav_msgs LD_LIBRARY_PATH=/home/hunav_gz_classic_ws/install/hunav_msgs/lib:${LD_LIBRARY_PATH} PYTHONPATH=/home/hunav_gz_classic_ws/build/hunav_evaluator/prefix_override:/usr/lib/python3/dist-packages/colcon_core/task/python/colcon_distutils_commands:/home/hunav_gz_classic_ws/install/hunav_evaluator/lib/python3.10/site-packages:/home/hunav_gz_classic_ws/install/hunav_msgs/local/lib/python3.10/dist-packages:${PYTHONPATH} /usr/bin/python3 -W ignore:setup.py install is deprecated -W ignore:easy_install command is deprecated setup.py develop --editable --build-directory /home/hunav_gz_classic_ws/build/hunav_evaluator/build --no-deps symlink_data
