[0.153s] Invoking command in '/home/hunav_gz_classic_ws/build/hunav_gazebo_wrapper': AMENT_PREFIX_PATH=/home/hunav_gz_classic_ws/install/hunav_msgs:${AMENT_PREFIX_PATH} CMAKE_PREFIX_PATH=/home/hunav_gz_classic_ws/install/hunav_msgs:/opt/ros/humble LD_LIBRARY_PATH=/home/hunav_gz_classic_ws/install/hunav_msgs/lib:${LD_LIBRARY_PATH} PYTHONPATH=/home/hunav_gz_classic_ws/install/hunav_msgs/local/lib/python3.10/dist-packages:${PYTHONPATH} /usr/bin/cmake /home/hunav_gz_classic_ws/src/hunav_gazebo_wrapper -DAMENT_CMAKE_SYMLINK_INSTALL=1 -DCMAKE_INSTALL_PREFIX=/home/hunav_gz_classic_ws/install/hunav_gazebo_wrapper
[0.191s] -- The C compiler identification is GNU 11.4.0
[0.232s] -- The CXX compiler identification is GNU 11.4.0
[0.237s] -- Detecting C compiler ABI info
[0.286s] -- Detecting C compiler ABI info - done
[0.290s] -- Check for working C compiler: /usr/bin/cc - skipped
[0.290s] -- Detecting C compile features
[0.290s] -- Detecting C compile features - done
[0.292s] -- Detecting CXX compiler ABI info
[0.351s] -- Detecting CXX compiler ABI info - done
[0.355s] -- Check for working CXX compiler: /usr/bin/c++ - skipped
[0.356s] -- Detecting CXX compile features
[0.356s] -- Detecting CXX compile features - done
[0.359s] -- Found ament_cmake: 1.3.11 (/opt/ros/humble/share/ament_cmake/cmake)
[0.457s] -- Found Python3: /usr/bin/python3 (found version "3.10.12") found components: Interpreter 
[0.495s] -- Override CMake install command with custom implementation using symlinks instead of copying resources
[0.534s] -- Found tinyxml2_vendor: 0.7.6 (/opt/ros/humble/share/tinyxml2_vendor/cmake)
[0.554s] -- Found TinyXML2: /usr/lib/x86_64-linux-gnu/libtinyxml2.so  
[0.556s] -- Found ament_index_cpp: 1.4.0 (/opt/ros/humble/share/ament_index_cpp/cmake)
[0.558s] -- Found rclcpp: 16.0.12 (/opt/ros/humble/share/rclcpp/cmake)
[0.588s] -- Found rosidl_generator_c: 3.1.6 (/opt/ros/humble/share/rosidl_generator_c/cmake)
[0.593s] -- Found rosidl_adapter: 3.1.6 (/opt/ros/humble/share/rosidl_adapter/cmake)
[0.600s] -- Found rosidl_generator_cpp: 3.1.6 (/opt/ros/humble/share/rosidl_generator_cpp/cmake)
[0.609s] -- Using all available rosidl_typesupport_c: rosidl_typesupport_fastrtps_c;rosidl_typesupport_introspection_c
[0.625s] -- Using all available rosidl_typesupport_cpp: rosidl_typesupport_fastrtps_cpp;rosidl_typesupport_introspection_cpp
[0.662s] -- Found rmw_implementation_cmake: 6.1.2 (/opt/ros/humble/share/rmw_implementation_cmake/cmake)
[0.664s] -- Found rmw_cyclonedds_cpp: 1.3.4 (/opt/ros/humble/share/rmw_cyclonedds_cpp/cmake)
[0.679s] -- Using RMW implementation 'rmw_cyclonedds_cpp' as default
[0.688s] -- Looking for pthread.h
[0.744s] -- Looking for pthread.h - found
[0.745s] -- Performing Test CMAKE_HAVE_LIBC_PTHREAD
[0.802s] -- Performing Test CMAKE_HAVE_LIBC_PTHREAD - Success
[0.803s] -- Found Threads: TRUE  
[0.839s] -- Found gazebo_ros: 3.9.0 (/opt/ros/humble/share/gazebo_ros/cmake)
[0.849s] -- Found PkgConfig: /usr/bin/pkg-config (found version "0.29.2") 
[0.850s] -- Checking for module 'bullet>=2.82'
[0.861s] --   Found bullet, version 3.05
[0.965s] -- Found fcl: /usr/include (found suitable version "0.7.0", minimum required is "0.5.0") 
[1.015s] -- Found assimp: /usr/include (found version "5.2.0") 
[1.035s] -- Found DART: /usr/include (Required is at least version "6.6") found components: dart 
[1.061s] -- Found Boost: /usr/lib/x86_64-linux-gnu/cmake/Boost-1.74.0/BoostConfig.cmake (found suitable version "1.74.0", minimum required is "1.40.0") found components: thread system filesystem program_options regex iostreams date_time 
[1.072s] -- Found Protobuf: /usr/lib/x86_64-linux-gnu/libprotobuf.so (found version "3.12.4") 
[1.077s] -- Looking for ignition-math6 -- found version 6.15.1
[1.082s] -- Searching for dependencies of ignition-math6
[1.083s] -- Looking for OGRE...
[1.083s] -- OGRE_PREFIX_WATCH changed.
[1.088s] -- Checking for module 'OGRE'
[1.099s] --   Found OGRE, version 1.9.0
[1.132s] -- Found Ogre Ghadamon (1.9.0)
[1.139s] -- Found OGRE: optimized;/usr/lib/x86_64-linux-gnu/libOgreMain.so;debug;/usr/lib/x86_64-linux-gnu/libOgreMain.so
[1.145s] -- Looking for OGRE_Paging...
[1.148s] -- Found OGRE_Paging: optimized;/usr/lib/x86_64-linux-gnu/libOgrePaging.so;debug;/usr/lib/x86_64-linux-gnu/libOgrePaging.so
[1.148s] -- Looking for OGRE_Terrain...
[1.150s] -- Found OGRE_Terrain: optimized;/usr/lib/x86_64-linux-gnu/libOgreTerrain.so;debug;/usr/lib/x86_64-linux-gnu/libOgreTerrain.so
[1.150s] -- Looking for OGRE_Property...
[1.153s] -- Found OGRE_Property: optimized;/usr/lib/x86_64-linux-gnu/libOgreProperty.so;debug;/usr/lib/x86_64-linux-gnu/libOgreProperty.so
[1.153s] -- Looking for OGRE_RTShaderSystem...
[1.155s] -- Found OGRE_RTShaderSystem: optimized;/usr/lib/x86_64-linux-gnu/libOgreRTShaderSystem.so;debug;/usr/lib/x86_64-linux-gnu/libOgreRTShaderSystem.so
[1.155s] -- Looking for OGRE_Volume...
[1.157s] -- Found OGRE_Volume: optimized;/usr/lib/x86_64-linux-gnu/libOgreVolume.so;debug;/usr/lib/x86_64-linux-gnu/libOgreVolume.so
[1.158s] -- Looking for OGRE_Overlay...
[1.160s] -- Found OGRE_Overlay: optimized;/usr/lib/x86_64-linux-gnu/libOgreOverlay.so;debug;/usr/lib/x86_64-linux-gnu/libOgreOverlay.so
[1.215s] -- Looking for ignition-math6 -- found version 6.15.1
[1.218s] -- Looking for ignition-transport8 -- found version 8.2.1
[1.218s] -- Searching for dependencies of ignition-transport8
[1.239s] -- Found Protobuf: /usr/lib/x86_64-linux-gnu/libprotobuf.so (found suitable version "3.12.4", minimum required is "3") 
[1.252s] -- Config-file not installed for ZeroMQ -- checking for pkg-config
[1.256s] -- Checking for module 'libzmq >= 4'
[1.266s] --   Found libzmq , version 4.3.4
[1.299s] -- Found ZeroMQ: TRUE (Required is at least version "4") 
[1.303s] -- Checking for module 'uuid'
[1.315s] --   Found uuid, version 2.37.2
[1.346s] -- Found UUID: TRUE  
[1.349s] -- Looking for ignition-msgs5 -- found version 5.8.1
[1.350s] -- Searching for dependencies of ignition-msgs5
[1.369s] -- Looking for ignition-math6 -- found version 6.15.1
[1.373s] -- Checking for module 'tinyxml2'
[1.385s] --   Found tinyxml2, version 9.0.0
[1.418s] -- Looking for ignition-msgs5 -- found version 5.8.1
[1.421s] -- Looking for ignition-common3 -- found version 3.14.0
[1.421s] -- Searching for dependencies of ignition-common3
[1.421s] -- Looking for dlfcn.h - found
[1.422s] -- Looking for libdl - found
[1.423s] -- Found DL: TRUE  
[1.432s] -- Found tinyobjloader: /usr/lib/x86_64-linux-gnu/cmake/tinyobjloader/tinyobjloader-config.cmake (found version "2.0.0") 
[1.432s] -- Searching for <ignition-common3> component [graphics]
[1.435s] -- Looking for ignition-common3-graphics -- found version 3.14.0
[1.435s] -- Searching for dependencies of ignition-common3-graphics
[1.435s] -- Looking for ignition-math6 -- found version 6.15.1
[1.438s] -- Looking for ignition-fuel_tools4 -- found version 4.4.0
[1.439s] -- Searching for dependencies of ignition-fuel_tools4
[1.517s] -- Found CURL: /usr/lib/x86_64-linux-gnu/libcurl.so (found version "7.81.0")  
[1.525s] -- Checking for module 'jsoncpp'
[1.536s] --   Found jsoncpp, version 1.9.5
[1.571s] -- Found JSONCPP: TRUE  
[1.576s] -- Checking for module 'libzip'
[1.587s] --   Found libzip, version 1.7.3
[1.619s] -- Found ZIP: TRUE  
[1.620s] -- Looking for ignition-common3 -- found version 3.14.0
[1.620s] -- Looking for ignition-math6 -- found version 6.15.1
[1.620s] -- Looking for ignition-msgs5 -- found version 5.8.1
[1.623s] -- Gazebo version: 11.10
[1.624s] -- Checking for module 'tbb'
[1.636s] --   Found tbb, version 2021.5.0
[1.670s] -- Found hunav_msgs: 1.0.0 (/home/hunav_gz_classic_ws/install/hunav_msgs/share/hunav_msgs/cmake)
[1.690s] -- Found tf2: 0.25.12 (/opt/ros/humble/share/tf2/cmake)
[1.700s] -- Found tf2_geometry_msgs: 0.25.12 (/opt/ros/humble/share/tf2_geometry_msgs/cmake)
[1.708s] -- Found eigen3_cmake_module: 0.1.1 (/opt/ros/humble/share/eigen3_cmake_module/cmake)
[1.709s] -- Found Eigen3: TRUE (found version "3.4.0") 
[1.709s] -- Ensuring Eigen3 include directory is part of orocos-kdl CMake target
[1.822s] -- Configuring done
[1.845s] -- Generating done
[1.850s] -- Build files have been written to: /home/hunav_gz_classic_ws/build/hunav_gazebo_wrapper
