[  1%] Built target hunav_msgs__cpp
[ 12%] Built target hunav_msgs__rosidl_generator_c
[ 12%] Built target ament_cmake_python_symlink_hunav_msgs
[ 41%] Built target hunav_msgs__rosidl_typesupport_cpp
[ 66%] Built target hunav_msgs__rosidl_typesupport_fastrtps_c
[ 72%] Built target hunav_msgs__rosidl_typesupport_introspection_c
[ 66%] Built target hunav_msgs__rosidl_typesupport_introspection_cpp
[ 78%] Built target hunav_msgs__rosidl_typesupport_fastrtps_cpp
[ 81%] Built target hunav_msgs__rosidl_typesupport_c
[ 81%] Built target hunav_msgs
[ 82%] Built target hunav_msgs__py
[ 93%] Built target hunav_msgs__rosidl_generator_py
[ 95%] Built target hunav_msgs__rosidl_typesupport_introspection_c__pyext
[ 98%] Built target hunav_msgs__rosidl_typesupport_fastrtps_c__pyext
[100%] Built target hunav_msgs__rosidl_typesupport_c__pyext
running egg_info
writing hunav_msgs.egg-info/PKG-INFO
writing dependency_links to hunav_msgs.egg-info/dependency_links.txt
writing top-level names to hunav_msgs.egg-info/top_level.txt
reading manifest file 'hunav_msgs.egg-info/SOURCES.txt'
writing manifest file 'hunav_msgs.egg-info/SOURCES.txt'
[100%] Built target ament_cmake_python_build_hunav_msgs_egg
-- Install configuration: ""
-- Execute custom install script
-- Up-to-date symlink: /home/hunav_gz_classic_ws/install/hunav_msgs/share/ament_index/resource_index/rosidl_interfaces/hunav_msgs
-- Up-to-date symlink: /home/hunav_gz_classic_ws/install/hunav_msgs/include/hunav_msgs/hunav_msgs/msg/agent.h
-- Up-to-date symlink: /home/hunav_gz_classic_ws/install/hunav_msgs/include/hunav_msgs/hunav_msgs/msg/agent_behavior.h
-- Up-to-date symlink: /home/hunav_gz_classic_ws/install/hunav_msgs/include/hunav_msgs/hunav_msgs/msg/agents.h
-- Up-to-date symlink: /home/hunav_gz_classic_ws/install/hunav_msgs/include/hunav_msgs/hunav_msgs/msg/detail/agent__functions.h
-- Up-to-date symlink: /home/hunav_gz_classic_ws/install/hunav_msgs/include/hunav_msgs/hunav_msgs/msg/detail/agent__struct.h
-- Up-to-date symlink: /home/hunav_gz_classic_ws/install/hunav_msgs/include/hunav_msgs/hunav_msgs/msg/detail/agent__type_support.h
-- Up-to-date symlink: /home/hunav_gz_classic_ws/install/hunav_msgs/include/hunav_msgs/hunav_msgs/msg/detail/agent_behavior__functions.h
-- Up-to-date symlink: /home/hunav_gz_classic_ws/install/hunav_msgs/include/hunav_msgs/hunav_msgs/msg/detail/agent_behavior__struct.h
-- Up-to-date symlink: /home/hunav_gz_classic_ws/install/hunav_msgs/include/hunav_msgs/hunav_msgs/msg/detail/agent_behavior__type_support.h
-- Up-to-date symlink: /home/hunav_gz_classic_ws/install/hunav_msgs/include/hunav_msgs/hunav_msgs/msg/detail/agents__functions.h
-- Up-to-date symlink: /home/hunav_gz_classic_ws/install/hunav_msgs/include/hunav_msgs/hunav_msgs/msg/detail/agents__struct.h
-- Up-to-date symlink: /home/hunav_gz_classic_ws/install/hunav_msgs/include/hunav_msgs/hunav_msgs/msg/detail/agents__type_support.h
-- Up-to-date symlink: /home/hunav_gz_classic_ws/install/hunav_msgs/include/hunav_msgs/hunav_msgs/msg/rosidl_generator_c__visibility_control.h
-- Up-to-date symlink: /home/hunav_gz_classic_ws/install/hunav_msgs/include/hunav_msgs/hunav_msgs/srv/compute_agent.h
-- Up-to-date symlink: /home/hunav_gz_classic_ws/install/hunav_msgs/include/hunav_msgs/hunav_msgs/srv/compute_agents.h
-- Up-to-date symlink: /home/hunav_gz_classic_ws/install/hunav_msgs/include/hunav_msgs/hunav_msgs/srv/detail/compute_agent__functions.h
-- Up-to-date symlink: /home/hunav_gz_classic_ws/install/hunav_msgs/include/hunav_msgs/hunav_msgs/srv/detail/compute_agent__struct.h
-- Up-to-date symlink: /home/hunav_gz_classic_ws/install/hunav_msgs/include/hunav_msgs/hunav_msgs/srv/detail/compute_agent__type_support.h
-- Up-to-date symlink: /home/hunav_gz_classic_ws/install/hunav_msgs/include/hunav_msgs/hunav_msgs/srv/detail/compute_agents__functions.h
-- Up-to-date symlink: /home/hunav_gz_classic_ws/install/hunav_msgs/include/hunav_msgs/hunav_msgs/srv/detail/compute_agents__struct.h
-- Up-to-date symlink: /home/hunav_gz_classic_ws/install/hunav_msgs/include/hunav_msgs/hunav_msgs/srv/detail/compute_agents__type_support.h
-- Up-to-date symlink: /home/hunav_gz_classic_ws/install/hunav_msgs/include/hunav_msgs/hunav_msgs/srv/detail/get_agents__functions.h
-- Up-to-date symlink: /home/hunav_gz_classic_ws/install/hunav_msgs/include/hunav_msgs/hunav_msgs/srv/detail/get_agents__struct.h
-- Up-to-date symlink: /home/hunav_gz_classic_ws/install/hunav_msgs/include/hunav_msgs/hunav_msgs/srv/detail/get_agents__type_support.h
-- Up-to-date symlink: /home/hunav_gz_classic_ws/install/hunav_msgs/include/hunav_msgs/hunav_msgs/srv/detail/move_agent__functions.h
-- Up-to-date symlink: /home/hunav_gz_classic_ws/install/hunav_msgs/include/hunav_msgs/hunav_msgs/srv/detail/move_agent__struct.h
-- Up-to-date symlink: /home/hunav_gz_classic_ws/install/hunav_msgs/include/hunav_msgs/hunav_msgs/srv/detail/move_agent__type_support.h
-- Up-to-date symlink: /home/hunav_gz_classic_ws/install/hunav_msgs/include/hunav_msgs/hunav_msgs/srv/detail/reset_agents__functions.h
-- Up-to-date symlink: /home/hunav_gz_classic_ws/install/hunav_msgs/include/hunav_msgs/hunav_msgs/srv/detail/reset_agents__struct.h
-- Up-to-date symlink: /home/hunav_gz_classic_ws/install/hunav_msgs/include/hunav_msgs/hunav_msgs/srv/detail/reset_agents__type_support.h
-- Up-to-date symlink: /home/hunav_gz_classic_ws/install/hunav_msgs/include/hunav_msgs/hunav_msgs/srv/get_agents.h
-- Up-to-date symlink: /home/hunav_gz_classic_ws/install/hunav_msgs/include/hunav_msgs/hunav_msgs/srv/move_agent.h
-- Up-to-date symlink: /home/hunav_gz_classic_ws/install/hunav_msgs/include/hunav_msgs/hunav_msgs/srv/reset_agents.h
-- Up-to-date symlink: /home/hunav_gz_classic_ws/install/hunav_msgs/share/hunav_msgs/environment/library_path.sh
-- Up-to-date symlink: /home/hunav_gz_classic_ws/install/hunav_msgs/share/hunav_msgs/environment/library_path.dsv
-- Up-to-date symlink: /home/hunav_gz_classic_ws/install/hunav_msgs/include/hunav_msgs/hunav_msgs/msg/detail/agent__rosidl_typesupport_fastrtps_c.h
-- Up-to-date symlink: /home/hunav_gz_classic_ws/install/hunav_msgs/include/hunav_msgs/hunav_msgs/msg/detail/agent_behavior__rosidl_typesupport_fastrtps_c.h
-- Up-to-date symlink: /home/hunav_gz_classic_ws/install/hunav_msgs/include/hunav_msgs/hunav_msgs/msg/detail/agents__rosidl_typesupport_fastrtps_c.h
-- Up-to-date symlink: /home/hunav_gz_classic_ws/install/hunav_msgs/include/hunav_msgs/hunav_msgs/msg/rosidl_typesupport_fastrtps_c__visibility_control.h
-- Up-to-date symlink: /home/hunav_gz_classic_ws/install/hunav_msgs/include/hunav_msgs/hunav_msgs/srv/detail/compute_agent__rosidl_typesupport_fastrtps_c.h
-- Up-to-date symlink: /home/hunav_gz_classic_ws/install/hunav_msgs/include/hunav_msgs/hunav_msgs/srv/detail/compute_agents__rosidl_typesupport_fastrtps_c.h
-- Up-to-date symlink: /home/hunav_gz_classic_ws/install/hunav_msgs/include/hunav_msgs/hunav_msgs/srv/detail/get_agents__rosidl_typesupport_fastrtps_c.h
-- Up-to-date symlink: /home/hunav_gz_classic_ws/install/hunav_msgs/include/hunav_msgs/hunav_msgs/srv/detail/move_agent__rosidl_typesupport_fastrtps_c.h
-- Up-to-date symlink: /home/hunav_gz_classic_ws/install/hunav_msgs/include/hunav_msgs/hunav_msgs/srv/detail/reset_agents__rosidl_typesupport_fastrtps_c.h
-- Up-to-date symlink: /home/hunav_gz_classic_ws/install/hunav_msgs/include/hunav_msgs/hunav_msgs/msg/agent.hpp
-- Up-to-date symlink: /home/hunav_gz_classic_ws/install/hunav_msgs/include/hunav_msgs/hunav_msgs/msg/agent_behavior.hpp
-- Up-to-date symlink: /home/hunav_gz_classic_ws/install/hunav_msgs/include/hunav_msgs/hunav_msgs/msg/agents.hpp
-- Up-to-date symlink: /home/hunav_gz_classic_ws/install/hunav_msgs/include/hunav_msgs/hunav_msgs/msg/detail/agent__builder.hpp
-- Up-to-date symlink: /home/hunav_gz_classic_ws/install/hunav_msgs/include/hunav_msgs/hunav_msgs/msg/detail/agent__struct.hpp
-- Up-to-date symlink: /home/hunav_gz_classic_ws/install/hunav_msgs/include/hunav_msgs/hunav_msgs/msg/detail/agent__traits.hpp
-- Up-to-date symlink: /home/hunav_gz_classic_ws/install/hunav_msgs/include/hunav_msgs/hunav_msgs/msg/detail/agent__type_support.hpp
-- Up-to-date symlink: /home/hunav_gz_classic_ws/install/hunav_msgs/include/hunav_msgs/hunav_msgs/msg/detail/agent_behavior__builder.hpp
-- Up-to-date symlink: /home/hunav_gz_classic_ws/install/hunav_msgs/include/hunav_msgs/hunav_msgs/msg/detail/agent_behavior__struct.hpp
-- Up-to-date symlink: /home/hunav_gz_classic_ws/install/hunav_msgs/include/hunav_msgs/hunav_msgs/msg/detail/agent_behavior__traits.hpp
-- Up-to-date symlink: /home/hunav_gz_classic_ws/install/hunav_msgs/include/hunav_msgs/hunav_msgs/msg/detail/agent_behavior__type_support.hpp
-- Up-to-date symlink: /home/hunav_gz_classic_ws/install/hunav_msgs/include/hunav_msgs/hunav_msgs/msg/detail/agents__builder.hpp
-- Up-to-date symlink: /home/hunav_gz_classic_ws/install/hunav_msgs/include/hunav_msgs/hunav_msgs/msg/detail/agents__struct.hpp
-- Up-to-date symlink: /home/hunav_gz_classic_ws/install/hunav_msgs/include/hunav_msgs/hunav_msgs/msg/detail/agents__traits.hpp
-- Up-to-date symlink: /home/hunav_gz_classic_ws/install/hunav_msgs/include/hunav_msgs/hunav_msgs/msg/detail/agents__type_support.hpp
-- Up-to-date symlink: /home/hunav_gz_classic_ws/install/hunav_msgs/include/hunav_msgs/hunav_msgs/msg/rosidl_generator_cpp__visibility_control.hpp
-- Up-to-date symlink: /home/hunav_gz_classic_ws/install/hunav_msgs/include/hunav_msgs/hunav_msgs/srv/compute_agent.hpp
-- Up-to-date symlink: /home/hunav_gz_classic_ws/install/hunav_msgs/include/hunav_msgs/hunav_msgs/srv/compute_agents.hpp
-- Up-to-date symlink: /home/hunav_gz_classic_ws/install/hunav_msgs/include/hunav_msgs/hunav_msgs/srv/detail/compute_agent__builder.hpp
-- Up-to-date symlink: /home/hunav_gz_classic_ws/install/hunav_msgs/include/hunav_msgs/hunav_msgs/srv/detail/compute_agent__struct.hpp
-- Up-to-date symlink: /home/hunav_gz_classic_ws/install/hunav_msgs/include/hunav_msgs/hunav_msgs/srv/detail/compute_agent__traits.hpp
-- Up-to-date symlink: /home/hunav_gz_classic_ws/install/hunav_msgs/include/hunav_msgs/hunav_msgs/srv/detail/compute_agent__type_support.hpp
-- Up-to-date symlink: /home/hunav_gz_classic_ws/install/hunav_msgs/include/hunav_msgs/hunav_msgs/srv/detail/compute_agents__builder.hpp
-- Up-to-date symlink: /home/hunav_gz_classic_ws/install/hunav_msgs/include/hunav_msgs/hunav_msgs/srv/detail/compute_agents__struct.hpp
-- Up-to-date symlink: /home/hunav_gz_classic_ws/install/hunav_msgs/include/hunav_msgs/hunav_msgs/srv/detail/compute_agents__traits.hpp
-- Up-to-date symlink: /home/hunav_gz_classic_ws/install/hunav_msgs/include/hunav_msgs/hunav_msgs/srv/detail/compute_agents__type_support.hpp
-- Up-to-date symlink: /home/hunav_gz_classic_ws/install/hunav_msgs/include/hunav_msgs/hunav_msgs/srv/detail/get_agents__builder.hpp
-- Up-to-date symlink: /home/hunav_gz_classic_ws/install/hunav_msgs/include/hunav_msgs/hunav_msgs/srv/detail/get_agents__struct.hpp
-- Up-to-date symlink: /home/hunav_gz_classic_ws/install/hunav_msgs/include/hunav_msgs/hunav_msgs/srv/detail/get_agents__traits.hpp
-- Up-to-date symlink: /home/hunav_gz_classic_ws/install/hunav_msgs/include/hunav_msgs/hunav_msgs/srv/detail/get_agents__type_support.hpp
-- Up-to-date symlink: /home/hunav_gz_classic_ws/install/hunav_msgs/include/hunav_msgs/hunav_msgs/srv/detail/move_agent__builder.hpp
-- Up-to-date symlink: /home/hunav_gz_classic_ws/install/hunav_msgs/include/hunav_msgs/hunav_msgs/srv/detail/move_agent__struct.hpp
-- Up-to-date symlink: /home/hunav_gz_classic_ws/install/hunav_msgs/include/hunav_msgs/hunav_msgs/srv/detail/move_agent__traits.hpp
-- Up-to-date symlink: /home/hunav_gz_classic_ws/install/hunav_msgs/include/hunav_msgs/hunav_msgs/srv/detail/move_agent__type_support.hpp
-- Up-to-date symlink: /home/hunav_gz_classic_ws/install/hunav_msgs/include/hunav_msgs/hunav_msgs/srv/detail/reset_agents__builder.hpp
-- Up-to-date symlink: /home/hunav_gz_classic_ws/install/hunav_msgs/include/hunav_msgs/hunav_msgs/srv/detail/reset_agents__struct.hpp
-- Up-to-date symlink: /home/hunav_gz_classic_ws/install/hunav_msgs/include/hunav_msgs/hunav_msgs/srv/detail/reset_agents__traits.hpp
-- Up-to-date symlink: /home/hunav_gz_classic_ws/install/hunav_msgs/include/hunav_msgs/hunav_msgs/srv/detail/reset_agents__type_support.hpp
-- Up-to-date symlink: /home/hunav_gz_classic_ws/install/hunav_msgs/include/hunav_msgs/hunav_msgs/srv/get_agents.hpp
-- Up-to-date symlink: /home/hunav_gz_classic_ws/install/hunav_msgs/include/hunav_msgs/hunav_msgs/srv/move_agent.hpp
-- Up-to-date symlink: /home/hunav_gz_classic_ws/install/hunav_msgs/include/hunav_msgs/hunav_msgs/srv/reset_agents.hpp
-- Up-to-date symlink: /home/hunav_gz_classic_ws/install/hunav_msgs/include/hunav_msgs/hunav_msgs/msg/detail/agent__rosidl_typesupport_fastrtps_cpp.hpp
-- Up-to-date symlink: /home/hunav_gz_classic_ws/install/hunav_msgs/include/hunav_msgs/hunav_msgs/msg/detail/agent_behavior__rosidl_typesupport_fastrtps_cpp.hpp
-- Up-to-date symlink: /home/hunav_gz_classic_ws/install/hunav_msgs/include/hunav_msgs/hunav_msgs/msg/detail/agents__rosidl_typesupport_fastrtps_cpp.hpp
-- Up-to-date symlink: /home/hunav_gz_classic_ws/install/hunav_msgs/include/hunav_msgs/hunav_msgs/msg/rosidl_typesupport_fastrtps_cpp__visibility_control.h
-- Up-to-date symlink: /home/hunav_gz_classic_ws/install/hunav_msgs/include/hunav_msgs/hunav_msgs/srv/detail/compute_agent__rosidl_typesupport_fastrtps_cpp.hpp
-- Up-to-date symlink: /home/hunav_gz_classic_ws/install/hunav_msgs/include/hunav_msgs/hunav_msgs/srv/detail/compute_agents__rosidl_typesupport_fastrtps_cpp.hpp
-- Up-to-date symlink: /home/hunav_gz_classic_ws/install/hunav_msgs/include/hunav_msgs/hunav_msgs/srv/detail/get_agents__rosidl_typesupport_fastrtps_cpp.hpp
-- Up-to-date symlink: /home/hunav_gz_classic_ws/install/hunav_msgs/include/hunav_msgs/hunav_msgs/srv/detail/move_agent__rosidl_typesupport_fastrtps_cpp.hpp
-- Up-to-date symlink: /home/hunav_gz_classic_ws/install/hunav_msgs/include/hunav_msgs/hunav_msgs/srv/detail/reset_agents__rosidl_typesupport_fastrtps_cpp.hpp
-- Up-to-date symlink: /home/hunav_gz_classic_ws/install/hunav_msgs/include/hunav_msgs/hunav_msgs/msg/detail/agent__rosidl_typesupport_introspection_c.h
-- Up-to-date symlink: /home/hunav_gz_classic_ws/install/hunav_msgs/include/hunav_msgs/hunav_msgs/msg/detail/agent_behavior__rosidl_typesupport_introspection_c.h
-- Up-to-date symlink: /home/hunav_gz_classic_ws/install/hunav_msgs/include/hunav_msgs/hunav_msgs/msg/detail/agents__rosidl_typesupport_introspection_c.h
-- Up-to-date symlink: /home/hunav_gz_classic_ws/install/hunav_msgs/include/hunav_msgs/hunav_msgs/msg/rosidl_typesupport_introspection_c__visibility_control.h
-- Up-to-date symlink: /home/hunav_gz_classic_ws/install/hunav_msgs/include/hunav_msgs/hunav_msgs/srv/detail/compute_agent__rosidl_typesupport_introspection_c.h
-- Up-to-date symlink: /home/hunav_gz_classic_ws/install/hunav_msgs/include/hunav_msgs/hunav_msgs/srv/detail/compute_agents__rosidl_typesupport_introspection_c.h
-- Up-to-date symlink: /home/hunav_gz_classic_ws/install/hunav_msgs/include/hunav_msgs/hunav_msgs/srv/detail/get_agents__rosidl_typesupport_introspection_c.h
-- Up-to-date symlink: /home/hunav_gz_classic_ws/install/hunav_msgs/include/hunav_msgs/hunav_msgs/srv/detail/move_agent__rosidl_typesupport_introspection_c.h
-- Up-to-date symlink: /home/hunav_gz_classic_ws/install/hunav_msgs/include/hunav_msgs/hunav_msgs/srv/detail/reset_agents__rosidl_typesupport_introspection_c.h
-- Up-to-date symlink: /home/hunav_gz_classic_ws/install/hunav_msgs/include/hunav_msgs/hunav_msgs/msg/detail/agent__rosidl_typesupport_introspection_cpp.hpp
-- Up-to-date symlink: /home/hunav_gz_classic_ws/install/hunav_msgs/include/hunav_msgs/hunav_msgs/msg/detail/agent_behavior__rosidl_typesupport_introspection_cpp.hpp
-- Up-to-date symlink: /home/hunav_gz_classic_ws/install/hunav_msgs/include/hunav_msgs/hunav_msgs/msg/detail/agents__rosidl_typesupport_introspection_cpp.hpp
-- Up-to-date symlink: /home/hunav_gz_classic_ws/install/hunav_msgs/include/hunav_msgs/hunav_msgs/srv/detail/compute_agent__rosidl_typesupport_introspection_cpp.hpp
-- Up-to-date symlink: /home/hunav_gz_classic_ws/install/hunav_msgs/include/hunav_msgs/hunav_msgs/srv/detail/compute_agents__rosidl_typesupport_introspection_cpp.hpp
-- Up-to-date symlink: /home/hunav_gz_classic_ws/install/hunav_msgs/include/hunav_msgs/hunav_msgs/srv/detail/get_agents__rosidl_typesupport_introspection_cpp.hpp
-- Up-to-date symlink: /home/hunav_gz_classic_ws/install/hunav_msgs/include/hunav_msgs/hunav_msgs/srv/detail/move_agent__rosidl_typesupport_introspection_cpp.hpp
-- Up-to-date symlink: /home/hunav_gz_classic_ws/install/hunav_msgs/include/hunav_msgs/hunav_msgs/srv/detail/reset_agents__rosidl_typesupport_introspection_cpp.hpp
-- Up-to-date symlink: /home/hunav_gz_classic_ws/install/hunav_msgs/share/hunav_msgs/environment/pythonpath.sh
-- Up-to-date symlink: /home/hunav_gz_classic_ws/install/hunav_msgs/share/hunav_msgs/environment/pythonpath.dsv
-- Up-to-date symlink: /home/hunav_gz_classic_ws/install/hunav_msgs/local/lib/python3.10/dist-packages/hunav_msgs-1.0.0-py3.10.egg-info/PKG-INFO
-- Up-to-date symlink: /home/hunav_gz_classic_ws/install/hunav_msgs/local/lib/python3.10/dist-packages/hunav_msgs-1.0.0-py3.10.egg-info/SOURCES.txt
-- Up-to-date symlink: /home/hunav_gz_classic_ws/install/hunav_msgs/local/lib/python3.10/dist-packages/hunav_msgs-1.0.0-py3.10.egg-info/dependency_links.txt
-- Up-to-date symlink: /home/hunav_gz_classic_ws/install/hunav_msgs/local/lib/python3.10/dist-packages/hunav_msgs-1.0.0-py3.10.egg-info/top_level.txt
-- Up-to-date symlink: /home/hunav_gz_classic_ws/install/hunav_msgs/local/lib/python3.10/dist-packages/hunav_msgs/__init__.py
-- Up-to-date symlink: /home/hunav_gz_classic_ws/install/hunav_msgs/local/lib/python3.10/dist-packages/hunav_msgs/_hunav_msgs_s.ep.rosidl_typesupport_c.c
-- Up-to-date symlink: /home/hunav_gz_classic_ws/install/hunav_msgs/local/lib/python3.10/dist-packages/hunav_msgs/_hunav_msgs_s.ep.rosidl_typesupport_fastrtps_c.c
-- Up-to-date symlink: /home/hunav_gz_classic_ws/install/hunav_msgs/local/lib/python3.10/dist-packages/hunav_msgs/_hunav_msgs_s.ep.rosidl_typesupport_introspection_c.c
-- Up-to-date symlink: /home/hunav_gz_classic_ws/install/hunav_msgs/local/lib/python3.10/dist-packages/hunav_msgs/hunav_msgs_s__rosidl_typesupport_c.cpython-310-x86_64-linux-gnu.so
-- Up-to-date symlink: /home/hunav_gz_classic_ws/install/hunav_msgs/local/lib/python3.10/dist-packages/hunav_msgs/hunav_msgs_s__rosidl_typesupport_fastrtps_c.cpython-310-x86_64-linux-gnu.so
-- Up-to-date symlink: /home/hunav_gz_classic_ws/install/hunav_msgs/local/lib/python3.10/dist-packages/hunav_msgs/hunav_msgs_s__rosidl_typesupport_introspection_c.cpython-310-x86_64-linux-gnu.so
-- Up-to-date symlink: /home/hunav_gz_classic_ws/install/hunav_msgs/local/lib/python3.10/dist-packages/hunav_msgs/libhunav_msgs__rosidl_generator_py.so
-- Up-to-date symlink: /home/hunav_gz_classic_ws/install/hunav_msgs/local/lib/python3.10/dist-packages/hunav_msgs/msg/__init__.py
-- Up-to-date symlink: /home/hunav_gz_classic_ws/install/hunav_msgs/local/lib/python3.10/dist-packages/hunav_msgs/msg/_agent.py
-- Up-to-date symlink: /home/hunav_gz_classic_ws/install/hunav_msgs/local/lib/python3.10/dist-packages/hunav_msgs/msg/_agent_behavior.py
-- Up-to-date symlink: /home/hunav_gz_classic_ws/install/hunav_msgs/local/lib/python3.10/dist-packages/hunav_msgs/msg/_agent_behavior_s.c
-- Up-to-date symlink: /home/hunav_gz_classic_ws/install/hunav_msgs/local/lib/python3.10/dist-packages/hunav_msgs/msg/_agent_s.c
-- Up-to-date symlink: /home/hunav_gz_classic_ws/install/hunav_msgs/local/lib/python3.10/dist-packages/hunav_msgs/msg/_agents.py
-- Up-to-date symlink: /home/hunav_gz_classic_ws/install/hunav_msgs/local/lib/python3.10/dist-packages/hunav_msgs/msg/_agents_s.c
-- Up-to-date symlink: /home/hunav_gz_classic_ws/install/hunav_msgs/local/lib/python3.10/dist-packages/hunav_msgs/srv/__init__.py
-- Up-to-date symlink: /home/hunav_gz_classic_ws/install/hunav_msgs/local/lib/python3.10/dist-packages/hunav_msgs/srv/_compute_agent.py
-- Up-to-date symlink: /home/hunav_gz_classic_ws/install/hunav_msgs/local/lib/python3.10/dist-packages/hunav_msgs/srv/_compute_agent_s.c
-- Up-to-date symlink: /home/hunav_gz_classic_ws/install/hunav_msgs/local/lib/python3.10/dist-packages/hunav_msgs/srv/_compute_agents.py
-- Up-to-date symlink: /home/hunav_gz_classic_ws/install/hunav_msgs/local/lib/python3.10/dist-packages/hunav_msgs/srv/_compute_agents_s.c
-- Up-to-date symlink: /home/hunav_gz_classic_ws/install/hunav_msgs/local/lib/python3.10/dist-packages/hunav_msgs/srv/_get_agents.py
-- Up-to-date symlink: /home/hunav_gz_classic_ws/install/hunav_msgs/local/lib/python3.10/dist-packages/hunav_msgs/srv/_get_agents_s.c
-- Up-to-date symlink: /home/hunav_gz_classic_ws/install/hunav_msgs/local/lib/python3.10/dist-packages/hunav_msgs/srv/_move_agent.py
-- Up-to-date symlink: /home/hunav_gz_classic_ws/install/hunav_msgs/local/lib/python3.10/dist-packages/hunav_msgs/srv/_move_agent_s.c
-- Up-to-date symlink: /home/hunav_gz_classic_ws/install/hunav_msgs/local/lib/python3.10/dist-packages/hunav_msgs/srv/_reset_agents.py
-- Up-to-date symlink: /home/hunav_gz_classic_ws/install/hunav_msgs/local/lib/python3.10/dist-packages/hunav_msgs/srv/_reset_agents_s.c
-- Up-to-date symlink: /home/hunav_gz_classic_ws/install/hunav_msgs/local/lib/python3.10/dist-packages/hunav_msgs/hunav_msgs_s__rosidl_typesupport_fastrtps_c.cpython-310-x86_64-linux-gnu.so
-- Up-to-date symlink: /home/hunav_gz_classic_ws/install/hunav_msgs/local/lib/python3.10/dist-packages/hunav_msgs/hunav_msgs_s__rosidl_typesupport_introspection_c.cpython-310-x86_64-linux-gnu.so
-- Up-to-date symlink: /home/hunav_gz_classic_ws/install/hunav_msgs/local/lib/python3.10/dist-packages/hunav_msgs/hunav_msgs_s__rosidl_typesupport_c.cpython-310-x86_64-linux-gnu.so
-- Up-to-date symlink: /home/hunav_gz_classic_ws/install/hunav_msgs/share/hunav_msgs/msg/Agent.idl
-- Up-to-date symlink: /home/hunav_gz_classic_ws/install/hunav_msgs/share/hunav_msgs/msg/Agents.idl
-- Up-to-date symlink: /home/hunav_gz_classic_ws/install/hunav_msgs/share/hunav_msgs/msg/AgentBehavior.idl
-- Up-to-date symlink: /home/hunav_gz_classic_ws/install/hunav_msgs/share/hunav_msgs/srv/ComputeAgents.idl
-- Up-to-date symlink: /home/hunav_gz_classic_ws/install/hunav_msgs/share/hunav_msgs/srv/ComputeAgent.idl
-- Up-to-date symlink: /home/hunav_gz_classic_ws/install/hunav_msgs/share/hunav_msgs/srv/MoveAgent.idl
-- Up-to-date symlink: /home/hunav_gz_classic_ws/install/hunav_msgs/share/hunav_msgs/srv/GetAgents.idl
-- Up-to-date symlink: /home/hunav_gz_classic_ws/install/hunav_msgs/share/hunav_msgs/srv/ResetAgents.idl
-- Up-to-date symlink: /home/hunav_gz_classic_ws/install/hunav_msgs/share/hunav_msgs/msg/Agent.msg
-- Up-to-date symlink: /home/hunav_gz_classic_ws/install/hunav_msgs/share/hunav_msgs/msg/Agents.msg
-- Up-to-date symlink: /home/hunav_gz_classic_ws/install/hunav_msgs/share/hunav_msgs/msg/AgentBehavior.msg
-- Up-to-date symlink: /home/hunav_gz_classic_ws/install/hunav_msgs/share/hunav_msgs/srv/ComputeAgents.srv
-- Up-to-date symlink: /home/hunav_gz_classic_ws/install/hunav_msgs/share/hunav_msgs/srv/ComputeAgents_Request.msg
-- Up-to-date symlink: /home/hunav_gz_classic_ws/install/hunav_msgs/share/hunav_msgs/srv/ComputeAgents_Response.msg
-- Up-to-date symlink: /home/hunav_gz_classic_ws/install/hunav_msgs/share/hunav_msgs/srv/ComputeAgent.srv
-- Up-to-date symlink: /home/hunav_gz_classic_ws/install/hunav_msgs/share/hunav_msgs/srv/ComputeAgent_Request.msg
-- Up-to-date symlink: /home/hunav_gz_classic_ws/install/hunav_msgs/share/hunav_msgs/srv/ComputeAgent_Response.msg
-- Up-to-date symlink: /home/hunav_gz_classic_ws/install/hunav_msgs/share/hunav_msgs/srv/MoveAgent.srv
-- Up-to-date symlink: /home/hunav_gz_classic_ws/install/hunav_msgs/share/hunav_msgs/srv/MoveAgent_Request.msg
-- Up-to-date symlink: /home/hunav_gz_classic_ws/install/hunav_msgs/share/hunav_msgs/srv/MoveAgent_Response.msg
-- Up-to-date symlink: /home/hunav_gz_classic_ws/install/hunav_msgs/share/hunav_msgs/srv/GetAgents.srv
-- Up-to-date symlink: /home/hunav_gz_classic_ws/install/hunav_msgs/share/hunav_msgs/srv/GetAgents_Request.msg
-- Up-to-date symlink: /home/hunav_gz_classic_ws/install/hunav_msgs/share/hunav_msgs/srv/GetAgents_Response.msg
-- Up-to-date symlink: /home/hunav_gz_classic_ws/install/hunav_msgs/share/hunav_msgs/srv/ResetAgents.srv
-- Up-to-date symlink: /home/hunav_gz_classic_ws/install/hunav_msgs/share/hunav_msgs/srv/ResetAgents_Request.msg
-- Up-to-date symlink: /home/hunav_gz_classic_ws/install/hunav_msgs/share/hunav_msgs/srv/ResetAgents_Response.msg
-- Up-to-date symlink: /home/hunav_gz_classic_ws/install/hunav_msgs/share/ament_index/resource_index/package_run_dependencies/hunav_msgs
-- Up-to-date symlink: /home/hunav_gz_classic_ws/install/hunav_msgs/share/ament_index/resource_index/parent_prefix_path/hunav_msgs
-- Up-to-date symlink: /home/hunav_gz_classic_ws/install/hunav_msgs/share/hunav_msgs/environment/ament_prefix_path.sh
-- Up-to-date symlink: /home/hunav_gz_classic_ws/install/hunav_msgs/share/hunav_msgs/environment/ament_prefix_path.dsv
-- Up-to-date symlink: /home/hunav_gz_classic_ws/install/hunav_msgs/share/hunav_msgs/environment/path.sh
-- Up-to-date symlink: /home/hunav_gz_classic_ws/install/hunav_msgs/share/hunav_msgs/environment/path.dsv
-- Up-to-date symlink: /home/hunav_gz_classic_ws/install/hunav_msgs/share/hunav_msgs/local_setup.bash
-- Up-to-date symlink: /home/hunav_gz_classic_ws/install/hunav_msgs/share/hunav_msgs/local_setup.sh
-- Up-to-date symlink: /home/hunav_gz_classic_ws/install/hunav_msgs/share/hunav_msgs/local_setup.zsh
-- Up-to-date symlink: /home/hunav_gz_classic_ws/install/hunav_msgs/share/hunav_msgs/local_setup.dsv
-- Symlinking: /home/hunav_gz_classic_ws/install/hunav_msgs/share/hunav_msgs/package.dsv
-- Up-to-date symlink: /home/hunav_gz_classic_ws/install/hunav_msgs/share/ament_index/resource_index/packages/hunav_msgs
-- Up-to-date symlink: /home/hunav_gz_classic_ws/install/hunav_msgs/share/hunav_msgs/cmake/rosidl_cmake-extras.cmake
-- Up-to-date symlink: /home/hunav_gz_classic_ws/install/hunav_msgs/share/hunav_msgs/cmake/ament_cmake_export_dependencies-extras.cmake
-- Up-to-date symlink: /home/hunav_gz_classic_ws/install/hunav_msgs/share/hunav_msgs/cmake/ament_cmake_export_include_directories-extras.cmake
-- Up-to-date symlink: /home/hunav_gz_classic_ws/install/hunav_msgs/share/hunav_msgs/cmake/ament_cmake_export_libraries-extras.cmake
-- Up-to-date symlink: /home/hunav_gz_classic_ws/install/hunav_msgs/share/hunav_msgs/cmake/ament_cmake_export_targets-extras.cmake
-- Up-to-date symlink: /home/hunav_gz_classic_ws/install/hunav_msgs/share/hunav_msgs/cmake/rosidl_cmake_export_typesupport_targets-extras.cmake
-- Up-to-date symlink: /home/hunav_gz_classic_ws/install/hunav_msgs/share/hunav_msgs/cmake/rosidl_cmake_export_typesupport_libraries-extras.cmake
-- Up-to-date symlink: /home/hunav_gz_classic_ws/install/hunav_msgs/share/hunav_msgs/cmake/hunav_msgsConfig.cmake
-- Up-to-date symlink: /home/hunav_gz_classic_ws/install/hunav_msgs/share/hunav_msgs/cmake/hunav_msgsConfig-version.cmake
-- Up-to-date symlink: /home/hunav_gz_classic_ws/install/hunav_msgs/share/hunav_msgs/package.xml
-- Up-to-date: /home/hunav_gz_classic_ws/install/hunav_msgs/lib/libhunav_msgs__rosidl_generator_c.so
-- Up-to-date: /home/hunav_gz_classic_ws/install/hunav_msgs/lib/libhunav_msgs__rosidl_typesupport_fastrtps_c.so
-- Up-to-date: /home/hunav_gz_classic_ws/install/hunav_msgs/lib/libhunav_msgs__rosidl_typesupport_fastrtps_cpp.so
-- Up-to-date: /home/hunav_gz_classic_ws/install/hunav_msgs/lib/libhunav_msgs__rosidl_typesupport_introspection_c.so
-- Up-to-date: /home/hunav_gz_classic_ws/install/hunav_msgs/lib/libhunav_msgs__rosidl_typesupport_c.so
-- Up-to-date: /home/hunav_gz_classic_ws/install/hunav_msgs/lib/libhunav_msgs__rosidl_typesupport_introspection_cpp.so
-- Up-to-date: /home/hunav_gz_classic_ws/install/hunav_msgs/lib/libhunav_msgs__rosidl_typesupport_cpp.so
Listing '/home/hunav_gz_classic_ws/install/hunav_msgs/local/lib/python3.10/dist-packages/hunav_msgs'...
Listing '/home/hunav_gz_classic_ws/install/hunav_msgs/local/lib/python3.10/dist-packages/hunav_msgs/msg'...
Listing '/home/hunav_gz_classic_ws/install/hunav_msgs/local/lib/python3.10/dist-packages/hunav_msgs/srv'...
-- Up-to-date: /home/hunav_gz_classic_ws/install/hunav_msgs/lib/libhunav_msgs__rosidl_generator_py.so
-- Up-to-date: /home/hunav_gz_classic_ws/install/hunav_msgs/share/hunav_msgs/cmake/export_hunav_msgs__rosidl_generator_cExport.cmake
-- Up-to-date: /home/hunav_gz_classic_ws/install/hunav_msgs/share/hunav_msgs/cmake/export_hunav_msgs__rosidl_generator_cExport-noconfig.cmake
-- Up-to-date: /home/hunav_gz_classic_ws/install/hunav_msgs/share/hunav_msgs/cmake/export_hunav_msgs__rosidl_typesupport_fastrtps_cExport.cmake
-- Up-to-date: /home/hunav_gz_classic_ws/install/hunav_msgs/share/hunav_msgs/cmake/export_hunav_msgs__rosidl_typesupport_fastrtps_cExport-noconfig.cmake
-- Up-to-date: /home/hunav_gz_classic_ws/install/hunav_msgs/share/hunav_msgs/cmake/export_hunav_msgs__rosidl_generator_cppExport.cmake
-- Up-to-date: /home/hunav_gz_classic_ws/install/hunav_msgs/share/hunav_msgs/cmake/export_hunav_msgs__rosidl_typesupport_fastrtps_cppExport.cmake
-- Up-to-date: /home/hunav_gz_classic_ws/install/hunav_msgs/share/hunav_msgs/cmake/export_hunav_msgs__rosidl_typesupport_fastrtps_cppExport-noconfig.cmake
-- Up-to-date: /home/hunav_gz_classic_ws/install/hunav_msgs/share/hunav_msgs/cmake/hunav_msgs__rosidl_typesupport_introspection_cExport.cmake
-- Up-to-date: /home/hunav_gz_classic_ws/install/hunav_msgs/share/hunav_msgs/cmake/hunav_msgs__rosidl_typesupport_introspection_cExport-noconfig.cmake
-- Up-to-date: /home/hunav_gz_classic_ws/install/hunav_msgs/share/hunav_msgs/cmake/hunav_msgs__rosidl_typesupport_cExport.cmake
-- Up-to-date: /home/hunav_gz_classic_ws/install/hunav_msgs/share/hunav_msgs/cmake/hunav_msgs__rosidl_typesupport_cExport-noconfig.cmake
-- Up-to-date: /home/hunav_gz_classic_ws/install/hunav_msgs/share/hunav_msgs/cmake/hunav_msgs__rosidl_typesupport_introspection_cppExport.cmake
-- Up-to-date: /home/hunav_gz_classic_ws/install/hunav_msgs/share/hunav_msgs/cmake/hunav_msgs__rosidl_typesupport_introspection_cppExport-noconfig.cmake
-- Up-to-date: /home/hunav_gz_classic_ws/install/hunav_msgs/share/hunav_msgs/cmake/hunav_msgs__rosidl_typesupport_cppExport.cmake
-- Up-to-date: /home/hunav_gz_classic_ws/install/hunav_msgs/share/hunav_msgs/cmake/hunav_msgs__rosidl_typesupport_cppExport-noconfig.cmake
-- Up-to-date: /home/hunav_gz_classic_ws/install/hunav_msgs/share/hunav_msgs/cmake/export_hunav_msgs__rosidl_generator_pyExport.cmake
-- Up-to-date: /home/hunav_gz_classic_ws/install/hunav_msgs/share/hunav_msgs/cmake/export_hunav_msgs__rosidl_generator_pyExport-noconfig.cmake
